full time series of predicted survey index
survey year spp area pred_survey
1 1 1 1 603002
1 1 2 1 706054
1 1 3 1 141252
1 1 4 1 198435
1 2 1 1 349457
1 2 2 1 378338
1 2 3 1 56582.5
1 2 4 1 170056
1 3 1 1 214138
1 3 2 1 214045
1 3 3 1 23536.1
1 3 4 1 147358
1 4 1 1 135487
1 4 2 1 123653
1 4 3 1 10285.4
1 4 4 1 129433
1 5 1 1 87427.1
1 5 2 1 73061.6
1 5 3 1 4813.86
1 5 4 1 115463
1 6 1 1 57638.9
1 6 2 1 44929.6
1 6 3 1 2474.46
1 6 4 1 104730
1 7 1 1 39324.5
1 7 2 1 29580.4
1 7 3 1 1440.84
1 7 4 1 96613.2
1 8 1 1 28270
1 8 2 1 21324.5
1 8 3 1 968.827
1 8 4 1 90586.9
1 9 1 1 21741
1 9 2 1 16957.4
1 9 3 1 747.894
1 9 4 1 86210.8
1 10 1 1 17967.3
1 10 2 1 14680.2
1 10 3 1 642.677
1 10 4 1 83120.9
1 11 1 1 15829.6
1 11 2 1 13498.6
1 11 3 1 591.729
1 11 4 1 81020.4
1 12 1 1 14640.3
1 12 2 1 12892.9
1 12 3 1 566.975
1 12 4 1 79669.8
1 13 1 1 13989.3
1 13 2 1 12578.2
1 13 3 1 554.674
1 13 4 1 78878.1
1 14 1 1 13638
1 14 2 1 12418.2
1 14 3 1 548.661
1 14 4 1 78494.9
1 15 1 1 13450.8
1 15 2 1 12341
1 15 3 1 545.878
1 15 4 1 78402.7
1 16 1 1 13352.1
1 16 2 1 12301.4
1 16 3 1 544.503
1 16 4 1 78511.3
1 17 1 1 13300.6
1 17 2 1 12272.6
1 17 3 1 543.496
1 17 4 1 78752.2
1 18 1 1 13274
1 18 2 1 12252
1 18 3 1 542.759
1 18 4 1 79074.3
1 19 1 1 13260.3
1 19 2 1 12249.6
1 19 3 1 542.705
1 19 4 1 79439.9
1 20 1 1 13253.4
1 20 2 1 12245.8
1 20 3 1 542.58
1 20 4 1 79822.1
1 21 1 1 15715.8
1 21 2 1 12241.5
1 21 3 1 542.422
1 21 4 1 84886.4
1 22 1 1 17641.3
1 22 2 1 12225.4
1 22 3 1 541.795
1 22 4 1 89649.2
1 23 1 1 19061.9
1 23 2 1 12214.6
1 23 3 1 541.36
1 23 4 1 94088.2
1 24 1 1 20069.1
1 24 2 1 12202.6
1 24 3 1 540.879
1 24 4 1 98194
1 25 1 1 20762.8
1 25 2 1 12182.6
1 25 3 1 540.077
1 25 4 1 101967
1 26 1 1 21230.3
1 26 2 1 12178.1
1 26 3 1 539.88
1 26 4 1 105414
1 27 1 1 21540.1
1 27 2 1 12181.7
1 27 3 1 540.015
1 27 4 1 108548
1 28 1 1 21742.5
1 28 2 1 12179.5
1 28 3 1 539.922
1 28 4 1 111385
1 29 1 1 21873.4
1 29 2 1 12163.9
1 29 3 1 539.307
1 29 4 1 113942
1 30 1 1 21957.3
1 30 2 1 12159.9
1 30 3 1 539.145
1 30 4 1 116239
1 31 1 1 22010.6
1 31 2 1 12150.2
1 31 3 1 538.759
1 31 4 1 118297
1 32 1 1 22044.3
1 32 2 1 12140
1 32 3 1 538.349
1 32 4 1 120134
1 33 1 1 22065.5
1 33 2 1 12128
1 33 3 1 537.871
1 33 4 1 121770
1 34 1 1 22078.8
1 34 2 1 12110.2
1 34 3 1 537.159
1 34 4 1 123223
1 35 1 1 22087.1
1 35 2 1 12085.9
1 35 3 1 536.189
1 35 4 1 124512
1 36 1 1 22092.2
1 36 2 1 12074.2
1 36 3 1 535.714
1 36 4 1 125652
1 37 1 1 22095.4
1 37 2 1 12070.6
1 37 3 1 535.561
1 37 4 1 126659
1 38 1 1 22097.4
1 38 2 1 12069.4
1 38 3 1 535.505
1 38 4 1 127547
1 39 1 1 22098.6
1 39 2 1 12058.5
1 39 3 1 535.071
1 39 4 1 128328
1 40 1 1 22099.4
1 40 2 1 12060.5
1 40 3 1 535.145
1 40 4 1 129015
1 41 1 1 22099.9
1 41 2 1 12055.9
1 41 3 1 534.963
1 41 4 1 129618
1 42 1 1 22100.2
1 42 2 1 12054.9
1 42 3 1 534.921
1 42 4 1 130147
full time series of predicted catch
fleet year spp area pred_catch
1 1 1 1 397979
1 1 4 1 26698.9
1 2 1 1 215545
1 2 4 1 22727.1
1 3 1 1 126204
1 3 4 1 19509.7
1 4 1 1 77947.8
1 4 4 1 16938.6
1 5 1 1 49551.6
1 5 4 1 14911.7
1 6 1 1 32063.9
1 6 4 1 13336.4
1 7 1 1 21189.8
1 7 4 1 12130.6
1 8 1 1 14502.9
1 8 4 1 11223.1
1 9 1 1 10472.3
1 9 4 1 10553.6
1 10 1 1 8096.74
1 10 4 1 10071.3
1 11 1 1 6726.94
1 11 4 1 9734.59
1 12 1 1 5952.78
1 12 4 1 9509.32
1 13 1 1 5523.07
1 13 4 1 9368.13
1 14 1 1 5288.33
1 14 4 1 9289.23
1 15 1 1 5161.89
1 15 4 1 9255.49
1 16 1 1 5094.63
1 16 4 1 9253.61
1 17 1 1 5059.23
1 17 4 1 9273.41
1 18 1 1 5040.79
1 18 4 1 9307.2
1 19 1 1 5031.26
1 19 4 1 9349.25
1 20 1 1 5026.38
1 20 4 1 9395.42
1 21 1 1 2281.6
1 21 4 1 3961.05
1 22 1 1 2699.39
1 22 4 1 4212.71
1 23 1 1 3022.87
1 23 4 1 4448.56
1 24 1 1 3259.91
1 24 4 1 4667.72
1 25 1 1 3427.15
1 25 4 1 4869.88
1 26 1 1 3541.91
1 26 4 1 5055.21
1 27 1 1 3619.01
1 27 4 1 5224.18
1 28 1 1 3669.97
1 28 4 1 5377.49
1 29 1 1 3703.22
1 29 4 1 5516
1 30 1 1 3724.68
1 30 4 1 5640.68
1 31 1 1 3738.41
1 31 4 1 5752.52
1 32 1 1 3747.13
1 32 4 1 5852.54
1 33 1 1 3752.64
1 33 4 1 5941.73
1 34 1 1 3756.1
1 34 4 1 6021.08
1 35 1 1 3758.26
1 35 4 1 6091.5
1 36 1 1 3759.62
1 36 4 1 6153.86
1 37 1 1 3760.46
1 37 4 1 6208.99
1 38 1 1 3760.98
1 38 4 1 6257.63
1 39 1 1 3761.3
1 39 4 1 6300.48
1 40 1 1 3761.5
1 40 4 1 6338.17
1 41 1 1 3761.62
1 41 4 1 6371.27
1 42 1 1 3761.7
1 42 4 1 6400.31
2 1 2 1 552566
2 1 3 1 241464
2 2 2 1 295960
2 2 3 1 100649
2 3 2 1 172538
2 3 3 1 44597.4
2 4 2 1 106251
2 4 3 1 21196.3
2 5 2 1 65992.6
2 5 3 1 10892.7
2 6 2 1 41549.5
2 6 3 1 6122.55
2 7 2 1 27171.4
2 7 3 1 3820.61
2 8 2 1 18996.1
2 8 3 1 2678.21
2 9 2 1 14473
2 9 3 1 2101.51
2 10 2 1 12030.7
2 10 3 1 1809.21
2 11 2 1 10734.9
2 11 3 1 1661.18
2 12 2 1 10055.3
2 12 3 1 1586.27
2 13 2 1 9701.66
2 13 3 1 1548.46
2 14 2 1 9517.26
2 14 3 1 1529.21
2 15 2 1 9424.19
2 15 3 1 1519.86
2 16 2 1 9378.36
2 16 3 1 1515.51
2 17 2 1 9351.91
2 17 3 1 1512.91
2 18 2 1 9332.32
2 18 3 1 1510.73
2 19 2 1 9322.04
2 19 3 1 1509.63
2 20 2 1 9319.49
2 20 3 1 1509.58
2 21 2 1 9316.31
2 21 3 1 1509.24
2 22 2 1 9308.69
2 22 3 1 1508.23
2 23 2 1 9297.19
2 23 3 1 1506.6
2 24 2 1 9287.37
2 24 3 1 1505.34
2 25 2 1 9274.26
2 25 3 1 1503.62
2 26 2 1 9262.7
2 26 3 1 1502.06
2 27 2 1 9261.06
2 27 3 1 1502.04
2 28 2 1 9261.62
2 28 3 1 1502.26
2 29 2 1 9255.12
2 29 3 1 1501.36
2 30 2 1 9246.31
2 30 3 1 1500.08
2 31 2 1 9240.52
2 31 3 1 1499.42
2 32 2 1 9232.06
2 32 3 1 1498.3
2 33 2 1 9222.69
2 33 3 1 1497.07
2 34 2 1 9210.42
2 34 3 1 1495.44
2 35 2 1 9193.07
2 35 3 1 1493.1
2 36 2 1 9176.95
2 36 3 1 1490.94
2 37 2 1 9169.34
2 37 3 1 1490.11
2 38 2 1 9166.65
2 38 3 1 1489.92
2 39 2 1 9162.03
2 39 3 1 1489.36
2 40 2 1 9157.55
2 40 3 1 1488.71
2 41 2 1 9156.55
2 41 3 1 1488.69
2 42 2 1 9154
2 42 3 1 1488.34
full time series of survey length comp
survey year spp area catch-at-size
1 1 1 2  0.0586328 1.70393 5.10936 5.65745 1.55336
1 1 2 2  0 9.28179 18.1372 30.1135 90.2895
1 1 3 2  0.372801 2.48294 5.19113 11.3194 22.4353
1 1 4 2  0.432354 8.49485 29.386 21.9606 9.03051
1 2 1 2  0.0271391 1.16672 4.17325 3.22239 0.704983
1 2 2 2  0 3.47507 18.1847 23.1419 43.6363
1 2 3 2  0.209307 1.64368 3.1826 5.15931 8.51188
1 2 4 2  0.527798 8.69972 27.3483 19.0552 7.1966
1 3 1 2  0.0148486 0.747905 3.12954 1.99498 0.319953
1 3 2 2  0 1.98272 11.5491 19.8546 21.2682
1 3 3 2  0.13636 1.08576 2.03749 2.51164 3.25112
1 3 4 2  0.596736 9.13593 25.8933 16.6314 5.73512
1 4 1 2  0.0100522 0.486718 2.1893 1.30406 0.145209
1 4 2 2  0 1.59832 7.09262 15.2386 10.4116
1 4 3 2  0.103802 0.754781 1.32913 1.3124 1.24601
1 4 4 2  0.646529 9.67404 25.0157 14.6223 4.57044
1 5 1 2  0.00818043 0.339113 1.48629 0.870566 0.0659023
1 5 2 2  0 1.49955 4.8072 10.9172 5.11397
1 5 3 2  0.0892747 0.570767 0.897707 0.733916 0.4787
1 5 4 2  0.682493 10.2353 24.6393 12.974 3.64228
1 6 1 2  0.00744995 0.260166 1.0198 0.584302 0.0299094
1 6 2 2  0 1.47389 3.74233 7.70121 2.51446
1 6 3 2  0.0827774 0.472126 0.643717 0.43769 0.184067
1 6 4 2  0.708469 10.7743 24.6615 11.64 2.90261
1 7 1 2  0.00716489 0.219383 0.73382 0.394978 0.0135742
1 7 2 2  0 1.46749 3.27233 5.60304 1.23837
1 7 3 2  0.0798794 0.420984 0.500436 0.280317 0.0708564
1 7 4 2  0.727231 11.267 24.9784 10.5773 2.31315
1 8 1 2  0.00705364 0.198806 0.567943 0.272614 0.00616059
1 8 2 2  0 1.46578 3.06947 4.33212 0.610322
1 8 3 2  0.0785786 0.3949 0.422013 0.195021 0.0272906
1 8 4 2  0.740782 11.7028 25.4963 9.74665 1.8434
1 9 1 2  0.00701022 0.188598 0.475549 0.195923 0.00279595
1 9 2 2  0 1.46559 2.98524 3.60235 0.301144
1 9 3 2  0.0780042 0.381973 0.380534 0.148725 0.0105189
1 9 4 2  0.75057 12.0795 26.1374 9.11146 1.46904
1 10 1 2  0.00699328 0.183596 0.42564 0.149318 0.00126893
1 10 2 2  0 1.46587 2.95239 3.19894 0.148749
1 10 3 2  0.0777581 0.375751 0.359268 0.123797 0.004057
1 10 4 2  0.75764 12.3995 26.8405 8.63865 1.17071
1 11 1 2  0.00698667 0.181169 0.399316 0.121785 0.000575897
1 11 2 2  0 1.46586 2.93885 2.98025 0.0734887
1 11 3 2  0.0776432 0.372678 0.348421 0.110499 0.001565
1 11 4 2  0.762746 12.6677 27.5598 8.29856 0.932962
1 12 1 2  0.00698409 0.179999 0.385692 0.105918 0.000261368
1 12 2 2  0 1.46592 2.93379 2.86446 0.0363193
1 12 3 2  0.0775929 0.371221 0.343041 0.103515 0.00060384
1 12 4 2  0.766434 12.8902 28.2627 8.06516 0.743497
1 13 1 2  0.00698308 0.179439 0.37875 0.0969704 0.00011862
1 13 2 2  0 1.46569 2.93049 2.80257 0.0179461
1 13 3 2  0.0775593 0.37041 0.340229 0.099861 0.000232974
1 13 4 2  0.769098 13.073 28.9275 7.91598 0.592508
1 14 1 2  0.00698269 0.179172 0.375256 0.0920175 5.38352e-05
1 14 2 2  0 1.46567 2.92926 2.77038 0.00886953
1 14 3 2  0.0775456 0.370041 0.338865 0.0979831 8.98995e-05
1 14 4 2  0.771022 13.2222 29.541 7.83194 0.472182
1 15 1 2  0.00698253 0.179045 0.373516 0.0893201 2.44328e-05
1 15 2 2  0 1.46583 2.92974 2.75465 0.0043851
1 15 3 2  0.0775455 0.369941 0.338318 0.0970543 3.46967e-05
1 15 4 2  0.772412 13.3433 30.0964 7.79717 0.376292
1 16 1 2  0.00698247 0.178985 0.372657 0.0878717 1.10887e-05
1 16 2 2  0 1.46577 2.92962 2.74654 0.00216785
1 16 3 2  0.0775411 0.369856 0.338023 0.0965934 1.33911e-05
1 16 4 2  0.773415 13.4411 30.5913 7.79862 0.299875
1 17 1 2  0.00698245 0.178956 0.372236 0.0871034 5.03256e-06
1 17 2 2  0 1.46538 2.92737 2.74042 0.0010712
1 17 3 2  0.0775231 0.369639 0.337626 0.0963151 5.16719e-06
1 17 4 2  0.77414 13.5197 31.0267 7.82577 0.238976
1 18 1 2  0.00698244 0.178943 0.372031 0.0867003 2.284e-06
1 18 2 2  0 1.46515 2.92528 2.73568 0.000529239
1 18 3 2  0.0775096 0.369465 0.337284 0.0961245 1.99376e-06
1 18 4 2  0.774664 13.5826 31.4056 7.8703 0.190445
1 19 1 2  0.00698244 0.178936 0.371932 0.0864908 1.03658e-06
1 19 2 2  0 1.46555 2.92679 2.73488 0.000261655
1 19 3 2  0.0775229 0.369587 0.337381 0.0960591 7.6954e-07
1 19 4 2  0.775042 13.6328 31.7323 7.92571 0.15177
1 20 1 2  0.00698244 0.178933 0.371884 0.0863829 4.70447e-07
1 20 2 2  0 1.46543 2.92662 2.734 0.000129324
1 20 3 2  0.0775194 0.369553 0.337339 0.0960213 2.96985e-07
1 20 4 2  0.775315 13.6728 32.0118 7.98706 0.120948
1 21 1 2  0.00699215 0.182232 0.421203 0.112633 2.87263e-07
1 21 2 2  0 1.46531 2.92589 2.733 6.39117e-05
1 21 3 2  0.0775142 0.369493 0.337246 0.0959881 1.14609e-07
1 21 4 2  0.775799 13.8208 33.9441 8.64862 0.103808
1 22 1 2  0.00699595 0.183884 0.450761 0.136618 1.75408e-07
1 22 2 2  0 1.46481 2.92246 2.72919 3.15599e-05
1 22 3 2  0.0774935 0.369224 0.336813 0.0958794 4.42126e-08
1 22 4 2  0.776148 13.9381 35.6123 9.32472 0.0890967
1 23 1 2  0.00699743 0.184705 0.468056 0.156038 1.07107e-07
1 23 2 2  0 1.46483 2.92114 2.72622 1.55861e-05
1 23 3 2  0.0774923 0.369141 0.336577 0.0957734 1.70564e-08
1 23 4 2  0.7764 14.0308 37.0466 9.99852 0.0764702
1 24 1 2  0.00699801 0.185111 0.47799 0.170696 6.54014e-08
1 24 2 2  0 1.4647 2.91957 2.72297 7.69486e-06
1 24 3 2  0.0774871 0.369023 0.336312 0.0956593 6.57905e-09
1 24 4 2  0.776582 14.1041 38.2752 10.6573 0.0656331
1 25 1 2  0.00699823 0.185312 0.483611 0.181256 3.99353e-08
1 25 2 2  0 1.46423 2.91603 2.71785 3.79608e-06
1 25 3 2  0.0774686 0.368749 0.335814 0.0954944 2.53679e-09
1 25 4 2  0.776714 14.1619 39.3242 11.2915 0.0563318
1 26 1 2  0.00699832 0.18541 0.486753 0.188619 2.43852e-08
1 26 2 2  0 1.46459 2.91668 2.71611 1.87389e-06
1 26 3 2  0.0774807 0.368823 0.335793 0.0954073 9.78425e-10
1 26 4 2  0.776809 14.2076 40.2172 11.8948 0.0483486
1 27 1 2  0.00699836 0.185458 0.488492 0.193626 1.489e-08
1 27 2 2  0 1.4649 2.91854 2.71658 9.25265e-07
1 27 3 2  0.0774957 0.368967 0.335965 0.0953963 3.77414e-10
1 27 4 2  0.776878 14.2435 40.9754 12.4627 0.0414968
1 28 1 2  0.00699837 0.185482 0.489447 0.196968 9.09209e-09
1 28 2 2  0 1.46474 2.91808 2.71603 4.56656e-07
1 28 3 2  0.0774935 0.368923 0.33591 0.0953771 1.45551e-10
1 28 4 2  0.776927 14.2719 41.6175 12.9926 0.035616
1 29 1 2  0.00699838 0.185493 0.489967 0.199165 5.55179e-09
1 29 2 2  0 1.46419 2.91454 2.71236 2.25183e-07
1 29 3 2  0.0774734 0.368651 0.335476 0.0952741 5.61098e-11
1 29 4 2  0.776963 14.2942 42.1601 13.4835 0.0305686
1 30 1 2  0.00699838 0.185499 0.490249 0.200592 3.39002e-09
1 30 2 2  0 1.46444 2.91467 2.71101 1.11102e-07
1 30 3 2  0.0774804 0.368688 0.335432 0.0952139 2.16356e-11
1 30 4 2  0.776989 14.3118 42.6178 13.9353 0.0262365
1 31 1 2  0.00699838 0.185501 0.490401 0.20151 2.07e-09
1 31 2 2  0 1.46421 2.91312 2.70845 5.47868e-08
1 31 3 2  0.0774725 0.368563 0.335203 0.0951303 8.34044e-12
1 31 4 2  0.777008 14.3256 43.003 14.3488 0.0225184
1 32 1 2  0.00699838 0.185503 0.490482 0.202096 1.26398e-09
1 32 2 2  0 1.46406 2.91154 2.70574 2.7011e-08
1 32 3 2  0.0774659 0.368447 0.334966 0.095038 3.21489e-12
1 32 4 2  0.777021 14.3365 43.3268 14.7253 0.0193271
1 33 1 2  0.00699838 0.185503 0.490526 0.202468 7.71808e-10
1 33 2 2  0 1.46387 2.90969 2.70258 1.33129e-08
1 33 3 2  0.0774575 0.368309 0.334688 0.0949315 1.23903e-12
1 33 4 2  0.777031 14.345 43.5985 15.0667 0.0165882
1 34 1 2  0.00699838 0.185504 0.490549 0.202702 4.71279e-10
1 34 2 2  0 1.46349 2.90659 2.69799 6.55763e-09
1 34 3 2  0.0774413 0.368071 0.33425 0.0947836 4.7739e-13
1 34 4 2  0.777038 14.3517 43.8262 15.375 0.0142373
1 35 1 2  0.00699838 0.185504 0.490561 0.202849 2.87771e-10
1 35 2 2  0 1.463 2.90238 2.69174 3.22788e-09
1 35 3 2  0.0774193 0.367751 0.333653 0.0945819 1.83876e-13
1 35 4 2  0.777043 14.357 44.0167 15.6524 0.0122197
1 36 1 2  0.00699838 0.185504 0.490568 0.20294 1.75718e-10
1 36 2 2  0 1.46315 2.90168 2.68822 1.58952e-09
1 36 3 2  0.0774205 0.367712 0.333454 0.0944412 7.08363e-14
1 36 4 2  0.777047 14.3611 44.176 15.9012 0.0104879
1 37 1 2  0.00699838 0.185504 0.490571 0.202998 1.07297e-10
1 37 2 2  0 1.46331 2.90228 2.6868 7.82878e-10
1 37 3 2  0.0774263 0.367756 0.33345 0.0943701 2.72912e-14
1 37 4 2  0.77705 14.3644 44.3089 16.1237 0.00900161
1 38 1 2  0.00699838 0.185504 0.490573 0.203033 6.55171e-11
1 38 2 2  0 1.46335 2.90265 2.68626 3.85571e-10
1 38 3 2  0.077429 0.367777 0.333463 0.0943385 1.05143e-14
1 38 4 2  0.777052 14.3669 44.4198 16.3222 0.00772593
1 39 1 2  0.00699838 0.185504 0.490574 0.203055 4.00059e-11
1 39 2 2  0 1.46296 2.90035 2.68363 1.89762e-10
1 39 3 2  0.0774152 0.367592 0.333171 0.0942601 4.04943e-15
1 39 4 2  0.777053 14.3689 44.5122 16.4988 0.00663104
1 40 1 2  0.00699838 0.185504 0.490574 0.203069 2.44283e-11
1 40 2 2  0 1.46329 2.90155 2.68381 9.34585e-11
1 40 3 2  0.0774257 0.367701 0.333279 0.0942475 1.56008e-15
1 40 4 2  0.777054 14.3705 44.5891 16.6555 0.00569131
1 41 1 2  0.00699838 0.185504 0.490575 0.203077 1.49163e-11
1 41 2 2  0 1.46309 2.90066 2.68267 4.60057e-11
1 41 3 2  0.0774199 0.367622 0.333162 0.0942128 6.00896e-16
1 41 4 2  0.777055 14.3717 44.653 16.7944 0.00488475
1 42 1 2  0.00699838 0.185504 0.490575 0.203082 9.10818e-12
1 42 2 2  0 1.46315 2.90072 2.68232 2.26505e-11
1 42 3 2  0.0774218 0.367633 0.333154 0.0941958 2.31465e-16
1 42 4 2  0.777055 14.3727 44.7062 16.9172 0.0041925
full time series of fishery length comp
fleet year spp area catch-at-size
1 1 1 1  0.152839 3.41916 12.5292 17.3564 5.55183
1 1 2 1  1.35835e-14 3.41613e-14 8.28083e-14 1.88658e-13 9.63521e-13
1 1 3 1  4.08466e-16 1.88099e-15 5.47041e-15 1.83524e-14 5.14055e-14
1 1 4 1  0.0259876 0.683673 2.83895 2.07704 0.916613
1 2 1 1  0.0707441 3.01315 9.51915 9.30264 2.51967
1 2 2 1  2.08914e-15 3.6718e-14 7.53478e-14 1.32605e-13 4.6294e-13
1 2 3 1  2.29319e-16 1.36631e-15 2.9259e-15 8.05904e-15 1.94031e-14
1 2 4 1  0.0317246 0.665497 2.61807 1.79291 0.730468
1 3 1 1  0.0387062 2.06317 7.77511 5.29863 1.14354
1 3 2 1  2.0892e-15 1.37629e-14 7.57506e-14 1.02263e-13 2.2457e-13
1 3 3 1  1.49383e-16 9.06503e-16 1.80002e-15 3.68585e-15 7.38226e-15
1 3 4 1  0.0358683 0.681547 2.43652 1.55571 0.582125
1 4 1 1  0.0262033 1.32256 5.8306 3.28038 0.518989
1 4 2 1  2.08921e-15 7.85705e-15 4.81777e-14 8.78978e-14 1.09666e-13
1 4 3 1  1.13712e-16 5.99507e-16 1.15444e-15 1.79749e-15 2.82371e-15
1 4 4 1  0.0388611 0.71572 2.3069 1.35783 0.463908
1 5 1 1  0.0213241 0.860688 4.07886 2.14428 0.235541
1 5 2 1  2.08923e-15 6.33738e-15 2.96235e-14 6.75616e-14 5.37652e-14
1 5 3 1  9.77929e-17 4.17185e-16 7.54164e-16 9.40471e-16 1.08331e-15
1 5 4 1  0.0410228 0.757876 2.22871 1.19379 0.369698
1 6 1 1  0.0194199 0.599672 2.76909 1.43149 0.106899
1 6 2 1  2.08915e-15 5.94559e-15 2.00826e-14 4.84214e-14 2.64204e-14
1 6 3 1  9.0682e-17 3.15522e-16 5.09571e-16 5.26152e-16 4.16343e-16
1 6 4 1  0.0425842 0.801848 2.19517 1.05923 0.29462
1 7 1 1  0.0186769 0.460065 1.89998 0.960776 0.0485155
1 7 2 1  2.08915e-15 5.84557e-15 1.56439e-14 3.41827e-14 1.3e-14
1 7 3 1  8.75059e-17 2.61133e-16 3.65659e-16 3.13983e-16 1.60166e-16
1 7 4 1  0.0437119 0.844073 2.19715 0.950312 0.234789
1 8 1 1  0.0183869 0.387946 1.36717 0.649468 0.0220185
1 8 2 1  2.0891e-15 5.82018e-15 1.36816e-14 2.48767e-14 6.40448e-15
1 8 3 1  8.60848e-17 2.32874e-16 2.84349e-16 2.01146e-16 6.16696e-17
1 8 4 1  0.0445265 0.882669 2.22538 0.863557 0.187108
1 9 1 1  0.0182737 0.351559 1.05812 0.448263 0.00999299
1 9 2 1  2.08913e-15 5.81499e-15 1.28399e-14 1.92446e-14 3.15802e-15
1 9 3 1  8.5452e-17 2.18543e-16 2.39914e-16 1.40001e-16 2.37597e-17
1 9 4 1  0.0451148 0.916814 2.27153 0.795738 0.14911
1 10 1 1  0.0182295 0.333507 0.885987 0.322159 0.00453526
1 10 2 1  2.0892e-15 5.81613e-15 1.2494e-14 1.60112e-14 1.55896e-15
1 10 3 1  8.51765e-17 2.11488e-16 2.1644e-16 1.06807e-16 9.16042e-18
1 10 4 1  0.0455397 0.946326 2.32864 0.74388 0.118829
1 11 1 1  0.0182123 0.324663 0.793002 0.245526 0.00205831
1 11 2 1  2.08916e-15 5.81696e-15 1.23567e-14 1.42191e-14 7.70113e-16
1 11 3 1  8.50535e-17 2.08042e-16 2.04359e-16 8.89131e-17 3.53331e-18
1 11 4 1  0.0458467 0.971395 2.39128 0.705279 0.0946973
1 12 1 1  0.0182056 0.32037 0.743958 0.200253 0.000934151
1 12 2 1  2.08917e-15 5.81732e-15 1.23018e-14 1.32491e-14 3.80528e-16
1 12 3 1  8.49979e-17 2.06365e-16 1.98219e-16 7.93724e-17 1.36311e-18
1 12 4 1  0.0460683 0.992407 2.45536 0.677513 0.0754663
1 13 1 1  0.0182029 0.318302 0.718577 0.174163 0.00042396
1 13 2 1  2.08909e-15 5.81634e-15 1.22782e-14 1.27326e-14 1.88047e-16
1 13 3 1  8.49674e-17 2.05515e-16 1.95136e-16 7.43517e-17 5.25934e-19
1 13 4 1  0.0462285 1.00983 2.51798 0.658458 0.0601406
1 14 1 1  0.0182019 0.317311 0.705642 0.15945 0.000192412
1 14 2 1  2.0891e-15 5.81572e-15 1.22655e-14 1.24588e-14 9.29272e-17
1 14 3 1  8.49516e-17 2.05082e-16 1.93555e-16 7.17333e-17 2.02929e-19
1 14 4 1  0.0463441 1.02415 2.57722 0.646278 0.0479273
1 15 1 1  0.0182015 0.316838 0.699133 0.151306 8.73252e-05
1 15 2 1  2.08914e-15 5.8165e-15 1.22627e-14 1.23179e-14 4.59345e-17
1 15 3 1  8.49481e-17 2.04915e-16 1.92811e-16 7.03927e-17 7.83119e-20
1 15 4 1  0.0464276 1.03585 2.63188 0.639417 0.0381943
1 16 1 1  0.0182014 0.316614 0.695891 0.14687 3.96321e-05
1 16 2 1  2.08911e-15 5.81662e-15 1.22637e-14 1.22474e-14 2.27093e-17
1 16 3 1  8.49457e-17 2.04843e-16 1.92492e-16 6.97244e-17 3.02243e-20
1 16 4 1  0.046488 1.04533 2.68136 0.636578 0.0304378
1 17 1 1  0.0182013 0.316507 0.694291 0.144489 1.79868e-05
1 17 2 1  2.089e-15 5.81448e-15 1.22588e-14 1.22078e-14 1.12244e-17
1 17 3 1  8.49351e-17 2.0472e-16 1.92275e-16 6.93828e-17 1.1664e-20
1 17 4 1  0.0465316 1.05299 2.72545 0.636697 0.0242565
1 18 1 1  0.0182013 0.316457 0.693507 0.143226 8.16322e-06
1 18 2 1  2.08897e-15 5.81228e-15 1.2248e-14 1.21795e-14 5.54595e-18
1 18 3 1  8.49234e-17 2.04576e-16 1.92034e-16 6.91802e-17 4.50068e-21
1 18 4 1  0.046563 1.05915 2.76424 0.638914 0.0193305
1 19 1 1  0.0182013 0.316433 0.693125 0.142563 3.70483e-06
1 19 2 1  2.0891e-15 5.81371e-15 1.22449e-14 1.21632e-14 2.74087e-18
1 19 3 1  8.4927e-17 2.04574e-16 1.91906e-16 6.90586e-17 1.73682e-21
1 19 4 1  0.0465858 1.06408 2.798 0.642549 0.0154049
1 20 1 1  0.0182013 0.316422 0.69294 0.142218 1.68142e-06
1 20 2 1  2.08903e-15 5.81416e-15 1.22485e-14 1.21575e-14 1.35491e-18
1 20 3 1  8.49285e-17 2.04596e-16 1.91932e-16 6.90053e-17 6.70332e-22
1 20 4 1  0.0466022 1.06801 2.82711 0.647073 0.0122765
1 21 1 1  0.00740497 0.130924 0.314189 0.0658791 3.54249e-07
1 21 2 1  8.49328e-16 2.36348e-15 4.97915e-15 4.94094e-15 2.72253e-19
1 21 3 1  3.45279e-17 8.31679e-17 7.80194e-17 2.80434e-17 1.05177e-22
1 21 4 1  0.0189553 0.437812 1.19574 0.274765 0.00412309
1 22 1 1  0.00740899 0.133338 0.355856 0.0858987 2.1631e-07
1 22 2 1  8.4928e-16 2.36224e-15 4.97525e-15 4.93691e-15 1.345e-19
1 22 3 1  3.45229e-17 8.31103e-17 7.79661e-17 2.80265e-17 4.05825e-23
1 22 4 1  0.0189638 0.442553 1.26792 0.297523 0.00353878
1 23 1 1  0.00741056 0.134547 0.380828 0.10419 1.32083e-07
1 23 2 1  8.49305e-16 2.36171e-15 4.96994e-15 4.93038e-15 6.64199e-20
1 23 3 1  3.45205e-17 8.30591e-17 7.78708e-17 2.79957e-17 1.56557e-23
1 23 4 1  0.01897 0.446307 1.33023 0.320782 0.00303727
1 24 1 1  0.00741118 0.135147 0.395441 0.119001 8.06521e-08
1 24 2 1  8.49294e-16 2.3614e-15 4.9667e-15 4.92413e-15 3.27974e-20
1 24 3 1  3.45193e-17 8.30245e-17 7.78035e-17 2.79617e-17 6.03929e-24
1 24 4 1  0.0189744 0.449276 1.38381 0.343961 0.00260684
1 25 1 1  0.00741142 0.135445 0.403833 0.130179 4.92476e-08
1 25 2 1  8.49253e-16 2.36023e-15 4.96157e-15 4.91618e-15 1.61866e-20
1 25 3 1  3.45148e-17 8.29575e-17 7.77125e-17 2.79215e-17 2.32914e-24
1 25 4 1  0.0189777 0.451623 1.4297 0.366623 0.00223741
1 26 1 1  0.00741151 0.135591 0.408582 0.138234 3.00714e-08
1 26 2 1  8.49309e-16 2.36046e-15 4.95782e-15 4.90875e-15 7.98753e-21
1 26 3 1  3.45155e-17 8.29342e-17 7.76231e-17 2.7879e-17 8.98191e-25
1 26 4 1  0.01898 0.453475 1.46889 0.388443 0.00192033
1 27 1 1  0.00741155 0.135663 0.411237 0.143848 1.83621e-08
1 27 2 1  8.49336e-16 2.36147e-15 4.9599e-15 4.90636e-15 3.9434e-21
1 27 3 1  3.45199e-17 8.29675e-17 7.76289e-17 2.78558e-17 3.46443e-25
1 27 4 1  0.0189817 0.454937 1.50224 0.409195 0.00164819
1 28 1 1  0.00741156 0.135698 0.412707 0.147667 1.12122e-08
1 28 2 1  8.49314e-16 2.36142e-15 4.96161e-15 4.90596e-15 1.94673e-21
1 28 3 1  3.4521e-17 8.29762e-17 7.76508e-17 2.78484e-17 1.33624e-25
1 28 4 1  0.0189829 0.456089 1.53056 0.428731 0.00141461
1 29 1 1  0.00741157 0.135716 0.413513 0.150216 6.84639e-09
1 29 2 1  8.49264e-16 2.36006e-15 4.95798e-15 4.90257e-15 9.60422e-22
1 29 3 1  3.45164e-17 8.29196e-17 7.76038e-17 2.78349e-17 5.15237e-26
1 29 4 1  0.0189837 0.456997 1.55455 0.446961 0.00121414
1 30 1 1  0.00741157 0.135724 0.413952 0.151891 4.18052e-09
1 30 2 1  8.49307e-16 2.35999e-15 4.9539e-15 4.89752e-15 4.73712e-22
1 30 3 1  3.45159e-17 8.2891e-17 7.75256e-17 2.78098e-17 1.98644e-26
1 30 4 1  0.0189844 0.457712 1.57481 0.463849 0.00104207
1 31 1 1  0.00741157 0.135728 0.414191 0.15298 2.5527e-09
1 31 2 1  8.49279e-16 2.35973e-15 4.95241e-15 4.89361e-15 2.33667e-22
1 31 3 1  3.45149e-17 8.2871e-17 7.74945e-17 2.77874e-17 7.65876e-27
1 31 4 1  0.0189848 0.458274 1.59191 0.479391 0.000894393
1 32 1 1  0.00741157 0.13573 0.414319 0.15368 1.55872e-09
1 32 2 1  8.49271e-16 2.35914e-15 4.94914e-15 4.88844e-15 1.15216e-22
1 32 3 1  3.45127e-17 8.28329e-17 7.74337e-17 2.7761e-17 2.9523e-27
1 32 4 1  0.0189852 0.458717 1.6063 0.493616 0.000767642
1 33 1 1  0.00741157 0.135731 0.414388 0.154127 9.51783e-10
1 33 2 1  8.49258e-16 2.35855e-15 4.94553e-15 4.88272e-15 5.67961e-23
1 33 3 1  3.45102e-17 8.27917e-17 7.73671e-17 2.77313e-17 1.13792e-27
1 33 4 1  0.0189854 0.459064 1.6184 0.506569 0.000658855
1 34 1 1  0.00741157 0.135731 0.414424 0.15441 5.81175e-10
1 34 2 1  8.49226e-16 2.35751e-15 4.94047e-15 4.87539e-15 2.79857e-23
1 34 3 1  3.45058e-17 8.27292e-17 7.72796e-17 2.76949e-17 4.38505e-28
1 34 4 1  0.0189856 0.459338 1.62854 0.518313 0.000565484
1 35 1 1  0.00741157 0.135732 0.414444 0.154588 3.54876e-10
1 35 2 1  8.49187e-16 2.35604e-15 4.93297e-15 4.86522e-15 1.37809e-23
1 35 3 1  3.44995e-17 8.2639e-17 7.71511e-17 2.76454e-17 1.6893e-28
1 35 4 1  0.0189857 0.459553 1.63705 0.528918 0.000485345
1 36 1 1  0.00741157 0.135732 0.414454 0.154701 2.16693e-10
1 36 2 1  8.49217e-16 2.35584e-15 4.92723e-15 4.8551e-15 6.78464e-24
1 36 3 1  3.44974e-17 8.25906e-17 7.70296e-17 2.75902e-17 6.50717e-29
1 36 4 1  0.0189858 0.459721 1.64417 0.538461 0.000416564
1 37 1 1  0.00741157 0.135732 0.41446 0.154771 1.32317e-10
1 37 2 1  8.49231e-16 2.35633e-15 4.92666e-15 4.84924e-15 3.34126e-24
1 37 3 1  3.44988e-17 8.25926e-17 7.69908e-17 2.75508e-17 2.50691e-29
1 37 4 1  0.0189859 0.459854 1.65011 0.547021 0.00035753
1 38 1 1  0.00741157 0.135732 0.414463 0.154814 8.07948e-11
1 38 2 1  8.49232e-16 2.35658e-15 4.9276e-15 4.8466e-15 1.64562e-24
1 38 3 1  3.45e-17 8.2601e-17 7.69886e-17 2.75296e-17 9.65831e-30
1 38 4 1  0.0189859 0.459958 1.65508 0.554675 0.000306862
1 39 1 1  0.00741157 0.135732 0.414464 0.154841 4.93347e-11
1 39 2 1  8.49193e-16 2.35577e-15 4.92597e-15 4.84371e-15 8.10226e-25
1 39 3 1  3.44973e-17 8.25687e-17 7.69643e-17 2.75141e-17 3.72047e-30
1 39 4 1  0.0189859 0.460039 1.65922 0.561503 0.000263374
1 40 1 1  0.00741157 0.135732 0.414465 0.154858 3.01246e-11
1 40 2 1  8.49237e-16 2.35607e-15 4.92437e-15 4.84089e-15 3.98883e-25
1 40 3 1  3.44982e-17 8.25654e-17 7.69243e-17 2.74975e-17 1.43308e-30
1 40 4 1  0.018986 0.460103 1.66267 0.567578 0.00022605
1 41 1 1  0.00741157 0.135732 0.414465 0.154868 1.83946e-11
1 41 2 1  8.49209e-16 2.35598e-15 4.92481e-15 4.83987e-15 1.96408e-25
1 41 3 1  3.4498e-17 8.25637e-17 7.69297e-17 2.74893e-17 5.52055e-31
1 41 4 1  0.018986 0.460154 1.66554 0.572971 0.000194015
1 42 1 1  0.00741157 0.135732 0.414466 0.154875 1.12321e-11
1 42 2 1  8.49221e-16 2.3559e-15 4.92388e-15 4.83828e-15 9.66905e-26
1 42 3 1  3.44978e-17 8.25556e-17 7.69094e-17 2.74807e-17 2.12642e-31
1 42 4 1  0.018986 0.460193 1.66793 0.577749 0.000166519
2 1 1 1  3.80606e-15 2.72801e-14 1.53998e-14 1.74829e-14 5.55183e-15
2 1 2 1  1.54142 27.4061 260.348 445.376 963.521
2 1 3 1  0.674124 42.7728 93.1672 84.8288 77.1083
2 1 4 1  2.86723e-15 1.87316e-14 1.32946e-14 8.34843e-15 3.66645e-15
2 2 1 1  1.76169e-15 2.40406e-14 1.17001e-14 9.37045e-15 2.51967e-15
2 2 2 1  0.23707 29.4572 236.892 313.049 462.94
2 2 3 1  0.378464 31.0693 49.8314 37.2506 29.1046
2 2 4 1  3.50019e-15 1.82336e-14 1.22602e-14 7.2064e-15 2.92187e-15
2 3 1 1  9.63876e-16 1.64612e-14 9.55648e-15 5.33725e-15 1.14354e-15
2 3 2 1  0.237077 11.0413 238.159 241.419 224.57
2 3 3 1  0.246539 20.6135 30.6564 17.0368 11.0734
2 3 4 1  3.95737e-15 1.86733e-14 1.141e-14 6.253e-15 2.3285e-15
2 4 1 1  6.52525e-16 1.05521e-14 7.16645e-15 3.30429e-15 5.18989e-16
2 4 2 1  0.237077 6.30336 151.47 207.506 109.666
2 4 3 1  0.187667 13.6325 19.6615 8.3084 4.23557
2 4 4 1  4.28757e-15 1.96096e-14 1.0803e-14 5.45763e-15 1.85563e-15
2 5 1 1  5.3102e-16 6.86707e-15 5.01337e-15 2.15991e-15 2.35541e-16
2 5 2 1  0.23708 5.08419 93.1357 159.497 53.7652
2 5 3 1  0.161395 9.4866 12.8443 4.34706 1.62496
2 5 4 1  4.52607e-15 2.07646e-14 1.04369e-14 4.79831e-15 1.47879e-15
2 6 1 1  4.83603e-16 4.78453e-15 3.40352e-15 1.44192e-15 1.06899e-16
2 6 2 1  0.237071 4.76988 63.1395 114.312 26.4204
2 6 3 1  0.14966 7.17483 8.67857 2.43199 0.624514
2 6 4 1  4.69834e-15 2.19694e-14 1.02798e-14 4.25745e-15 1.17848e-15
2 7 1 1  4.65098e-16 3.67067e-15 2.33528e-15 9.67779e-16 4.85155e-17
2 7 2 1  0.237071 4.68964 49.1841 80.6974 13
2 7 3 1  0.144418 5.93803 6.22759 1.4513 0.240249
2 7 4 1  4.82276e-15 2.31263e-14 1.02891e-14 3.81967e-15 9.39155e-16
2 8 1 1  4.57876e-16 3.09526e-15 1.6804e-15 6.54202e-16 2.20185e-17
2 8 2 1  0.237065 4.66927 43.0149 58.7281 6.40448
2 8 3 1  0.142073 5.29546 4.84278 0.929739 0.0925045
2 8 4 1  4.91263e-15 2.41838e-14 1.04213e-14 3.47097e-15 7.48432e-16
2 9 1 1  4.55058e-16 2.80494e-15 1.30055e-15 4.5153e-16 9.99299e-18
2 9 2 1  0.237069 4.6651 40.3686 45.4319 3.15802
2 9 3 1  0.141028 4.96957 4.08601 0.647115 0.0356396
2 9 4 1  4.97754e-15 2.51193e-14 1.06374e-14 3.19837e-15 5.96441e-16
2 10 1 1  4.53958e-16 2.66091e-15 1.08898e-15 3.24507e-16 4.53526e-18
2 10 2 1  0.237076 4.66602 39.2809 37.7986 1.55896
2 10 3 1  0.140574 4.80914 3.68622 0.493686 0.0137406
2 10 4 1  5.02443e-15 2.59278e-14 1.09049e-14 2.98994e-15 4.75316e-16
2 11 1 1  4.53529e-16 2.59035e-15 9.74688e-16 2.47316e-16 2.05831e-18
2 11 2 1  0.237072 4.66668 38.8493 33.5678 0.770113
2 11 3 1  0.140371 4.73078 3.48046 0.410975 0.00529997
2 11 4 1  5.05829e-15 2.66147e-14 1.11982e-14 2.83478e-15 3.78789e-16
2 12 1 1  4.53361e-16 2.5561e-15 9.14407e-16 2.01713e-16 9.34151e-19
2 12 2 1  0.237073 4.66697 38.6766 31.2781 0.380528
2 12 3 1  0.140279 4.69265 3.3759 0.366876 0.00204467
2 12 4 1  5.08275e-15 2.71904e-14 1.14983e-14 2.72318e-15 3.01865e-16
2 13 1 1  4.53296e-16 2.5396e-15 8.83211e-16 1.75433e-16 4.2396e-19
2 13 2 1  0.237064 4.66619 38.6024 30.0587 0.188047
2 13 3 1  0.140228 4.67332 3.32338 0.343669 0.000788901
2 13 4 1  5.10041e-15 2.76678e-14 1.17915e-14 2.64659e-15 2.40563e-16
2 14 1 1  4.53271e-16 2.53169e-15 8.67313e-16 1.60612e-16 1.92412e-19
2 14 2 1  0.237065 4.66569 38.5625 29.4124 0.0929272
2 14 3 1  0.140202 4.66348 3.29647 0.331567 0.000304394
2 14 4 1  5.11317e-15 2.80602e-14 1.20689e-14 2.59764e-15 1.91709e-16
2 15 1 1  4.53261e-16 2.52792e-15 8.59312e-16 1.52409e-16 8.73252e-20
2 15 2 1  0.23707 4.66632 38.5537 29.0796 0.0459345
2 15 3 1  0.140197 4.65968 3.28379 0.32537 0.000117468
2 15 4 1  5.12239e-15 2.83806e-14 1.23249e-14 2.57006e-15 1.52777e-16
2 16 1 1  4.53257e-16 2.52613e-15 8.55328e-16 1.47941e-16 3.96321e-20
2 16 2 1  0.237066 4.66642 38.557 28.9131 0.0227093
2 16 3 1  0.140193 4.65804 3.27835 0.322281 4.53365e-05
2 16 4 1  5.12905e-15 2.86405e-14 1.25566e-14 2.55865e-15 1.21751e-16
2 17 1 1  4.53255e-16 2.52528e-15 8.53361e-16 1.45542e-16 1.79868e-20
2 17 2 1  0.237054 4.6647 38.5414 28.8197 0.0112244
2 17 3 1  0.140175 4.65525 3.27466 0.320702 1.7496e-05
2 17 4 1  5.13385e-15 2.88503e-14 1.27631e-14 2.55913e-15 9.70261e-17
2 18 1 1  4.53255e-16 2.52488e-15 8.52397e-16 1.44269e-16 8.16322e-21
2 18 2 1  0.23705 4.66293 38.5074 28.753 0.00554595
2 18 3 1  0.140156 4.65197 3.27057 0.319765 6.75101e-06
2 18 4 1  5.13733e-15 2.9019e-14 1.29447e-14 2.56804e-15 7.73221e-17
2 19 1 1  4.53254e-16 2.52469e-15 8.51928e-16 1.43602e-16 3.70483e-21
2 19 2 1  0.237065 4.66408 38.4977 28.7144 0.00274087
2 19 3 1  0.140162 4.65192 3.26839 0.319203 2.60523e-06
2 19 4 1  5.13983e-15 2.9154e-14 1.31028e-14 2.58265e-15 6.16196e-17
2 20 1 1  4.53254e-16 2.5246e-15 8.51701e-16 1.43255e-16 1.68142e-21
2 20 2 1  0.237058 4.66444 38.5092 28.701 0.00135491
2 20 3 1  0.140164 4.65243 3.26882 0.318957 1.0055e-06
2 20 4 1  5.14165e-15 2.92618e-14 1.32391e-14 2.60083e-15 4.9106e-17
2 21 1 1  4.53554e-16 2.56928e-15 9.49833e-16 1.63217e-16 8.71311e-22
2 21 2 1  0.237055 4.6637 38.5036 28.6898 0.000669635
2 21 3 1  0.140158 4.6516 3.26822 0.31882 3.88041e-07
2 21 4 1  5.14389e-15 2.95038e-14 1.37727e-14 2.71635e-15 4.05646e-17
2 22 1 1  4.538e-16 2.61664e-15 1.0758e-15 2.12817e-16 5.32038e-22
2 22 2 1  0.237041 4.66124 38.4734 28.6664 0.000330816
2 22 3 1  0.140138 4.64838 3.26599 0.318628 1.49725e-07
2 22 4 1  5.1462e-15 2.98233e-14 1.46041e-14 2.94134e-15 3.48159e-17
2 23 1 1  4.53897e-16 2.64036e-15 1.15129e-15 2.58134e-16 3.24872e-22
2 23 2 1  0.237048 4.66019 38.4323 28.6285 0.000163367
2 23 3 1  0.140128 4.64551 3.26199 0.318277 5.77601e-08
2 23 4 1  5.14787e-15 3.00763e-14 1.53218e-14 3.17127e-15 2.98819e-17
2 24 1 1  4.53934e-16 2.65216e-15 1.19547e-15 2.94828e-16 1.98372e-22
2 24 2 1  0.237045 4.65959 38.4073 28.5922 8.06685e-05
2 24 3 1  0.140123 4.64358 3.25918 0.317891 2.22814e-08
2 24 4 1  5.14908e-15 3.02764e-14 1.59389e-14 3.40043e-15 2.56472e-17
2 25 1 1  4.53949e-16 2.65799e-15 1.22084e-15 3.22523e-16 1.21129e-22
2 25 2 1  0.237034 4.65728 38.3676 28.546 3.98127e-05
2 25 3 1  0.140105 4.63983 3.25536 0.317434 8.59314e-09
2 25 4 1  5.14996e-15 3.04345e-14 1.64675e-14 3.62446e-15 2.20125e-17
2 26 1 1  4.53955e-16 2.66086e-15 1.2352e-15 3.42478e-16 7.39638e-23
2 26 2 1  0.23705 4.65773 38.3386 28.5028 1.96462e-05
2 26 3 1  0.140108 4.63853 3.25162 0.316951 3.31379e-09
2 26 4 1  5.15059e-15 3.05594e-14 1.69188e-14 3.84018e-15 1.8893e-17
2 27 1 1  4.53957e-16 2.66227e-15 1.24322e-15 3.56388e-16 4.51636e-23
2 27 2 1  0.237057 4.65972 38.3547 28.489 9.69921e-06
2 27 3 1  0.140126 4.6404 3.25186 0.316687 1.27817e-09
2 27 4 1  5.15104e-15 3.06579e-14 1.7303e-14 4.04534e-15 1.62155e-17
2 28 1 1  4.53958e-16 2.66296e-15 1.24766e-15 3.6585e-16 2.75777e-23
2 28 2 1  0.237051 4.65963 38.3679 28.4867 4.78818e-06
2 28 3 1  0.14013 4.64088 3.25278 0.316603 4.92992e-10
2 28 4 1  5.15137e-15 3.07355e-14 1.76292e-14 4.23847e-15 1.39175e-17
2 29 1 1  4.53958e-16 2.6633e-15 1.2501e-15 3.72164e-16 1.68394e-23
2 29 2 1  0.237037 4.65694 38.3398 28.467 2.36226e-06
2 29 3 1  0.140112 4.63772 3.25081 0.31645 1.90092e-10
2 29 4 1  5.15161e-15 3.07967e-14 1.79055e-14 4.4187e-15 1.19452e-17
2 30 1 1  4.53958e-16 2.66347e-15 1.25143e-15 3.76315e-16 1.02824e-23
2 30 2 1  0.237049 4.65681 38.3083 28.4377 1.16514e-06
2 30 3 1  0.14011 4.63611 3.24754 0.316164 7.32877e-11
2 30 4 1  5.15178e-15 3.08448e-14 1.81389e-14 4.58565e-15 1.02523e-17
2 31 1 1  4.53958e-16 2.66355e-15 1.25215e-15 3.79012e-16 6.27863e-24
2 31 2 1  0.237041 4.65629 38.2967 28.4149 5.74729e-07
2 31 3 1  0.140106 4.635 3.24623 0.315909 2.82563e-11
2 31 4 1  5.15191e-15 3.08828e-14 1.83358e-14 4.7393e-15 8.79941e-18
2 32 1 1  4.53958e-16 2.66359e-15 1.25254e-15 3.80747e-16 3.83384e-24
2 32 2 1  0.237039 4.65513 38.2715 28.3849 2.83385e-07
2 32 3 1  0.140097 4.63287 3.24368 0.31561 1.08922e-11
2 32 4 1  5.15199e-15 3.09126e-14 1.85016e-14 4.87992e-15 7.55238e-18
2 33 1 1  4.53958e-16 2.66361e-15 1.25275e-15 3.81854e-16 2.34101e-24
2 33 2 1  0.237035 4.65396 38.2436 28.3517 1.39696e-07
2 33 3 1  0.140086 4.63056 3.2409 0.315272 4.19824e-12
2 33 4 1  5.15206e-15 3.0936e-14 1.86409e-14 5.00798e-15 6.48208e-18
2 34 1 1  4.53958e-16 2.66362e-15 1.25286e-15 3.82555e-16 1.42946e-24
2 34 2 1  0.237026 4.65191 38.2045 28.3092 6.88338e-08
2 34 3 1  0.140069 4.62707 3.23723 0.314857 1.61782e-12
2 34 4 1  5.15211e-15 3.09544e-14 1.87578e-14 5.12408e-15 5.56346e-18
2 35 1 1  4.53958e-16 2.66362e-15 1.25292e-15 3.82998e-16 8.72853e-25
2 35 2 1  0.237016 4.64901 38.1464 28.2501 3.38955e-08
2 35 3 1  0.140043 4.62202 3.23185 0.314295 6.23252e-13
2 35 4 1  5.15214e-15 3.09689e-14 1.88558e-14 5.22893e-15 4.77503e-18
2 36 1 1  4.53958e-16 2.66362e-15 1.25295e-15 3.83275e-16 5.32979e-25
2 36 2 1  0.237024 4.6486 38.102 28.1914 1.66875e-08
2 36 3 1  0.140035 4.61931 3.22676 0.313668 2.40076e-13
2 36 4 1  5.15217e-15 3.09803e-14 1.89377e-14 5.32327e-15 4.09832e-18
2 37 1 1  4.53958e-16 2.66362e-15 1.25296e-15 3.83449e-16 3.25446e-25
2 37 2 1  0.237028 4.64959 38.0977 28.1573 8.21818e-09
2 37 3 1  0.14004 4.61942 3.22513 0.313219 9.249e-14
2 37 4 1  5.15218e-15 3.09892e-14 1.90062e-14 5.40789e-15 3.51752e-18
2 38 1 1  4.53958e-16 2.66362e-15 1.25297e-15 3.83557e-16 1.98723e-25
2 38 2 1  0.237028 4.65007 38.1049 28.142 4.04758e-09
2 38 3 1  0.140045 4.6199 3.22504 0.312979 3.56334e-14
2 38 4 1  5.1522e-15 3.09962e-14 1.90634e-14 5.48356e-15 3.01903e-18
2 39 1 1  4.53958e-16 2.66362e-15 1.25298e-15 3.83624e-16 1.21344e-25
2 39 2 1  0.237017 4.64848 38.0923 28.1252 1.99283e-09
2 39 3 1  0.140034 4.61809 3.22402 0.312803 1.37263e-14
2 39 4 1  5.1522e-15 3.10017e-14 1.91111e-14 5.55106e-15 2.59118e-18
2 40 1 1  4.53958e-16 2.66362e-15 1.25298e-15 3.83665e-16 7.40946e-26
2 40 2 1  0.237029 4.64907 38.0799 28.1089 9.81094e-10
2 40 3 1  0.140038 4.6179 3.22235 0.312613 5.28722e-15
2 40 4 1  5.15221e-15 3.1006e-14 1.91509e-14 5.61112e-15 2.22397e-18
2 41 1 1  4.53958e-16 2.66362e-15 1.25298e-15 3.83691e-16 4.52435e-26
2 41 2 1  0.237022 4.64889 38.0833 28.1029 4.83085e-10
2 41 3 1  0.140037 4.61781 3.22257 0.312521 2.03675e-15
2 41 4 1  5.15222e-15 3.10094e-14 1.9184e-14 5.66444e-15 1.9088e-18
2 42 1 1  4.53958e-16 2.66362e-15 1.25298e-15 3.83707e-16 2.76264e-26
2 42 2 1  0.237025 4.64874 38.0761 28.0937 2.3782e-10
2 42 3 1  0.140036 4.61736 3.22172 0.312423 7.84521e-16
2 42 4 1  5.15222e-15 3.10121e-14 1.92115e-14 5.71167e-15 1.63829e-18
full time series of predicted survey index
survey year spp area pred_survey
1 1 1 1 66417.8
1 1 2 1 2130.28
1 1 3 1 267.622
1 1 4 1 54866.5
1 2 1 1 76736.7
1 2 2 1 1519.69
1 2 3 1 213.811
1 2 4 1 54606.9
1 3 1 1 83434.8
1 3 2 1 2282.59
1 3 3 1 269.461
1 3 4 1 55391.1
1 4 1 1 77423.1
1 4 2 1 4341.85
1 4 3 1 352.467
1 4 4 1 56874.3
1 5 1 1 64149.9
1 5 2 1 6401.76
1 5 3 1 426.493
1 5 4 1 58789
1 6 1 1 49755.4
1 6 2 1 7947.57
1 6 3 1 480.764
1 6 4 1 60933.2
1 7 1 1 37570.9
1 7 2 1 8961.53
1 7 3 1 516.64
1 7 4 1 63159
1 8 1 1 28559.9
1 8 2 1 9573.33
1 8 3 1 538.584
1 8 4 1 65361.9
1 9 1 1 22450.5
1 9 2 1 9928.02
1 9 3 1 551.52
1 9 4 1 67471.4
1 10 1 1 18554
1 10 2 1 10131
1 10 3 1 559.055
1 10 4 1 69442.7
1 11 1 1 16179.4
1 11 2 1 10241
1 11 3 1 563.148
1 11 4 1 71250.7
1 12 1 1 14782.4
1 12 2 1 10300.3
1 12 3 1 565.353
1 12 4 1 72884.3
1 13 1 1 13983.4
1 13 2 1 10326.3
1 13 3 1 566.251
1 13 4 1 74342.4
1 14 1 1 13536.7
1 14 2 1 10338.5
1 14 3 1 566.636
1 14 4 1 75630.6
1 15 1 1 13291.7
1 15 2 1 10346.6
1 15 3 1 566.913
1 15 4 1 76758.9
1 16 1 1 13159.5
1 16 2 1 10349.2
1 16 3 1 566.973
1 16 4 1 77739.9
1 17 1 1 13089.1
1 17 2 1 10342.4
1 17 3 1 566.608
1 17 4 1 78587.2
1 18 1 1 13052
1 18 2 1 10333.1
1 18 3 1 566.135
1 18 4 1 79315
1 19 1 1 13032.7
1 19 2 1 10334.8
1 19 3 1 566.196
1 19 4 1 79937
1 20 1 1 13022.8
1 20 2 1 10333.2
1 20 3 1 566.109
1 20 4 1 80466.2
1 21 1 1 15440.7
1 21 2 1 10330.2
1 21 3 1 565.957
1 21 4 1 85635.6
1 22 1 1 17331.4
1 22 2 1 10316.8
1 22 3 1 565.302
1 22 4 1 90455.1
1 23 1 1 18726.4
1 23 2 1 10307.8
1 23 3 1 564.848
1 23 4 1 94913.5
1 24 1 1 19715.4
1 24 2 1 10297.9
1 24 3 1 564.346
1 24 4 1 99010.4
1 25 1 1 20396.7
1 25 2 1 10281
1 25 3 1 563.509
1 25 4 1 102753
1 26 1 1 20855.8
1 26 2 1 10277.3
1 26 3 1 563.311
1 26 4 1 106156
1 27 1 1 21160
1 27 2 1 10280.7
1 27 3 1 563.462
1 27 4 1 109235
1 28 1 1 21358.8
1 28 2 1 10279
1 28 3 1 563.374
1 28 4 1 112010
1 29 1 1 21487.3
1 29 2 1 10266
1 29 3 1 562.739
1 29 4 1 114502
1 30 1 1 21569.7
1 30 2 1 10262.9
1 30 3 1 562.58
1 30 4 1 116734
1 31 1 1 21622.1
1 31 2 1 10254.8
1 31 3 1 562.185
1 31 4 1 118726
1 32 1 1 21655.2
1 32 2 1 10246.3
1 32 3 1 561.766
1 32 4 1 120500
1 33 1 1 21676
1 33 2 1 10236.4
1 33 3 1 561.275
1 33 4 1 122076
1 34 1 1 21689
1 34 2 1 10221.5
1 34 3 1 560.539
1 34 4 1 123472
1 35 1 1 21697.2
1 35 2 1 10201.1
1 35 3 1 559.533
1 35 4 1 124707
1 36 1 1 21702.2
1 36 2 1 10191.4
1 36 3 1 559.045
1 36 4 1 125798
1 37 1 1 21705.4
1 37 2 1 10188.5
1 37 3 1 558.893
1 37 4 1 126759
1 38 1 1 21707.3
1 38 2 1 10187.6
1 38 3 1 558.841
1 38 4 1 127605
1 39 1 1 21708.5
1 39 2 1 10178.6
1 39 3 1 558.394
1 39 4 1 128349
1 40 1 1 21709.3
1 40 2 1 10180.4
1 40 3 1 558.477
1 40 4 1 129001
1 41 1 1 21709.7
1 41 2 1 10176.6
1 41 3 1 558.293
1 41 4 1 129573
1 42 1 1 21710
1 42 2 1 10175.9
1 42 3 1 558.254
1 42 4 1 130074
full time series of predicted catch
fleet year spp area pred_catch
1 1 1 1 37254.9
1 1 4 1 6690.21
1 2 1 1 24191.8
1 2 4 1 6472.38
1 3 1 1 29143.4
1 3 4 1 6440.43
1 4 1 1 31780.3
1 4 4 1 6537.56
1 5 1 1 29286.4
1 5 4 1 6719.59
1 6 1 1 24092.2
1 6 4 1 6952.9
1 7 1 1 18589.3
1 7 4 1 7212.61
1 8 1 1 13999.6
1 8 4 1 7480.8
1 9 1 1 10640.8
1 9 4 1 7745
1 10 1 1 8381.66
1 10 4 1 7996.95
1 11 1 1 6949.79
1 11 4 1 8231.53
1 12 1 1 6081.6
1 12 4 1 8445.97
1 13 1 1 5572.97
1 13 4 1 8639.13
1 14 1 1 5283.06
1 14 4 1 8811.06
1 15 1 1 5121.47
1 15 4 1 8962.59
1 16 1 1 5033.07
1 16 4 1 9095
1 17 1 1 4985.46
1 17 4 1 9209.88
1 18 1 1 4960.17
1 18 4 1 9308.91
1 19 1 1 4946.88
1 19 4 1 9393.82
1 20 1 1 4939.97
1 20 4 1 9466.27
1 21 1 1 2241.88
1 21 4 1 3996.56
1 22 1 1 2652.11
1 22 4 1 4252.67
1 23 1 1 2969.75
1 23 4 1 4490.68
1 24 1 1 3202.53
1 24 4 1 4710.25
1 25 1 1 3366.75
1 25 4 1 4911.52
1 26 1 1 3479.45
1 26 4 1 5094.99
1 27 1 1 3555.17
1 27 4 1 5261.44
1 28 1 1 3605.21
1 28 4 1 5411.79
1 29 1 1 3637.86
1 29 4 1 5547.09
1 30 1 1 3658.93
1 30 4 1 5668.43
1 31 1 1 3672.41
1 31 4 1 5776.91
1 32 1 1 3680.98
1 32 4 1 5873.63
1 33 1 1 3686.39
1 33 4 1 5959.64
1 34 1 1 3689.79
1 34 4 1 6035.96
1 35 1 1 3691.92
1 35 4 1 6103.53
1 36 1 1 3693.24
1 36 4 1 6163.24
1 37 1 1 3694.07
1 37 4 1 6215.92
1 38 1 1 3694.58
1 38 4 1 6262.31
1 39 1 1 3694.9
1 39 4 1 6303.11
1 40 1 1 3695.09
1 40 4 1 6338.93
1 41 1 1 3695.21
1 41 4 1 6370.34
1 42 1 1 3695.29
1 42 4 1 6397.86
2 1 2 1 1825.23
2 1 3 1 632.723
2 2 2 1 1211.59
2 2 3 1 409.149
2 3 2 1 803.428
2 3 3 1 567.089
2 4 2 1 1636.57
2 4 3 1 839.45
2 5 2 1 3322.84
2 5 3 1 1090.92
2 6 2 1 4919.09
2 6 3 1 1278.39
2 7 2 1 6090.93
2 7 3 1 1402.62
2 8 2 1 6849.22
2 8 3 1 1479.1
2 9 2 1 7304.77
2 9 3 1 1523.7
2 10 2 1 7568.76
2 10 3 1 1549.27
2 11 2 1 7717.77
2 11 3 1 1563.64
2 12 2 1 7798.8
2 12 3 1 1571.24
2 13 2 1 7840.51
2 13 3 1 1574.92
2 14 2 1 7859.51
2 14 3 1 1576.25
2 15 2 1 7869.18
2 15 3 1 1576.92
2 16 2 1 7874.41
2 16 3 1 1577.33
2 17 2 1 7873.6
2 17 3 1 1576.92
2 18 2 1 7867.32
2 18 3 1 1575.66
2 19 2 1 7863.32
2 19 3 1 1574.92
2 20 2 1 7863.21
2 20 3 1 1575.03
2 21 2 1 7861.39
2 21 3 1 1574.72
2 22 2 1 7855.27
2 22 3 1 1573.67
2 23 2 1 7845.66
2 23 3 1 1571.96
2 24 2 1 7837.43
2 24 3 1 1570.65
2 25 2 1 7826.4
2 25 3 1 1568.86
2 26 2 1 7816.71
2 26 3 1 1567.24
2 27 2 1 7815.48
2 27 3 1 1567.24
2 28 2 1 7816.13
2 28 3 1 1567.5
2 29 2 1 7810.79
2 29 3 1 1566.59
2 30 2 1 7803.51
2 30 3 1 1565.27
2 31 2 1 7798.78
2 31 3 1 1564.61
2 32 2 1 7791.78
2 32 3 1 1563.47
2 33 2 1 7784.02
2 33 3 1 1562.2
2 34 2 1 7773.8
2 34 3 1 1560.53
2 35 2 1 7759.27
2 35 3 1 1558.1
2 36 2 1 7745.78
2 36 3 1 1555.86
2 37 2 1 7739.49
2 37 3 1 1555.02
2 38 2 1 7737.34
2 38 3 1 1554.84
2 39 2 1 7733.56
2 39 3 1 1554.27
2 40 2 1 7729.88
2 40 3 1 1553.61
2 41 2 1 7729.14
2 41 3 1 1553.61
2 42 2 1 7727.07
2 42 3 1 1553.25
full time series of survey length comp
survey year spp area catch-at-size
1 1 1 2  0.124783 1.74761 0.957251 0.579456 0.14289
1 1 2 2  0 0.00585852 0.241096 0.543062 0.264018
1 1 3 2  0.0899359 0.261216 0.0410081 0.126785 0.0240442
1 1 4 2  0.965432 9.96075 24.5847 6.05998 0.55874
1 2 1 2  0.0535344 1.54745 2.55355 0.384869 0.0648499
1 2 2 2  0 1.58536 0.10772 0.386109 0.130489
1 2 3 2  0.120708 0.43593 0.17296 0.0560259 0.00927413
1 2 4 2  0.950528 11.5368 24.4669 6.12382 0.445271
1 3 1 2  0.0257296 1.07436 2.94882 0.497901 0.0294318
1 3 2 2  0 1.99497 1.8907 0.245169 0.0645307
1 3 3 2  0.134446 0.550125 0.323529 0.0518725 0.00357899
1 3 4 2  0.939763 12.713 25.2525 6.16853 0.354846
1 4 1 2  0.0148787 0.705154 2.52136 0.599321 0.0133575
1 4 2 2  0 2.101 3.11318 0.998503 0.0319102
1 4 3 2  0.140569 0.617119 0.443242 0.0766168 0.00138122
1 4 4 2  0.931987 13.592 26.5115 6.24546 0.282784
1 5 1 2  0.0106441 0.47482 1.8911 0.591515 0.00606221
1 5 2 2  0 2.12849 3.74835 1.94516 0.0157814
1 5 3 2  0.143301 0.654192 0.52401 0.107119 0.000533095
1 5 4 2  0.926371 14.2496 27.9695 6.37295 0.225356
1 6 1 2  0.00899159 0.344627 1.35132 0.508336 0.0027513
1 6 2 2  0 2.13511 4.04368 2.71622 0.00780182
1 6 3 2  0.144492 0.673653 0.573171 0.13296 0.000205722
1 6 4 2  0.922315 14.7421 29.4578 6.5512 0.179591
1 7 1 2  0.00834668 0.274984 0.972227 0.402258 0.00124866
1 7 2 2  0 2.13681 4.17502 3.24293 0.00385757
1 7 3 2  0.145021 0.683726 0.601446 0.151544 7.93981e-05
1 7 4 2  0.919385 15.1115 30.8774 6.77153 0.14312
1 8 1 2  0.008095 0.239004 0.733019 0.306048 0.0005667
1 8 2 2  0 2.13694 4.23036 3.56888 0.00190707
1 8 3 2  0.145239 0.688666 0.616793 0.163627 3.06428e-05
1 8 4 2  0.917269 15.3888 32.1759 7.0218 0.114055
1 9 1 2  0.00799678 0.22085 0.591957 0.232006 0.000257194
1 9 2 2  0 2.13715 4.25472 3.76039 0.000943055
1 9 3 2  0.145346 0.691231 0.625093 0.171017 1.18282e-05
1 9 4 2  0.915741 15.5973 33.3298 7.28959 0.090893
1 10 1 2  0.00795845 0.211843 0.512572 0.18046 0.000116726
1 10 2 2  0 2.13754 4.26708 3.87037 0.000466522
1 10 3 2  0.145412 0.692701 0.629722 0.175386 4.56659e-06
1 10 4 2  0.914637 15.7542 34.3341 7.56374 0.0724346
1 11 1 2  0.00794349 0.20743 0.469397 0.146952 5.29755e-05
1 11 2 2  0 2.13745 4.27161 3.93078 0.000230751
1 11 3 2  0.145432 0.693321 0.632002 0.177854 1.76297e-06
1 11 4 2  0.913839 15.8723 35.1945 7.83511 0.0577246
1 12 1 2  0.00793766 0.205288 0.446518 0.126236 2.40427e-05
1 12 2 2  0 2.13745 4.2735 3.96355 0.000114138
1 12 3 2  0.145442 0.693632 0.633156 0.17921 6.80628e-07
1 12 4 2  0.913263 15.9615 35.9227 8.0967 0.0460019
1 13 1 2  0.00793538 0.204256 0.434638 0.113909 1.09116e-05
1 13 2 2  0 2.13706 4.272 3.97885 5.64356e-05
1 13 3 2  0.145426 0.693544 0.633383 0.179865 2.62727e-07
1 13 4 2  0.912847 16.0288 36.5329 8.34355 0.0366599
1 14 1 2  0.00793449 0.203762 0.428569 0.106793 4.95219e-06
1 14 2 2  0 2.137 4.2711 3.98605 2.79055e-05
1 14 3 2  0.145421 0.693508 0.633431 0.180162 1.01416e-07
1 14 4 2  0.912547 16.0797 37.0401 8.57245 0.029215
1 15 1 2  0.00793414 0.203526 0.425509 0.102786 2.24753e-06
1 15 2 2  0 2.1372 4.27183 3.99033 1.38008e-05
1 15 3 2  0.145432 0.693611 0.633598 0.18032 3.91512e-08
1 15 4 2  0.91233 16.1182 37.4589 8.78162 0.0232821
1 16 1 2  0.00793401 0.203414 0.423983 0.100573 1.02003e-06
1 16 2 2  0 2.13711 4.27146 3.99194 6.82419e-06
1 16 3 2  0.145429 0.693576 0.633574 0.18038 1.51131e-08
1 16 4 2  0.912173 16.1473 37.8028 8.97042 0.018554
1 17 1 2  0.00793395 0.203361 0.423228 0.099373 4.62934e-07
1 17 2 2  0 2.13652 4.26794 3.98951 3.37258e-06
1 17 3 2  0.145398 0.693219 0.633051 0.180297 5.83251e-09
1 17 4 2  0.91206 16.1694 38.0837 9.13903 0.014786
1 18 1 2  0.00793393 0.203336 0.422859 0.098731 2.101e-07
1 18 2 2  0 2.13619 4.26468 3.98557 1.66644e-06
1 18 3 2  0.145374 0.692909 0.632487 0.180137 2.25072e-09
1 18 4 2  0.911978 16.1862 38.3123 9.28824 0.0117833
1 19 1 2  0.00793393 0.203324 0.422678 0.0983918 9.5353e-08
1 19 2 2  0 2.13679 4.2668 3.98568 8.23928e-07
1 19 3 2  0.145402 0.693149 0.632693 0.180095 8.68771e-10
1 19 4 2  0.911919 16.199 38.4977 9.41923 0.00939036
1 20 1 2  0.00793392 0.203318 0.422591 0.0982146 4.32754e-08
1 20 2 2  0 2.13662 4.26649 3.98491 4.07239e-07
1 20 3 2  0.145397 0.693092 0.632619 0.180054 3.35296e-10
1 20 4 2  0.911876 16.2087 38.6475 9.53342 0.00748337
1 21 1 2  0.00794496 0.207066 0.478618 0.128024 2.64247e-08
1 21 2 2  0 2.13645 4.26542 3.98365 2.01258e-07
1 21 3 2  0.145388 0.692984 0.632444 0.180001 1.29397e-10
1 21 4 2  0.912182 16.354 40.8126 10.3476 0.00642285
1 22 1 2  0.00794927 0.208942 0.512196 0.155263 1.61354e-08
1 22 2 2  0 2.13571 4.26039 3.97813 9.9381e-08
1 22 3 2  0.14535 0.692479 0.631626 0.179798 4.99182e-11
1 22 4 2  0.912402 16.4685 42.6703 11.1677 0.00551263
1 23 1 2  0.00795096 0.209875 0.531843 0.17732 9.85256e-09
1 23 2 2  0 2.13576 4.2585 3.9738 4.90793e-08
1 23 3 2  0.145349 0.69233 0.631184 0.179598 1.92578e-11
1 23 4 2  0.912562 16.5588 44.2585 11.9758 0.00473139
1 24 1 2  0.00795162 0.210336 0.543128 0.193969 6.01614e-09
1 24 2 2  0 2.13557 4.25625 3.96908 2.42298e-08
1 24 3 2  0.14534 0.692113 0.630691 0.179382 7.42817e-12
1 24 4 2  0.912677 16.6298 45.612 12.7584 0.00406088
1 25 1 2  0.00795187 0.210564 0.549514 0.205964 3.67356e-09
1 25 2 2  0 2.1349 4.25111 3.96163 1.19528e-08
1 25 3 2  0.145305 0.691602 0.629761 0.179072 2.8642e-12
1 25 4 2  0.91276 16.6858 46.7621 13.506 0.00348538
1 26 1 2  0.00795197 0.210675 0.553083 0.214327 2.24314e-09
1 26 2 2  0 2.13543 4.25213 3.95914 5.9002e-09
1 26 3 2  0.145329 0.69175 0.629733 0.17891 1.1047e-12
1 26 4 2  0.91282 16.7298 47.737 14.2122 0.00299144
1 27 1 2  0.00795201 0.21073 0.555059 0.220015 1.3697e-09
1 27 2 2  0 2.13589 4.25492 3.95992 2.91324e-09
1 27 3 2  0.145358 0.692028 0.630069 0.178892 4.26121e-13
1 27 4 2  0.912864 16.7644 48.5614 14.873 0.00256751
1 28 1 2  0.00795203 0.210757 0.556144 0.223811 8.36362e-10
1 28 2 2  0 2.13566 4.25431 3.95922 1.43776e-09
1 28 3 2  0.145354 0.691953 0.629977 0.178859 1.64334e-13
1 28 4 2  0.912895 16.7916 49.2571 15.4865 0.00220365
1 29 1 2  0.00795203 0.21077 0.556734 0.226306 5.10697e-10
1 29 2 2  0 2.13487 4.24918 3.95394 7.08958e-10
1 29 3 2  0.145317 0.691446 0.629169 0.178669 6.335e-14
1 29 4 2  0.912918 16.8129 49.843 16.0521 0.00189135
1 30 1 2  0.00795204 0.210776 0.557055 0.227928 3.11841e-10
1 30 2 2  0 2.13524 4.24944 3.95205 3.49781e-10
1 30 3 2  0.14533 0.691521 0.629098 0.17856 2.44272e-14
1 30 4 2  0.912934 16.8297 50.3356 16.5705 0.00162332
1 31 1 2  0.00795204 0.210779 0.557227 0.22897 1.90415e-10
1 31 2 2  0 2.13491 4.24722 3.94841 1.72481e-10
1 31 3 2  0.145316 0.691291 0.628678 0.178406 9.41654e-15
1 31 4 2  0.912946 16.8429 50.7492 17.043 0.00139327
1 32 1 2  0.00795204 0.210781 0.557319 0.229636 1.16271e-10
1 32 2 2  0 2.13469 4.24497 3.94453 8.50345e-11
1 32 3 2  0.145304 0.691079 0.628242 0.178236 3.62966e-15
1 32 4 2  0.912954 16.8532 51.0958 17.4719 0.00119582
1 33 1 2  0.00795204 0.210782 0.557369 0.230058 7.0997e-11
1 33 2 2  0 2.13441 4.24231 3.94 4.19101e-11
1 33 3 2  0.145288 0.690823 0.627728 0.17804 1.39887e-15
1 33 4 2  0.912961 16.8613 51.3859 17.8595 0.00102635
1 34 1 2  0.00795204 0.210782 0.557395 0.230324 4.3352e-11
1 34 2 2  0 2.13387 4.23782 3.93338 2.06436e-11
1 34 3 2  0.145258 0.690381 0.626913 0.177765 5.38974e-16
1 34 4 2  0.912965 16.8677 51.6284 18.2084 0.000880898
1 35 1 2  0.00795204 0.210782 0.557409 0.23049 2.64715e-11
1 35 2 2  0 2.13316 4.23172 3.92433 1.01613e-11
1 35 3 2  0.145217 0.689783 0.625799 0.17739 2.07595e-16
1 35 4 2  0.912968 16.8727 51.8309 18.5216 0.00075606
1 36 1 2  0.00795204 0.210782 0.557416 0.230595 1.61639e-11
1 36 2 2  0 2.13337 4.23073 3.91926 5.00374e-12
1 36 3 2  0.145219 0.689715 0.625434 0.177129 7.99736e-17
1 36 4 2  0.912971 16.8766 51.9999 18.8018 0.000648914
1 37 1 2  0.00795204 0.210782 0.55742 0.23066 9.86999e-12
1 37 2 2  0 2.13362 4.23165 3.91726 2.46444e-12
1 37 3 2  0.14523 0.689799 0.625435 0.176998 3.08114e-17
1 37 4 2  0.912972 16.8797 52.1406 19.0518 0.000556952
1 38 1 2  0.00795204 0.210782 0.557422 0.2307 6.02679e-12
1 38 2 2  0 2.13367 4.23222 3.91654 1.21374e-12
1 38 3 2  0.145236 0.689842 0.625466 0.176942 1.18705e-17
1 38 4 2  0.912973 16.8821 52.2578 19.2742 0.000478022
1 39 1 2  0.00795204 0.210782 0.557424 0.230725 3.68006e-12
1 39 2 2  0 2.13312 4.22889 3.91277 5.97351e-13
1 39 3 2  0.14521 0.689498 0.624924 0.176798 4.57175e-18
1 39 4 2  0.912974 16.884 52.3553 19.4718 0.000410278
1 40 1 2  0.00795204 0.210782 0.557424 0.23074 2.24711e-12
1 40 2 2  0 2.13359 4.23066 3.91309 2.94197e-13
1 40 3 2  0.14523 0.689704 0.625131 0.176777 1.76131e-18
1 40 4 2  0.912975 16.8854 52.4363 19.6469 0.000352135
1 41 1 2  0.00795204 0.210782 0.557424 0.23075 1.37212e-12
1 41 2 2  0 2.13331 4.22939 3.91148 1.44821e-13
1 41 3 2  0.145219 0.689559 0.624917 0.176714 6.78406e-19
1 41 4 2  0.912975 16.8866 52.5036 19.8017 0.000302232
1 42 1 2  0.00795204 0.210782 0.557425 0.230756 8.37842e-13
1 42 2 2  0 2.1334 4.2295 3.91101 7.13013e-14
1 42 3 2  0.145223 0.689581 0.624907 0.176684 2.61322e-19
1 42 4 2  0.912976 16.8875 52.5595 19.9384 0.0002594
full time series of fishery length comp
fleet year spp area catch-at-size
1 1 1 1  0.281211 0.144657 3.35569 0.987035 0.44152
1 1 2 1  1.18015e-20 5.18296e-17 1.24481e-15 1.55657e-15 1.6022e-15
1 1 3 1  5.48029e-17 1.59638e-17 8.96577e-18 1.26426e-16 3.02191e-17
1 1 4 1  0.0492848 0.522082 1.98736 0.406968 0.0481667
1 2 1 1  0.120645 2.67175 1.54185 0.823739 0.200382
1 2 2 1  1.76363e-15 1.3466e-17 5.84485e-16 1.39795e-15 7.91476e-16
1 2 3 1  7.35581e-17 8.05117e-17 1.29819e-17 5.06669e-17 1.16504e-17
1 2 4 1  0.048524 0.662745 1.86024 0.420194 0.038385
1 3 1 1  0.0579844 2.36575 4.11302 0.547118 0.0909422
1 3 2 1  1.76362e-15 3.64405e-15 2.61179e-16 9.94135e-16 3.91282e-16
1 3 3 1  8.19315e-17 1.34375e-16 5.47663e-17 2.23951e-17 4.49467e-18
1 3 4 1  0.0479744 0.767605 1.85132 0.424621 0.0305898
1 4 1 1  0.0335308 1.64248 4.74967 0.707802 0.0412736
1 4 2 1  1.76358e-15 4.585e-15 4.5837e-15 6.31209e-16 1.93495e-16
1 4 3 1  8.56666e-17 1.69555e-16 1.02437e-16 2.07347e-17 1.73457e-18
1 4 4 1  0.0475775 0.845869 1.91077 0.427721 0.0243777
1 5 1 1  0.0239877 1.07804 4.06117 0.851978 0.0187318
1 5 2 1  1.76358e-15 4.8287e-15 7.54768e-15 2.57086e-15 9.56876e-17
1 5 3 1  8.73323e-17 1.90208e-16 1.40348e-16 3.0627e-17 6.69439e-19
1 5 4 1  0.0472908 0.904352 2.00603 0.433055 0.0194271
1 6 1 1  0.0202635 0.725908 3.046 0.840881 0.00850134
1 6 2 1  1.76349e-15 4.89045e-15 9.08488e-15 5.00707e-15 4.73149e-17
1 6 3 1  8.80673e-17 2.01572e-16 1.65888e-16 4.28151e-17 2.5836e-19
1 6 4 1  0.0470837 0.948105 2.11636 0.441895 0.0154818
1 7 1 1  0.0188101 0.526867 2.17657 0.722637 0.00385829
1 7 2 1  1.76348e-15 4.90565e-15 9.801e-15 6.99229e-15 2.33926e-17
1 7 3 1  8.83907e-17 2.07573e-16 1.81463e-16 5.31472e-17 9.97065e-20
1 7 4 1  0.0469341 0.980877 2.22896 0.454255 0.0123378
1 8 1 1  0.0182429 0.420396 1.56597 0.571838 0.00175106
1 8 2 1  1.76343e-15 4.90866e-15 1.01176e-14 8.34725e-15 1.15656e-17
1 8 3 1  8.85294e-17 2.10639e-16 1.90397e-16 6.05731e-17 3.84811e-20
1 8 4 1  0.0468261 1.00545 2.33639 0.469532 0.00983225
1 9 1 1  0.0180216 0.36539 1.18068 0.43507 0.000794712
1 9 2 1  1.76346e-15 4.90947e-15 1.02532e-14 9.1875e-15 5.71837e-18
1 9 3 1  8.85914e-17 2.12188e-16 1.9528e-16 6.54093e-17 1.48524e-20
1 9 4 1  0.0467481 1.0239 2.43464 0.486886 0.00783552
1 10 1 1  0.0179352 0.337636 0.953468 0.329813 0.000360676
1 10 2 1  1.76352e-15 4.91091e-15 1.03146e-14 9.68249e-15 2.82824e-18
1 10 3 1  8.86259e-17 2.13028e-16 1.97944e-16 6.83721e-17 5.73352e-21
1 10 4 1  0.0466917 1.03777 2.52195 0.505454 0.00624429
1 11 1 1  0.0179015 0.323867 0.825602 0.256537 0.000163691
1 11 2 1  1.76349e-15 4.91124e-15 1.03433e-14 9.96475e-15 1.39902e-18
1 11 3 1  8.8641e-17 2.13454e-16 1.99394e-16 7.01161e-17 2.21354e-21
1 11 4 1  0.046651 1.04821 2.59794 0.524463 0.00497621
1 12 1 1  0.0178883 0.31712 0.75606 0.208903 7.42902e-05
1 12 2 1  1.76349e-15 4.91108e-15 1.03544e-14 1.01204e-14 6.91991e-19
1 12 3 1  8.86468e-17 2.13647e-16 2.00118e-16 7.11035e-17 8.54565e-22
1 12 4 1  0.0466216 1.05608 2.66304 0.54328 0.00396564
1 13 1 1  0.0178832 0.313845 0.719209 0.179453 3.37162e-05
1 13 2 1  1.76343e-15 4.90991e-15 1.03562e-14 1.02026e-14 3.42227e-19
1 13 3 1  8.86434e-17 2.13684e-16 2.00445e-16 7.16373e-17 3.29898e-22
1 13 4 1  0.0466004 1.06201 2.71814 0.561418 0.0031603
1 14 1 1  0.0178812 0.312268 0.700073 0.16193 1.53019e-05
1 14 2 1  1.76344e-15 4.90911e-15 1.03527e-14 1.02421e-14 1.69217e-19
1 14 3 1  8.86398e-17 2.13662e-16 2.00519e-16 7.18998e-17 1.27344e-22
1 14 4 1  0.0465851 1.06648 2.76432 0.578535 0.00251851
1 15 1 1  0.0178804 0.311512 0.690297 0.151814 6.9447e-06
1 15 2 1  1.76348e-15 4.90959e-15 1.03519e-14 1.02617e-14 8.36788e-20
1 15 3 1  8.86424e-17 2.1368e-16 2.00554e-16 7.20228e-17 4.91582e-23
1 15 4 1  0.046574 1.06987 2.8027 0.594407 0.00200705
1 16 1 1  0.0178801 0.311151 0.685369 0.146117 3.15182e-06
1 16 2 1  1.76346e-15 4.9096e-15 1.03526e-14 1.02718e-14 4.13809e-20
1 16 3 1  8.8643e-17 2.13688e-16 2.0059e-16 7.20822e-17 1.89767e-23
1 16 4 1  0.046566 1.07243 2.83439 0.60891 0.00159946
1 17 1 1  0.01788 0.31098 0.682911 0.142972 1.43044e-06
1 17 2 1  1.76337e-15 4.90771e-15 1.03477e-14 1.02727e-14 2.0457e-20
1 17 3 1  8.86334e-17 2.13594e-16 2.00526e-16 7.20937e-17 7.32459e-24
1 17 4 1  0.0465602 1.07437 2.8604 0.622001 0.00127465
1 18 1 1  0.01788 0.310899 0.681696 0.141266 6.49196e-07
1 18 2 1  1.76334e-15 4.9058e-15 1.03378e-14 1.02653e-14 1.01092e-20
1 18 3 1  8.86221e-17 2.13456e-16 2.0034e-16 7.20559e-17 2.82664e-24
1 18 4 1  0.046556 1.07584 2.88166 0.633693 0.00101579
1 19 1 1  0.0178799 0.310861 0.6811 0.140353 2.94634e-07
1 19 2 1  1.76345e-15 4.90704e-15 1.03346e-14 1.02589e-14 4.99648e-21
1 19 3 1  8.86268e-17 2.13458e-16 2.00227e-16 7.20063e-17 1.0909e-24
1 19 4 1  0.046553 1.07696 2.89896 0.644039 0.000809505
1 20 1 1  0.0178799 0.310843 0.68081 0.139871 1.33718e-07
1 20 2 1  1.7634e-15 4.90745e-15 1.03374e-14 1.02573e-14 2.47003e-21
1 20 3 1  8.86292e-17 2.13484e-16 2.00259e-16 7.19822e-17 4.21061e-25
1 20 4 1  0.0465508 1.07781 2.91298 0.653122 0.000645111
1 21 1 1  0.00727425 0.128614 0.308665 0.0647559 2.81723e-08
1 21 2 1  7.16938e-16 1.99491e-15 4.20217e-15 4.1692e-15 4.96332e-22
1 21 3 1  3.60326e-17 8.67812e-17 8.14043e-17 2.9258e-17 6.60681e-26
1 21 4 1  0.0189289 0.440801 1.22606 0.278539 0.000216662
1 22 1 1  0.0072782 0.130985 0.349588 0.0844099 1.72025e-08
1 22 2 1  7.16898e-16 1.99387e-15 4.19885e-15 4.16597e-15 2.452e-22
1 22 3 1  3.60275e-17 8.67213e-17 8.13481e-17 2.92416e-17 2.5493e-26
1 22 4 1  0.0189335 0.444752 1.29475 0.302326 0.000185957
1 23 1 1  0.00727974 0.132172 0.374113 0.10237 1.05042e-08
1 23 2 1  7.1692e-16 1.99343e-15 4.19435e-15 4.16049e-15 1.21085e-22
1 23 3 1  3.60252e-17 8.66683e-17 8.12478e-17 2.92094e-17 9.83467e-27
1 23 4 1  0.0189368 0.447868 1.35368 0.326288 0.000159604
1 24 1 1  0.00728034 0.132762 0.388464 0.116913 6.41402e-09
1 24 2 1  7.16911e-16 1.99319e-15 4.19164e-15 4.15522e-15 5.9789e-23
1 24 3 1  3.60241e-17 8.66331e-17 8.11776e-17 2.91736e-17 3.79382e-27
1 24 4 1  0.0189392 0.450322 1.40407 0.349897 0.000136986
1 25 1 1  0.00728058 0.133054 0.396706 0.12789 3.91651e-09
1 25 2 1  7.16876e-16 1.99221e-15 4.18735e-15 4.14851e-15 2.95071e-23
1 25 3 1  3.60195e-17 8.65637e-17 8.1083e-17 2.91314e-17 1.46314e-27
1 25 4 1  0.0189409 0.452255 1.44701 0.372763 0.000117572
1 26 1 1  0.00728067 0.133198 0.401371 0.135799 2.39149e-09
1 26 2 1  7.16925e-16 1.99242e-15 4.18423e-15 4.14226e-15 1.45603e-23
1 26 3 1  3.60203e-17 8.65405e-17 8.09903e-17 2.90869e-17 5.64234e-28
1 26 4 1  0.0189422 0.453776 1.48349 0.394606 0.00010091
1 27 1 1  0.00728071 0.133268 0.403978 0.141312 1.46028e-09
1 27 2 1  7.16948e-16 1.99329e-15 4.18608e-15 4.14031e-15 7.18812e-24
1 27 3 1  3.60251e-17 8.65767e-17 8.09979e-17 2.90629e-17 2.17631e-28
1 27 4 1  0.0189431 0.454973 1.51442 0.41524 8.66097e-05
1 28 1 1  0.00728072 0.133303 0.405421 0.145062 8.91675e-10
1 28 2 1  7.16929e-16 1.99326e-15 4.1876e-15 4.14007e-15 3.54844e-24
1 28 3 1  3.60264e-17 8.65869e-17 8.10225e-17 2.90556e-17 8.39401e-29
1 28 4 1  0.0189437 0.455914 1.54057 0.434547 7.43357e-05
1 29 1 1  0.00728073 0.13332 0.406213 0.147565 5.44472e-10
1 29 2 1  7.16887e-16 1.99212e-15 4.1846e-15 4.13731e-15 1.75058e-24
1 29 3 1  3.60217e-17 8.65287e-17 8.09748e-17 2.9042e-17 3.23661e-29
1 29 4 1  0.0189442 0.456653 1.56264 0.452471 6.3801e-05
1 30 1 1  0.00728073 0.133328 0.406645 0.149211 3.32464e-10
1 30 2 1  7.16924e-16 1.99207e-15 4.18121e-15 4.13313e-15 8.6342e-25
1 30 3 1  3.60211e-17 8.64997e-17 8.08944e-17 2.90163e-17 1.24783e-29
1 30 4 1  0.0189446 0.457234 1.58123 0.468996 5.47594e-05
1 31 1 1  0.00728073 0.133332 0.406878 0.15028 2.03008e-10
1 31 2 1  7.169e-16 1.99186e-15 4.18002e-15 4.12993e-15 4.25888e-25
1 31 3 1  3.60202e-17 8.64797e-17 8.08633e-17 2.89935e-17 4.811e-30
1 31 4 1  0.0189448 0.45769 1.59686 0.484141 4.6999e-05
1 32 1 1  0.00728073 0.133334 0.407004 0.150967 1.2396e-10
1 32 2 1  7.16894e-16 1.99137e-15 4.17732e-15 4.12566e-15 2.09991e-25
1 32 3 1  3.60179e-17 8.64408e-17 8.08012e-17 2.89665e-17 1.85453e-30
1 32 4 1  0.018945 0.458048 1.60998 0.497949 4.03385e-05
1 33 1 1  0.00728073 0.133335 0.407072 0.151406 7.56924e-11
1 33 2 1  7.16883e-16 1.99088e-15 4.17432e-15 4.12092e-15 1.03514e-25
1 33 3 1  3.60153e-17 8.63985e-17 8.0733e-17 2.89361e-17 7.14797e-31
1 33 4 1  0.0189451 0.45833 1.62097 0.510479 3.46218e-05
1 34 1 1  0.00728073 0.133335 0.407108 0.151684 4.62191e-11
1 34 2 1  7.16856e-16 1.99001e-15 4.1701e-15 4.11482e-15 5.10044e-26
1 34 3 1  3.60109e-17 8.63339e-17 8.06427e-17 2.88986e-17 2.7545e-31
1 34 4 1  0.0189452 0.45855 1.63018 0.521802 2.97153e-05
1 35 1 1  0.00728073 0.133335 0.407127 0.151859 2.82222e-11
1 35 2 1  7.16824e-16 1.98877e-15 4.1638e-15 4.1063e-15 2.51154e-26
1 35 3 1  3.60042e-17 8.62403e-17 8.05096e-17 2.88475e-17 1.06114e-31
1 35 4 1  0.0189453 0.458723 1.63787 0.531998 2.55042e-05
1 36 1 1  0.00728073 0.133336 0.407137 0.151969 1.72329e-11
1 36 2 1  7.16848e-16 1.98861e-15 4.159e-15 4.09784e-15 1.23647e-26
1 36 3 1  3.60022e-17 8.61904e-17 8.03838e-17 2.87904e-17 4.08749e-32
1 36 4 1  0.0189453 0.458859 1.6443 0.541148 2.18898e-05
1 37 1 1  0.00728073 0.133336 0.407143 0.152038 1.05227e-11
1 37 2 1  7.16861e-16 1.98903e-15 4.15857e-15 4.09297e-15 6.08925e-27
1 37 3 1  3.60036e-17 8.61931e-17 8.03444e-17 2.87497e-17 1.57472e-32
1 37 4 1  0.0189453 0.458966 1.64966 0.549334 1.87877e-05
1 38 1 1  0.00728073 0.133336 0.407146 0.152081 6.42536e-12
1 38 2 1  7.16861e-16 1.98925e-15 4.1594e-15 4.09082e-15 2.99903e-27
1 38 3 1  3.60049e-17 8.62026e-17 8.03432e-17 2.87281e-17 6.06685e-33
1 38 4 1  0.0189454 0.459049 1.65412 0.556638 1.61251e-05
1 39 1 1  0.00728073 0.133336 0.407147 0.152108 3.92344e-12
1 39 2 1  7.16828e-16 1.98857e-15 4.15807e-15 4.08846e-15 1.47657e-27
1 39 3 1  3.60021e-17 8.61693e-17 8.03188e-17 2.87124e-17 2.33701e-33
1 39 4 1  0.0189454 0.459115 1.65784 0.563138 1.38399e-05
1 40 1 1  0.00728073 0.133336 0.407148 0.152124 2.39572e-12
1 40 2 1  7.16866e-16 1.98883e-15 4.15675e-15 4.08615e-15 7.2693e-28
1 40 3 1  3.6003e-17 8.61663e-17 8.02779e-17 2.86955e-17 9.00188e-34
1 40 4 1  0.0189454 0.459166 1.66093 0.56891 1.18786e-05
1 41 1 1  0.00728073 0.133336 0.407148 0.152134 1.46287e-12
1 41 2 1  7.16843e-16 1.98875e-15 4.15715e-15 4.08535e-15 3.57936e-28
1 41 3 1  3.60028e-17 8.61649e-17 8.02843e-17 2.86875e-17 3.46772e-34
1 41 4 1  0.0189454 0.459206 1.6635 0.574025 1.01952e-05
1 42 1 1  0.00728073 0.133336 0.407149 0.152141 8.93253e-13
1 42 2 1  7.16853e-16 1.98869e-15 4.15639e-15 4.08406e-15 1.7621e-28
1 42 3 1  3.60026e-17 8.61569e-17 8.02639e-17 2.86788e-17 1.33571e-34
1 42 4 1  0.0189454 0.459238 1.66564 0.578549 8.75035e-06
2 1 1 1  7.00282e-15 1.15416e-15 4.12452e-15 9.94229e-16 4.4152e-16
2 1 2 1  1.3392e-06 0.0415806 3.91365 3.67469 1.6022
2 1 3 1  0.0904455 0.36301 0.152697 0.584368 0.0453287
2 1 4 1  5.43762e-15 1.43042e-14 9.30666e-15 1.63576e-15 1.92667e-16
2 2 1 1  3.00436e-15 2.13168e-14 1.8951e-15 8.29743e-16 2.00382e-16
2 2 2 1  0.200132 0.0108031 1.83761 3.30022 0.791476
2 2 3 1  0.121399 1.8308 0.221097 0.234193 0.0174756
2 2 4 1  5.35368e-15 1.81582e-14 8.71136e-15 1.68892e-15 1.5354e-16
2 3 1 1  1.44395e-15 1.88753e-14 5.05536e-15 5.51106e-16 9.09422e-17
2 3 2 1  0.200131 2.92345 0.821143 2.34692 0.391282
2 3 3 1  0.135218 3.05562 0.932733 0.103515 0.00674201
2 3 4 1  5.29304e-15 2.10312e-14 8.6696e-15 1.70671e-15 1.22359e-16
2 4 1 1  8.34995e-16 1.31047e-14 5.83788e-15 7.12961e-16 4.12736e-17
2 4 2 1  0.200126 3.67834 14.4111 1.49014 0.193495
2 4 3 1  0.141382 3.8556 1.74462 0.0958401 0.00260186
2 4 4 1  5.24925e-15 2.31755e-14 8.94799e-15 1.71917e-15 9.75107e-17
2 5 1 1  5.9735e-16 8.60126e-15 4.99162e-15 8.58188e-16 1.87318e-17
2 5 2 1  0.200126 3.87385 23.7298 6.0692 0.0956876
2 5 3 1  0.144131 4.32525 2.39029 0.141564 0.00100416
2 5 4 1  5.21762e-15 2.47778e-14 9.39409e-15 1.74061e-15 7.77083e-17
2 6 1 1  5.04609e-16 5.79172e-15 3.74387e-15 8.4701e-16 8.50134e-18
2 6 2 1  0.200115 3.92339 28.5627 11.8205 0.0473149
2 6 3 1  0.145345 4.58366 2.82527 0.1979 0.00038754
2 6 4 1  5.19477e-15 2.59766e-14 9.91074e-15 1.77614e-15 6.19274e-17
2 7 1 1  4.68416e-16 4.20365e-15 2.67525e-15 7.27904e-16 3.85829e-18
2 7 2 1  0.200115 3.93558 30.8142 16.5071 0.0233926
2 7 3 1  0.145878 4.72012 3.09052 0.245658 0.00014956
2 7 4 1  5.17827e-15 2.68745e-14 1.04381e-14 1.82582e-15 4.93512e-17
2 8 1 1  4.54292e-16 3.35417e-15 1.92475e-15 5.76006e-16 1.75106e-18
2 8 2 1  0.200108 3.938 31.8096 19.7059 0.0115656
2 8 3 1  0.146107 4.78983 3.24267 0.279982 5.77217e-05
2 8 4 1  5.16635e-15 2.75478e-14 1.09411e-14 1.88723e-15 3.9329e-17
2 9 1 1  4.4878e-16 2.9153e-15 1.45118e-15 4.38241e-16 7.94712e-19
2 9 2 1  0.200112 3.93865 32.2358 21.6895 0.00571837
2 9 3 1  0.146209 4.82507 3.32584 0.302335 2.22786e-05
2 9 4 1  5.15774e-15 2.80534e-14 1.14012e-14 1.95698e-15 3.13421e-17
2 10 1 1  4.46629e-16 2.69386e-15 1.17192e-15 3.32217e-16 3.60676e-19
2 10 2 1  0.200119 3.93981 32.429 22.8581 0.00282824
2 10 3 1  0.146266 4.84416 3.37122 0.31603 8.60028e-06
2 10 4 1  5.15153e-15 2.84334e-14 1.18101e-14 2.03161e-15 2.49772e-17
2 11 1 1  4.4579e-16 2.584e-15 1.01476e-15 2.58407e-16 1.63691e-19
2 11 2 1  0.200115 3.94007 32.5191 23.5244 0.00139902
2 11 3 1  0.146291 4.85384 3.3959 0.324091 3.32031e-06
2 11 4 1  5.14704e-15 2.87194e-14 1.2166e-14 2.10802e-15 1.99048e-17
2 12 1 1  4.45462e-16 2.53017e-15 9.29282e-16 2.10426e-16 7.42902e-20
2 12 2 1  0.200116 3.93994 32.554 23.8919 0.000691991
2 12 3 1  0.146301 4.85823 3.40824 0.328655 1.28185e-06
2 12 4 1  5.14379e-15 2.89348e-14 1.24708e-14 2.18365e-15 1.58626e-17
2 13 1 1  4.45334e-16 2.50404e-15 8.83988e-16 1.80761e-16 3.37162e-20
2 13 2 1  0.200109 3.939 32.5597 24.0858 0.000342227
2 13 3 1  0.146295 4.85908 3.4138 0.331123 4.94848e-07
2 13 4 1  5.14145e-15 2.90973e-14 1.27289e-14 2.25655e-15 1.26412e-17
2 14 1 1  4.45284e-16 2.49145e-15 8.60468e-16 1.6311e-16 1.53019e-20
2 14 2 1  0.20011 3.93836 32.5488 24.1792 0.000169217
2 14 3 1  0.146289 4.85857 3.41507 0.332336 1.91016e-07
2 14 4 1  5.13976e-15 2.922e-14 1.29451e-14 2.32535e-15 1.0074e-17
2 15 1 1  4.45265e-16 2.48542e-15 8.48452e-16 1.52921e-16 6.9447e-21
2 15 2 1  0.200115 3.93875 32.5464 24.2255 8.36788e-05
2 15 3 1  0.146294 4.85898 3.41566 0.332905 7.37373e-08
2 15 4 1  5.13853e-15 2.93128e-14 1.31248e-14 2.38915e-15 8.02821e-18
2 16 1 1  4.45257e-16 2.48255e-15 8.42394e-16 1.47182e-16 3.15182e-21
2 16 2 1  0.200112 3.93875 32.5483 24.2493 4.13809e-05
2 16 3 1  0.146295 4.85917 3.41627 0.333179 2.8465e-08
2 16 4 1  5.13765e-15 2.93829e-14 1.32732e-14 2.44744e-15 6.39785e-18
2 17 1 1  4.45254e-16 2.48118e-15 8.39373e-16 1.44014e-16 1.43044e-21
2 17 2 1  0.200102 3.93723 32.5329 24.2515 2.0457e-05
2 17 3 1  0.146279 4.85704 3.41518 0.333232 1.09869e-08
2 17 4 1  5.13701e-15 2.94361e-14 1.33951e-14 2.50006e-15 5.09858e-18
2 18 1 1  4.45253e-16 2.48053e-15 8.3788e-16 1.42296e-16 6.49196e-22
2 18 2 1  0.200099 3.93571 32.5018 24.234 1.01092e-05
2 18 3 1  0.14626 4.85389 3.41202 0.333058 4.23996e-09
2 18 4 1  5.13655e-15 2.94764e-14 1.34946e-14 2.54705e-15 4.06316e-18
2 19 1 1  4.45253e-16 2.48023e-15 8.37148e-16 1.41376e-16 2.94634e-22
2 19 2 1  0.200112 3.9367 32.4917 24.219 4.99648e-06
2 19 3 1  0.146268 4.85395 3.4101 0.332828 1.63636e-09
2 19 4 1  5.13622e-15 2.9507e-14 1.35756e-14 2.58864e-15 3.23802e-18
2 20 1 1  4.45253e-16 2.48008e-15 8.36791e-16 1.40891e-16 1.33718e-22
2 20 2 1  0.200106 3.93703 32.5005 24.2151 2.47003e-06
2 20 3 1  0.146272 4.85453 3.41064 0.332717 6.31592e-10
2 20 4 1  5.13598e-15 2.95302e-14 1.36413e-14 2.62514e-15 2.58045e-18
2 21 1 1  4.45547e-16 2.52394e-15 9.33133e-16 1.60435e-16 6.92927e-23
2 21 2 1  0.200104 3.93642 32.4952 24.2086 1.22078e-06
2 21 3 1  0.146266 4.8537 3.41001 0.332628 2.43752e-10
2 21 4 1  5.13674e-15 2.97053e-14 1.41219e-14 2.75366e-15 2.13161e-18
2 22 1 1  4.45789e-16 2.57046e-15 1.05685e-15 2.09128e-16 4.23113e-23
2 22 2 1  0.200093 3.93436 32.4695 24.1899 6.03094e-07
2 22 3 1  0.146246 4.85035 3.40766 0.332442 9.40539e-11
2 22 4 1  5.13798e-15 2.99715e-14 1.49131e-14 2.98882e-15 1.82953e-18
2 23 1 1  4.45883e-16 2.59375e-15 1.13099e-15 2.53624e-16 2.5836e-23
2 23 2 1  0.200099 3.93349 32.4347 24.1581 2.97821e-07
2 23 3 1  0.146236 4.84738 3.40346 0.332077 3.62841e-11
2 23 4 1  5.13888e-15 3.01815e-14 1.55919e-14 3.22571e-15 1.57025e-18
2 24 1 1  4.4592e-16 2.60534e-15 1.17438e-15 2.89655e-16 1.57759e-23
2 24 2 1  0.200096 3.93301 32.4138 24.1274 1.47057e-07
2 24 3 1  0.146232 4.84541 3.40052 0.331669 1.39969e-11
2 24 4 1  5.13953e-15 3.03469e-14 1.61722e-14 3.45911e-15 1.34772e-18
2 25 1 1  4.45935e-16 2.61107e-15 1.19929e-15 3.1685e-16 9.63306e-24
2 25 2 1  0.200086 3.93108 32.3806 24.0885 7.25758e-08
2 25 3 1  0.146213 4.84153 3.39655 0.331189 5.39813e-12
2 25 4 1  5.13999e-15 3.04771e-14 1.66668e-14 3.68517e-15 1.15673e-18
2 26 1 1  4.4594e-16 2.61389e-15 1.21339e-15 3.36445e-16 5.88211e-24
2 26 2 1  0.2001 3.9315 32.3565 24.0522 3.58125e-08
2 26 3 1  0.146217 4.84023 3.39267 0.330683 2.08169e-12
2 26 4 1  5.14033e-15 3.05796e-14 1.70871e-14 3.90111e-15 9.92798e-19
2 27 1 1  4.45943e-16 2.61527e-15 1.22128e-15 3.50105e-16 3.59172e-24
2 27 2 1  0.200106 3.93322 32.3708 24.0409 1.76799e-08
2 27 3 1  0.146236 4.84226 3.39299 0.33041 8.02928e-13
2 27 4 1  5.14058e-15 3.06603e-14 1.74433e-14 4.10509e-15 8.52102e-19
2 28 1 1  4.45944e-16 2.61595e-15 1.22564e-15 3.59397e-16 2.19317e-24
2 28 2 1  0.200101 3.93316 32.3826 24.0395 8.72775e-09
2 28 3 1  0.146241 4.84283 3.39402 0.330327 3.09689e-13
2 28 4 1  5.14075e-15 3.07237e-14 1.77446e-14 4.29597e-15 7.31345e-19
2 29 1 1  4.45944e-16 2.61628e-15 1.22803e-15 3.65597e-16 1.33919e-24
2 29 2 1  0.200089 3.9309 32.3594 24.0235 4.30573e-09
2 29 3 1  0.146222 4.83957 3.39202 0.330173 1.19412e-13
2 29 4 1  5.14088e-15 3.07735e-14 1.79988e-14 4.47317e-15 6.27701e-19
2 30 1 1  4.45944e-16 2.61645e-15 1.22934e-15 3.69674e-16 8.1773e-25
2 30 2 1  0.2001 3.93082 32.3331 23.9992 2.12367e-09
2 30 3 1  0.14622 4.83795 3.38866 0.329881 4.60374e-14
2 30 4 1  5.14097e-15 3.08127e-14 1.82129e-14 4.63654e-15 5.38745e-19
2 31 1 1  4.45944e-16 2.61653e-15 1.23004e-15 3.72323e-16 4.9932e-25
2 31 2 1  0.200093 3.9304 32.3239 23.9806 1.04752e-09
2 31 3 1  0.146216 4.83683 3.38735 0.329621 1.77497e-14
2 31 4 1  5.14104e-15 3.08434e-14 1.83929e-14 4.78626e-15 4.62396e-19
2 32 1 1  4.45944e-16 2.61656e-15 1.23043e-15 3.74026e-16 3.04893e-25
2 32 2 1  0.200091 3.92944 32.303 23.9558 5.16494e-10
2 32 3 1  0.146207 4.83466 3.38475 0.329315 6.84212e-15
2 32 4 1  5.14109e-15 3.08676e-14 1.8544e-14 4.92276e-15 3.96867e-19
2 33 1 1  4.45944e-16 2.61658e-15 1.23063e-15 3.75113e-16 1.86173e-25
2 33 2 1  0.200088 3.92846 32.2798 23.9283 2.54602e-10
2 33 3 1  0.146196 4.83229 3.38189 0.328969 2.63717e-15
2 33 4 1  5.14112e-15 3.08865e-14 1.86706e-14 5.04663e-15 3.40624e-19
2 34 1 1  4.45944e-16 2.61659e-15 1.23074e-15 3.75802e-16 1.13681e-25
2 34 2 1  0.200081 3.92675 32.2472 23.8929 1.25451e-10
2 34 3 1  0.146178 4.82868 3.37811 0.328542 1.01625e-15
2 34 4 1  5.14115e-15 3.09014e-14 1.87766e-14 5.15858e-15 2.92352e-19
2 35 1 1  4.45944e-16 2.6166e-15 1.2308e-15 3.76237e-16 6.94153e-26
2 35 2 1  0.200072 3.92431 32.1985 23.8434 6.1774e-11
2 35 3 1  0.146151 4.82344 3.37253 0.327961 3.91499e-16
2 35 4 1  5.14117e-15 3.0913e-14 1.88652e-14 5.25938e-15 2.50921e-19
2 36 1 1  4.45944e-16 2.6166e-15 1.23083e-15 3.76509e-16 4.23862e-26
2 36 2 1  0.200079 3.92398 32.1614 23.7943 3.04123e-11
2 36 3 1  0.146143 4.82065 3.36727 0.327312 1.50804e-16
2 36 4 1  5.14118e-15 3.09222e-14 1.89392e-14 5.34983e-15 2.15361e-19
2 37 1 1  4.45944e-16 2.6166e-15 1.23084e-15 3.76679e-16 2.58818e-26
2 37 2 1  0.200082 3.92482 32.158 23.766 1.49771e-11
2 37 3 1  0.146149 4.8208 3.36561 0.32685 5.80976e-17
2 37 4 1  5.14119e-15 3.09294e-14 1.9001e-14 5.43076e-15 1.84841e-19
2 38 1 1  4.45944e-16 2.6166e-15 1.23085e-15 3.76785e-16 1.58038e-26
2 38 2 1  0.200082 3.92524 32.1645 23.7535 7.37642e-12
2 38 3 1  0.146154 4.82133 3.36556 0.326605 2.23831e-17
2 38 4 1  5.1412e-15 3.0935e-14 1.90524e-14 5.50296e-15 1.58646e-19
2 39 1 1  4.45944e-16 2.6166e-15 1.23086e-15 3.76851e-16 9.6501e-27
2 39 2 1  0.200073 3.9239 32.1541 23.7398 3.63178e-12
2 39 3 1  0.146143 4.81947 3.36454 0.326426 8.62216e-18
2 39 4 1  5.1412e-15 3.09394e-14 1.90952e-14 5.56723e-15 1.36163e-19
2 40 1 1  4.45944e-16 2.6166e-15 1.23086e-15 3.76892e-16 5.89252e-27
2 40 2 1  0.200083 3.92441 32.144 23.7264 1.78796e-12
2 40 3 1  0.146146 4.8193 3.36283 0.326234 3.32116e-18
2 40 4 1  5.1412e-15 3.09428e-14 1.91309e-14 5.62429e-15 1.16866e-19
2 41 1 1  4.45944e-16 2.6166e-15 1.23086e-15 3.76917e-16 3.59807e-27
2 41 2 1  0.200077 3.92427 32.1471 23.7217 8.8038e-13
2 41 3 1  0.146146 4.81923 3.3631 0.326142 1.27938e-18
2 41 4 1  5.14121e-15 3.09456e-14 1.91605e-14 5.67486e-15 1.00304e-19
2 42 1 1  4.45944e-16 2.6166e-15 1.23086e-15 3.76933e-16 2.19705e-27
2 42 2 1  0.20008 3.92415 32.1412 23.7143 4.33407e-13
2 42 3 1  0.146145 4.81878 3.36224 0.326044 4.92797e-19
2 42 4 1  5.14121e-15 3.09477e-14 1.9185e-14 5.71958e-15 8.60896e-20
