full time series of predicted survey index
survey year spp area pred_survey
1 1 1 1 282791
1 1 2 1 2.02146e-261
1 1 3 1 2.48656e+06
1 1 4 1 8984.26
1 2 1 1 8875.38
1 2 2 1 7.60441e-229
1 2 3 1 34690.4
1 2 4 1 778.078
1 3 1 1 7403.47
1 3 2 1 5.44038e-190
1 3 3 1 19183.4
1 3 4 1 1958.31
1 4 1 1 12364.5
1 4 2 1 2.86383e-192
1 4 3 1 18018.2
1 4 4 1 2427.71
1 5 1 1 10933.7
1 5 2 1 1.26993e-185
1 5 3 1 18058.5
1 5 4 1 1941.27
1 6 1 1 10806.8
1 6 2 1 1.02018e-189
1 6 3 1 15236.5
1 6 4 1 1935.21
1 7 1 1 11893.4
1 7 2 1 3.0524e-191
1 7 3 1 15772.7
1 7 4 1 2315.52
1 8 1 1 10304.9
1 8 2 1 9.69236e-193
1 8 3 1 13618
1 8 4 1 1836.37
1 9 1 1 11875.4
1 9 2 1 3.33201e-194
1 9 3 1 16154.2
1 9 4 1 2312.9
1 10 1 1 11656.1
1 10 2 1 8.50805e-180
1 10 3 1 19317.7
1 10 4 1 2229.53
1 11 1 1 10302.1
1 11 2 1 1.45265e-183
1 11 3 1 18551.4
1 11 4 1 1745.05
1 12 1 1 11288.8
1 12 2 1 9.10064e-181
1 12 3 1 20361.3
1 12 4 1 1970.87
1 13 1 1 9284.47
1 13 2 1 8.93961e-185
1 13 3 1 17041
1 13 4 1 1349.55
1 14 1 1 10447.7
1 14 2 1 2.91836e-186
1 14 3 1 18807.2
1 14 4 1 1607.92
1 15 1 1 11591.9
1 15 2 1 1.46132e-179
1 15 3 1 20898.8
1 15 4 1 1988.79
1 16 1 1 12005.3
1 16 2 1 2.90938e-183
1 16 3 1 19307.2
1 16 4 1 2268.99
1 17 1 1 9941.75
1 17 2 1 3.10462e-185
1 17 3 1 14400.2
1 17 4 1 1675.48
1 18 1 1 12652.7
1 18 2 1 1.34347e-186
1 18 3 1 14463.6
1 18 4 1 2617.17
1 19 1 1 12201.4
1 19 2 1 6.57842e-183
1 19 3 1 17995.1
1 19 4 1 2554.25
1 20 1 1 10818.2
1 20 2 1 6.98793e-187
1 20 3 1 15962.9
1 20 4 1 2089.51
1 21 1 1 12702.7
1 21 2 1 1.62733e-188
1 21 3 1 15765.4
1 21 4 1 2761.33
1 22 1 1 10931.7
1 22 2 1 2.04889e-190
1 22 3 1 11743.3
1 22 4 1 2252.86
1 23 1 1 11522
1 23 2 1 5.1309e-192
1 23 3 1 14885.4
1 23 4 1 2378.2
1 24 1 1 11145.2
1 24 2 1 1.55522e-193
1 24 3 1 14862.8
1 24 4 1 2170.72
1 25 1 1 11282.2
1 25 2 1 3.86282e-195
1 25 3 1 12597.8
1 25 4 1 2240.36
1 26 1 1 12546.1
1 26 2 1 2.42563e-189
1 26 3 1 16883
1 26 4 1 2684.52
1 27 1 1 13889.8
1 27 2 1 1.47015e-174
1 27 3 1 19491.6
1 27 4 1 3363.54
1 28 1 1 12743.1
1 28 2 1 1.95751e-178
1 28 3 1 17079.5
1 28 4 1 3157.79
1 29 1 1 10933.7
1 29 2 1 2.85457e-180
1 29 3 1 13391.6
1 29 4 1 2481.81
1 30 1 1 13222.5
1 30 2 1 6.84604e-182
1 30 3 1 17900.5
1 30 4 1 3176.35
1 31 1 1 12096.6
1 31 2 1 1.37095e-183
1 31 3 1 15081.1
1 31 4 1 2810.7
1 32 1 1 11937.1
1 32 2 1 3.1716e-185
1 32 3 1 15016.9
1 32 4 1 2758.66
1 33 1 1 12438.8
1 33 2 1 1.07049e-186
1 33 3 1 14440.8
1 33 4 1 2958.65
1 34 1 1 11344.8
1 34 2 1 3.23315e-188
1 34 3 1 12110.5
1 34 4 1 2595.51
1 35 1 1 11271.8
1 35 2 1 9.417e-190
1 35 3 1 10373.1
1 35 4 1 2566.93
1 36 1 1 12417.5
1 36 2 1 1.09471e-191
1 36 3 1 11639.5
1 36 4 1 2999.56
1 37 1 1 11652.5
1 37 2 1 1.31332e-193
1 37 3 1 12112.5
1 37 4 1 2736.99
1 38 1 1 12068.6
1 38 2 1 2.46395e-195
1 38 3 1 12751.8
1 38 4 1 2885.57
1 39 1 1 11134.8
1 39 2 1 5.30136e-197
1 39 3 1 10513.8
1 39 4 1 2549.69
1 40 1 1 12713.3
1 40 2 1 1.23003e-198
1 40 3 1 13404.5
1 40 4 1 3118.75
1 41 1 1 11454.4
1 41 2 1 3.09347e-200
1 41 3 1 11314.7
1 41 4 1 2710.3
1 42 1 1 12306.2
1 42 2 1 1.13119e-201
1 42 3 1 12536.7
1 42 4 1 3061.98
2 1 1 1 27202.6
2 1 2 1 2.02146e-261
2 1 3 1 28978.9
2 1 4 1 7720.18
2 2 1 1 4098.24
2 2 2 1 6.72657e-231
2 2 3 1 513.483
2 2 4 1 77.738
2 3 1 1 245.494
2 3 2 1 4.81235e-192
2 3 3 1 44.0927
2 3 4 1 30.1805
2 4 1 1 474.95
2 4 2 1 2.8086e-194
2 4 3 1 26.9165
2 4 4 1 52.1285
2 5 1 1 618.385
2 5 2 1 1.12333e-187
2 5 3 1 25.1148
2 5 4 1 45.5711
2 6 1 1 556.623
2 6 2 1 3.99477e-191
2 6 3 1 22.2008
2 6 4 1 42.1206
2 7 1 1 608.798
2 7 2 1 4.20307e-192
2 7 3 1 21.6492
2 7 4 1 50.4771
2 8 1 1 592.366
2 8 2 1 1.74337e-193
2 8 3 1 19.1952
2 8 4 1 43.9951
2 9 1 1 578.866
2 9 2 1 6.53693e-195
2 9 3 1 20.972
2 9 4 1 49.0271
2 10 1 1 626.559
2 10 2 1 7.52589e-182
2 10 3 1 24.6483
2 10 4 1 50.6702
2 11 1 1 541.025
2 11 2 1 5.5415e-185
2 11 3 1 25.4645
2 11 4 1 38.8331
2 12 1 1 520.419
2 12 2 1 8.05679e-183
2 12 3 1 27.7852
2 12 4 1 39.618
2 13 1 1 471.912
2 13 2 1 3.70256e-186
2 13 3 1 25.264
2 13 4 1 28.6712
2 14 1 1 438.66
2 14 2 1 4.04956e-187
2 14 3 1 26.2545
2 14 4 1 29.8963
2 15 1 1 534.763
2 15 2 1 1.29263e-181
2 15 3 1 28.732
2 15 4 1 38.8984
2 16 1 1 624.701
2 16 2 1 1.04212e-184
2 16 3 1 27.8289
2 16 4 1 48.6787
2 17 1 1 561.848
2 17 2 1 4.27408e-186
2 17 3 1 21.8406
2 17 4 1 39.0886
2 18 1 1 614.991
2 18 2 1 2.41031e-187
2 18 3 1 20.3033
2 18 4 1 54.9003
2 19 1 1 717.343
2 19 2 1 5.81986e-185
2 19 3 1 22.5842
2 19 4 1 62.7174
2 20 1 1 627.094
2 20 2 1 2.7589e-188
2 20 3 1 21.773
2 20 4 1 51.2285
2 21 1 1 666.469
2 21 2 1 2.2434e-189
2 21 3 1 21.4861
2 21 4 1 62.6103
2 22 1 1 714.196
2 22 2 1 3.70002e-191
2 22 3 1 16.8176
2 22 4 1 61.5383
2 23 1 1 613.694
2 23 2 1 1.00884e-192
2 23 3 1 18.3984
2 23 4 1 55.4735
2 24 1 1 621.326
2 24 2 1 3.15771e-194
2 24 3 1 19.4613
2 24 4 1 52.1245
2 25 1 1 628.91
2 25 2 1 7.94227e-196
2 25 3 1 17.6793
2 25 4 1 53.1429
2 26 1 1 669.194
2 26 2 1 2.14562e-191
2 26 3 1 20.7142
2 26 4 1 61.6379
2 27 1 1 816.779
2 27 2 1 1.30044e-176
2 27 3 1 24.4079
2 27 4 1 83.5432
2 28 1 1 880.995
2 28 2 1 7.66495e-180
2 28 3 1 22.8844
2 28 4 1 91.9559
2 29 1 1 725.779
2 29 2 1 3.93079e-181
2 29 3 1 18.3921
2 29 4 1 71.3996
2 30 1 1 704.18
2 30 2 1 1.11876e-182
2 30 3 1 21.687
2 30 4 1 76.3473
2 31 1 1 807.416
2 31 2 1 2.68823e-184
2 31 3 1 20.2603
2 31 4 1 80.4051
2 32 1 1 727.005
2 32 2 1 6.43519e-186
2 32 3 1 19.5015
2 32 4 1 72.8823
2 33 1 1 760.684
2 33 2 1 2.20013e-187
2 33 3 1 18.9248
2 33 4 1 78.8697
2 34 1 1 751.505
2 34 2 1 6.67811e-189
2 34 3 1 16.3123
2 34 4 1 74.249
2 35 1 1 702.616
2 35 2 1 1.94863e-190
2 35 3 1 13.8983
2 35 4 1 70.0428
2 36 1 1 749.21
2 36 2 1 2.26667e-192
2 36 3 1 14.2878
2 36 4 1 79.7815
2 37 1 1 767.798
2 37 2 1 2.71997e-194
2 37 3 1 14.8168
2 37 4 1 78.465
2 38 1 1 742.258
2 38 2 1 5.10347e-196
2 38 3 1 15.7654
2 38 4 1 78.0099
2 39 1 1 739.317
2 39 2 1 1.09808e-197
2 39 3 1 13.9012
2 39 4 1 73.8884
2 40 1 1 741.328
2 40 2 1 2.54782e-199
2 40 3 1 16.0282
2 40 4 1 80.7133
2 41 1 1 797.034
2 41 2 1 6.40768e-201
2 41 3 1 14.7183
2 41 4 1 81.9008
2 42 1 1 761.674
2 42 2 1 2.3431e-202
2 42 3 1 15.4581
2 42 4 1 83.7867
full time series of predicted catch
fleet year spp area pred_catch
1 1 1 1 17271.7
1 1 4 1 6095.77
1 2 1 1 11529.3
1 2 4 1 4049.87
1 3 1 1 7556.59
1 3 4 1 7874.71
1 4 1 1 7344.96
1 4 4 1 8919.68
1 5 1 1 9480.39
1 5 4 1 10738.7
1 6 1 1 8829.08
1 6 4 1 10023.9
1 7 1 1 7098.78
1 7 4 1 8199.26
1 8 1 1 8418.17
1 8 4 1 9514.72
1 9 1 1 7340.24
1 9 4 1 8501.05
1 10 1 1 8343.63
1 10 4 1 9564.2
1 11 1 1 10825.9
1 11 4 1 12157.6
1 12 1 1 10511.9
1 12 4 1 11964.8
1 13 1 1 13436.5
1 13 4 1 14764.7
1 14 1 1 12741.4
1 14 4 1 14289.3
1 15 1 1 10843.3
1 15 4 1 12293.3
1 16 1 1 8438.2
1 16 4 1 9639
1 17 1 1 9895.94
1 17 4 1 11061
1 18 1 1 5400.12
1 18 4 1 6327.2
1 19 1 1 6013.04
1 19 4 1 6966.01
1 20 1 1 7478.15
1 20 4 1 8544.34
1 21 1 1 4721.67
1 21 4 1 5556.33
1 22 1 1 4688.93
1 22 4 1 5403.69
1 23 1 1 5964.4
1 23 4 1 6945.74
1 24 1 1 6950.17
1 24 4 1 8012.68
1 25 1 1 5836.99
1 25 4 1 6745.42
1 26 1 1 5496.49
1 26 4 1 6439.18
1 27 1 1 2993.76
1 27 4 1 3558.77
1 28 1 1 1860.87
1 28 4 1 2193.16
1 29 1 1 3426.65
1 29 4 1 4000.07
1 30 1 1 3253.68
1 30 4 1 3901.67
1 31 1 1 2907.78
1 31 4 1 3421.32
1 32 1 1 3381.41
1 32 4 1 3981.82
1 33 1 1 2337.85
1 33 4 1 2774.07
1 34 1 1 2573.6
1 34 4 1 3019.74
1 35 1 1 2215.13
1 35 4 1 2608.79
1 36 1 1 1351.36
1 36 4 1 1610.25
1 37 1 1 2144.4
1 37 4 1 2529.38
1 38 1 1 1971.82
1 38 4 1 2340.41
1 39 1 1 2084.34
1 39 4 1 2449.99
1 40 1 1 1564.02
1 40 4 1 1870.72
1 41 1 1 1475.84
1 41 4 1 1737.26
1 42 1 1 938.595
1 42 4 1 1117.74
2 1 2 1 1385.17
2 1 3 1 474.369
2 2 2 1 336.23
2 2 3 1 615.207
2 3 2 1 1329.53
2 3 3 1 363.723
2 4 2 1 1150.79
2 4 3 1 303.283
2 5 2 1 3781.65
2 5 3 1 961.161
2 6 2 1 3891.66
2 6 3 1 1053.56
2 7 2 1 2703.26
2 7 3 1 718.277
2 8 2 1 3011.23
2 8 3 1 816.397
2 9 2 1 3358.98
2 9 3 1 883.473
2 10 2 1 2837.27
2 10 3 1 705.587
2 11 2 1 3696.74
2 11 3 1 944.495
2 12 2 1 1501.93
2 12 3 1 381.632
2 13 2 1 5526.75
2 13 3 1 1466.33
2 14 2 1 3016.56
2 14 3 1 791.795
2 15 2 1 2087.57
2 15 3 1 530.151
2 16 2 1 3092.78
2 16 3 1 796.115
2 17 2 1 11206.8
2 17 3 1 3024.19
2 18 2 1 344.777
2 18 3 1 94.5114
2 19 2 1 3645.79
2 19 3 1 905.258
2 20 2 1 4129.74
2 20 3 1 1075.06
2 21 2 1 5234.33
2 21 3 1 1381.5
2 22 2 1 11448.5
2 22 3 1 3116.17
2 23 2 1 6137.72
2 23 3 1 1598.09
2 24 2 1 4341.17
2 24 3 1 1144.12
2 25 2 1 5791.59
2 25 3 1 1595.84
2 26 2 1 10711.8
2 26 3 1 2703.62
2 27 2 1 11510.8
2 27 3 1 2791.74
2 28 2 1 4983.42
2 28 3 1 1239.32
2 29 2 1 7894.22
2 29 3 1 2069.99
2 30 2 1 8381.8
2 30 3 1 2074.08
2 31 2 1 7283.95
2 31 3 1 1868.27
2 32 2 1 6597.8
2 32 3 1 1697.71
2 33 2 1 2566.98
2 33 3 1 671.527
2 34 2 1 3058.1
2 34 3 1 822.295
2 35 2 1 3143.11
2 35 3 1 875.896
2 36 2 1 13002.3
2 36 3 1 3482.36
2 37 2 1 12869.7
2 37 3 1 3377.45
2 38 2 1 8399.95
2 38 3 1 2218.01
2 39 2 1 6098.37
2 39 3 1 1674.72
2 40 2 1 6505.1
2 40 3 1 1703.95
2 41 2 1 4810.29
2 41 3 1 1295.24
2 42 2 1 1259.46
2 42 3 1 335.434
full time series of survey length comp
survey year spp area catch-at-size
1 1 1 2  134412 125926 2881.94 332.76 0.00211036
1 1 2 2  0 0 0 0 4.26259e-261
1 1 3 2  532000 437844 9183.82 4598.6 6.90595e-16
1 1 4 2  17141.7 4276.4 28847.9 1622.95 3.2078e-15
1 2 1 2  1061.16 2085.2 624.728 14.6855 1.41392e-42
1 2 2 2  0 3.62881e-227 0 0 1.20386e-275
1 2 3 2  4297.55 4604.81 511.21 72.1801 1.73182e-17
1 2 4 2  31633.7 7915.68 256.012 13.6685 3.53026e-138
1 3 1 2  3866.15 3560.21 20.9018 1.26713 1.75762e-199
1 3 2 2  0 2.59614e-188 7.23589e-233 0 1.47186e-277
1 3 3 2  4615.37 3867.09 39.5314 3.85756 6.65112e-19
1 3 4 2  88009.9 22042.8 12.8156 0.00919583 0
1 4 1 2  6356.99 5907.25 52.6164 0.0515453 0
1 4 2 2  0 1.32793e-190 9.63674e-193 6.401e-235 7.37217e-279
1 4 3 2  4256.27 3616.35 51.105 0.560999 4.16348e-20
1 4 4 2  107077 27266.8 80.7807 0.00058494 0
1 5 1 2  5424.08 5109.45 79.909 0.0869384 0
1 5 2 2  0 6.06009e-184 1.73286e-194 6.56158e-195 2.93329e-280
1 5 3 2  4319.88 3651.86 44.2258 0.439495 2.59369e-21
1 5 4 2  85087.4 21787.4 81.7302 0.00125855 0
1 6 1 2  5416.65 5081.63 69.5597 0.147357 0
1 6 2 2  0 5.24053e-189 1.08218e-188 3.15196e-196 1.08987e-281
1 6 3 2  3600.22 3058.5 43.3987 0.367122 1.5899e-22
1 6 4 2  85277.5 21733 66.8895 0.00171646 0
1 7 1 2  5965.54 5594.75 75.815 0.192313 0
1 7 2 2  0 6.12029e-194 1.53315e-190 7.86712e-191 4.61938e-283
1 7 3 2  3780.72 3193.7 37.6011 0.363408 9.83299e-24
1 7 4 2  102026 26003.5 80.377 0.00411073 0
1 8 1 2  5103.8 4810.15 76.6966 0.152207 0
1 8 2 2  0 4.55677e-199 1.9118e-192 3.60834e-192 1.82612e-284
1 8 3 2  3240.27 2745.34 35.7244 0.304873 6.0127e-25
1 8 4 2  80368 20606.4 81.2189 0.00211728 0
1 9 1 2  5985.58 5602.97 70.7737 0.199883 0
1 9 2 2  0 3.35554e-197 2.63856e-194 1.38814e-193 7.3213e-286
1 9 3 2  3906.5 3289.35 33.8334 0.298038 3.70149e-26
1 9 4 2  102102 25979.8 74.1451 0.00427378 0
1 10 1 2  5816.04 5465.86 79.4731 0.152252 0
1 10 2 2  0 4.06003e-178 4.05216e-196 5.44582e-195 3.18287e-287
1 10 3 2  4673.16 3935.23 40.2373 0.285003 2.29472e-27
1 10 4 2  97952.2 25029.5 86.5111 0.00233884 0
1 11 1 2  5152.48 4838.25 68.2185 0.0942827 0
1 11 2 2  0 9.52338e-183 1.48959e-182 1.88397e-196 1.2605e-288
1 11 3 2  4423.69 3745.75 47.3787 0.330619 1.41335e-28
1 11 4 2  76780 19593.9 64.0731 0.000562824 0
1 12 1 2  5718.03 5343.38 62.5676 0.0878474 0
1 12 2 2  0 4.34256e-179 2.62146e-184 1.34359e-184 6.2051e-290
1 12 3 2  4873.02 4119.67 49.5831 0.407567 8.85353e-30
1 12 4 2  87299.4 22146.9 53.672 0.000516828 0
1 13 1 2  4658.38 4369.35 58.9847 0.0383176 0
1 13 2 2  0 4.5181e-184 9.35902e-184 5.34446e-186 2.07383e-291
1 13 3 2  4009.52 3411.9 50.8748 0.41752 5.46748e-31
1 13 4 2  59565.5 15158.7 43.5541 6.0159e-05 0
1 14 1 2  5334.24 4969.99 50.7695 0.0429093 0
1 14 2 2  0 1.22058e-188 1.44315e-185 7.60616e-186 8.98911e-293
1 14 3 2  4492.7 3800.1 46.9338 0.448674 3.42915e-32
1 14 4 2  71555.9 18078.2 33.0956 7.70245e-05 0
1 15 1 2  5870.66 5486.59 64.4033 0.0616898 0
1 15 2 2  0 6.9734e-178 2.50844e-187 4.4979e-187 4.31353e-294
1 15 3 2  4993.09 4224.08 52.0465 0.421539 2.16661e-33
1 15 4 2  88241.5 22352.6 49.4007 0.000227941 0
1 16 1 2  6010.54 5641.49 78.4343 0.136789 0
1 16 2 2  0 2.85896e-182 2.74629e-182 1.83818e-188 1.83484e-295
1 16 3 2  4570.51 3880.11 53.8537 0.445226 1.35144e-34
1 16 4 2  100083 25484.3 75.3124 0.00150219 0
1 17 1 2  4932.97 4646.15 72.4761 0.112719 0
1 17 2 2  0 1.08825e-187 1.55988e-184 7.99938e-185 3.35228e-297
1 17 3 2  3384.13 2880.21 43.5378 0.425292 8.07939e-36
1 17 4 2  73471.2 18805.4 69.4687 0.000815982 0
1 18 1 2  6380.43 5970.79 74.8612 0.288645 0
1 18 2 2  0 1.13825e-192 2.69478e-186 4.98474e-186 1.75775e-298
1 18 3 2  3456.17 2922.72 35.9374 0.370289 5.02263e-37
1 18 4 2  115616 29399.5 81.3401 0.0112629 0
1 19 1 2  6028.67 5686.26 93.2178 0.269072 0
1 19 2 2  0 3.13919e-181 3.66384e-188 1.88653e-187 6.97582e-300
1 19 3 2  4377.19 3677.64 34.2052 0.297974 3.08614e-38
1 19 4 2  111579 28655.5 119.665 0.0100429 0
1 20 1 2  5354.08 5046.77 81.1515 0.235698 0
1 20 2 2  0 3.58252e-186 7.3984e-186 6.00036e-189 2.52282e-301
1 20 3 2  3809.12 3224.67 40.4004 0.270646 1.86932e-39
1 20 4 2  91287.7 23442.2 97.5567 0.00583264 0
1 21 1 2  6358.14 5966.18 83.1608 0.376273 0
1 21 2 2  0 3.4378e-191 8.15474e-188 4.2013e-188 8.35521e-303
1 21 3 2  3776.36 3191.34 37.9481 0.324213 1.13773e-40
1 21 4 2  121345 30999.3 106.443 0.0237372 0
1 22 1 2  5332.32 5053.44 95.1414 0.380588 0
1 22 2 2  0 7.90919e-197 3.93518e-190 7.66762e-190 1.35649e-304
1 22 3 2  2787.62 2363.79 31.7056 0.283336 6.674e-42
1 22 4 2  97564.8 25248.2 132.924 0.0251059 0
1 23 1 2  5757.84 5406.34 77.0129 0.331418 0
1 23 2 2  0 2.71387e-199 3.90353e-192 2.14361e-191 4.02595e-306
1 23 3 2  3633.71 3048.65 26.5359 0.249175 3.99804e-43
1 23 4 2  104293 26692.1 98.5232 0.0152209 0
1 24 1 2  5540.17 5213.55 79.5123 0.216909 0
1 24 2 2  0 2.28155e-200 4.60892e-194 6.76865e-193 1.43524e-307
1 24 3 2  3572.75 3016.22 34.0534 0.214303 2.43227e-44
1 24 4 2  94986.3 24357.7 96.5203 0.0063867 0
1 25 1 2  5609.39 5277.7 80.2728 0.283279 0
1 25 2 2  0 1.03574e-205 4.27073e-196 1.70814e-194 4.23022e-309
1 25 3 2  2996.91 2539.51 33.1434 0.264955 1.46722e-45
1 25 4 2  98125.4 25141.5 96.7206 0.0116803 0
1 26 1 2  6267.93 5886.3 84.1594 0.3179 0
1 26 2 2  0 1.15751e-187 3.14904e-198 3.14793e-196 8.97815e-311
1 26 3 2  4123.93 3459.28 29.7506 0.265452 8.81044e-47
1 26 4 2  117861 30134.2 106.895 0.0154792 0
1 27 1 2  6867.22 6473.16 105.281 0.571666 0
1 27 2 2  0 7.01551e-173 3.33387e-192 5.81029e-198 1.91615e-312
1 27 3 2  4723.63 3975.54 39.4562 0.238787 5.29325e-48
1 27 4 2  146825 37728.4 161.621 0.0715883 0
1 28 1 2  6175.01 5863.15 117.653 0.884992 0
1 28 2 2  0 1.0058e-177 2.07641e-177 1.81795e-194 6.39247e-314
1 28 3 2  4094.43 3459.74 40.6635 0.293706 3.16373e-49
1 28 4 2  136036 35360 210.993 0.19189 0
1 29 1 2  5327.21 5047.94 96.061 0.697156 0
1 29 2 2  0 5.0677e-183 1.43371e-179 7.35758e-180 1.47589e-315
1 29 3 2  3204.26 2708.92 32.7057 0.286528 1.82986e-50
1 29 4 2  107014 27796.4 162.128 0.100109 0
1 30 1 2  6611.53 6204.45 87.6319 0.604799 0
1 30 2 2  0 2.90909e-181 1.29072e-181 2.29899e-181 3.81833e-317
1 30 3 2  4378.42 3671.11 30.728 0.256507 1.08983e-51
1 30 4 2  139014 35638.1 141.338 0.0895594 0
1 31 1 2  5886.36 5582.18 107.613 0.592168 0
1 31 2 2  0 2.38509e-186 1.09534e-183 5.70774e-183 1.02188e-318
1 31 3 2  3606.71 3050.89 37.0785 0.232947 6.48908e-53
1 31 4 2  121250 31482.5 181.657 0.0939366 0
1 32 1 2  5879.52 5548.79 94.1837 0.653267 0
1 32 2 2  0 2.00577e-191 9.71844e-186 1.37915e-184 2.84137e-320
1 32 3 2  3630.46 3057.26 31.5961 0.273692 3.83401e-54
1 32 4 2  119835 30924.3 151.697 0.0912736 0
1 33 1 2  6123.99 5780.2 98.5745 0.709971 0
1 33 2 2  0 2.09095e-196 1.24749e-187 4.73129e-186 1.14623e-321
1 33 3 2  3478.85 2933.98 32.0575 0.242822 2.30179e-55
1 33 4 2  128441 33161.8 165.69 0.135258 0
1 34 1 2  5528.65 5238.61 99.4872 0.699393 0
1 34 2 2  0 1.2289e-201 1.3683e-189 1.43798e-187 4.44659e-323
1 34 3 2  2905.76 2454.17 28.4795 0.234726 1.36386e-56
1 34 4 2  111983 29070.5 167.636 0.126228 0
1 35 1 2  5538.03 5230.31 91.2156 0.752926 0
1 35 2 2  0 4.40291e-207 1.42708e-191 4.19792e-189 0
1 35 3 2  2493.69 2104.46 23.7399 0.207755 8.02973e-58
1 35 4 2  111228 28763.1 150.775 0.15203 0
1 36 1 2  6125.8 5776.25 96.277 0.834554 0
1 36 2 2  0 1.02184e-212 6.22519e-194 4.88388e-191 0
1 36 3 2  2840.59 2383.74 20.8537 0.173719 4.62461e-59
1 36 4 2  130278 33617.3 166.942 0.225185 0
1 37 1 2  5683.2 5383.09 101.4 0.747458 0
1 37 2 2  0 2.51e-209 2.79065e-196 5.86094e-193 0
1 37 3 2  2950.76 2478.31 22.4218 0.149214 2.65561e-60
1 37 4 2  118076 30653.3 177.436 0.161697 0
1 38 1 2  5939.69 5605.82 95.9371 0.816175 0
1 38 2 2  0 2.4552e-208 1.97931e-198 1.09971e-194 0
1 38 3 2  3100.55 2606.01 24.419 0.162304 1.54852e-61
1 38 4 2  125142 32335.8 166.232 0.189121 0
1 39 1 2  5425.67 5140.73 97.7378 0.747359 0
1 39 2 2  0 7.3422e-214 1.5251e-200 2.36621e-196 0
1 39 3 2  2526.65 2133.01 24.1853 0.17307 9.0226e-63
1 39 4 2  109892 28551.9 168.755 0.162776 0
1 40 1 2  6297.48 5928.67 94.212 0.858008 0
1 40 2 2  0 2.16829e-205 1.36292e-202 5.49018e-198 0
1 40 3 2  3285.05 2752.42 22.1528 0.17999 5.3166e-64
1 40 4 2  135759 34962.6 163.731 0.226092 0
1 41 1 2  5546.13 5267.3 106.486 0.837017 0
1 41 2 2  0 9.60424e-211 1.2398e-204 1.38077e-199 0
1 41 3 2  2723.27 2297.94 25.4589 0.159828 3.11975e-65
1 41 4 2  116375 30334.5 194.035 0.226642 0
1 42 1 2  6055.66 5713.59 97.9044 1.05682 0
1 42 2 2  0 2.58685e-211 1.69965e-206 5.04906e-201 0
1 42 3 2  3056.13 2565.73 22.9319 0.185159 1.84789e-66
1 42 4 2  132721 34301.9 180.385 0.359193 0
2 1 1 2  81.7069 22926.9 29329.1 4132.91 0.0262299
2 1 2 2  0 0 0 0 1.7891e-261
2 1 3 2  22203.6 194606 43432.6 229327 3.31766e-13
2 1 4 2  0.925208 83.773 25412.2 1622.36 3.2078e-15
2 2 1 2  0.645063 379.645 6357.78 182.396 1.75738e-41
2 2 2 2  0 1.34726e-229 0 0 5.05286e-276
2 2 3 2  179.363 2046.67 2417.64 3599.55 8.31976e-15
2 2 4 2  1.70739 155.065 225.522 13.6635 3.53026e-138
2 3 1 2  2.35017 648.195 212.715 15.7379 2.18456e-198
2 3 2 2  0 9.63864e-191 1.30029e-234 0 6.17769e-278
2 3 3 2  192.627 1718.78 186.954 192.372 3.19524e-16
2 3 4 2  4.75024 431.81 11.2893 0.00919248 0
2 4 1 2  3.86431 1075.51 535.471 0.640198 0
2 4 2 2  0 4.93018e-193 1.73172e-194 5.56498e-236 3.09425e-279
2 4 3 2  177.64 1607.34 241.689 27.9764 2.00016e-17
2 4 4 2  5.77937 534.145 71.16 0.000584727 0
2 5 1 2  3.29721 930.259 813.224 1.07978 0
2 5 2 2  0 2.24992e-186 3.11395e-196 5.70459e-196 1.23116e-280
2 5 3 2  180.295 1623.12 209.155 21.9172 1.24603e-18
2 5 4 2  4.5925 426.807 71.9965 0.00125809 0
2 6 1 2  3.29269 925.194 707.9 1.83018 0
2 6 2 2  0 1.94564e-191 1.94467e-190 2.74029e-197 4.57443e-282
2 6 3 2  150.259 1359.39 205.243 18.308 7.63795e-20
2 6 4 2  4.60276 425.74 58.9232 0.00171584 0
2 7 1 2  3.62635 1018.62 771.56 2.38855 0
2 7 2 2  0 2.27227e-196 2.75506e-192 6.83962e-192 1.93885e-283
2 7 3 2  157.792 1419.49 177.825 18.1228 4.72382e-21
2 7 4 2  5.50675 509.398 70.8044 0.00410923 0
2 8 1 2  3.10251 875.766 780.531 1.89042 0
2 8 2 2  0 1.69178e-201 3.43551e-194 3.13706e-193 7.66459e-285
2 8 3 2  135.236 1220.2 168.95 15.2037 2.88854e-22
2 8 4 2  4.33778 403.672 71.5461 0.00211651 0
2 9 1 2  3.63854 1020.11 720.255 2.48256 0
2 9 2 2  0 1.24581e-199 4.7415e-196 1.20684e-194 3.0729e-286
2 9 3 2  163.042 1462 160.006 14.8629 1.77822e-23
2 9 4 2  5.51087 508.934 65.3147 0.00427222 0
2 10 1 2  3.53547 995.149 808.788 1.89099 0
2 10 2 2  0 1.50736e-180 7.28173e-198 4.73456e-196 1.33592e-287
2 10 3 2  195.039 1749.07 190.292 14.2128 1.1024e-24
2 10 4 2  5.28687 490.318 76.208 0.00233799 0
2 11 1 2  3.13211 880.883 694.251 1.171 0
2 11 2 2  0 3.53573e-185 2.67679e-184 1.63791e-197 5.29058e-289
2 11 3 2  184.627 1664.85 224.066 16.4876 6.78982e-26
2 11 4 2  4.14412 383.837 56.4423 0.000562619 0
2 12 1 2  3.47589 972.851 636.742 1.09107 0
2 12 2 2  0 1.61226e-181 4.71076e-186 1.16811e-185 2.60441e-290
2 12 3 2  203.38 1831.05 234.491 20.325 4.25329e-27
2 12 4 2  4.71189 433.849 47.2799 0.00051664 0
2 13 1 2  2.83175 795.511 600.28 0.475908 0
2 13 2 2  0 1.67743e-186 1.68182e-185 4.64643e-187 8.70428e-292
2 13 3 2  167.341 1516.47 240.6 20.8213 2.62661e-28
2 13 4 2  3.21498 296.953 38.367 6.01371e-05 0
2 14 1 2  3.24259 904.868 516.675 0.532938 0
2 14 2 2  0 4.53164e-191 2.59335e-187 6.61274e-187 3.77291e-293
2 14 3 2  187.507 1689.01 221.962 22.3749 1.64738e-29
2 14 4 2  3.86215 354.146 29.154 7.69965e-05 0
2 15 1 2  3.56868 998.923 655.424 0.766194 0
2 15 2 2  0 2.58901e-180 4.50767e-189 3.91044e-188 1.81048e-294
2 15 3 2  208.392 1877.45 246.141 21.0217 1.04085e-30
2 15 4 2  4.76274 437.88 43.5173 0.000227858 0
2 16 1 2  3.65371 1027.13 798.216 1.69893 0
2 16 2 2  0 1.06144e-184 4.93508e-184 1.5981e-189 7.7012e-296
2 16 3 2  190.755 1724.57 254.688 22.203 6.49237e-32
2 16 4 2  5.40186 499.227 66.343 0.00150164 0
2 17 1 2  2.99867 845.908 737.58 1.39998 0
2 17 2 2  0 4.04032e-190 2.8031e-186 6.9546e-186 1.40702e-297
2 17 3 2  141.24 1280.15 205.901 21.2089 3.88139e-33
2 17 4 2  3.96553 368.391 61.1952 0.000815685 0
2 18 1 2  3.87856 1087.08 761.853 3.585 0
2 18 2 2  0 4.22596e-195 4.84252e-188 4.3337e-187 7.37765e-299
2 18 3 2  144.247 1299.04 169.957 18.4659 2.4129e-34
2 18 4 2  6.24025 575.925 71.6528 0.0112588 0
2 19 1 2  3.66473 1035.28 948.666 3.34191 0
2 19 2 2  0 1.16548e-183 6.58391e-190 1.64014e-188 2.9279e-300
2 19 3 2  182.686 1634.58 161.765 14.8597 1.4826e-35
2 19 4 2  6.02238 561.35 105.413 0.0100392 0
2 20 1 2  3.25466 918.847 825.868 2.9274 0
2 20 2 2  0 1.33008e-188 1.32949e-187 5.21667e-190 1.05888e-301
2 20 3 2  158.977 1433.25 191.064 13.4968 8.98031e-37
2 20 4 2  4.92715 459.223 85.9381 0.00583051 0
2 21 1 2  3.86501 1086.24 846.317 4.67335 0
2 21 2 2  0 1.27635e-193 1.46541e-189 3.65258e-189 3.50685e-303
2 21 3 2  157.61 1418.44 179.466 16.1682 5.46573e-38
2 21 4 2  6.54947 607.265 93.7664 0.0237285 0
2 22 1 2  3.24143 920.061 968.242 4.72694 0
2 22 2 2  0 2.93643e-199 7.07151e-192 6.66618e-191 5.69347e-305
2 22 3 2  116.344 1050.62 149.944 14.1297 3.20623e-39
2 22 4 2  5.26595 494.604 117.093 0.0250968 0
2 23 1 2  3.50009 984.313 783.751 4.11625 0
2 23 2 2  0 1.00757e-201 7.01465e-194 1.86364e-192 1.68978e-306
2 23 3 2  151.656 1355.02 125.495 12.4261 1.92068e-40
2 23 4 2  5.62912 522.889 86.7895 0.0152154 0
2 24 1 2  3.36778 949.212 809.187 2.69403 0
2 24 2 2  0 8.47067e-203 8.28222e-196 5.88462e-194 6.02398e-308
2 24 3 2  149.112 1340.6 161.047 10.6871 1.16848e-41
2 24 4 2  5.12678 477.158 85.0251 0.00638438 0
2 25 1 2  3.40986 960.891 816.926 3.51836 0
2 25 2 2  0 3.84537e-208 7.6745e-198 1.48504e-195 1.77551e-309
2 25 3 2  125.079 1128.72 156.744 13.213 7.04863e-43
2 25 4 2  5.29622 492.513 85.2016 0.011676 0
2 26 1 2  3.81017 1071.7 856.479 3.94835 0
2 26 2 2  0 4.29746e-190 5.65883e-200 2.73679e-197 3.76831e-311
2 26 3 2  172.116 1537.53 140.698 13.2378 4.23259e-44
2 26 4 2  6.36141 590.318 94.1639 0.0154736 0
2 27 1 2  4.17447 1178.54 1071.43 7.10015 0
2 27 2 2  0 2.60464e-175 5.99097e-194 5.05143e-199 8.04247e-313
2 27 3 2  197.146 1766.99 186.598 11.9081 2.54291e-45
2 27 4 2  7.92475 739.085 142.372 0.0715623 0
2 28 1 2  3.75369 1067.48 1197.34 10.9917 0
2 28 2 2  0 3.73423e-180 3.73131e-179 1.58051e-195 2.68305e-314
2 28 3 2  170.885 1537.73 192.308 14.6468 1.51988e-46
2 28 4 2  7.34239 692.69 185.864 0.19182 0
2 29 1 2  3.23832 919.06 977.601 8.65875 0
2 29 2 2  0 1.88148e-185 2.57638e-181 6.39663e-181 6.19463e-316
2 29 3 2  133.733 1204.02 154.673 14.2888 8.79075e-48
2 29 4 2  5.77596 544.52 142.819 0.100073 0
2 30 1 2  4.01904 1129.62 891.819 7.51167 0
2 30 2 2  0 1.08005e-183 2.31942e-183 1.99872e-182 1.60263e-317
2 30 3 2  182.738 1631.68 145.32 12.7918 5.23562e-49
2 30 4 2  7.50311 698.138 124.505 0.0895268 0
2 31 1 2  3.57822 1016.33 1095.17 7.35479 0
2 31 2 2  0 8.85511e-189 1.96833e-185 4.96227e-184 4.28903e-319
2 31 3 2  150.53 1356.01 175.354 11.6168 3.11739e-50
2 31 4 2  6.54432 616.731 160.023 0.0939024 0
2 32 1 2  3.57406 1010.25 958.496 8.11364 0
2 32 2 2  0 7.44679e-194 1.7464e-187 1.19903e-185 1.19267e-320
2 32 3 2  151.521 1358.84 149.426 13.6487 1.84188e-51
2 32 4 2  6.46794 605.796 133.63 0.0912403 0
2 33 1 2  3.72267 1052.38 1003.18 8.81791 0
2 33 2 2  0 7.76304e-199 2.24174e-189 4.11335e-187 4.79244e-322
2 33 3 2  145.193 1304.05 151.608 12.1093 1.1058e-52
2 33 4 2  6.93246 649.626 145.957 0.135208 0
2 34 1 2  3.36078 953.775 1012.47 8.68654 0
2 34 2 2  0 4.56252e-204 2.45884e-191 1.25017e-188 1.97626e-323
2 34 3 2  121.275 1090.79 134.687 11.7055 6.55205e-54
2 34 4 2  6.04418 569.481 147.671 0.126182 0
2 35 1 2  3.36647 952.263 928.289 9.35142 0
2 35 2 2  0 1.63466e-209 2.56446e-193 3.64964e-190 0
2 35 3 2  104.077 935.356 112.272 10.3605 3.85753e-55
2 35 4 2  6.0034 563.459 132.818 0.151974 0
2 36 1 2  3.72377 1051.66 979.799 10.3652 0
2 36 2 2  0 3.79378e-215 1.11867e-195 4.24601e-192 0
2 36 3 2  118.555 1059.49 98.6224 8.6632 2.22169e-56
2 36 4 2  7.03162 658.55 147.06 0.225103 0
2 37 1 2  3.45473 980.08 1031.93 9.28351 0
2 37 2 2  0 9.31884e-212 5.0148e-198 5.09546e-194 0
2 37 3 2  123.153 1101.52 106.038 7.44117 1.27577e-57
2 37 4 2  6.37305 600.487 156.304 0.161638 0
2 38 1 2  3.61064 1020.63 976.34 10.137 0
2 38 2 2  0 9.11537e-211 3.55683e-200 9.56081e-196 0
2 38 3 2  129.405 1158.28 115.484 8.09394 7.43916e-59
2 38 4 2  6.75442 633.445 146.435 0.189052 0
2 39 1 2  3.29817 935.953 994.666 9.28228 0
2 39 2 2  0 2.72593e-216 2.7406e-202 2.05716e-197 0
2 39 3 2  105.452 948.046 114.378 8.63082 4.33451e-60
2 39 4 2  5.9313 559.32 148.657 0.162716 0
2 40 1 2  3.82813 1079.41 958.784 10.6566 0
2 40 2 2  0 8.05019e-208 2.44916e-204 4.77312e-199 0
2 40 3 2  137.105 1223.35 104.766 8.97591 2.55413e-61
2 40 4 2  7.32747 684.904 144.232 0.226009 0
2 41 1 2  3.3714 958.998 1083.7 10.3958 0
2 41 2 2  0 3.56575e-213 2.22792e-206 1.20043e-200 0
2 41 3 2  113.658 1021.35 120.401 7.97047 1.49874e-62
2 41 4 2  6.28121 594.241 170.926 0.22656 0
2 42 1 2  3.68113 1040.25 996.361 13.1258 0
2 42 2 2  0 9.60418e-214 3.05427e-208 4.38962e-202 0
2 42 3 2  127.55 1140.38 108.451 9.23367 8.87738e-64
2 42 4 2  7.16346 671.961 158.902 0.359063 0
full time series of fishery length comp
fleet year spp area catch-at-size
1 1 1 1  22933.8 355.369 544.508 284.83 347.086
1 1 2 1  3.59768e-16 3.83354e-32 1.09909e-83 1.64486e-154 1.47328e-08
1 1 3 1  6.4098e-06 1.26707e-16 3.09972e-08 8.4234e-09 2.22218e-27
1 1 4 1  387.786 5.5568e-34 2442.82 271.236 0.0228261
1 2 1 1  11261.7 3567.76 477.476 369.002 0.00343942
1 2 2 1  3.6425e-07 0 0 0 1.1656e-275
1 2 3 1  1.30746e-06 3.367e-07 8.06414e-09 5.08994e-09 1.03794e-27
1 2 4 1  32620.3 17.8426 804.268 184.321 4.29634e-16
1 3 1 1  48378.8 272.385 344.468 22.0048 2.36009e-42
1 3 2 1  1.78899e-06 9.99315e-241 0 0 1.01465e-288
1 3 3 1  3.97033e-06 2.09759e-08 2.43488e-09 3.91784e-10 1.19086e-28
1 3 4 1  163407 155.294 19.0461 1.77175 4.76586e-139
1 4 1 1  58280.1 589.883 12.7962 1.91973 2.93555e-199
1 4 2 1  1.88337e-06 9.8839e-202 7.32754e-246 0 1.86896e-290
1 4 3 1  4.16291e-06 2.229e-08 2.54159e-10 2.70696e-11 5.58547e-30
1 4 4 1  182378 558.986 1.04983 0.001199 0
1 5 1 1  70529.8 1197.12 37.1183 0.0796997 0
1 5 2 1  2.44152e-06 6.2838e-204 1.14794e-205 8.87981e-248 1.10103e-291
1 5 3 1  5.22992e-06 2.54674e-08 4.0649e-10 4.91053e-12 4.37484e-31
1 5 4 1  217847 824.354 7.19568 7.68393e-05 0
1 6 1 1  66254.2 975.055 54.2563 0.133736 0
1 6 2 1  2.08665e-06 2.53201e-197 1.90087e-207 8.40932e-208 4.04848e-293
1 6 3 1  4.7534e-06 2.40706e-08 3.28414e-10 3.59606e-12 2.55292e-32
1 6 4 1  204762 623.54 7.1135 0.00016501 0
1 7 1 1  53393.8 782.181 40.5335 0.221561 0
1 7 2 1  1.6738e-06 1.77409e-202 9.69945e-202 3.2977e-209 1.22667e-294
1 7 3 1  3.7745e-06 1.59816e-08 2.55077e-10 2.37341e-12 1.23502e-33
1 7 4 1  167484 512.682 5.30974 0.000223172 0
1 8 1 1  62356.5 1020.46 49.9739 0.294607 0
1 8 2 1  1.93479e-06 2.405e-207 1.61619e-203 9.75e-204 6.18277e-296
1 8 3 1  4.44376e-06 1.97585e-08 2.6464e-10 2.82974e-12 9.22512e-35
1 8 4 1  193169 712.845 6.87173 0.000538141 0
1 9 1 1  55469.7 765.769 45.816 0.229754 0
1 9 2 1  1.75755e-06 1.61462e-212 1.76893e-205 3.87188e-205 2.10271e-297
1 9 3 1  3.94363e-06 1.49274e-08 2.17813e-10 2.04373e-12 4.84418e-36
1 9 4 1  173903 501.356 6.54602 0.000275682 0
1 10 1 1  62104.2 995.34 45.6737 0.305232 0
1 10 2 1  2.18096e-06 1.4303e-210 2.81993e-207 1.71428e-206 9.70217e-299
1 10 3 1  4.59969e-06 2.01485e-08 2.32754e-10 2.25509e-12 3.36441e-37
1 10 4 1  194380 698.131 6.26508 0.000558854 0
1 11 1 1  80840.7 1258.78 61.0226 0.238071 0
1 11 2 1  2.84443e-06 2.24695e-191 5.63562e-209 8.77887e-208 5.51441e-300
1 11 3 1  6.10465e-06 3.21846e-08 3.69798e-10 2.88368e-12 2.7913e-38
1 11 4 1  247486 846.421 8.0811 0.000308479 0
1 12 1 1  80084.4 1087.76 51.4605 0.147081 0
1 12 2 1  2.81344e-06 5.31525e-196 2.13339e-195 3.12472e-209 2.24186e-301
1 12 3 1  6.0164e-06 3.03346e-08 4.26848e-10 3.26044e-12 1.6709e-39
1 12 4 1  245427 651.161 5.93006 7.4172e-05 0
1 13 1 1  101434 1532.88 54.8028 0.13955 0
1 13 2 1  3.47049e-06 2.92941e-192 4.47324e-197 2.66316e-197 1.32123e-302
1 13 3 1  7.69932e-06 4.35248e-08 5.88529e-10 5.31344e-12 1.38529e-40
1 13 4 1  301932 906.075 5.38865 6.85554e-05 0
1 14 1 1  98689 1198.59 50.2361 0.0606695 0
1 14 2 1  3.3504e-06 3.02844e-197 1.62802e-196 1.07553e-198 4.46632e-304
1 14 3 1  7.42409e-06 3.49544e-08 5.77711e-10 5.17421e-12 8.11057e-42
1 14 4 1  294969 599.306 4.31 7.9706e-06 0
1 15 1 1  82894.4 1150.01 38.9375 0.0670749 0
1 15 2 1  2.91124e-06 7.02157e-202 2.11953e-198 1.29051e-198 1.63202e-305
1 15 3 1  6.21596e-06 3.19476e-08 4.37981e-10 4.56975e-12 4.17856e-43
1 15 4 1  252794 617.341 3.09343 1.01584e-05 0
1 16 1 1  63191.2 986.221 41.8444 0.09429 0
1 16 2 1  2.15074e-06 2.92674e-191 2.67144e-200 5.56638e-200 5.73639e-307
1 16 3 1  4.62674e-06 2.63634e-08 3.6361e-10 3.23048e-12 1.9916e-44
1 16 4 1  196922 608.159 4.19321 2.9817e-05 0
1 17 1 1  73368.4 1199.99 57.3002 0.212529 0
1 17 2 1  2.34972e-06 1.25381e-195 2.89524e-195 2.23993e-201 2.40316e-308
1 17 3 1  5.31655e-06 2.84402e-08 4.47525e-10 4.08761e-12 1.49395e-45
1 17 4 1  224872 801.881 6.83732 0.00019767 0
1 18 1 1  40901.7 549.931 34.6214 0.163805 0
1 18 2 1  1.20057e-06 2.74816e-201 1.10641e-197 6.68168e-198 3.01814e-310
1 18 3 1  2.79763e-06 1.13832e-08 1.93301e-10 2.07595e-12 4.7392e-47
1 18 4 1  129681 348.049 4.84881 0.000104748 0
1 19 1 1  44085.8 764.83 38.0677 0.424246 0
1 19 2 1  1.50844e-06 3.3346e-206 1.96695e-199 4.21386e-199 1.59795e-311
1 19 3 1  3.192e-06 1.24132e-08 1.72512e-10 1.96173e-12 3.20173e-48
1 19 4 1  140777 584.242 5.91586 0.001452 0
1 20 1 1  54882.5 911.218 56.1533 0.406747 0
1 20 2 1  1.8168e-06 1.11784e-194 3.3168e-201 1.98947e-200 7.93279e-313
1 20 3 1  3.98718e-06 1.97517e-08 2.0839e-10 2.01068e-12 2.51196e-49
1 20 4 1  172759 697.987 9.68327 0.00130828 0
1 21 1 1  35227.8 517.38 34.6379 0.33516 0
1 21 2 1  1.09619e-06 7.72893e-200 4.06248e-199 3.82233e-202 1.72729e-314
1 21 3 1  2.45139e-06 1.08339e-08 1.52901e-10 1.12929e-12 9.38709e-51
1 21 4 1  113085 378.367 6.30062 0.000742545 0
1 22 1 1  33999.9 610.088 35.5942 0.535475 0
1 22 2 1  1.01067e-06 6.56291e-205 3.78472e-201 2.26042e-201 4.84217e-316
1 22 3 1  2.33087e-06 1.03165e-08 1.40988e-10 1.34069e-12 5.68605e-52
1 22 4 1  108692 495.938 6.87667 0.00302263 0
1 23 1 1  44290.2 653.391 48.8868 0.560533 0
1 23 2 1  1.40196e-06 2.17713e-210 2.7194e-203 6.12093e-203 1.16348e-317
1 23 3 1  3.13321e-06 1.00957e-08 1.52983e-10 1.51256e-12 4.29829e-53
1 23 4 1  140974 505.034 9.72025 0.00323889 0
1 24 1 1  51600.7 815.038 44.318 0.497382 0
1 24 2 1  1.63913e-06 8.86642e-213 3.29777e-205 2.10607e-204 4.25489e-319
1 24 3 1  3.67269e-06 1.53512e-08 1.51499e-10 1.57258e-12 3.03968e-54
1 24 4 1  162444 615.727 7.75273 0.00197755 0
1 25 1 1  43389.1 666.861 40.4771 0.318911 0
1 25 2 1  1.27405e-06 5.83233e-214 3.09201e-207 5.30299e-206 1.21095e-320
1 25 3 1  2.98094e-06 1.26482e-08 1.62348e-10 1.13068e-12 1.547e-55
1 25 4 1  137085 482.414 7.01899 0.000823433 0
1 26 1 1  40868.9 624.5 38.3904 0.411784 0
1 26 2 1  1.3413e-06 2.58689e-219 2.49951e-209 1.14005e-207 3.0138e-322
1 26 3 1  2.89974e-06 9.91302e-09 1.45522e-10 1.28196e-12 8.54086e-57
1 26 4 1  130821 464.389 6.7529 0.00149953 0
1 27 1 1  21801.8 373.869 23.9838 0.41078 0
1 27 2 1  7.55448e-07 1.5698e-201 9.63591e-212 1.09539e-209 4.94066e-324
1 27 3 1  1.55211e-06 7.01301e-09 6.79409e-11 6.68803e-13 2.67144e-58
1 27 4 1  71743.1 307.864 5.11755 0.00189756 0
1 28 1 1  13121.7 254.369 19.616 0.64547 0
1 28 2 1  4.45858e-07 5.89076e-187 6.79469e-206 1.37887e-211 0
1 28 3 1  9.32377e-07 4.82787e-09 5.47674e-11 3.69074e-13 9.8953e-60
1 28 4 1  43624.9 240.156 5.44769 0.00828801 0
1 29 1 1  24412.3 432.262 38.5868 1.18722 0
1 29 2 1  7.74909e-07 1.47701e-191 7.44212e-191 7.59046e-208 0
1 29 3 1  1.71814e-06 7.93456e-09 1.07068e-10 8.65146e-13 1.13125e-60
1 29 4 1  79763.3 412.718 11.2011 0.0238726 0
1 30 1 1  24004.2 353.325 29.8804 0.922341 0
1 30 2 1  8.0395e-07 7.62331e-197 5.07882e-193 2.97987e-193 0
1 30 3 1  1.70131e-06 6.08502e-09 8.26349e-11 8.00019e-13 6.16159e-62
1 30 4 1  78803.3 311.35 8.29357 0.0123879 0
1 31 1 1  20844.6 387.884 24.7637 0.779994 0
1 31 2 1  6.7605e-07 3.72104e-195 4.02184e-195 8.31803e-195 0
1 31 3 1  1.46313e-06 7.15675e-09 6.86175e-11 6.3734e-13 3.27267e-63
1 31 4 1  68305.5 356.466 6.70778 0.0109687 0
1 32 1 1  24451.6 406.107 34.7445 0.791053 0
1 32 2 1  7.85936e-07 3.5926e-200 4.05264e-197 2.44923e-196 0
1 32 3 1  1.72006e-06 7.00749e-09 9.69633e-11 6.77684e-13 2.28411e-64
1 32 4 1  79922.1 364.277 9.54649 0.0116682 0
1 33 1 1  16951.4 281.019 22.0923 0.797654 0
1 33 2 1  5.26507e-07 2.11663e-205 2.68276e-199 4.4614e-198 0
1 33 3 1  1.17113e-06 4.84371e-09 5.70756e-11 5.49499e-13 9.30575e-66
1 33 4 1  55711.9 252.406 6.19797 0.0109278 0
1 34 1 1  18475.9 324.193 25.4167 0.892406 0
1 34 2 1  5.52812e-07 2.33577e-210 3.7101e-201 1.66104e-199 0
1 34 3 1  1.26532e-06 5.08552e-09 6.39502e-11 5.41122e-13 6.21738e-67
1 34 4 1  60397.3 297.766 7.29883 0.0163893 0
1 35 1 1  16078.5 256.291 22.7245 0.847185 0
1 35 2 1  4.4894e-07 1.14356e-215 3.50332e-203 4.3547e-201 0
1 35 3 1  1.07143e-06 3.69834e-09 4.93515e-11 4.54373e-13 3.20185e-68
1 35 4 1  52443.7 228.57 6.6886 0.0150594 0
1 36 1 1  9827 154.911 13.0821 0.766201 0
1 36 2 1  2.83323e-07 2.35338e-221 1.81712e-205 6.12488e-203 0
1 36 3 1  6.53763e-07 1.90381e-09 2.45306e-11 2.38825e-13 1.11684e-69
1 36 4 1  32395.4 138.788 4.0452 0.0167949 0
1 37 1 1  15382.4 269.301 21.0297 0.996218 0
1 37 2 1  4.65361e-07 8.85533e-227 1.26926e-207 1.14266e-204 0
1 37 3 1  1.04886e-06 3.39746e-09 3.41337e-11 3.17365e-13 1.02369e-70
1 37 4 1  50546.9 252.346 6.42312 0.0267004 0
1 38 1 1  14261.7 231.016 20.5289 0.869626 0
1 38 2 1  4.29085e-07 2.08487e-223 5.7281e-210 1.39057e-206 0
1 38 3 1  9.71565e-07 3.28041e-09 3.3913e-11 2.51444e-13 5.41955e-72
1 38 4 1  46958.4 212.505 6.40845 0.0189627 0
1 39 1 1  14987.5 257.029 20.6743 0.970076 0
1 39 2 1  4.28167e-07 2.10547e-222 4.43995e-212 2.89379e-208 0
1 39 3 1  1.00549e-06 3.64559e-09 3.94252e-11 2.93132e-13 3.39294e-73
1 39 4 1  49015.4 238.457 6.32021 0.0223816 0
1 40 1 1  11391.4 175.006 15.9586 0.80254 0
1 40 2 1  3.426e-07 4.95346e-228 2.59061e-214 4.6501e-210 0
1 40 3 1  7.73199e-07 2.24933e-09 2.9007e-11 2.30675e-13 1.45465e-74
1 40 4 1  37651.5 158.089 5.0737 0.0184277 0
1 41 1 1  10503.9 190.933 14.6605 0.903862 0
1 41 2 1  3.08828e-07 1.34088e-219 2.2078e-216 1.04527e-211 0
1 41 3 1  7.10094e-07 2.6839e-09 2.49641e-11 2.26978e-13 8.13265e-76
1 41 4 1  34614.6 182.458 4.71432 0.0253721 0
1 42 1 1  6744.31 107.384 10.7481 0.720514 0
1 42 2 1  1.9926e-07 3.95645e-225 1.38752e-218 1.81963e-213 0
1 42 3 1  4.56081e-07 1.43358e-09 1.81638e-11 1.27221e-13 3.01086e-77
1 42 4 1  22399.9 101.073 3.78704 0.0231044 0
2 1 1 1  6.336e-12 8.75701e-14 2.69464e-14 9.13415e-16 7.2128e-17
2 1 2 1  8.10791e-05 8.53945e-21 2.41065e-72 3.53049e-143 3061.62
2 1 3 1  57592.5 1.11574e-06 264.148 67.4218 1.50296e-17
2 1 4 1  5.10478e-14 6.44191e-50 4.55389e-14 2.98157e-16 1.47957e-21
2 2 1 1  6.03356e-12 1.70493e-12 4.58227e-14 2.29479e-15 1.38607e-21
2 2 2 1  159191 0 0 0 4.69733e-264
2 2 3 1  22781.6 5749.6 133.265 79.0057 1.36136e-17
2 2 4 1  8.32733e-12 4.01126e-15 2.90754e-14 3.92921e-16 5.4005e-35
2 3 1 1  2.08679e-11 1.04796e-13 2.66152e-14 1.10175e-16 7.65737e-61
2 3 2 1  629477 3.47549e-229 0 0 3.29205e-277
2 3 3 1  55697.2 288.381 32.3957 4.89602 1.25751e-18
2 3 4 1  3.35846e-11 2.81079e-14 5.54348e-16 3.04078e-18 4.82313e-158
2 4 1 1  2.06688e-11 1.86594e-13 8.1289e-16 7.90273e-18 7.83091e-218
2 4 2 1  544852 2.82627e-190 2.06308e-234 0 4.98565e-279
2 4 3 1  48014.7 251.958 2.78026 0.278131 4.84934e-20
2 4 4 1  3.08186e-11 8.31852e-14 2.51227e-17 1.69189e-21 0
2 5 1 1  6.34055e-11 9.59912e-13 5.97724e-15 8.31675e-19 0
2 5 2 1  1.79045e+06 4.55478e-192 8.19289e-194 6.20193e-236 7.44532e-280
2 5 3 1  152909 729.73 11.2717 0.127896 9.62819e-21
2 5 4 1  9.33152e-11 3.1097e-13 4.36495e-16 2.7485e-22 0
2 6 1 1  7.17186e-11 9.41425e-13 1.05203e-14 1.68039e-18 0
2 6 2 1  1.84254e+06 2.20991e-185 1.63355e-195 7.0721e-196 3.2964e-281
2 6 3 1  167343 830.479 10.9654 0.112777 6.76524e-22
2 6 4 1  1.05612e-10 2.83227e-13 5.19583e-16 7.10703e-22 0
2 7 1 1  5.00506e-11 6.5398e-13 6.80599e-15 2.41077e-18 0
2 7 2 1  1.27988e+06 1.34086e-190 7.2182e-190 2.40159e-197 8.64917e-283
2 7 3 1  115070 477.488 7.37525 0.0644563 2.83414e-23
2 7 4 1  7.48064e-11 2.01659e-13 3.3585e-16 8.32371e-22 0
2 8 1 1  5.63281e-11 8.22197e-13 8.08619e-15 3.08908e-18 0
2 8 2 1  1.42569e+06 1.75166e-195 1.15904e-191 6.84253e-192 4.20102e-284
2 8 3 1  130550 568.881 7.3737 0.0740567 2.04006e-24
2 8 4 1  8.31431e-11 2.70202e-13 4.18854e-16 1.93419e-21 0
2 9 1 1  6.15303e-11 7.57652e-13 9.1035e-15 2.95828e-18 0
2 9 2 1  1.59034e+06 1.44409e-200 1.55778e-193 3.33676e-193 1.75445e-285
2 9 3 1  142270 527.764 7.45252 0.0656797 1.31547e-25
2 9 4 1  9.19151e-11 2.33362e-13 4.89964e-16 1.21675e-21 0
2 10 1 1  4.68929e-11 6.70341e-13 6.17747e-15 2.67522e-18 0
2 10 2 1  1.34333e+06 8.70771e-199 1.69039e-195 1.00563e-194 5.51041e-287
2 10 3 1  112953 484.901 5.42088 0.0493315 6.21905e-27
2 10 4 1  6.99333e-11 2.21194e-13 3.19202e-16 1.67897e-21 0
2 11 1 1  6.09802e-11 8.46927e-13 8.24531e-15 2.08453e-18 0
2 11 2 1  1.75026e+06 1.3666e-179 3.37492e-197 5.14477e-196 3.12886e-288
2 11 3 1  149762 773.801 8.60419 0.0630202 5.15458e-28
2 11 4 1  8.8952e-11 2.67914e-13 4.11322e-16 9.25855e-22 0
2 12 1 1  2.48138e-11 3.0062e-13 2.85613e-15 5.28987e-19 0
2 12 2 1  711102 1.32789e-184 5.24783e-184 7.52186e-198 5.22497e-290
2 12 3 1  60627 299.576 4.07949 0.0292682 1.26743e-29
2 12 4 1  3.62338e-11 8.46613e-14 1.23982e-16 9.14417e-23 0
2 13 1 1  9.37555e-11 1.26375e-12 9.07347e-15 1.49721e-18 0
2 13 2 1  2.61668e+06 2.18315e-180 3.28244e-185 1.9124e-185 9.18584e-291
2 13 3 1  231445 1282.25 16.779 0.142286 3.13459e-30
2 13 4 1  1.32974e-10 3.51421e-13 3.36082e-16 2.52123e-22 0
2 14 1 1  5.15725e-11 5.58672e-13 4.70243e-15 3.68013e-19 0
2 14 2 1  1.42822e+06 1.27603e-185 6.75415e-185 4.36657e-187 1.75561e-292
2 14 3 1  126176 582.204 9.31207 0.0783371 1.0376e-31
2 14 4 1  7.34465e-11 1.31416e-13 1.51978e-16 1.65729e-23 0
2 15 1 1  3.45003e-11 4.2691e-13 2.90284e-15 3.24041e-19 0
2 15 2 1  988379 2.35625e-190 7.00323e-187 4.1728e-187 5.10917e-294
2 15 3 1  84137.3 423.798 5.62262 0.0551015 4.25747e-33
2 15 4 1  5.01314e-11 1.07813e-13 8.68743e-17 1.68221e-23 0
2 16 1 1  5.27414e-11 7.34189e-13 6.25591e-15 9.1349e-19 0
2 16 2 1  1.4643e+06 1.96957e-179 1.77012e-188 3.60941e-188 3.60132e-295
2 16 3 1  125590 701.327 9.36091 0.0781154 4.06936e-34
2 16 4 1  7.83135e-11 2.12992e-13 2.36154e-16 9.90189e-23 0
2 17 1 1  2.031e-10 2.9629e-12 2.84128e-14 6.82906e-18 0
2 17 2 1  5.30596e+06 2.79848e-183 6.36278e-183 4.8173e-189 5.00393e-296
2 17 3 1  478645 2509.32 38.2124 0.327826 1.01243e-34
2 17 4 1  2.96606e-10 9.31453e-13 1.27714e-15 2.1772e-21 0
2 18 1 1  6.81752e-12 8.17582e-14 1.03368e-15 3.16924e-19 0
2 18 2 1  163238 3.69333e-190 1.46408e-186 8.65245e-187 3.78401e-299
2 18 3 1  15165.5 60.4745 0.993812 0.0100248 1.93383e-37
2 18 4 1  1.02993e-11 2.43431e-14 5.45347e-17 6.94687e-23 0
2 19 1 1  6.18439e-11 9.56977e-13 9.56562e-15 6.9081e-18 0
2 19 2 1  1.72613e+06 3.77166e-194 2.19055e-187 4.59247e-187 1.68613e-299
2 19 3 1  145628 555.016 7.46457 0.0797281 1.09954e-37
2 19 4 1  9.40971e-11 3.43908e-13 5.59975e-16 8.10444e-21 0
2 20 1 1  7.24076e-11 1.07228e-12 1.32704e-14 6.22898e-18 0
2 20 2 1  1.95526e+06 1.18911e-182 3.47402e-189 2.03918e-188 7.87234e-301
2 20 3 1  171080 830.571 8.48031 0.0768539 8.11318e-39
2 20 4 1  1.08602e-10 3.86409e-13 8.62035e-16 6.86764e-21 0
2 21 1 1  9.76321e-11 1.27895e-12 1.71956e-14 1.07821e-17 0
2 21 2 1  2.47824e+06 1.7271e-187 8.93843e-187 8.23007e-190 3.60081e-302
2 21 3 1  220954 957.009 13.0708 0.0906747 6.36893e-40
2 21 4 1  1.49334e-10 4.40019e-13 1.17827e-15 8.1882e-21 0
2 22 1 1  2.23537e-10 3.57769e-12 4.19188e-14 4.08653e-17 0
2 22 2 1  5.42038e+06 3.47904e-192 1.97546e-188 1.15459e-188 2.39464e-303
2 22 3 1  498395 2161.85 28.5917 0.255372 9.15189e-41
2 22 4 1  3.405e-10 1.3682e-12 3.05073e-15 7.90708e-20 0
2 23 1 1  1.12542e-10 1.48087e-12 2.22513e-14 1.65329e-17 0
2 23 2 1  2.90596e+06 4.46048e-198 5.48582e-191 1.20835e-190 2.22378e-305
2 23 3 1  258928 817.646 11.9904 0.111351 2.67381e-42
2 23 4 1  1.70683e-10 5.38489e-13 1.66662e-15 3.27462e-20 0
2 24 1 1  7.93203e-11 1.11749e-12 1.2203e-14 8.87487e-18 0
2 24 2 1  2.05536e+06 1.09893e-200 4.0245e-193 2.51518e-192 4.91976e-307
2 24 3 1  183610 752.133 7.18331 0.0700351 1.14389e-43
2 24 4 1  1.18981e-10 3.97162e-13 8.04149e-16 1.20953e-20 0
2 25 1 1  1.14479e-10 1.56935e-12 1.91299e-14 9.76695e-18 0
2 25 2 1  2.74208e+06 1.24074e-201 6.47665e-195 1.08702e-193 2.40361e-308
2 25 3 1  255789 1063.65 13.2123 0.0864288 9.99232e-45
2 25 4 1  1.72338e-10 5.34093e-13 1.24961e-15 8.64437e-21 0
2 26 1 1  1.89437e-10 2.58191e-12 3.18751e-14 2.21556e-17 0
2 26 2 1  5.0716e+06 9.66807e-207 9.1979e-197 4.10549e-195 1.05225e-309
2 26 3 1  437133 1464.54 20.8058 0.172155 9.69172e-46
2 26 4 1  2.88931e-10 9.03241e-13 2.1121e-15 2.76557e-20 0
2 27 1 1  1.92809e-10 2.94912e-12 3.79936e-14 4.21684e-17 0
2 27 2 1  5.44988e+06 1.11936e-188 6.76535e-199 7.52612e-197 2.22207e-311
2 27 3 1  446416 1976.8 18.5333 0.171359 5.78374e-47
2 27 4 1  3.02316e-10 1.14247e-12 3.05387e-15 6.67712e-20 0
2 28 1 1  8.51245e-11 1.47186e-12 2.27946e-14 4.86054e-17 0
2 28 2 1  2.35944e+06 3.08125e-174 3.49943e-193 6.94954e-199 2.40039e-313
2 28 3 1  196716 998.263 10.9591 0.0693669 1.57153e-48
2 28 4 1  1.34849e-10 6.53748e-13 2.38468e-15 2.13931e-19 0
2 29 1 1  1.44345e-10 2.2797e-12 4.08685e-14 8.1483e-17 0
2 29 2 1  3.73759e+06 7.04152e-179 3.49343e-178 3.48682e-195 1.28528e-314
2 29 3 1  330396 1495.34 19.5271 0.148203 1.6375e-49
2 29 4 1  2.2472e-10 1.02399e-12 4.46897e-15 5.61632e-19 0
2 30 1 1  1.45255e-10 1.90702e-12 3.23882e-14 6.47854e-17 0
2 30 2 1  3.96843e+06 3.71944e-184 2.43988e-180 1.4009e-180 2.91565e-316
2 30 3 1  334819 1173.62 15.4238 0.140254 9.12776e-51
2 30 4 1  2.27213e-10 7.90574e-13 3.38639e-15 2.98262e-19 0
2 31 1 1  1.30351e-10 2.16353e-12 2.77393e-14 5.66183e-17 0
2 31 2 1  3.44865e+06 1.87619e-182 1.99668e-182 4.04121e-182 7.01103e-318
2 31 3 1  297569 1426.47 13.2356 0.115469 5.01018e-52
2 31 4 1  2.03528e-10 9.35386e-13 2.83044e-15 2.72919e-19 0
2 32 1 1  1.19139e-10 1.76492e-12 3.03242e-14 4.47398e-17 0
2 32 2 1  3.12378e+06 1.41138e-187 1.56764e-184 9.27138e-184 1.73397e-319
2 32 3 1  272567 1088.26 14.5727 0.0956636 2.72453e-53
2 32 4 1  1.85549e-10 7.44781e-13 3.13865e-15 2.26208e-19 0
2 33 1 1  4.79688e-11 7.09293e-13 1.11983e-14 2.62005e-17 0
2 33 2 1  1.21536e+06 4.82934e-193 6.02693e-187 9.80827e-186 2.1146e-321
2 33 3 1  107780 436.872 4.98183 0.0450498 6.44662e-55
2 33 4 1  7.51184e-11 2.99711e-13 1.18346e-15 1.23039e-19 0
2 34 1 1  5.9322e-11 9.28434e-13 1.4618e-14 3.32594e-17 0
2 34 2 1  1.44788e+06 6.04686e-198 9.45707e-189 4.1434e-187 1.03754e-322
2 34 3 1  132127 520.436 6.3334 0.0503359 4.88703e-56
2 34 4 1  9.24002e-11 4.01175e-13 1.5813e-15 2.09376e-19 0
2 35 1 1  6.53356e-11 9.28914e-13 1.65408e-14 3.996e-17 0
2 35 2 1  1.48813e+06 3.74675e-203 1.13018e-190 1.37478e-188 4.94066e-324
2 35 3 1  141596 478.999 6.18573 0.0534922 3.18518e-57
2 35 4 1  1.01542e-10 3.8974e-13 1.83397e-15 2.43484e-19 0
2 36 1 1  2.61753e-10 3.68037e-12 6.24173e-14 2.36896e-16 0
2 36 2 1  6.15605e+06 5.05422e-208 3.84254e-192 1.26747e-189 0
2 36 3 1  566337 1616.29 20.1542 0.1843 7.28269e-58
2 36 4 1  4.11151e-10 1.55123e-12 7.2705e-15 1.77995e-18 0
2 37 1 1  2.46907e-10 3.85556e-12 6.04648e-14 1.85613e-16 0
2 37 2 1  6.09325e+06 1.14606e-213 1.61743e-194 1.42494e-191 0
2 37 3 1  547534 1738.16 16.8998 0.147585 4.02263e-59
2 37 4 1  3.86591e-10 1.69965e-12 6.95682e-15 1.70525e-18 0
2 38 1 1  1.62046e-10 2.34125e-12 4.17823e-14 1.14695e-16 0
2 38 2 1  3.97703e+06 1.91002e-210 5.16704e-197 1.22752e-193 0
2 38 3 1  359024 1188.01 11.8856 0.082772 1.50751e-60
2 38 4 1  2.54231e-10 1.01318e-12 4.91331e-15 8.57289e-19 0
2 39 1 1  1.23898e-10 1.8952e-12 3.06142e-14 9.30858e-17 0
2 39 2 1  2.88732e+06 1.40338e-209 2.91391e-199 1.85853e-195 0
2 39 3 1  270332 960.563 10.053 0.0702056 6.86656e-62
2 39 4 1  1.93069e-10 8.27173e-13 3.52549e-15 7.36182e-19 0
2 40 1 1  1.25539e-10 1.72025e-12 3.1503e-14 1.02662e-16 0
2 40 2 1  3.07989e+06 4.40149e-215 2.26655e-201 3.98135e-197 0
2 40 3 1  277124 790.09 9.86028 0.0736503 3.92453e-63
2 40 4 1  1.9771e-10 7.31061e-13 3.77293e-15 8.08033e-19 0
2 41 1 1  9.49594e-11 1.5396e-12 2.37408e-14 9.48493e-17 0
2 41 2 1  2.27747e+06 9.77391e-207 1.58457e-203 7.34152e-199 0
2 41 3 1  208780 773.355 6.96132 0.0594492 1.7999e-64
2 41 4 1  1.49106e-10 6.92152e-13 2.87582e-15 9.1265e-19 0
2 42 1 1  2.4742e-11 3.5138e-13 7.06298e-15 3.0682e-17 0
2 42 2 1  596301 1.17029e-212 4.0411e-206 5.18619e-201 0
2 42 3 1  54415.6 167.627 2.05537 0.0135217 2.70406e-66
2 42 4 1  3.91552e-11 1.55591e-13 9.37455e-16 3.3725e-19 0
full time series of predicted survey index
survey year spp area pred_survey
1 1 1 1 386332
1 1 2 1 1.02329e-263
1 1 3 1 4.78559e+06
1 1 4 1 76652.4
1 2 1 1 129281
1 2 2 1 4.68604e-207
1 2 3 1 116880
1 2 4 1 2745.72
1 3 1 1 177338
1 3 2 1 1.77278e-184
1 3 3 1 7.93501e+06
1 3 4 1 32222.1
1 4 1 1 489755
1 4 2 1 6.27082e-191
1 4 3 1 587423
1 4 4 1 32232.3
1 5 1 1 226876
1 5 2 1 3.4812e-194
1 5 3 1 3.7521e+06
1 5 4 1 21630.8
1 6 1 1 15152
1 6 2 1 2.70341e-198
1 6 3 1 124861
1 6 4 1 3071.95
1 7 1 1 227149
1 7 2 1 1.85686e-200
1 7 3 1 15891.6
1 7 4 1 10621.1
1 8 1 1 12429.6
1 8 2 1 7.30659e-203
1 8 3 1 10546.6
1 8 4 1 529.764
1 9 1 1 61107.8
1 9 2 1 2.39029e-204
1 9 3 1 10998
1 9 4 1 4824.04
1 10 1 1 67612.1
1 10 2 1 9.20606e-206
1 10 3 1 8419.04
1 10 4 1 3723.25
1 11 1 1 20909.3
1 11 2 1 1.99857e-207
1 11 3 1 7165.12
1 11 4 1 1217.5
1 12 1 1 32064.6
1 12 2 1 1.82759e-201
1 12 3 1 2684.72
1 12 4 1 2245.16
1 13 1 1 14848.7
1 13 2 1 6.82036e-206
1 13 3 1 12759.9
1 13 4 1 1677.93
1 14 1 1 11323.3
1 14 2 1 1.69801e-207
1 14 3 1 10296.9
1 14 4 1 1253.73
1 15 1 1 7625.88
1 15 2 1 4.41153e-201
1 15 3 1 9129.02
1 15 4 1 681.721
1 16 1 1 7550.51
1 16 2 1 9.20591e-187
1 16 3 1 30114.2
1 16 4 1 921.974
1 17 1 1 4958.11
1 17 2 1 5.60897e-200
1 17 3 1 1645.17
1 17 4 1 554.915
1 18 1 1 2414.31
1 18 2 1 1.03415e-204
1 18 3 1 1353.74
1 18 4 1 242.882
1 19 1 1 2513.76
1 19 2 1 1.5834e-185
1 19 3 1 3194.45
1 19 4 1 498.845
1 20 1 1 4005.82
1 20 2 1 4.86659e-190
1 20 3 1 562.424
1 20 4 1 775.072
1 21 1 1 4557.5
1 21 2 1 1.28418e-192
1 21 3 1 1182.28
1 21 4 1 809.172
1 22 1 1 12545.7
1 22 2 1 9.83301e-195
1 22 3 1 6711.12
1 22 4 1 1997.91
1 23 1 1 4247.29
1 23 2 1 1.85237e-196
1 23 3 1 9603.7
1 23 4 1 1497.18
1 24 1 1 5020.46
1 24 2 1 9.73749e-197
1 24 3 1 929.328
1 24 4 1 1001.78
1 25 1 1 2939
1 25 2 1 3.33885e-201
1 25 3 1 1020.3
1 25 4 1 586.024
1 26 1 1 4873.9
1 26 2 1 1.06471e-190
1 26 3 1 2106.21
1 26 4 1 553.672
1 27 1 1 1929.71
1 27 2 1 1.64176e-177
1 27 3 1 2323.26
1 27 4 1 503.304
1 28 1 1 7576.67
1 28 2 1 2.2794e-180
1 28 3 1 2718.83
1 28 4 1 1473.39
1 29 1 1 4608.98
1 29 2 1 1.08314e-183
1 29 3 1 4282.73
1 29 4 1 1800.54
1 30 1 1 13851.4
1 30 2 1 7.29037e-185
1 30 3 1 18475.5
1 30 4 1 2884.95
1 31 1 1 15934.1
1 31 2 1 8.3364e-187
1 31 3 1 77043.4
1 31 4 1 2084.74
1 32 1 1 21532.3
1 32 2 1 1.56328e-188
1 32 3 1 6947.98
1 32 4 1 4839.07
1 33 1 1 1579.58
1 33 2 1 1.43399e-190
1 33 3 1 1797.23
1 33 4 1 951.126
1 34 1 1 4243.34
1 34 2 1 8.99652e-193
1 34 3 1 947.706
1 34 4 1 1767.72
1 35 1 1 1836.11
1 35 2 1 2.2887e-195
1 35 3 1 452.949
1 35 4 1 1057.27
1 36 1 1 2728.32
1 36 2 1 8.36782e-198
1 36 3 1 7049.45
1 36 4 1 2714.12
1 37 1 1 9466.9
1 37 2 1 2.67149e-199
1 37 3 1 56846
1 37 4 1 10342.7
1 38 1 1 8803.24
1 38 2 1 1.20382e-200
1 38 3 1 111048
1 38 4 1 9976.99
1 39 1 1 900.05
1 39 2 1 3.59574e-202
1 39 3 1 54125.2
1 39 4 1 2625.2
1 40 1 1 817.865
1 40 2 1 4.85085e-204
1 40 3 1 23358.7
1 40 4 1 1664.58
1 41 1 1 835.927
1 41 2 1 1.4918e-206
1 41 3 1 1250.42
1 41 4 1 627.018
1 42 1 1 273.976
1 42 2 1 1.09919e-208
1 42 3 1 112.968
1 42 4 1 206.008
2 1 1 1 225141
2 1 2 1 1.02329e-263
2 1 3 1 339424
2 1 4 1 60215.3
2 2 1 1 19288.2
2 2 2 1 5.92812e-209
2 2 3 1 11183
2 2 4 1 2272.91
2 3 1 1 7203.13
2 3 2 1 2.24267e-186
2 3 3 1 11833
2 3 4 1 480.102
2 4 1 1 15915.1
2 4 2 1 2.81264e-192
2 4 3 1 5446.16
2 4 4 1 975.187
2 5 1 1 26287.1
2 5 2 1 5.4924e-195
2 5 3 1 6581.92
2 5 4 1 749.446
2 6 1 1 7453.04
2 6 2 1 6.30926e-199
2 6 3 1 1002.72
2 6 4 1 202.834
2 7 1 1 3785.01
2 7 2 1 4.33375e-201
2 7 3 1 253.455
2 7 4 1 196.632
2 8 1 1 6081.49
2 8 2 1 1.70529e-203
2 8 3 1 27.5753
2 8 4 1 55.2279
2 9 1 1 1282.51
2 9 2 1 5.57872e-205
2 9 3 1 21.2627
2 9 4 1 72.0292
2 10 1 1 3783.29
2 10 2 1 2.14861e-206
2 10 3 1 17.8475
2 10 4 1 115.628
2 11 1 1 2484.1
2 11 2 1 4.66449e-208
2 11 3 1 13.3857
2 11 4 1 44.299
2 12 1 1 1174.14
2 12 2 1 2.31201e-203
2 12 3 1 7.42544
2 12 4 1 42.3971
2 13 1 1 1201.15
2 13 2 1 3.40114e-207
2 13 3 1 19.9665
2 13 4 1 37.3238
2 14 1 1 559.337
2 14 2 1 2.61222e-208
2 14 3 1 20.8596
2 14 4 1 26.6603
2 15 1 1 414.779
2 15 2 1 5.58085e-203
2 15 3 1 19.266
2 15 4 1 15.7998
2 16 1 1 320.678
2 16 2 1 1.1646e-188
2 16 3 1 49.9764
2 16 4 1 16.448
2 17 1 1 309.482
2 17 2 1 2.79677e-201
2 17 3 1 15.7093
2 17 4 1 13.7169
2 18 1 1 165.048
2 18 2 1 1.63162e-205
2 18 3 1 5.24269
2 18 4 1 6.11578
2 19 1 1 94.7998
2 19 2 1 2.00309e-187
2 19 3 1 5.68948
2 19 4 1 7.8993
2 20 1 1 132.17
2 20 2 1 2.4266e-191
2 20 3 1 2.77933
2 20 4 1 13.6903
2 21 1 1 198.157
2 21 2 1 2.024e-193
2 21 3 1 2.38083
2 21 4 1 16.7931
2 22 1 1 355.322
2 22 2 1 1.97962e-195
2 22 3 1 10.3521
2 22 4 1 36.0446
2 23 1 1 479.894
2 23 2 1 3.86644e-197
2 23 3 1 17.4571
2 23 4 1 34.6036
2 24 1 1 175.968
2 24 2 1 1.3956e-198
2 24 3 1 7.26929
2 24 4 1 21.841
2 25 1 1 189.582
2 25 2 1 6.59365e-202
2 25 3 1 2.94781
2 25 4 1 13.7451
2 26 1 1 152.028
2 26 2 1 1.34692e-192
2 26 3 1 3.65412
2 26 4 1 11.1741
2 27 1 1 187.51
2 27 2 1 2.07692e-179
2 27 3 1 4.37814
2 27 4 1 10.7033
2 28 1 1 183.061
2 28 2 1 3.33474e-182
2 28 3 1 5.55145
2 28 4 1 26.4015
2 29 1 1 375.008
2 29 2 1 1.63347e-184
2 29 3 1 7.84758
2 29 4 1 39.7869
2 30 1 1 385.911
2 30 2 1 5.43672e-186
2 30 3 1 29.1361
2 30 4 1 62.255
2 31 1 1 841.439
2 31 2 1 1.80244e-187
2 31 3 1 122.401
2 31 4 1 64.8489
2 32 1 1 1021.62
2 32 2 1 3.52551e-189
2 32 3 1 60.4855
2 32 4 1 93.8139
2 33 1 1 713.49
2 33 2 1 3.31864e-191
2 33 3 1 11.5621
2 33 4 1 47.9282
2 34 1 1 91.4682
2 34 2 1 2.09178e-193
2 34 3 1 3.03731
2 34 4 1 32.4414
2 35 1 1 187.662
2 35 2 1 5.33371e-196
2 35 3 1 1.3332
2 35 4 1 30.3691
2 36 1 1 116.331
2 36 2 1 1.95171e-198
2 36 3 1 10.3924
2 36 4 1 50.4656
2 37 1 1 263.983
2 37 2 1 6.23315e-200
2 37 3 1 86.2817
2 37 4 1 183.184
2 38 1 1 603.397
2 38 2 1 2.79167e-201
2 38 3 1 202.431
2 38 4 1 297.865
2 39 1 1 354.512
2 39 2 1 8.39165e-203
2 39 3 1 145.633
2 39 4 1 135.675
2 40 1 1 33.6241
2 40 2 1 1.11346e-204
2 40 3 1 71.5404
2 40 4 1 46.6323
2 41 1 1 42.8491
2 41 2 1 3.48171e-207
2 41 3 1 15.357
2 41 4 1 24.097
2 42 1 1 31.501
2 42 2 1 2.56542e-209
2 42 3 1 2.34635
2 42 4 1 7.31496
full time series of predicted catch
fleet year spp area pred_catch
1 1 1 1 16129.2
1 1 4 1 6530.22
1 2 1 1 19154.9
1 2 4 1 4314.52
1 3 1 1 17345.6
1 3 4 1 6551.39
1 4 1 1 19958.3
1 4 4 1 6478.19
1 5 1 1 25702.3
1 5 4 1 8254.97
1 6 1 1 15537.8
1 6 4 1 8491.49
1 7 1 1 15435.6
1 7 4 1 6078.26
1 8 1 1 13705.7
1 8 4 1 6660.39
1 9 1 1 12961.1
1 9 4 1 6619.15
1 10 1 1 16878.8
1 10 4 1 7074.79
1 11 1 1 20114.3
1 11 4 1 8066.52
1 12 1 1 17875.7
1 12 4 1 9490.62
1 13 1 1 18347.8
1 13 4 1 13697.3
1 14 1 1 15884.4
1 14 4 1 12335.2
1 15 1 1 12479.7
1 15 4 1 8292.54
1 16 1 1 8683.65
1 16 4 1 5901.21
1 17 1 1 8161.38
1 17 4 1 12337.1
1 18 1 1 4803.65
1 18 4 1 4746.82
1 19 1 1 3961.26
1 19 4 1 5567.12
1 20 1 1 5283.06
1 20 4 1 9253.88
1 21 1 1 4053.03
1 21 4 1 4181.72
1 22 1 1 5194.73
1 22 4 1 4511.39
1 23 1 1 4439.77
1 23 4 1 7559.59
1 24 1 1 6275.7
1 24 4 1 6924.99
1 25 1 1 4316.82
1 25 4 1 6044.53
1 26 1 1 5734.45
1 26 4 1 4460.04
1 27 1 1 2098.79
1 27 4 1 3030.07
1 28 1 1 1908.35
1 28 4 1 1804.5
1 29 1 1 2395.7
1 29 4 1 4862.73
1 30 1 1 3423.26
1 30 4 1 3457.35
1 31 1 1 4119.17
1 31 4 1 2180.71
1 32 1 1 3950.17
1 32 4 1 3672.71
1 33 1 1 1739.81
1 33 4 1 2957.62
1 34 1 1 2002.72
1 34 4 1 3083.14
1 35 1 1 1254.9
1 35 4 1 3394.2
1 36 1 1 682.266
1 36 4 1 2812.59
1 37 1 1 1092.53
1 37 4 1 4920.62
1 38 1 1 1070.52
1 38 4 1 4265.04
1 39 1 1 865.34
1 39 4 1 5137.5
1 40 1 1 572.975
1 40 4 1 3812.13
1 41 1 1 630.015
1 41 4 1 3431.28
1 42 1 1 369.84
1 42 4 1 2420.56
2 1 2 1 1359.6
2 1 3 1 484.898
2 2 2 1 878.712
2 2 3 1 236.489
2 3 2 1 1501.54
2 3 3 1 325.861
2 4 2 1 907.127
2 4 3 1 387.85
2 5 2 1 1273.24
2 5 3 1 2887.04
2 6 2 1 1174.3
2 6 3 1 3515.18
2 7 2 1 730.044
2 7 3 1 2676.54
2 8 2 1 947.983
2 8 3 1 2600.62
2 9 2 1 879.13
2 9 3 1 3390.91
2 10 2 1 809.371
2 10 3 1 2482.25
2 11 2 1 1075.38
2 11 3 1 3253.78
2 12 2 1 965.923
2 12 3 1 593.954
2 13 2 1 3537.47
2 13 3 1 2295.92
2 14 2 1 1809.39
2 14 3 1 1321.98
2 15 2 1 1131.07
2 15 3 1 978.035
2 16 2 1 2644.27
2 16 3 1 931.722
2 17 2 1 2063.73
2 17 3 1 16450.6
2 18 2 1 26.5407
2 18 3 1 1220.2
2 19 2 1 3773.06
2 19 3 1 868.091
2 20 2 1 6048.15
2 20 3 1 727.357
2 21 2 1 14008.8
2 21 3 1 508.427
2 22 2 1 14898.3
2 22 3 1 2383.88
2 23 2 1 9479.32
2 23 3 1 1029.78
2 24 2 1 21555.3
2 24 3 1 227.175
2 25 2 1 9956.85
2 25 3 1 920.964
2 26 2 1 13435.7
2 26 3 1 2135.19
2 27 2 1 12938.4
2 27 3 1 2455.34
2 28 2 1 9059.23
2 28 3 1 677.633
2 29 2 1 10590.2
2 29 3 1 1536.66
2 30 2 1 7932.27
2 30 3 1 2192.2
2 31 2 1 8186.95
2 31 3 1 1663.8
2 32 2 1 17943.1
2 32 3 1 621.155
2 33 2 1 10404.7
2 33 3 1 164.487
2 34 2 1 18975.3
2 34 3 1 130.824
2 35 2 1 18097.6
2 35 3 1 149.108
2 36 2 1 21395.1
2 36 3 1 2099.38
2 37 2 1 19219.7
2 37 3 1 2271.49
2 38 2 1 17612.9
2 38 3 1 1065.42
2 39 2 1 10856.7
2 39 3 1 944.77
2 40 2 1 6934.19
2 40 3 1 1597.62
2 41 2 1 5998.82
2 41 3 1 1029.69
2 42 2 1 1485.14
2 42 3 1 282.504
full time series of survey length comp
survey year spp area catch-at-size
1 1 1 2  530.402 30674.2 19534 1058.13 0.0214346
1 1 2 2  0 0 0 0 1.2635e-263
1 1 3 2  30.6594 83796.9 167120 74244.6 9.87431e-16
1 1 4 2  244633 61029.3 239598 13148.4 1.73732e-12
1 2 1 2  32535.3 30307.1 1083.36 217.932 2.64582e-12
1 2 2 2  0 1.3094e-205 0 0 3.61941e-276
1 2 3 2  0.000515089 119.858 2345.46 2574.26 3.97475e-17
1 2 4 2  148.3 1070.5 8761.62 584.091 1.18831e-42
1 3 1 2  51583.1 47990.8 488.718 8.19941 1.26031e-178
1 3 2 2  0 4.95358e-183 1.32449e-209 0 1.45818e-277
1 3 3 2  3.17909e+06 2.61645e+06 89.7105 135.427 2.02458e-18
1 3 4 2  1.45215e+06 362311 178.637 9.36999 0
1 4 1 2  144616 133944 991.116 5.06235 2.943e-267
1 4 2 2  0 3.99118e-190 3.37069e-190 1.95758e-212 6.63757e-279
1 4 3 2  11952.5 79940.9 30456.2 9.09097 1.29322e-19
1 4 4 2  1.37575e+06 360636 2547.01 0.3654 0
1 5 1 2  55248.7 55222.1 2444.83 7.75952 0
1 5 2 2  0 1.3689e-198 1.02342e-193 5.25573e-194 1.31958e-280
1 5 3 2  1.48848e+06 1.22713e+06 2174.26 225.112 7.86786e-21
1 5 4 2  910212 241507 2151.55 2.54945 0
1 6 1 2  302.395 1645.38 732.922 10.0863 0
1 6 2 2  0 1.69353e-221 1.00501e-201 7.06529e-198 4.55148e-283
1 6 3 2  13365.7 22356.2 4984.46 18.5479 4.05599e-22
1 6 4 2  115065 33873.5 761.286 0.422947 0
1 7 1 2  69415.6 63431.4 61.34 7.10625 0
1 7 2 2  0 1.75117e-232 2.51269e-205 4.85311e-200 9.44788e-285
1 7 3 2  3217.81 3130.24 430.361 40.1703 2.47295e-23
1 7 4 2  472261 119330 245.72 1.34968 0
1 8 1 2  114.355 1347.49 627.048 0.125563 0
1 8 2 2  0 9.24524e-242 6.55948e-209 1.90966e-202 1.09601e-286
1 8 3 2  4125.98 3406.3 11.3489 2.63355 1.19146e-24
1 8 4 2  16827.3 5755.62 227.25 0.00780293 0
1 9 1 2  18543.9 16972 37.8308 3.77409 0
1 9 2 2  0 1.41895e-249 5.71647e-211 6.24729e-204 4.36923e-288
1 9 3 2  4174.63 3507.87 31.7499 0.214622 6.82131e-26
1 9 4 2  216838 54295.5 31.3949 0.118128 0
1 10 1 2  18962.1 17917.3 306.712 0.215511 0
1 10 2 2  0 8.88223e-257 5.74417e-213 2.40611e-205 2.06338e-289
1 10 3 2  3139.42 2654.63 32.1642 0.25867 4.23886e-27
1 10 4 2  158465 41646.2 308.403 0.0136763 0
1 11 1 2  5050.16 5066.89 232.441 0.545678 0
1 11 2 2  0 3.55032e-264 2.96995e-215 5.22349e-207 6.12284e-291
1 11 3 2  2753.62 2301.32 16.2206 0.189167 2.35201e-28
1 11 4 2  50861.4 13589.8 131.528 0.00661609 0
1 12 1 2  9389.97 8722.05 78.0227 0.576042 0
1 12 2 2  0 5.10674e-200 4.01626e-217 1.96264e-208 2.7139e-292
1 12 3 2  924.702 807.134 20.6628 0.123782 1.38558e-29
1 12 4 2  99588.5 25232.8 56.7282 0.0066631 0
1 13 1 2  3932.26 3801.07 106.654 0.0357185 0
1 13 2 2  0 2.05169e-205 4.2362e-205 5.52105e-210 9.08048e-294
1 13 3 2  5055.64 4177.86 8.20199 0.152267 8.26011e-31
1 13 4 2  73593.7 18833.4 69.0765 3.4652e-05 0
1 14 1 2  3222.1 3027.52 43.509 0.0317282 0
1 14 2 2  0 1.28255e-207 4.85765e-207 2.49401e-207 3.42925e-295
1 14 3 2  3836.34 3248.22 39.7879 0.0659909 4.89984e-32
1 14 4 2  55169.6 14077.5 45.8072 1.37496e-05 0
1 15 1 2  2145.87 2025.15 33.3897 0.00728355 0
1 15 2 2  0 1.23269e-199 5.13045e-209 1.04933e-208 1.31985e-296
1 15 3 2  3412.46 2882.39 33.7665 0.299869 2.98958e-33
1 15 4 2  29806.3 7648.98 31.0712 2.01034e-06 0
1 16 1 2  2181.01 2037.66 23.5216 0.00638169 0
1 16 2 2  0 2.57236e-185 5.22191e-204 4.00504e-210 5.1256e-298
1 16 3 2  11778.8 9783.04 40.1889 0.292861 1.85035e-34
1 16 4 2  41036.8 10366.2 18.7525 1.92477e-06 0
1 17 1 2  1370.3 1302.31 25.918 0.00774395 0
1 17 2 2  0 1.68713e-199 3.48395e-199 1.19299e-208 5.85933e-301
1 17 3 2  69.4302 238.443 80.4291 0.312451 1.06404e-35
1 17 4 2  24135.8 6222.46 29.34 4.75796e-06 0
1 18 1 2  658.275 628.961 14.1405 0.00408945 0
1 18 2 2  0 2.65523e-223 3.0402e-204 1.56132e-204 6.27354e-303
1 18 3 2  503.009 418.814 5.42282 0.605801 6.43861e-37
1 18 4 2  10547.5 2723.03 13.3716 1.10679e-06 0
1 19 1 2  733.588 682.71 6.56627 0.00116062 0
1 19 2 2  0 4.42441e-184 1.94474e-206 3.29593e-206 1.02476e-304
1 19 3 2  1239.7 1032.46 5.53253 0.0787256 3.90044e-38
1 19 4 2  22351.1 5613.13 5.41636 9.13293e-08 0
1 20 1 2  1180.85 1094.77 8.46152 0.0015041 0
1 20 2 2  0 1.46384e-189 3.02283e-189 4.11632e-208 1.27809e-306
1 20 3 2  138.885 140.871 11.7989 0.0504805 2.40412e-39
1 20 4 2  34518.5 8715.1 15.1169 5.32045e-07 0
1 21 1 2  1313.59 1228.27 14.6835 0.00420554 0
1 21 2 2  0 2.64651e-194 3.77536e-192 1.9363e-192 4.24422e-309
1 21 3 2  458.505 381.048 2.11438 0.0932014 1.41216e-40
1 21 4 2  35668.1 9087.58 27.6077 1.12281e-05 0
1 22 1 2  3735.43 3449.9 20.1984 0.0291977 0
1 22 2 2  0 5.69128e-200 1.22588e-194 2.10967e-194 3.56594e-311
1 22 3 2  2654.69 2195.9 4.89872 0.0227715 8.56059e-42
1 22 4 2  88867.5 22461.6 42.5349 0.000763541 0
1 23 1 2  1039.4 1037.99 44.9587 0.0101283 0
1 23 2 2  0 2.84463e-196 9.02413e-197 4.23647e-196 7.3224e-313
1 23 3 2  3671.08 3077.14 24.4445 0.0384197 5.20455e-43
1 23 4 2  65474 16798.9 67.7856 3.24361e-05 0
1 24 1 2  1473.62 1368.34 11.6719 0.00937865 0
1 24 2 2  0 2.69963e-195 1.66514e-199 1.92696e-198 3.65381e-315
1 24 3 2  117.336 174.434 34.7994 0.174752 2.96812e-44
1 24 4 2  44003.4 11246.1 39.1477 5.31946e-06 0
1 25 1 2  808.396 769.745 16.0196 0.00283221 0
1 25 2 2  0 1.87433e-201 4.08555e-201 7.0171e-201 1.5787e-317
1 25 3 2  387.225 322.355 2.97563 0.254457 1.72237e-45
1 25 4 2  25598.2 6574.53 27.4815 4.49645e-06 0
1 26 1 2  1442.29 1335.19 9.35469 0.00441611 0
1 26 2 2  0 2.97507e-189 1.93724e-204 8.95505e-204 2.0232e-320
1 26 3 2  818.863 681.629 3.46271 0.0351607 9.71854e-47
1 26 4 2  24452.4 6219.51 17.3938 4.41501e-06 0
1 27 1 2  491.355 482.628 17.1906 0.00457417 0
1 27 2 2  0 4.58747e-176 1.52135e-195 3.14635e-207 9.88131e-324
1 27 3 2  883.663 741.962 6.51388 0.0249609 5.2773e-48
1 27 4 2  22147.5 5651.34 18.3922 1.24397e-05 0
1 28 1 2  2276.54 2094.95 8.68915 0.0641305 0
1 28 2 2  0 6.06688e-179 7.53099e-181 3.13046e-198 0
1 28 3 2  1018.22 859.871 9.79299 0.0538334 3.17359e-49
1 28 4 2  65564.4 16565.4 30.5094 0.0026414 0
1 29 1 2  1219.31 1179.06 33.3147 0.016949 0
1 29 2 2  0 2.10308e-184 3.41297e-183 1.52973e-183 0
1 29 3 2  1646.39 1376.21 9.63335 0.0782791 1.91867e-50
1 29 4 2  79010.8 20210.7 72.8721 0.000802681 0
1 30 1 2  4130.16 3811.43 21.249 0.136399 0
1 30 2 2  0 1.35904e-183 3.27425e-185 5.11294e-185 0
1 30 3 2  7281.24 6031.14 17.1933 0.0820649 1.18196e-51
1 30 4 2  126822 32389.1 109.656 0.0133165 0
1 31 1 2  4500.69 4240.72 66.8728 0.076321 0
1 31 2 2  0 3.16776e-188 5.47029e-187 1.97045e-186 0
1 31 3 2  30279.7 25110 83.0543 0.148114 7.42164e-53
1 31 4 2  88715.7 23318 173.162 0.0141956 0
1 32 1 2  6159 5772.78 77.2256 0.354872 0
1 32 2 2  0 2.35363e-189 4.06139e-189 3.91131e-188 0
1 32 3 2  446.966 1093.25 318.791 0.661936 4.51094e-54
1 32 4 2  214308 54372.5 133.633 0.0625094 0
1 33 1 2  54.3539 192.934 72.8914 0.155946 0
1 33 2 2  0 3.3438e-194 1.09361e-191 3.70679e-190 0
1 33 3 2  607.972 515.129 15.3932 1.61876 2.39546e-55
1 33 4 2  37767 10558.2 165.757 0.00403374 0
1 34 1 2  1283.98 1177.47 3.30113 0.145468 0
1 34 2 2  0 1.22263e-199 3.08158e-194 2.33977e-192 0
1 34 3 2  332.597 286.967 6.31247 0.179773 1.30293e-56
1 34 4 2  78549.4 19871.2 40.221 0.00484795 0
1 35 1 2  461.728 455.876 17.3375 0.00424075 0
1 35 2 2  0 7.76726e-206 3.08205e-197 5.97021e-195 0
1 35 3 2  158.811 137.235 3.09088 0.0546505 7.49876e-58
1 35 4 2  45360.6 11836.9 75.9272 0.000358441 0
1 36 1 2  789.095 736.244 8.30264 0.0705697 0
1 36 2 2  0 1.18332e-211 4.93796e-200 2.18517e-197 0
1 36 3 2  2812.71 2318.86 1.85378 0.0270428 4.39424e-59
1 36 4 2  120509 30506.6 64.8366 0.0136767 0
1 37 1 2  2821.89 2604.82 14.6931 0.0525378 0
1 37 2 2  0 1.42254e-204 7.28643e-202 6.97951e-199 0
1 37 3 2  22520.2 18619.3 36.9444 0.0185673 2.81292e-60
1 37 4 2  460564 116292 203.962 0.0365943 0
1 38 1 2  2400.82 2292.94 51.4335 0.0969929 0
1 38 2 2  0 2.22365e-201 1.4733e-203 3.12498e-200 0
1 38 3 2  42398.3 35556.8 289.575 0.331718 1.8137e-61
1 38 4 2  426437 111646 769.477 0.12834 0
1 39 1 2  63.9594 128.776 35.9417 0.109928 0
1 39 2 2  0 1.34001e-206 1.82966e-205 9.39717e-202 0
1 39 3 2  18776.1 16343 398.698 2.16184 1.11221e-62
1 39 4 2  103747 29126.2 473.488 0.0257829 0
1 40 1 2  238.259 221.239 2.1797 0.0704229 0
1 40 2 2  0 2.36307e-204 6.12773e-208 1.2457e-203 0
1 40 3 2  8063.61 7009.35 177.367 2.84001 6.52986e-64
1 40 4 2  71595.9 18640.9 113.916 0.012809 0
1 41 1 2  236.929 222.943 3.37013 0.00426613 0
1 41 2 2  0 1.2913e-211 5.99583e-211 3.89897e-206 0
1 41 3 2  103.808 194.466 53.9697 1.32285 3.82695e-65
1 41 4 2  26004.3 6993.2 73.8057 0.00301779 0
1 42 1 2  66.7493 66.7632 2.94968 0.00293852 0
1 42 2 2  0 2.79135e-217 9.75143e-214 2.87286e-208 0
1 42 3 2  21.3501 20.3658 3.15316 0.413667 2.2439e-66
1 42 4 2  8632.3 2300.29 21.4035 0.000238278 0
2 1 1 2  0.865585 9735.87 317248 23042.7 0.467587
2 1 2 2  0 0 0 0 5.51254e-264
2 1 3 2  1.65112 40191.8 713186 2.79438e+06 3.04308e-13
2 1 4 2  20.0466 1161.79 196777 13136.3 1.73732e-12
2 2 1 2  53.0957 9619.34 17594.7 4745.88 5.77175e-11
2 2 2 2  0 7.22699e-208 0 0 1.57911e-276
2 2 3 2  2.77394e-05 57.4882 10009.3 96888.7 1.22494e-14
2 2 4 2  0.0121525 20.3787 7195.75 583.557 1.18831e-42
2 3 1 2  84.1805 15232.1 7937.18 178.558 2.74931e-177
2 3 2 2  0 2.73405e-185 3.14076e-211 0 6.36192e-278
2 3 3 2  171206 1.25494e+06 382.84 5097.13 6.23938e-16
2 3 4 2  118.998 6897.15 146.711 9.36142 0
2 4 1 2  236.005 42513.2 16096.5 110.242 6.42004e-266
2 4 2 2  0 2.20286e-192 7.99289e-192 1.99333e-213 2.89591e-279
2 4 3 2  643.688 38342.4 129972 342.161 3.98548e-17
2 4 4 2  112.737 6865.27 2091.81 0.365066 0
2 5 1 2  90.1627 17527.3 39706.1 168.978 0
2 5 2 2  0 7.55539e-201 2.42683e-195 5.35172e-195 5.75722e-281
2 5 3 2  80160.2 588572 9278.67 8472.63 2.42473e-18
2 5 4 2  74.5878 4597.46 1767.03 2.54712 0
2 6 1 2  0.493491 522.238 11903.3 219.648 0
2 6 2 2  0 9.34714e-224 2.38318e-203 7.19433e-199 1.98576e-283
2 6 3 2  719.792 10722.8 21271.2 698.096 1.24998e-19
2 6 4 2  9.4291 644.836 625.229 0.422561 0
2 7 1 2  113.282 20132.8 996.213 154.752 0
2 7 2 2  0 9.66531e-235 5.95833e-207 4.94174e-201 4.12202e-285
2 7 3 2  173.291 1501.37 1836.57 1511.91 7.62117e-21
2 7 4 2  38.6996 2271.64 201.805 1.34845 0
2 8 1 2  0.186621 427.686 10183.8 2.73436 0
2 8 2 2  0 5.10276e-244 1.55544e-210 1.94454e-203 4.7818e-287
2 8 3 2  222.199 1633.78 48.4313 99.1202 3.67184e-22
2 8 4 2  1.37893 109.567 186.636 0.0077958 0
2 9 1 2  30.2626 5386.85 614.404 82.188 0
2 9 2 2  0 7.83163e-252 1.35554e-212 6.36139e-205 1.90625e-288
2 9 3 2  224.819 1682.5 135.493 8.07784 2.1022e-23
2 9 4 2  17.7689 1033.6 25.784 0.11802 0
2 10 1 2  30.9451 5686.86 4981.25 4.69316 0
2 10 2 2  0 4.9024e-259 1.36211e-214 2.45005e-206 9.00231e-290
2 10 3 2  169.069 1273.25 137.261 9.7357 1.30634e-24
2 10 4 2  12.9855 792.801 253.285 0.0136638 0
2 11 1 2  8.24156 1608.21 3775.03 11.8832 0
2 11 2 2  0 1.95954e-266 7.04262e-217 5.31889e-208 2.67134e-291
2 11 3 2  148.293 1103.79 69.2213 7.11977 7.24845e-26
2 11 4 2  4.16786 258.703 108.021 0.00661004 0
2 12 1 2  15.3239 2768.34 1267.15 12.5444 0
2 12 2 2  0 2.81858e-202 9.52372e-219 1.99848e-209 1.18405e-292
2 12 3 2  49.7985 387.129 88.1788 4.65886 4.27009e-27
2 12 4 2  8.16083 480.347 46.5898 0.00665701 0
2 13 1 2  6.41722 1206.44 1732.15 0.777838 0
2 13 2 2  0 1.1324e-207 1.00453e-206 5.62188e-211 3.96172e-294
2 13 3 2  272.264 2003.84 35.002 5.73095 2.54561e-28
2 13 4 2  6.03067 358.523 56.7312 3.46203e-05 0
2 14 1 2  5.25828 960.92 706.622 0.690942 0
2 14 2 2  0 7.07884e-210 1.15189e-208 2.53956e-208 1.49615e-295
2 14 3 2  206.601 1557.96 169.795 2.48373 1.51004e-29
2 14 4 2  4.5209 267.987 37.6206 1.37371e-05 0
2 15 1 2  3.50193 642.773 542.275 0.158613 0
2 15 2 2  0 6.80363e-202 1.21658e-210 1.0685e-209 5.75838e-297
2 15 3 2  183.773 1382.49 144.099 11.2863 9.21334e-31
2 15 4 2  2.4425 145.61 25.5181 2.0085e-06 0
2 16 1 2  3.55928 646.744 382.01 0.138974 0
2 16 2 2  0 1.41977e-187 1.23827e-205 4.07819e-211 2.23625e-298
2 16 3 2  634.329 4692.28 171.506 11.0225 5.70245e-32
2 16 4 2  3.36279 197.337 15.4011 1.92301e-06 0
2 17 1 2  2.23625 413.347 420.929 0.168639 0
2 17 2 2  0 9.31184e-202 8.26147e-201 1.21478e-209 2.55637e-301
2 17 3 2  3.73907 114.365 343.232 11.7599 3.27916e-33
2 17 4 2  1.97782 118.454 24.0964 4.75361e-06 0
2 18 1 2  1.07427 199.629 229.653 0.0890556 0
2 18 2 2  0 1.46551e-225 7.20922e-206 1.58984e-205 2.73708e-303
2 18 3 2  27.0889 200.877 23.1419 22.8008 1.98426e-34
2 18 4 2  0.864323 51.8372 10.9818 1.10578e-06 0
2 19 1 2  1.19717 216.689 106.642 0.0252748 0
2 19 2 2  0 2.44198e-186 4.61155e-208 3.35613e-207 4.47094e-305
2 19 3 2  66.7623 495.204 23.6101 2.96303 1.20204e-35
2 19 4 2  1.83157 106.855 4.44835 9.12458e-08 0
2 20 1 2  1.92707 347.475 137.422 0.0327545 0
2 20 2 2  0 8.07939e-192 7.16802e-191 4.1915e-209 5.57616e-307
2 20 3 2  7.47945 67.5666 50.3518 1.89996 7.40904e-37
2 20 4 2  2.82864 165.906 12.4152 5.31559e-07 0
2 21 1 2  2.1437 389.849 238.472 0.0915837 0
2 21 2 2  0 1.46069e-196 8.95248e-194 1.97167e-193 1.85171e-309
2 21 3 2  24.6921 182.764 9.02311 3.50786 4.35203e-38
2 21 4 2  2.92285 172.996 22.6736 1.12178e-05 0
2 22 1 2  6.09601 1094.98 328.038 0.635836 0
2 22 2 2  0 3.14121e-202 2.90693e-196 2.1482e-195 1.55579e-311
2 22 3 2  142.965 1053.23 20.9053 0.857062 2.63821e-39
2 22 4 2  7.28229 427.592 34.9331 0.000762843 0
2 23 1 2  1.69624 329.452 730.167 0.220564 0
2 23 2 2  0 1.57005e-198 2.13989e-198 4.31384e-197 3.19469e-313
2 23 3 2  197.701 1475.9 104.317 1.44602 1.60394e-40
2 23 4 2  5.3653 319.793 55.671 3.24064e-05 0
2 24 1 2  2.40486 434.307 189.562 0.204238 0
2 24 2 2  0 1.49001e-197 3.94854e-201 1.96215e-199 1.59412e-315
2 24 3 2  6.31897 83.6644 148.506 6.57721 9.14721e-42
2 24 4 2  3.60588 214.088 32.1512 5.3146e-06 0
2 25 1 2  1.31925 244.314 260.172 0.0616767 0
2 25 2 2  0 1.03451e-203 9.68804e-203 7.14525e-202 6.8877e-318
2 25 3 2  20.8535 154.612 12.6985 9.57711 5.30802e-43
2 25 4 2  2.09766 125.157 22.57 4.49234e-06 0
2 26 1 2  2.35373 423.783 151.928 0.0961692 0
2 26 2 2  0 1.64204e-191 4.59377e-206 9.1186e-205 8.82895e-321
2 26 3 2  44.0987 326.932 14.7771 1.32336 2.99507e-44
2 26 4 2  2.00377 118.398 14.2852 4.41097e-06 0
2 27 1 2  0.801863 153.184 279.19 0.0996112 0
2 27 2 2  0 2.53198e-178 3.60757e-197 3.20381e-208 4.94066e-324
2 27 3 2  47.5884 355.87 27.798 0.939465 1.62637e-45
2 27 4 2  1.81489 107.582 15.1051 1.24283e-05 0
2 28 1 2  3.71518 664.929 141.119 1.39656 0
2 28 2 2  0 3.34851e-181 1.78582e-182 3.18763e-199 0
2 28 3 2  54.8347 412.424 41.7916 2.02615 9.78041e-47
2 28 4 2  5.37271 315.349 25.0567 0.00263899 0
2 29 1 2  1.98984 374.229 541.058 0.369098 0
2 29 2 2  0 1.16076e-186 8.09314e-185 1.55766e-184 0
2 29 3 2  88.6643 660.076 41.1104 2.94623 5.91298e-48
2 29 4 2  6.47458 384.743 59.8484 0.000801947 0
2 30 1 2  6.74017 1209.73 345.102 2.97035 0
2 30 2 2  0 7.501e-186 7.76421e-187 5.20632e-186 0
2 30 3 2  392.121 2892.74 73.3726 3.08871 3.64259e-49
2 30 4 2  10.3925 616.577 90.0586 0.0133043 0
2 31 1 2  7.34486 1345.99 1086.07 1.66203 0
2 31 2 2  0 1.74839e-190 1.29717e-188 2.00644e-187 0
2 31 3 2  1630.67 12043.6 354.435 5.57465 2.28721e-50
2 31 4 2  7.26986 443.895 142.214 0.0141826 0
2 32 1 2  10.0511 1832.26 1254.21 7.72802 0
2 32 2 2  0 1.29905e-191 9.63074e-191 3.98274e-189 0
2 32 3 2  24.0707 524.359 1360.44 24.9136 1.39019e-51
2 32 4 2  17.5615 1035.07 109.75 0.0624522 0
2 33 1 2  0.0887023 61.2363 1183.82 3.39603 0
2 33 2 2  0 1.84555e-196 2.59327e-193 3.77449e-191 0
2 33 3 2  32.7415 247.074 65.6908 60.9262 7.38236e-53
2 33 4 2  3.09484 200.992 136.133 0.00403005 0
2 34 1 2  2.09538 373.724 53.613 3.16783 0
2 34 2 2  0 6.74809e-202 7.30734e-196 2.38251e-193 0
2 34 3 2  17.9115 137.639 26.9385 6.76621 4.01539e-54
2 34 4 2  6.43677 378.279 33.0327 0.00484352 0
2 35 1 2  0.753513 144.693 281.576 0.0923505 0
2 35 2 2  0 4.28701e-208 7.30845e-199 6.07925e-196 0
2 35 3 2  8.55255 65.8228 13.1903 2.05691 2.31098e-55
2 35 4 2  3.7171 225.335 62.3575 0.000358114 0
2 36 1 2  1.28776 233.68 134.842 1.53679 0
2 36 2 2  0 6.53116e-214 1.17093e-201 2.22508e-198 0
2 36 3 2  151.475 1112.2 7.91103 1.01782 1.35422e-56
2 36 4 2  9.87517 580.742 53.249 0.0136642 0
2 37 1 2  4.60516 826.757 238.627 1.14411 0
2 37 2 2  0 7.8515e-207 1.72782e-203 7.10698e-200 0
2 37 3 2  1212.8 8930.47 157.66 0.698825 8.6689e-58
2 37 4 2  37.7412 2213.81 167.51 0.0365608 0
2 38 1 2  3.91799 727.769 835.323 2.11221 0
2 38 2 2  0 1.22731e-203 3.49363e-205 3.18205e-201 0
2 38 3 2  2283.3 17054.2 1235.76 12.485 5.58948e-59
2 38 4 2  34.9446 2125.35 631.956 0.128223 0
2 39 1 2  0.104378 40.8731 583.722 2.39389 0
2 39 2 2  0 7.39598e-209 4.33866e-207 9.56879e-203 0
2 39 3 2  1011.16 7838.64 1701.45 81.3663 3.42763e-60
2 39 4 2  8.50158 554.463 388.867 0.0257593 0
2 40 1 2  0.388825 70.2202 35.4 1.53359 0
2 40 2 2  0 1.30426e-206 1.45306e-209 1.26845e-204 0
2 40 3 2  434.255 3361.92 756.917 106.891 2.01238e-61
2 40 4 2  5.86697 354.859 93.5572 0.0127973 0
2 41 1 2  0.386653 70.761 54.7336 0.0929031 0
2 41 2 2  0 7.12711e-214 1.42179e-212 3.97017e-207 0
2 41 3 2  5.59043 93.2727 230.316 49.7888 1.17939e-62
2 41 4 2  2.13094 133.126 60.6151 0.00301503 0
2 42 1 2  0.108931 21.1903 47.9052 0.0639918 0
2 42 2 2  0 1.54064e-219 2.31235e-215 2.92533e-209 0
2 42 3 2  1.14978 9.76813 13.4561 15.5694 6.91528e-64
2 42 4 2  0.707378 43.7897 17.5783 0.00023806 0
full time series of fishery length comp
fleet year spp area catch-at-size
1 1 1 1  20.5055 662.733 508.725 140.744 467.035
1 1 2 1  9.06207e-09 7.80673e-32 9.22454e-84 1.21118e-154 3.14395e-08
1 1 3 1  2.37454e-10 2.3908e-07 2.55934e-07 7.55235e-08 1.5669e-27
1 1 4 1  598.792 4.8235e-35 3088.08 114.997 0.00855923
1 2 1 1  100961 59.2364 327.43 530.102 0.0556203
1 2 2 1  1.09336e-06 0 0 0 1.57044e-278
1 2 3 1  1.63113e-08 8.7389e-09 2.65211e-08 1.43722e-08 2.46726e-28
1 2 4 1  588.585 9.51267 447.114 661.47 2.25556e-13
1 3 1 1  75346.8 1236.27 324.52 516.636 7.75505e-12
1 3 2 1  0.000172973 9.52349e-219 0 0 7.3612e-289
1 3 3 1  0.000397642 4.63371e-10 9.06477e-09 1.06906e-08 2.00932e-28
1 3 4 1  119281 3.80843 266.743 72.8292 1.60465e-43
1 4 1 1  159795 1128.52 84.5677 16.674 3.6712e-178
1 4 2 1  1.31629e-05 1.04301e-196 8.33723e-223 0 1.62377e-290
1 4 3 1  5.64739e-06 5.0138e-06 1.96043e-10 3.22556e-10 5.78633e-30
1 4 4 1  128923 743.177 3.39258 1.09909 0
1 5 1 1  140084 7345.62 382.55 12.5818 8.64011e-267
1 5 2 1  2.05239e-05 1.77655e-203 3.63255e-203 3.2418e-225 1.44298e-291
1 5 3 1  0.000484021 3.66567e-07 1.54781e-07 5.0948e-11 8.78441e-31
1 5 4 1  153350 1693.66 97.4771 0.0464662 0
1 6 1 1  4572.26 6257.36 1831.99 21.1519 0
1 6 2 1  5.52741e-06 4.95349e-212 1.07488e-206 1.13713e-206 4.60505e-293
1 6 3 1  6.64047e-05 1.00219e-05 2.17407e-08 2.64847e-09 1.16417e-31
1 6 4 1  151794 2201.84 135.229 0.335376 0
1 7 1 1  127314 45.8041 150.094 21.6376 0
1 7 2 1  1.40193e-06 2.86503e-235 5.28399e-215 5.94928e-211 4.99953e-296
1 7 3 1  5.35568e-05 4.88053e-08 1.28916e-08 5.23396e-11 1.37883e-33
1 7 4 1  126560 82.0619 16.7855 0.0507148 0
1 8 1 1  7954.25 11339.5 65.8911 19.9864 0
1 8 2 1  3.15154e-06 2.7102e-245 1.01749e-217 2.82365e-212 6.97615e-297
1 8 3 1  9.12124e-05 3.50502e-08 6.53381e-09 7.59979e-10 6.02046e-34
1 8 4 1  123550 1625.6 19.5709 0.179554 0
1 9 1 1  99667.9 109.448 344.633 0.329896 0
1 9 2 1  1.70487e-06 6.83802e-255 1.89115e-221 6.95979e-215 4.33121e-299
1 9 3 1  6.9715e-05 2.25835e-08 8.60209e-11 2.20092e-11 1.21347e-35
1 9 4 1  138589 39.7113 11.4879 0.00101293 0
1 10 1 1  130922 1633.85 23.5785 10.0656 0
1 10 2 1  2.15777e-06 1.31666e-262 1.95585e-223 2.73321e-216 2.07983e-300
1 10 3 1  7.0111e-05 2.64308e-08 2.8716e-10 2.13652e-12 8.18274e-37
1 10 4 1  144610 444.109 1.76049 0.015424 0
1 11 1 1  126277 3855.99 359.847 0.609535 0
1 11 2 1  3.06272e-06 1.96585e-269 4.19408e-225 2.23535e-217 2.1308e-301
1 11 3 1  9.80885e-05 4.42827e-08 6.49917e-10 5.96634e-12 1.20765e-37
1 11 4 1  161831 717.892 26.2319 0.00182336 0
1 12 1 1  138608 949.194 244.448 1.53092 0
1 12 2 1  6.21226e-06 9.31082e-277 2.23201e-227 4.65785e-219 5.87593e-303
1 12 3 1  4.0246e-05 3.55005e-08 2.9253e-10 3.77127e-12 5.69905e-39
1 12 4 1  197449 210.001 10.5068 0.00087961 0
1 13 1 1  125641 3228.53 124.529 1.6591 0
1 13 2 1  1.34469e-05 2.77372e-212 5.90934e-229 3.38674e-220 5.0384e-304
1 13 3 1  9.25371e-05 2.62942e-08 7.78357e-10 5.16973e-12 7.0256e-40
1 13 4 1  281131 732.635 5.77377 0.00089409 0
1 14 1 1  117886 1562.52 179.75 0.103165 0
1 14 2 1  1.13926e-05 1.25708e-217 7.22217e-217 1.11075e-221 1.96733e-305
1 14 3 1  8.68681e-05 1.55141e-07 3.49145e-10 7.17271e-12 4.72782e-41
1 14 4 1  253668 601.157 7.23257 4.6543e-06 0
1 15 1 1  93105.3 1430.4 78.1549 0.0919181 0
1 15 2 1  8.16264e-06 9.05898e-220 9.4279e-219 5.80772e-219 8.66086e-307
1 15 3 1  7.34755e-05 1.41528e-07 1.99591e-09 3.65087e-12 3.27963e-42
1 15 4 1  169493 509.612 4.9609 1.84877e-06 0
1 16 1 1  65113.7 941.311 59.3298 0.0210892 0
1 16 2 1  1.4875e-05 9.95701e-212 1.04321e-220 2.428e-220 3.24346e-308
1 16 3 1  5.42572e-05 1.32224e-07 1.68695e-09 1.62652e-11 1.95055e-43
1 16 4 1  121480 275.392 3.34899 2.7026e-07 0
1 17 1 1  62193.8 845.548 39.5155 0.0184262 0
1 17 2 1  1.00336e-06 5.55593e-198 3.75208e-216 3.84445e-222 5.47143e-310
1 17 3 1  8.13166e-05 3.42413e-07 1.70126e-09 1.35702e-11 1.02999e-44
1 17 4 1  256516 336.567 1.96508 2.58509e-07 0
1 18 1 1  34530.9 620.735 46.7704 0.0224398 0
1 18 2 1  1.4972e-07 2.56281e-212 2.56274e-211 1.63486e-220 1.1074e-312
1 18 3 1  7.29366e-05 1.02169e-08 4.06702e-09 1.74549e-11 7.19708e-46
1 18 4 1  97644.6 226.794 3.18431 6.39801e-07 0
1 19 1 1  30536.9 342.27 26.9547 0.0118795 0
1 19 2 1  7.46219e-06 2.38038e-235 6.18696e-216 3.54076e-216 1.49905e-314
1 19 3 1  1.80014e-05 2.27444e-08 3.24665e-10 3.93312e-11 5.02363e-47
1 19 4 1  116115 112.464 1.49285 1.48959e-07 0
1 20 1 1  43060.9 309.993 11.5028 0.00335798 0
1 20 2 1  7.59897e-06 2.88728e-196 2.93717e-218 5.6156e-218 1.84081e-316
1 20 3 1  9.24243e-06 4.33053e-08 2.66565e-10 4.11417e-12 2.44064e-48
1 20 4 1  192976 198.399 0.580205 1.22748e-08 0
1 21 1 1  31232.6 408.419 13.4599 0.00433064 0
1 21 2 1  7.76538e-06 7.24823e-202 2.94294e-201 4.39198e-220 1.43208e-318
1 21 3 1  2.92606e-06 4.77707e-09 4.4746e-10 2.08585e-12 1.19347e-49
1 21 4 1  85502.4 257.75 1.53939 7.13873e-08 0
1 22 1 1  42391.9 275.6 17.2077 0.0118865 0
1 22 2 1  6.84909e-06 7.62796e-207 2.46259e-204 1.39978e-204 3.21637e-321
1 22 3 1  1.15763e-05 7.56233e-09 4.65312e-11 2.21969e-12 4.02935e-51
1 22 4 1  93284.3 169.057 2.36936 1.49685e-06 0
1 23 1 1  25702.4 1270.64 32.0111 0.0840543 0
1 23 2 1  1.50729e-05 3.25231e-212 1.64069e-206 3.19359e-206 5.92879e-323
1 23 3 1  1.66193e-05 7.34764e-08 1.84259e-10 9.41222e-13 4.27044e-52
1 23 4 1  152671 653.104 4.31932 0.000102442 0
1 24 1 1  47709.3 466.457 78.929 0.029311 0
1 24 2 1  1.8264e-05 1.84366e-208 1.18045e-208 6.1064e-208 0
1 24 3 1  5.83988e-07 1.30552e-07 1.1445e-09 1.97334e-12 3.23481e-53
1 24 4 1  139870 583.137 7.2537 4.35969e-06 0
1 25 1 1  31458 600.745 20.241 0.0271237 0
1 25 2 1  7.68502e-06 1.52245e-207 1.98851e-211 2.59314e-210 0
1 25 3 1  7.41564e-06 6.81196e-09 1.5724e-09 8.72284e-12 1.79117e-54
1 25 4 1  123427 381.321 4.16551 7.1483e-07 0
1 26 1 1  46226.6 330.214 27.4088 0.00818539 0
1 26 2 1  6.63858e-06 1.01002e-213 4.07324e-213 7.60826e-213 0
1 26 3 1  1.10812e-05 1.25927e-08 1.31087e-10 1.22436e-11 9.97925e-56
1 26 4 1  91682.8 219.834 2.90525 6.04094e-07 0
1 27 1 1  13182.7 493.595 14.8676 0.0127152 0
1 27 2 1  4.14919e-06 1.27703e-201 1.4005e-216 6.99044e-216 0
1 27 3 1  8.13388e-06 2.20076e-08 1.26698e-10 1.41536e-12 4.7252e-57
1 27 4 1  61983.2 181.215 1.76848 5.9238e-07 0
1 28 1 1  15514.5 71.9401 15.1015 0.0126402 0
1 28 2 1  2.99364e-06 9.68607e-189 6.73164e-208 1.53074e-219 0
1 28 3 1  2.27392e-06 9.6461e-09 9.3052e-11 3.86153e-13 9.79896e-59
1 28 4 1  37262.3 71.2285 1.3151 1.64518e-06 0
1 29 1 1  16180.8 469.833 10.221 0.181314 0
1 29 2 1  5.9773e-06 1.8357e-191 5.1358e-193 2.40205e-210 0
1 29 3 1  9.04011e-06 1.64679e-08 2.13302e-10 1.28488e-12 9.1185e-60
1 29 4 1  99336.1 305.551 2.62143 0.000352167 0
1 30 1 1  27492.5 162.285 27.5835 0.0465852 0
1 30 2 1  5.20806e-06 4.31708e-197 1.6653e-195 8.40932e-196 0
1 30 3 1  1.51322e-05 1.62748e-08 1.2687e-10 1.12255e-12 3.30802e-61
1 30 4 1  70324.7 235.147 5.00572 0.000105953 0
1 31 1 1  29842.2 588.511 19.1597 0.37777 0
1 31 2 1  1.13065e-05 3.30188e-196 1.98104e-197 3.49475e-197 0
1 31 3 1  2.35428e-05 8.2616e-08 2.56871e-10 1.33123e-12 2.30162e-62
1 31 4 1  41480.5 421.626 7.98075 0.00176258 0
1 32 1 1  28753.7 445.383 44.7801 0.205262 0
1 32 2 1  8.00906e-06 4.72903e-201 1.91679e-199 7.88524e-199 0
1 32 3 1  4.55697e-07 2.27255e-07 8.25183e-10 1.60319e-12 9.67499e-64
1 32 4 1  74910.6 208.679 10.2333 0.00185915 0
1 33 1 1  1032.33 1140.78 86.0006 1.00017 0
1 33 2 1  9.15429e-06 6.57521e-202 2.42546e-201 2.78797e-200 0
1 33 3 1  1.08633e-06 1.69513e-08 5.80632e-09 1.38705e-11 1.17351e-64
1 33 4 1  53430.5 859.292 10.9905 0.00832325 0
1 34 1 1  14020.3 39.9476 82.4633 0.439919 0
1 34 2 1  8.66577e-06 9.72978e-207 6.70672e-204 2.48734e-202 0
1 34 3 1  5.13934e-07 9.5466e-09 3.06104e-10 3.54142e-11 6.38987e-66
1 34 4 1  62631.9 179.531 13.8249 0.000537303 0
1 35 1 1  7815.11 316.025 4.36443 0.414445 0
1 35 2 1  6.86727e-06 3.93755e-212 2.03349e-206 1.70834e-204 0
1 35 3 1  5.22665e-07 6.57801e-09 1.64449e-10 5.15661e-12 4.50999e-67
1 35 4 1  67115.9 431.955 3.69657 0.000648086 0
1 36 1 1  4844.44 63.0877 14.4072 0.0116599 0
1 36 2 1  4.37162e-06 1.30782e-218 1.0753e-209 2.27497e-207 0
1 36 3 1  4.54434e-06 1.64348e-09 4.04951e-11 7.76866e-13 1.28059e-68
1 36 4 1  57679.4 138.711 5.22881 4.73196e-05 0
1 37 1 1  8788.32 64.8277 4.74236 0.186101 0
1 37 2 1  1.05324e-05 1.5364e-224 1.64746e-212 8.11887e-210 0
1 37 3 1  1.30459e-05 1.82745e-08 1.56627e-11 2.44805e-13 4.74363e-70
1 37 4 1  101237 232.803 3.42091 0.00177866 0
1 38 1 1  7049.48 214.701 7.95094 0.137562 0
1 38 2 1  2.36109e-05 1.8151e-217 2.46265e-214 2.65854e-211 0
1 38 3 1  1.37086e-05 1.36406e-07 2.91076e-10 1.57528e-13 2.85138e-71
1 38 4 1  81296.3 829.164 10.3194 0.00474662 0
1 39 1 1  747.12 482.713 58.2988 0.273542 0
1 39 2 1  2.82773e-05 6.68295e-214 1.16298e-215 2.92563e-212 0
1 39 3 1  1.89236e-05 6.46296e-07 5.90106e-09 7.47359e-12 4.94674e-72
1 39 4 1  86708.4 1927.83 64.5511 0.0170957 0
1 40 1 1  3145.75 27.7511 41.6026 0.310525 0
1 40 2 1  7.92511e-06 3.67717e-219 1.18914e-217 7.54462e-214 0
1 40 3 1  1.57801e-05 3.01556e-07 8.26368e-09 4.97657e-11 3.11495e-73
1 40 4 1  73664.9 512.11 40.1427 0.00343624 0
1 41 1 1  4957.67 48.7074 2.55119 0.199051 0
1 41 2 1  2.66056e-06 5.21847e-217 3.00945e-220 7.66122e-216 0
1 41 3 1  3.39552e-06 1.18899e-07 3.68173e-09 6.62193e-11 1.84871e-74
1 41 4 1  68627.9 332.642 9.7411 0.00170757 0
1 42 1 1  2419.09 67.8334 4.84044 0.0122158 0
1 42 2 1  1.49684e-06 4.57385e-224 4.99052e-223 4.02531e-218 0
1 42 3 1  2.9001e-06 4.64679e-09 1.59241e-09 4.40905e-11 1.55558e-75
1 42 4 1  49058.1 168.011 7.09208 0.000404126 0
2 1 1 1  1.83471e-14 5.3505e-13 5.41463e-14 4.48591e-16 4.45765e-17
2 1 2 1  928.304 7.91885e-21 9.23393e-73 1.18983e-143 3000.77
2 1 3 1  0.811318 802.993 835.413 232.857 4.06962e-18
2 1 4 1  2.77696e-13 1.99385e-50 1.25997e-13 1.24495e-16 2.45864e-22
2 2 1 1  3.35548e-10 1.77642e-13 1.29451e-13 6.27598e-15 1.97193e-20
2 2 2 1  416033 0 0 0 5.56773e-267
2 2 3 1  207.014 109.025 321.564 164.6 2.38029e-18
2 2 4 1  1.01392e-12 1.46061e-14 6.77627e-14 2.65997e-15 2.40667e-32
2 3 1 1  2.70482e-12 4.00448e-14 1.38581e-15 6.60665e-17 2.96973e-32
2 3 2 1  710915 3.87583e-209 0 0 2.81891e-279
2 3 3 1  54510.3 0.0624414 1.18715 1.32247 2.09382e-20
2 3 4 1  2.21943e-12 6.31615e-17 4.36655e-16 3.16335e-18 1.84934e-64
2 4 1 1  4.55403e-11 2.90201e-13 2.86698e-15 1.69276e-17 1.11609e-197
2 4 2 1  429487 3.36989e-186 2.65827e-212 0 4.93648e-280
2 4 3 1  6146.01 5363.77 0.203827 0.316772 4.78687e-21
2 4 4 1  1.9044e-11 9.78492e-14 4.40896e-17 3.78994e-19 0
2 5 1 1  3.59381e-11 1.70041e-12 1.16746e-14 1.14983e-17 2.36453e-286
2 5 2 1  602827 5.16701e-193 1.04261e-192 9.13124e-215 3.949e-281
2 5 3 1  474182 353.013 144.864 0.0450406 6.54179e-22
2 5 4 1  2.03914e-11 2.00736e-13 1.14036e-15 1.44236e-20 0
2 6 1 1  4.01702e-12 4.96046e-12 1.91462e-13 6.61982e-17 0
2 6 2 1  555980 4.93378e-201 1.05652e-195 1.09688e-195 4.31585e-282
2 6 3 1  222784 33051.5 69.6824 8.01822 2.96897e-22
2 6 4 1  6.91229e-11 8.93698e-13 5.41771e-15 3.56511e-19 0
2 7 1 1  2.74167e-10 8.90024e-14 3.84496e-14 1.65986e-16 0
2 7 2 1  345645 6.99463e-224 1.27305e-203 1.40663e-199 1.14849e-284
2 7 3 1  440420 394.528 101.28 0.388401 8.61918e-24
2 7 4 1  1.41264e-10 8.1642e-14 1.64834e-15 1.32143e-19 0
2 8 1 1  9.89449e-12 1.27276e-11 9.75009e-15 8.85628e-17 0
2 8 2 1  448831 3.82201e-234 1.41602e-206 3.85639e-201 9.25697e-286
2 8 3 1  433273 163.665 29.6508 3.25766 2.1739e-24
2 8 4 1  7.96588e-11 9.34201e-13 1.11014e-15 2.70244e-19 0
2 9 1 1  2.12537e-10 2.10594e-13 8.74227e-14 2.50599e-18 0
2 9 2 1  416232 1.65312e-243 4.51179e-210 1.62949e-203 9.85252e-288
2 9 3 1  567700 180.776 0.669206 0.161731 7.51146e-26
2 9 4 1  1.53181e-10 3.91224e-14 1.11711e-15 2.61353e-21 0
2 10 1 1  2.03082e-10 2.2868e-12 4.35073e-15 5.56191e-17 0
2 10 2 1  383203 2.31541e-251 3.39422e-212 4.65486e-205 3.44149e-289
2 10 3 1  415296 153.9 1.62502 0.0114202 3.68446e-27
2 10 4 1  1.16266e-10 3.18259e-13 1.24528e-16 2.89483e-20 0
2 11 1 1  1.83355e-10 5.052e-12 6.21549e-14 3.15276e-18 0
2 11 2 1  509146 3.23606e-258 6.81318e-214 3.56361e-206 3.30044e-290
2 11 3 1  543877 241.365 3.44274 0.0298529 5.09011e-28
2 11 4 1  1.21794e-10 4.81572e-13 1.73689e-15 3.2034e-21 0
2 12 1 1  8.91244e-11 5.5071e-13 1.86975e-14 3.50659e-18 0
2 12 2 1  457324 6.78724e-266 1.60565e-216 3.2883e-208 4.03037e-292
2 12 3 1  98820.1 85.687 0.68621 0.00835618 1.06372e-29
2 12 4 1  6.58052e-11 6.23826e-14 3.08071e-16 6.84334e-22 0
2 13 1 1  1.36685e-10 3.16921e-12 1.61156e-14 6.42958e-18 0
2 13 2 1  1.67485e+06 3.42095e-201 7.19234e-218 4.04525e-209 5.84708e-293
2 13 3 1  384429 107.379 3.08918 0.0193805 2.21864e-30
2 13 4 1  1.58523e-10 3.6822e-13 2.86431e-16 1.17689e-21 0
2 14 1 1  7.74262e-11 9.26e-13 1.40438e-14 2.4137e-19 0
2 14 2 1  856671 9.36024e-207 5.30688e-206 8.00973e-211 1.37836e-294
2 14 3 1  217872 382.493 0.836583 0.0162338 9.01372e-32
2 14 4 1  8.6355e-11 1.8241e-13 2.16617e-16 3.69871e-24 0
2 15 1 1  5.3352e-11 7.39591e-13 5.32747e-15 1.87629e-19 0
2 15 2 1  535515 5.88507e-209 6.04415e-208 3.65391e-208 5.29415e-296
2 15 3 1  160780 304.432 4.17248 0.00720913 5.45529e-33
2 15 4 1  5.03413e-11 1.34911e-13 1.29631e-16 1.28182e-24 0
2 16 1 1  4.7867e-11 6.24389e-13 5.1883e-15 5.52265e-20 0
2 16 2 1  1.25195e+06 8.2983e-201 8.57988e-210 1.95969e-209 2.5435e-297
2 16 3 1  152312 364.876 4.52422 0.0412035 4.16234e-34
2 16 4 1  4.62876e-11 9.35292e-14 1.12267e-16 2.40389e-25 0
2 17 1 1  5.29006e-10 6.48948e-12 3.99824e-14 5.58306e-19 0
2 17 2 1  977090 5.35755e-186 3.5705e-204 3.59024e-210 4.96447e-298
2 17 3 1  2.64123e+06 10932.9 52.7912 0.397749 2.54309e-34
2 17 4 1  1.1309e-09 1.32257e-12 7.62196e-16 2.66046e-24 0
2 18 1 1  2.53138e-11 4.10594e-13 4.07857e-15 5.85991e-20 0
2 18 2 1  12565.9 2.12991e-201 2.10183e-200 1.31585e-209 8.65985e-302
2 18 3 1  204177 28.1151 10.8768 0.0440935 1.53152e-36
2 18 4 1  3.71016e-11 7.6809e-14 1.06448e-16 5.67494e-25 0
2 19 1 1  6.38511e-11 6.4576e-13 6.7045e-15 8.84839e-20 0
2 19 2 1  1.78639e+06 5.64269e-224 1.44732e-204 8.12861e-205 3.34363e-303
2 19 3 1  143735 178.521 2.4766 0.283394 3.04914e-37
2 19 4 1  1.25843e-10 1.0864e-13 1.42342e-16 3.76858e-25 0
2 20 1 1  1.41732e-10 9.2065e-13 4.50377e-15 3.93719e-20 0
2 20 2 1  2.86355e+06 1.07738e-184 1.08158e-206 2.02935e-206 6.46327e-305
2 20 3 1  116167 535.053 3.20085 0.0466634 2.33187e-38
2 20 4 1  3.29218e-10 3.01687e-13 8.70842e-17 4.88843e-26 0
2 21 1 1  2.33003e-10 2.74927e-12 1.19449e-14 1.15088e-19 0
2 21 2 1  6.63256e+06 6.13029e-190 2.45629e-189 3.59741e-208 1.13967e-306
2 21 3 1  83358.5 133.778 12.1782 0.0536225 2.58454e-39
2 21 4 1  3.30618e-10 8.88351e-13 5.2369e-16 6.44381e-25 0
2 22 1 1  3.81331e-10 2.23695e-12 1.84132e-14 3.80888e-19 0
2 22 2 1  7.05371e+06 7.779e-195 2.47831e-192 1.38247e-192 3.08784e-309
2 22 3 1  397651 255.356 1.52701 0.0688053 1.05213e-40
2 22 4 1  4.34934e-10 7.02565e-13 9.71906e-16 1.62917e-23 0
2 23 1 1  6.68451e-11 2.9818e-12 9.90342e-15 7.78717e-19 0
2 23 2 1  4.48807e+06 9.58923e-201 4.77384e-195 9.11908e-195 1.59188e-311
2 23 3 1  165052 717.322 1.74824 0.00843524 3.22393e-42
2 23 4 1  2.05801e-10 7.84713e-13 5.12252e-16 3.2236e-22 0
2 24 1 1  2.32851e-10 2.05421e-12 4.58248e-14 5.096e-19 0
2 24 2 1  1.02055e+07 1.02012e-196 6.44566e-197 3.27218e-196 5.79877e-313
2 24 3 1  10884.1 2391.83 20.3784 0.0331885 4.5829e-43
2 24 4 1  3.53831e-10 1.31486e-12 1.61439e-15 2.57454e-23 0
2 25 1 1  1.68549e-10 2.90431e-12 1.29008e-14 5.17685e-19 0
2 25 2 1  4.71415e+06 9.2477e-196 1.19197e-199 1.52544e-198 2.98954e-315
2 25 3 1  151724 137.005 30.7349 0.16105 2.78578e-44
2 25 4 1  3.42767e-10 9.43881e-13 1.01774e-15 4.6341e-24 0
2 26 1 1  3.86897e-10 2.49377e-12 2.72886e-14 2.44043e-19 0
2 26 2 1  6.36127e+06 9.58364e-202 3.81406e-201 6.99141e-201 1.60149e-317
2 26 3 1  354163 395.634 4.00257 0.353121 2.42447e-45
2 26 4 1  3.97729e-10 8.50025e-13 1.10882e-15 6.11753e-24 0
2 27 1 1  1.69996e-10 5.74331e-12 2.28067e-14 5.84091e-19 0
2 27 2 1  6.12579e+06 1.86695e-189 2.02051e-204 9.89724e-204 2.27764e-320
2 27 3 1  400539 1065.31 5.96048 0.0628943 1.76877e-46
2 27 4 1  4.14289e-10 1.07959e-12 1.03994e-15 9.24277e-24 0
2 28 1 1  1.94154e-10 8.1234e-13 2.2481e-14 5.63492e-19 0
2 28 2 1  4.28917e+06 1.37421e-176 9.42483e-196 2.10322e-207 4.94066e-324
2 28 3 1  108667 453.139 4.24826 0.0166524 3.55963e-48
2 28 4 1  2.41698e-10 4.11808e-13 7.50483e-16 2.4911e-23 0
2 29 1 1  1.18553e-10 3.1061e-12 8.90835e-15 4.73225e-18 0
2 29 2 1  5.014e+06 1.5248e-179 4.20985e-181 1.93229e-198 0
2 29 3 1  252930 452.922 5.70145 0.0324403 1.93934e-49
2 29 4 1  3.77239e-10 1.03426e-12 8.75841e-16 3.12199e-21 0
2 30 1 1  1.73162e-10 9.22304e-13 2.06669e-14 1.04522e-18 0
2 30 2 1  3.7556e+06 3.08265e-185 1.17348e-183 5.81534e-184 0
2 30 3 1  363959 384.791 2.91523 0.0243643 6.04816e-51
2 30 4 1  2.29584e-10 6.84243e-13 1.43773e-15 8.07458e-22 0
2 31 1 1  8.93598e-11 1.5901e-12 6.82477e-15 4.0296e-18 0
2 31 2 1  3.87618e+06 1.12091e-184 6.63666e-186 1.14896e-185 0
2 31 3 1  269205 928.638 2.8061 0.0137364 2.00061e-52
2 31 4 1  6.438e-11 5.83272e-13 1.08975e-15 6.38599e-21 0
2 32 1 1  2.66395e-10 3.72327e-12 4.93521e-14 6.7743e-18 0
2 32 2 1  8.49531e+06 4.96707e-189 1.98678e-187 8.02091e-187 0
2 32 3 1  16122.1 7903.45 27.8907 0.0511832 2.60195e-53
2 32 4 1  3.59725e-10 8.93188e-13 4.32337e-15 2.08408e-20 0
2 33 1 1  4.85219e-12 4.83817e-12 4.80851e-14 1.67463e-17 0
2 33 2 1  4.92618e+06 3.50369e-190 1.27544e-189 1.43875e-188 0
2 33 3 1  19498.2 299.084 99.5629 0.224659 1.60111e-54
2 33 4 1  1.30168e-10 1.86592e-12 2.35566e-15 4.73349e-20 0
2 34 1 1  1.26957e-10 3.26398e-13 8.88276e-14 1.41904e-17 0
2 34 2 1  8.98402e+06 9.98844e-195 6.79443e-192 2.47292e-190 0
2 34 3 1  17771.3 324.502 10.1122 1.10506 1.6796e-55
2 34 4 1  2.93961e-10 7.51054e-13 5.70867e-15 5.88689e-21 0
2 35 1 1  8.51704e-11 3.10766e-12 5.65807e-15 1.60896e-17 0
2 35 2 1  8.56846e+06 4.86492e-200 2.47936e-194 2.04411e-192 0
2 35 3 1  21751.5 269.103 6.53825 0.193654 1.42674e-56
2 35 4 1  3.79118e-10 2.17483e-12 1.83707e-15 8.54584e-21 0
2 36 1 1  9.80464e-11 1.1521e-12 3.46861e-14 8.40631e-19 0
2 36 2 1  1.01297e+07 3.00075e-206 2.4348e-197 5.05521e-195 0
2 36 3 1  351214 124.86 2.98997 0.0541806 7.52342e-58
2 36 4 1  6.05068e-10 1.29697e-12 4.82574e-15 1.15877e-21 0
2 37 1 1  6.63196e-11 4.41423e-13 4.25715e-15 5.00273e-18 0
2 37 2 1  9.09973e+06 1.31443e-212 1.3909e-200 6.72677e-198 0
2 37 3 1  375944 517.668 0.4312 0.00636598 1.03911e-59
2 37 4 1  3.95979e-10 8.11628e-13 1.1772e-15 1.62404e-20 0
2 38 1 1  2.17467e-11 5.97623e-13 2.91771e-15 1.51167e-18 0
2 38 2 1  8.33898e+06 6.34792e-206 8.49928e-203 9.00439e-200 0
2 38 3 1  161489 1579.58 3.27581 0.00167457 2.55333e-61
2 38 4 1  1.29988e-10 1.1817e-12 1.45166e-15 1.77169e-20 0
2 39 1 1  1.18622e-12 6.91547e-13 1.10109e-14 1.54711e-18 0
2 39 2 1  5.14017e+06 1.20293e-202 2.06581e-204 5.1e-201 0
2 39 3 1  114734 3851.92 34.1807 0.0408897 2.27987e-62
2 39 4 1  7.13561e-11 1.41409e-12 4.6736e-15 3.2842e-20 0
2 40 1 1  1.13823e-11 9.06036e-14 1.79067e-14 4.00247e-18 0
2 40 2 1  3.28305e+06 1.5084e-207 4.81375e-206 2.99723e-202 0
2 40 3 1  218037 4095.87 109.083 0.620508 3.27171e-63
2 40 4 1  1.38154e-10 8.56057e-13 6.62349e-15 1.50438e-20 0
2 41 1 1  4.62261e-11 4.09791e-13 2.8297e-15 6.61144e-18 0
2 41 2 1  2.84019e+06 5.5163e-205 3.13936e-208 7.84302e-204 0
2 41 3 1  120901 4161.57 125.238 2.12766 5.00373e-64
2 41 4 1  3.31669e-10 1.43291e-12 4.14181e-15 1.92645e-20 0
2 42 1 1  9.92565e-12 2.51136e-13 2.36255e-15 1.78547e-19 0
2 42 2 1  703151 2.12757e-212 2.29085e-211 1.81335e-206 0
2 42 3 1  45439.5 71.5699 23.8362 0.623392 1.85275e-65
2 42 4 1  1.04331e-10 3.18476e-13 1.32695e-15 2.00628e-21 0
