full time series of predicted survey index
survey year spp area pred_survey
1 1 1 1 603002
1 1 2 1 651786
1 1 3 1 132576
1 1 4 1 198435
1 2 1 1 349458
1 2 2 1 320267
1 2 3 1 49507.4
1 2 4 1 170036
1 3 1 1 214143
1 3 2 1 168586
1 3 3 1 19366
1 3 4 1 147265
1 4 1 1 135498
1 4 2 1 91570.9
1 4 3 1 8033.49
1 4 4 1 129202
1 5 1 1 87443.5
1 5 2 1 51726.7
1 5 3 1 3622.38
1 5 4 1 115030
1 6 1 1 57660
1 6 2 1 30832.2
1 6 3 1 1817.73
1 6 4 1 104041
1 7 1 1 39349.1
1 7 2 1 20218.8
1 7 3 1 1058.09
1 7 4 1 95625.8
1 8 1 1 28297
1 8 2 1 14841
1 8 3 1 724.606
1 8 4 1 89273.2
1 9 1 1 21769.5
1 9 2 1 12222.6
1 9 3 1 576.96
1 9 4 1 84555.1
1 10 1 1 17996.7
1 10 2 1 11011.2
1 10 3 1 512.501
1 10 4 1 81118.8
1 11 1 1 15859.5
1 11 2 1 10439.6
1 11 3 1 483.455
1 11 4 1 78676.7
1 12 1 1 14670.6
1 12 2 1 10192.1
1 12 3 1 471.138
1 12 4 1 76996.5
1 13 1 1 14019.8
1 13 2 1 10054.1
1 13 3 1 464.646
1 13 4 1 75892.3
1 14 1 1 13668.5
1 14 2 1 9995.73
1 14 3 1 461.951
1 14 4 1 75217.3
1 15 1 1 13481.4
1 15 2 1 9996.56
1 15 3 1 461.896
1 15 4 1 74856.2
1 16 1 1 13382.7
1 16 2 1 9997.31
1 16 3 1 461.92
1 16 4 1 74719.7
1 17 1 1 13331.3
1 17 2 1 9948.21
1 17 3 1 459.926
1 17 4 1 74739.3
1 18 1 1 13304.6
1 18 2 1 9889.76
1 18 3 1 457.539
1 18 4 1 74863.4
1 19 1 1 13291
1 19 2 1 9911.13
1 19 3 1 458.398
1 19 4 1 75053.1
1 20 1 1 13284
1 20 2 1 9908.07
1 20 3 1 458.268
1 20 4 1 75280.1
1 21 1 1 15752.2
1 21 2 1 9893.46
1 21 3 1 457.66
1 21 4 1 79943.3
1 22 1 1 17682.1
1 22 2 1 9805.66
1 22 3 1 454.029
1 22 4 1 84329.5
1 23 1 1 19106
1 23 2 1 9748.32
1 23 3 1 451.585
1 23 4 1 88418.1
1 24 1 1 20115.5
1 24 2 1 9684.5
1 24 3 1 448.86
1 24 4 1 92200.2
1 25 1 1 20810.8
1 25 2 1 9574.2
1 25 3 1 444.207
1 25 4 1 95675.9
1 26 1 1 21279.4
1 26 2 1 9553.92
1 26 3 1 443.253
1 26 4 1 98851.7
1 27 1 1 21589.9
1 27 2 1 9579.93
1 27 3 1 444.247
1 27 4 1 101739
1 28 1 1 21792.8
1 28 2 1 9570.04
1 28 3 1 443.791
1 28 4 1 104352
1 29 1 1 21924
1 29 2 1 9483.43
1 29 3 1 440.186
1 29 4 1 106708
1 30 1 1 22008.1
1 30 2 1 9463.95
1 30 3 1 439.353
1 30 4 1 108825
1 31 1 1 22061.5
1 31 2 1 9412.02
1 31 3 1 437.179
1 31 4 1 110720
1 32 1 1 22095.3
1 32 2 1 9357.77
1 32 3 1 434.884
1 32 4 1 112413
1 33 1 1 22116.6
1 33 2 1 9294.6
1 33 3 1 432.214
1 33 4 1 113920
1 34 1 1 22129.9
1 34 2 1 9199.65
1 34 3 1 428.21
1 34 4 1 115259
1 35 1 1 22138.2
1 35 2 1 9071.48
1 35 3 1 422.799
1 35 4 1 116446
1 36 1 1 22143.3
1 36 2 1 9014.6
1 36 3 1 420.338
1 36 4 1 117497
1 37 1 1 22146.6
1 37 2 1 9001.3
1 37 3 1 419.697
1 37 4 1 118424
1 38 1 1 22148.5
1 38 2 1 8999.16
1 38 3 1 419.535
1 38 4 1 119242
1 39 1 1 22149.8
1 39 2 1 8943.35
1 39 3 1 417.152
1 39 4 1 119962
1 40 1 1 22150.5
1 40 2 1 8956.97
1 40 3 1 417.688
1 40 4 1 120595
1 41 1 1 22151
1 41 2 1 8934.1
1 41 3 1 416.715
1 41 4 1 121150
1 42 1 1 22151.3
1 42 2 1 8930.34
1 42 3 1 416.536
1 42 4 1 121637
full time series of predicted catch
fleet year spp area pred_catch
1 1 1 1 397979
1 1 4 1 26698.9
1 2 1 1 215545
1 2 4 1 22727.1
1 3 1 1 126205
1 3 4 1 19507.6
1 4 1 1 77949.6
1 4 4 1 16927.9
1 5 1 1 49555.7
1 5 4 1 14884.6
1 6 1 1 32070.2
1 6 4 1 13285.1
1 7 1 1 21197.9
1 7 4 1 12048.5
1 8 1 1 14512.3
1 8 4 1 11105.3
1 9 1 1 10482.6
1 9 4 1 10396.7
1 10 1 1 8107.58
1 10 4 1 9873.59
1 11 1 1 6738.11
1 11 4 1 9495.54
1 12 1 1 5964.15
1 12 4 1 9229.61
1 13 1 1 5534.55
1 13 4 1 9049.26
1 14 1 1 5299.87
1 14 4 1 8933.31
1 15 1 1 5173.47
1 15 4 1 8865.04
1 16 1 1 5106.22
1 16 4 1 8831.4
1 17 1 1 5070.84
1 17 4 1 8822.29
1 18 1 1 5052.4
1 18 4 1 8830.03
1 19 1 1 5042.87
1 19 4 1 8848.82
1 20 1 1 5037.99
1 20 4 1 8874.34
1 21 1 1 2286.88
1 21 4 1 3734.95
1 22 1 1 2705.63
1 22 4 1 3966.72
1 23 1 1 3029.86
1 23 4 1 4183.97
1 24 1 1 3267.45
1 24 4 1 4385.86
1 25 1 1 3435.07
1 25 4 1 4572.1
1 26 1 1 3550.1
1 26 4 1 4742.85
1 27 1 1 3627.38
1 27 4 1 4898.52
1 28 1 1 3678.46
1 28 4 1 5039.77
1 29 1 1 3711.78
1 29 4 1 5167.4
1 30 1 1 3733.29
1 30 4 1 5282.27
1 31 1 1 3747.05
1 31 4 1 5385.31
1 32 1 1 3755.8
1 32 4 1 5477.46
1 33 1 1 3761.32
1 33 4 1 5559.64
1 34 1 1 3764.79
1 34 4 1 5632.74
1 35 1 1 3766.96
1 35 4 1 5697.61
1 36 1 1 3768.31
1 36 4 1 5755.07
1 37 1 1 3769.15
1 37 4 1 5805.86
1 38 1 1 3769.68
1 38 4 1 5850.67
1 39 1 1 3770
1 39 4 1 5890.14
1 40 1 1 3770.2
1 40 4 1 5924.86
1 41 1 1 3770.32
1 41 4 1 5955.35
1 42 1 1 3770.4
1 42 4 1 5982.1
2 1 2 1 533316
2 1 3 1 234788
2 2 2 1 262666
2 2 3 1 91223.3
2 3 2 1 141601
2 3 3 1 37697
2 4 2 1 81785.7
2 4 3 1 16908.5
2 5 2 1 48137.6
2 5 3 1 8329.58
2 6 2 1 29067.6
2 6 3 1 4569.84
2 7 2 1 18543.2
2 7 3 1 2836.14
2 8 2 1 12955
2 8 3 1 2015.49
2 9 2 1 10072.5
2 9 3 1 1620.35
2 10 2 1 8663.37
2 10 3 1 1435.67
2 11 2 1 8003.62
2 11 3 1 1352.01
2 12 2 1 7701.34
2 12 3 1 1313.93
2 13 2 1 7563.02
2 13 3 1 1296.48
2 14 2 1 7491.78
2 14 3 1 1286.91
2 15 2 1 7471.03
2 15 3 1 1284.38
2 16 2 1 7475.04
2 16 3 1 1285.35
2 17 2 1 7461.51
2 17 3 1 1283.26
2 18 2 1 7420.42
2 18 3 1 1276.79
2 19 2 1 7399.64
2 19 3 1 1273.76
2 20 2 1 7407.02
2 20 3 1 1275.62
2 21 2 1 7401.19
2 21 3 1 1274.7
2 22 2 1 7364.39
2 22 3 1 1269.16
2 23 2 1 7302.7
2 23 3 1 1259.69
2 24 2 1 7250.66
2 24 3 1 1252.57
2 25 2 1 7180.25
2 25 3 1 1242.66
2 26 2 1 7118.82
2 26 3 1 1233.77
2 27 2 1 7113.86
2 27 3 1 1234.19
2 28 2 1 7120.8
2 28 3 1 1235.95
2 29 2 1 7086.81
2 29 3 1 1230.76
2 30 2 1 7039.19
2 30 3 1 1223.32
2 31 2 1 7009.42
2 31 3 1 1219.74
2 32 2 1 6965.14
2 32 3 1 1213.42
2 33 2 1 6916.3
2 33 3 1 1206.5
2 34 2 1 6852.23
2 34 3 1 1197.34
2 35 2 1 6761.79
2 35 3 1 1184.14
2 36 2 1 6679.38
2 36 3 1 1172.27
2 37 2 1 6643.88
2 37 3 1 1168.19
2 38 2 1 6634.34
2 38 3 1 1167.61
2 39 2 1 6613.46
2 39 3 1 1164.75
2 40 2 1 6591.81
2 40 3 1 1161.25
2 41 2 1 6588.66
2 41 3 1 1161.41
2 42 2 1 6576.64
2 42 3 1 1159.52
full time series of survey length comp
survey year spp area catch-at-size
1 1 1 2  0.0593375 1.72441 5.17076 5.72544 1.57202
1 1 2 2  0 9.87101 18.5558 29.9676 89.4298
1 1 3 2  0.423582 2.73508 5.51861 11.9849 24.1584
1 1 4 2  0.448193 8.80605 30.4626 22.7651 9.36134
1 2 1 2  0.0274752 1.18088 4.2234 3.26112 0.713455
1 2 2 2  0 3.51511 17.9355 21.2419 39.3592
1 2 3 2  0.234348 1.73689 3.1611 5.01037 8.58452
1 2 4 2  0.532445 8.95926 28.3502 19.7533 7.46024
1 3 1 2  0.0150409 0.757146 3.16732 2.01896 0.323798
1 3 2 2  0 1.9518 10.7379 17.2525 17.6158
1 3 3 2  0.150512 1.11139 1.92525 2.26506 3.09838
1 3 4 2  0.593298 9.32293 26.809 17.2407 5.94522
1 4 1 2  0.0101884 0.492895 2.216 1.31975 0.146954
1 4 2 2  0 1.56651 6.28592 12.5067 7.98417
1 4 3 2  0.113341 0.75813 1.2118 1.11601 1.13108
1 4 4 2  0.637252 9.7814 25.8247 15.1562 4.73787
1 5 1 2  0.0082947 0.34356 1.50472 0.881086 0.0666943
1 5 2 2  0 1.47306 4.18186 8.54251 3.67408
1 5 3 2  0.0969114 0.571784 0.805062 0.600521 0.417743
1 5 4 2  0.668998 10.2641 25.3218 13.4423 3.77571
1 6 1 2  0.00755568 0.263687 1.03275 0.591421 0.0302688
1 6 2 2  0 1.4482 3.25632 5.79559 1.69683
1 6 3 2  0.0895268 0.474494 0.573942 0.349141 0.154877
1 6 4 2  0.691928 10.7299 25.203 12.0492 3.00894
1 7 1 2  0.00726728 0.222426 0.743405 0.399856 0.0137374
1 7 2 2  0 1.44324 2.88532 4.15194 0.791907
1 7 3 2  0.0862728 0.426845 0.450965 0.222389 0.0578419
1 7 4 2  0.70849 11.1571 25.3706 10.9321 2.39789
1 8 1 2  0.00715473 0.201608 0.575581 0.276046 0.00623463
1 8 2 2  0 1.44141 2.73643 3.22414 0.371261
1 8 3 2  0.0847741 0.403197 0.386209 0.156333 0.0216796
1 8 4 2  0.720452 11.5359 25.7372 10.0502 1.91093
1 9 1 2  0.0071108 0.19128 0.482104 0.198451 0.00282955
1 9 2 2  0 1.44277 2.69158 2.74254 0.175571
1 9 3 2  0.0841638 0.392891 0.355118 0.122324 0.00817068
1 9 4 2  0.729092 11.8639 26.2301 9.36614 1.52286
1 10 1 2  0.00709366 0.18622 0.431609 0.151298 0.00128418
1 10 2 2  0 1.44552 2.69288 2.51404 0.0837135
1 10 3 2  0.0839809 0.389353 0.342108 0.105364 0.00309462
1 10 4 2  0.735333 12.1428 26.7919 8.84659 1.2136
1 11 1 2  0.00708697 0.183764 0.404977 0.123441 0.000582818
1 11 2 2  0 1.44572 2.69603 2.4062 0.0399799
1 11 3 2  0.0838625 0.387553 0.336075 0.0969781 0.00117365
1 11 4 2  0.73984 12.3768 27.3796 8.46183 0.96714
1 12 1 2  0.00708436 0.182581 0.391194 0.107388 0.000264509
1 12 2 2  0 1.44625 2.7021 2.3617 0.0191472
1 12 3 2  0.083821 0.38703 0.333895 0.0930758 0.000445913
1 12 4 2  0.743096 12.571 27.9622 8.18589 0.770734
1 13 1 2  0.00708334 0.182014 0.38417 0.0983347 0.000120046
1 13 2 2  0 1.4447 2.69699 2.33681 0.00915811
1 13 3 2  0.0837161 0.386007 0.331976 0.0911094 0.000169372
1 13 4 2  0.745448 12.7308 28.5187 7.99646 0.614214
1 14 1 2  0.00708295 0.181744 0.380635 0.0933237 5.44822e-05
1 14 2 2  0 1.44472 2.69654 2.32674 0.0043884
1 14 3 2  0.0836823 0.385731 0.331313 0.0902122 6.44075e-05
1 14 4 2  0.747146 12.8612 29.036 7.87464 0.48948
1 15 1 2  0.00708279 0.181615 0.378875 0.0905946 2.47265e-05
1 15 2 2  0 1.4459 2.70363 2.32908 0.00210852
1 15 3 2  0.0837181 0.386214 0.331957 0.0900093 2.45288e-05
1 15 4 2  0.748373 12.9672 29.5068 7.80468 0.390077
1 16 1 2  0.00708273 0.181554 0.378006 0.0891292 1.1222e-05
1 16 2 2  0 1.44555 2.70473 2.33129 0.00101273
1 16 3 2  0.0837006 0.386178 0.332116 0.0900028 9.34152e-06
1 16 4 2  0.749259 13.0527 29.9282 7.77363 0.31086
1 17 1 2  0.00708271 0.181526 0.37758 0.0883519 5.09304e-06
1 17 2 2  0 1.44283 2.69066 2.32083 0.000484735
1 17 3 2  0.0835671 0.38487 0.330396 0.0896971 3.55247e-06
1 17 4 2  0.749899 13.1214 30.3002 7.77101 0.247731
1 18 1 2  0.0070827 0.181512 0.377373 0.0879441 2.31145e-06
1 18 2 2  0 1.4413 2.67758 2.30605 0.000231808
1 18 3 2  0.0834664 0.383757 0.328561 0.089206 1.35057e-06
1 18 4 2  0.750361 13.1765 30.6248 7.78846 0.197422
1 19 1 2  0.00708269 0.181506 0.377272 0.0877321 1.04904e-06
1 19 2 2  0 1.4442 2.6887 2.3093 0.000111422
1 19 3 2  0.0835759 0.384791 0.329644 0.0891875 5.14694e-07
1 19 4 2  0.750695 13.2205 30.9054 7.81944 0.15733
1 20 1 2  0.00708269 0.181503 0.377224 0.0876229 4.76101e-07
1 20 2 2  0 1.44337 2.68805 2.30868 5.34452e-05
1 20 3 2  0.0835511 0.384609 0.329556 0.0891668 1.95976e-07
1 20 4 2  0.750936 13.2555 31.1458 7.85887 0.125379
1 21 1 2  0.00709255 0.184849 0.427251 0.11425 2.90715e-07
1 21 2 2  0 1.44257 2.68362 2.30538 2.56167e-05
1 21 3 2  0.0835118 0.384211 0.329024 0.0890727 7.45988e-08
1 21 4 2  0.751387 13.3961 32.9992 8.4901 0.107611
1 22 1 2  0.0070964 0.186524 0.457233 0.138579 1.77516e-07
1 22 2 2  0 1.43904 2.66115 2.28358 1.22071e-05
1 22 3 2  0.0833498 0.38226 0.326029 0.0884096 2.83203e-08
1 22 4 2  0.751713 13.5074 34.5985 9.13574 0.0923606
1 23 1 2  0.0070979 0.187357 0.474777 0.158278 1.08394e-07
1 23 2 2  0 1.43931 2.65311 2.26661 5.82188e-06
1 23 3 2  0.0833426 0.381716 0.324474 0.0877406 1.07545e-08
1 23 4 2  0.751948 13.5954 35.9729 9.77954 0.0792716
1 24 1 2  0.00709849 0.187769 0.484853 0.173146 6.61874e-08
1 24 2 2  0 1.43838 2.6434 2.2481 2.7701e-06
1 24 3 2  0.0833034 0.380902 0.322719 0.0870182 4.07938e-09
1 24 4 2  0.752118 13.6649 37.1498 10.4092 0.0680375
1 25 1 2  0.00709872 0.187972 0.490555 0.183859 4.04152e-08
1 25 2 2  0 1.43519 2.62072 2.21848 1.31083e-06
1 25 3 2  0.0831589 0.378955 0.319344 0.0859622 1.54342e-09
1 25 4 2  0.752241 13.7198 38.1542 11.0156 0.0583954
1 26 1 2  0.00709881 0.188072 0.493742 0.191327 2.46782e-08
1 26 2 2  0 1.43772 2.62579 2.20927 6.23172e-07
1 26 3 2  0.0832554 0.379561 0.319336 0.0854255 5.85146e-10
1 26 4 2  0.75233 13.7631 39.0089 11.5924 0.0501198
1 27 1 2  0.00709884 0.188121 0.495507 0.196406 1.50689e-08
1 27 2 2  0 1.43989 2.63839 2.2134 2.96829e-07
1 27 3 2  0.0833746 0.380643 0.320628 0.0853977 2.22027e-10
1 27 4 2  0.752394 13.7972 39.7344 12.1354 0.043017
1 28 1 2  0.00709886 0.188145 0.496475 0.199796 9.20136e-09
1 28 2 2  0 1.43874 2.6354 2.21119 1.4092e-07
1 28 3 2  0.0833571 0.380334 0.320279 0.08531 8.41143e-11
1 28 4 2  0.752441 13.8241 40.3487 12.6422 0.0369207
1 29 1 2  0.00709886 0.188156 0.497002 0.202025 5.61851e-09
1 29 2 2  0 1.43499 2.61236 2.19 6.64796e-08
1 29 3 2  0.0831988 0.378377 0.31729 0.0846585 3.17726e-11
1 29 4 2  0.752474 13.8453 40.8676 13.1117 0.0316885
1 30 1 2  0.00709887 0.188162 0.497288 0.203473 3.43076e-09
1 30 2 2  0 1.43675 2.61382 2.1825 3.14897e-08
1 30 3 2  0.0832548 0.378689 0.317072 0.0842814 1.20235e-11
1 30 4 2  0.752498 13.8619 41.3052 13.5437 0.0271977
1 31 1 2  0.00709887 0.188165 0.497442 0.204404 2.09488e-09
1 31 2 2  0 1.43514 2.60405 2.16822 1.48577e-08
1 31 3 2  0.083193 0.377811 0.315557 0.0837637 4.54162e-12
1 31 4 2  0.752516 13.875 41.6735 13.9392 0.0233433
1 32 1 2  0.00709887 0.188166 0.497525 0.204998 1.27917e-09
1 32 2 2  0 1.43412 2.59427 2.15309 6.99984e-09
1 32 3 2  0.0831419 0.377014 0.313999 0.0831922 1.71426e-12
1 32 4 2  0.752529 13.8853 41.983 14.2993 0.0200352
1 33 1 2  0.00709887 0.188167 0.497569 0.205375 7.81084e-10
1 33 2 2  0 1.43282 2.58277 2.13551 3.29053e-09
1 33 3 2  0.0830764 0.376054 0.312175 0.082534 6.46374e-13
1 33 4 2  0.752538 13.8934 42.2427 14.6257 0.0171958
1 34 1 2  0.00709887 0.188167 0.497592 0.205612 4.76943e-10
1 34 2 2  0 1.43024 2.56337 2.10994 1.54013e-09
1 34 3 2  0.0829503 0.374397 0.309283 0.0816199 2.43224e-13
1 34 4 2  0.752544 13.8998 42.4602 14.9205 0.0147589
1 35 1 2  0.00709887 0.188167 0.497605 0.205761 2.9123e-10
1 35 2 2  0 1.42694 2.53729 2.07537 7.17188e-10
1 35 3 2  0.0827793 0.372181 0.305379 0.0803805 9.13037e-14
1 35 4 2  0.752549 13.9048 42.6422 15.1858 0.0126673
1 36 1 2  0.00709887 0.188167 0.497611 0.205854 1.7783e-10
1 36 2 2  0 1.42799 2.53384 2.05675 3.34976e-10
1 36 3 2  0.0827897 0.371985 0.30421 0.0795392 3.43212e-14
1 36 4 2  0.752552 13.9087 42.7943 15.4237 0.0108721
1 37 1 2  0.00709887 0.188167 0.497615 0.205912 1.08586e-10
1 37 2 2  0 1.42911 2.53828 2.05034 1.5666e-10
1 37 3 2  0.0828355 0.372335 0.304311 0.0791465 1.29089e-14
1 37 4 2  0.752555 13.9118 42.9213 15.6364 0.00933138
1 38 1 2  0.00709887 0.188167 0.497617 0.205948 6.63045e-11
1 38 2 2  0 1.42936 2.54078 2.04863 7.32463e-11
1 38 3 2  0.0828569 0.3725 0.304463 0.0789964 4.85456e-15
1 38 4 2  0.752557 13.9142 43.0272 15.8262 0.00800897
1 39 1 2  0.00709887 0.188168 0.497618 0.205971 4.04867e-11
1 39 2 2  0 1.42672 2.52625 2.03488 3.40716e-11
1 39 3 2  0.0827488 0.371202 0.302545 0.078546 1.82125e-15
1 39 4 2  0.752558 13.9161 43.1154 15.995 0.00687396
1 40 1 2  0.00709887 0.188168 0.497618 0.205984 2.47219e-11
1 40 2 2  0 1.42898 2.53418 2.03644 1.59297e-11
1 40 3 2  0.0828314 0.372001 0.303324 0.0784852 6.84872e-16
1 40 4 2  0.752559 13.9176 43.1888 16.1449 0.0058998
1 41 1 2  0.00709887 0.188168 0.497618 0.205993 1.50956e-11
1 41 2 2  0 1.42764 2.5286 2.03069 7.42082e-12
1 41 3 2  0.0827857 0.371448 0.302566 0.0782942 2.57105e-16
1 41 4 2  0.75256 13.9188 43.2498 16.2777 0.0050637
1 42 1 2  0.00709887 0.188168 0.497619 0.205998 9.21764e-12
1 42 2 2  0 1.42807 2.52915 2.02914 3.46124e-12
1 42 3 2  0.0828004 0.37154 0.302545 0.0782018 9.65726e-17
1 42 4 2  0.75256 13.9197 43.3006 16.3951 0.00434609
full time series of fishery length comp
fleet year spp area catch-at-size
1 1 1 1  0.152839 3.41916 12.5292 17.3564 5.55183
1 1 2 1  1.35626e-14 3.35917e-14 8.03007e-14 1.82052e-13 9.29758e-13
1 1 3 1  4.07204e-16 1.83128e-15 5.28521e-15 1.77808e-14 5.01317e-14
1 1 4 1  0.0259876 0.683673 2.83895 2.07704 0.916613
1 2 1 1  0.0707697 3.01315 9.51915 9.30264 2.51967
1 2 2 1  1.94735e-15 3.55536e-14 6.90704e-14 1.17719e-13 4.09494e-13
1 2 3 1  2.25482e-16 1.27322e-15 2.61289e-15 7.20165e-15 1.77777e-14
1 2 4 1  0.0308729 0.665497 2.61807 1.79291 0.730468
1 3 1 1  0.0387419 2.06341 7.77511 5.29863 1.14354
1 3 2 1  1.94714e-15 1.26677e-14 6.70017e-14 8.3946e-14 1.81539e-13
1 3 3 1  1.44849e-16 8.10579e-16 1.50594e-15 3.0324e-15 6.35826e-15
1 3 4 1  0.0344013 0.677076 2.43652 1.55571 0.582125
1 4 1 1  0.0262429 1.323 5.83091 3.28038 0.518989
1 4 2 1  1.94679e-15 7.03569e-15 4.0224e-14 6.84937e-14 8.16962e-14
1 4 3 1  1.09113e-16 5.1964e-16 9.21492e-16 1.37822e-15 2.30577e-15
1 4 4 1  0.0369499 0.704559 2.30407 1.35783 0.463908
1 5 1 1  0.0213652 0.861261 4.07956 2.14432 0.235541
1 5 2 1  1.94675e-15 5.65771e-15 2.36621e-14 4.9966e-14 3.72734e-14
1 5 3 1  9.32919e-17 3.55886e-16 5.83602e-16 6.83148e-16 8.4584e-16
1 5 4 1  0.0387907 0.739206 2.21947 1.19366 0.369698
1 6 1 1  0.0194617 0.60032 2.77012 1.43158 0.106899
1 6 2 1  1.94605e-15 5.31373e-15 1.57404e-14 3.41622e-14 1.71792e-14
1 6 3 1  8.6242e-17 2.6827e-16 3.88157e-16 3.68221e-16 3.12896e-16
1 6 4 1  0.0401202 0.775682 2.17625 1.05868 0.29462
1 7 1 1  0.0187188 0.460755 1.90124 0.960934 0.0485155
1 7 2 1  1.94602e-15 5.23254e-15 1.2303e-14 2.32832e-14 7.97036e-15
1 7 3 1  8.31036e-17 2.23327e-16 2.77951e-16 2.14941e-16 1.16361e-16
1 7 4 1  0.0410805 0.810889 2.16604 0.948961 0.234789
1 8 1 1  0.0184289 0.388656 1.36858 0.649681 0.0220185
1 8 2 1  1.94561e-15 5.21366e-15 1.09124e-14 1.67092e-14 3.72713e-15
1 8 3 1  8.16905e-17 2.01025e-16 2.18781e-16 1.37161e-16 4.35227e-17
1 8 4 1  0.0417741 0.843176 2.18045 0.860982 0.187108
1 9 1 1  0.0183158 0.35228 1.05962 0.448517 0.00999299
1 9 2 1  1.94586e-15 5.2177e-15 1.03877e-14 1.30279e-14 1.754e-15
1 9 3 1  8.10768e-17 1.90511e-16 1.88087e-16 9.67291e-17 1.63505e-17
1 9 4 1  0.0422751 0.871803 2.21195 0.791521 0.14911
1 10 1 1  0.0182716 0.334234 0.887534 0.322441 0.00453526
1 10 2 1  1.94633e-15 5.23564e-15 1.02574e-14 1.11261e-14 8.3247e-16
1 10 3 1  8.08574e-17 1.86304e-16 1.73595e-16 7.59105e-17 6.17501e-18
1 10 4 1  0.042637 0.896586 2.25431 0.737649 0.118829
1 11 1 1  0.0182544 0.325392 0.794575 0.245827 0.00205831
1 11 2 1  1.94609e-15 5.24411e-15 1.02646e-14 1.0205e-14 3.9721e-16
1 11 3 1  8.07621e-17 1.84635e-16 1.67336e-16 6.543e-17 2.34008e-18
1 11 4 1  0.0428983 0.917665 2.3026 0.696732 0.0946973
1 12 1 1  0.0182477 0.321101 0.745546 0.200566 0.000934151
1 12 2 1  1.94614e-15 5.2478e-15 1.02882e-14 9.77988e-15 1.89933e-16
1 12 3 1  8.07167e-17 1.83962e-16 1.64587e-16 6.02852e-17 8.88158e-19
1 12 4 1  0.0430871 0.935349 2.35311 0.666428 0.0754663
1 13 1 1  0.018245 0.319033 0.720172 0.174483 0.00042396
1 13 2 1  1.94563e-15 5.24214e-15 1.02973e-14 9.59018e-15 9.0911e-17
1 13 3 1  8.06589e-17 1.83446e-16 1.63392e-16 5.784e-17 3.37405e-19
1 13 4 1  0.0432235 0.950025 2.40317 0.644696 0.0601406
1 14 1 1  0.018244 0.318042 0.707241 0.159773 0.000192412
1 14 2 1  1.9457e-15 5.23879e-15 1.02859e-14 9.49728e-15 4.3518e-17
1 14 3 1  8.06201e-17 1.83087e-16 1.62586e-16 5.66565e-17 1.2822e-19
1 14 4 1  0.0433219 0.962099 2.451 0.629777 0.0479273
1 15 1 1  0.0182436 0.31757 0.700733 0.151631 8.73252e-05
1 15 2 1  1.94599e-15 5.24468e-15 1.02995e-14 9.46952e-15 2.08778e-17
1 15 3 1  8.06293e-17 1.83215e-16 1.62469e-16 5.61511e-17 4.8789e-20
1 15 4 1  0.0433931 0.971959 2.49546 0.620183 0.0381943
1 16 1 1  0.0182435 0.317346 0.697493 0.147197 3.96321e-05
1 16 2 1  1.9458e-15 5.24604e-15 1.03214e-14 9.47617e-15 1.00297e-17
1 16 3 1  8.0629e-17 1.83344e-16 1.62745e-16 5.60208e-17 1.85807e-20
1 16 4 1  0.0434444 0.979963 2.53593 0.614674 0.0304378
1 17 1 1  0.0182434 0.317239 0.695893 0.144816 1.79868e-05
1 17 2 1  1.94506e-15 5.23237e-15 1.02989e-14 9.46571e-15 4.80996e-18
1 17 3 1  8.05632e-17 1.82846e-16 1.62526e-16 5.59563e-17 7.07194e-21
1 17 4 1  0.0434815 0.986426 2.57214 0.612228 0.0242565
1 18 1 1  0.0182434 0.317189 0.695109 0.143553 8.16322e-06
1 18 2 1  1.94482e-15 5.2185e-15 1.02373e-14 9.41781e-15 2.30135e-18
1 18 3 1  8.0487e-17 1.82077e-16 1.61603e-16 5.5752e-17 2.68905e-21
1 18 4 1  0.0435084 0.991623 2.60411 0.612022 0.0193305
1 19 1 1  0.0182434 0.317165 0.694727 0.142891 3.70483e-06
1 19 2 1  1.94573e-15 5.22847e-15 1.02225e-14 9.38476e-15 1.10301e-18
1 19 3 1  8.05156e-17 1.82173e-16 1.61122e-16 5.55391e-17 1.02335e-21
1 19 4 1  0.0435277 0.995785 2.63201 0.613396 0.0154049
1 20 1 1  0.0182434 0.317154 0.694542 0.142546 1.68142e-06
1 20 2 1  1.9453e-15 5.23166e-15 1.02492e-14 9.38647e-15 5.29694e-19
1 20 3 1  8.05283e-17 1.82379e-16 1.61477e-16 5.54915e-17 3.8985e-22
1 20 4 1  0.0435417 0.999108 2.65613 0.615836 0.0122765
1 21 1 1  0.0074221 0.131227 0.314916 0.0660312 3.54249e-07
1 21 2 1  7.90834e-16 2.12466e-15 4.16352e-15 3.81347e-15 1.03266e-19
1 21 3 1  3.27307e-17 7.40695e-17 6.56075e-17 2.25508e-17 6.0344e-23
1 21 4 1  0.01771 0.409451 1.12228 0.260801 0.00412309
1 22 1 1  0.00742613 0.133646 0.35668 0.0860972 2.1631e-07
1 22 2 1  7.9051e-16 2.11667e-15 4.1406e-15 3.79559e-15 4.93698e-20
1 22 3 1  3.26966e-17 7.37104e-17 6.53087e-17 2.24847e-17 2.29442e-23
1 22 4 1  0.0177177 0.413794 1.18907 0.281748 0.00353878
1 23 1 1  0.00742771 0.134858 0.381709 0.104431 1.32083e-07
1 23 2 1  7.90678e-16 2.11336e-15 4.10914e-15 3.76174e-15 2.35347e-20
1 23 3 1  3.26807e-17 7.33979e-17 6.47446e-17 2.23227e-17 8.71151e-24
1 23 4 1  0.0177233 0.417231 1.24669 0.303174 0.00303727
1 24 1 1  0.00742832 0.13546 0.396355 0.119276 8.06521e-08
1 24 2 1  7.90608e-16 2.11151e-15 4.09088e-15 3.72901e-15 1.12128e-20
1 24 3 1  3.26727e-17 7.31929e-17 6.43609e-17 2.21367e-17 3.3066e-24
1 24 4 1  0.0177273 0.41995 1.29622 0.324539 0.00260684
1 25 1 1  0.00742856 0.135758 0.404767 0.13048 4.92476e-08
1 25 2 1  7.90324e-16 2.10403e-15 4.06136e-15 3.68728e-15 5.32233e-21
1 25 3 1  3.26418e-17 7.27808e-17 6.38361e-17 2.19153e-17 1.2529e-24
1 25 4 1  0.0177302 0.422098 1.33862 0.345433 0.00223741
1 26 1 1  0.00742866 0.135905 0.409527 0.138553 3.00714e-08
1 26 2 1  7.90709e-16 2.10567e-15 4.03991e-15 3.64846e-15 2.52368e-21
1 26 3 1  3.26472e-17 7.2652e-17 6.33201e-17 2.16812e-17 4.74438e-25
1 26 4 1  0.0177323 0.423793 1.37482 0.365557 0.00192033
1 27 1 1  0.00742869 0.135977 0.412188 0.144181 1.83621e-08
1 27 2 1  7.90895e-16 2.11224e-15 4.05355e-15 3.63744e-15 1.20078e-21
1 27 3 1  3.26783e-17 7.28752e-17 6.33825e-17 2.15589e-17 1.79933e-25
1 27 4 1  0.0177338 0.425131 1.40562 0.384699 0.00164819
1 28 1 1  0.00742871 0.136012 0.413661 0.148009 1.12122e-08
1 28 2 1  7.90741e-16 2.11189e-15 4.06445e-15 3.63759e-15 5.71129e-22
1 28 3 1  3.26857e-17 7.29329e-17 6.35337e-17 2.15286e-17 6.82289e-26
1 28 4 1  0.0177349 0.426185 1.43176 0.402719 0.00141461
1 29 1 1  0.00742871 0.136029 0.414469 0.150563 6.84639e-09
1 29 2 1  7.90402e-16 2.10311e-15 4.04311e-15 3.62116e-15 2.70393e-22
1 29 3 1  3.26542e-17 7.25785e-17 6.32625e-17 2.14623e-17 2.58163e-26
1 29 4 1  0.0177357 0.427016 1.45389 0.419538 0.00121414
1 30 1 1  0.00742871 0.136038 0.41491 0.152243 4.18052e-09
1 30 2 1  7.90698e-16 2.10283e-15 4.01912e-15 3.59479e-15 1.27786e-22
1 30 3 1  3.26506e-17 7.24099e-17 6.28028e-17 2.13261e-17 9.75914e-27
1 30 4 1  0.0177362 0.427669 1.47259 0.435117 0.00104207
1 31 1 1  0.00742871 0.136042 0.415149 0.153334 2.5527e-09
1 31 2 1  7.90505e-16 2.10119e-15 4.01131e-15 3.57476e-15 6.04255e-23
1 31 3 1  3.26439e-17 7.22924e-17 6.2637e-17 2.12041e-17 3.69023e-27
1 31 4 1  0.0177367 0.428184 1.48836 0.449456 0.000894393
1 32 1 1  0.00742872 0.136044 0.415277 0.154035 1.55872e-09
1 32 2 1  7.90455e-16 2.09746e-15 3.99273e-15 3.54849e-15 2.84918e-23
1 32 3 1  3.26288e-17 7.20626e-17 6.22917e-17 2.10634e-17 1.39348e-27
1 32 4 1  0.017737 0.428589 1.50163 0.462578 0.000767642
1 33 1 1  0.00742872 0.136045 0.415346 0.154483 9.51783e-10
1 33 2 1  7.90361e-16 2.09373e-15 3.97228e-15 3.51948e-15 1.34102e-23
1 33 3 1  3.26118e-17 7.1815e-17 6.19164e-17 2.09046e-17 5.25745e-28
1 33 4 1  0.0177372 0.428907 1.51278 0.474528 0.000658855
1 34 1 1  0.00742872 0.136045 0.415383 0.154767 5.81175e-10
1 34 2 1  7.90143e-16 2.08716e-15 3.94368e-15 3.48238e-15 6.29201e-24
1 34 3 1  3.25821e-17 7.14372e-17 6.1423e-17 2.07099e-17 1.98066e-28
1 34 4 1  0.0177373 0.429157 1.52214 0.485362 0.000565484
1 35 1 1  0.00742872 0.136046 0.415402 0.154946 3.54876e-10
1 35 2 1  7.89882e-16 2.07789e-15 3.90127e-15 3.431e-15 2.93841e-24
1 35 3 1  3.25385e-17 7.08944e-17 6.06988e-17 2.04466e-17 7.44554e-29
1 35 4 1  0.0177374 0.429353 1.52998 0.495144 0.000485345
1 36 1 1  0.00742872 0.136046 0.415413 0.155058 2.16693e-10
1 36 2 1  7.90081e-16 2.07675e-15 3.86949e-15 3.38053e-15 1.37012e-24
1 36 3 1  3.25251e-17 7.06187e-17 6.00243e-17 2.01555e-17 2.79658e-29
1 36 4 1  0.0177375 0.429508 1.53653 0.503947 0.000416564
1 37 1 1  0.00742872 0.136046 0.415418 0.155128 1.32317e-10
1 37 2 1  7.90179e-16 2.07997e-15 3.86776e-15 3.35269e-15 6.40303e-25
1 37 3 1  3.25347e-17 7.06466e-17 5.98345e-17 1.99528e-17 1.0515e-29
1 37 4 1  0.0177376 0.429629 1.54201 0.511842 0.00035753
1 38 1 1  0.00742872 0.136046 0.415421 0.155172 8.07948e-11
1 38 2 1  7.90184e-16 2.08149e-15 3.87406e-15 3.3418e-15 2.99419e-25
1 38 3 1  3.25429e-17 7.07056e-17 5.98469e-17 1.98524e-17 3.95463e-30
1 38 4 1  0.0177376 0.429724 1.54659 0.518902 0.000306862
1 39 1 1  0.00742872 0.136046 0.415423 0.155199 4.93347e-11
1 39 2 1  7.89918e-16 2.07632e-15 3.86516e-15 3.32959e-15 1.3968e-25
1 39 3 1  3.25243e-17 7.05092e-17 5.97238e-17 1.97818e-17 1.4857e-30
1 39 4 1  0.0177376 0.429798 1.5504 0.5252 0.000263374
1 40 1 1  0.00742872 0.136046 0.415424 0.155216 3.01246e-11
1 40 2 1  7.90217e-16 2.07832e-15 3.856e-15 3.31666e-15 6.5119e-26
1 40 3 1  3.25303e-17 7.04977e-17 5.95e-17 1.97014e-17 5.57928e-31
1 40 4 1  0.0177377 0.429857 1.55358 0.530802 0.00022605
1 41 1 1  0.00742872 0.136046 0.415424 0.155227 1.83946e-11
1 41 2 1  7.90032e-16 2.07772e-15 3.85914e-15 3.31257e-15 3.03974e-26
1 41 3 1  3.2529e-17 7.04891e-17 5.95453e-17 1.9663e-17 2.09656e-31
1 41 4 1  0.0177377 0.429903 1.55623 0.535776 0.000194015
1 42 1 1  0.00742872 0.136046 0.415424 0.155233 1.12321e-11
1 42 2 1  7.90113e-16 2.07726e-15 3.85389e-15 3.30553e-15 1.41682e-26
1 42 3 1  3.25277e-17 7.04433e-17 5.94338e-17 1.96228e-17 7.87246e-32
1 42 4 1  0.0177377 0.429939 1.55843 0.540182 0.000166519
2 1 1 1  3.80606e-15 2.72801e-14 1.53998e-14 1.74829e-14 5.55183e-15
2 1 2 1  1.53904 26.9492 252.464 429.782 929.758
2 1 3 1  0.672041 41.6424 90.0132 82.1865 75.1976
2 1 4 1  2.86723e-15 1.87316e-14 1.32946e-14 8.34843e-15 3.66645e-15
2 2 1 1  1.76233e-15 2.40406e-14 1.17001e-14 9.37045e-15 2.51967e-15
2 2 2 1  0.22098 28.5231 217.156 277.906 409.494
2 2 3 1  0.372131 28.9526 44.5005 33.2875 26.6665
2 2 4 1  3.40622e-15 1.82336e-14 1.22602e-14 7.2064e-15 2.92187e-15
2 3 1 1  9.64764e-16 1.64631e-14 9.55648e-15 5.33725e-15 1.14354e-15
2 3 2 1  0.220956 10.1627 210.652 198.177 181.539
2 3 3 1  0.239056 18.4322 25.6479 14.0164 9.53738
2 3 4 1  3.79552e-15 1.85508e-14 1.141e-14 6.253e-15 2.3285e-15
2 4 1 1  6.53511e-16 1.05557e-14 7.16683e-15 3.30429e-15 5.18989e-16
2 4 2 1  0.220916 5.64442 126.464 161.698 81.6962
2 4 3 1  0.180078 11.8164 15.6941 6.37042 3.45866
2 4 4 1  4.0767e-15 1.93038e-14 1.07898e-14 5.45763e-15 1.85563e-15
2 5 1 1  5.32044e-16 6.87165e-15 5.01423e-15 2.15995e-15 2.35541e-16
2 5 2 1  0.220911 4.53892 74.3934 117.958 37.2734
2 5 3 1  0.153967 8.09268 9.93941 3.15765 1.26876
2 5 4 1  4.2798e-15 2.02531e-14 1.03936e-14 4.79777e-15 1.47879e-15
2 6 1 1  4.84641e-16 4.78971e-15 3.40479e-15 1.44201e-15 1.06899e-16
2 6 2 1  0.220832 4.26297 49.4875 80.6489 17.1792
2 6 3 1  0.142332 6.10033 6.61075 1.702 0.469344
2 6 4 1  4.42649e-15 2.12525e-14 1.01912e-14 4.25522e-15 1.17848e-15
2 7 1 1  4.66142e-16 3.67617e-15 2.33684e-15 9.67938e-16 4.85155e-17
2 7 2 1  0.220829 4.19783 38.6805 54.9661 7.97036
2 7 3 1  0.137152 5.07835 4.73382 0.9935 0.174542
2 7 4 1  4.53244e-15 2.22171e-14 1.01434e-14 3.81423e-15 9.39155e-16
2 8 1 1  4.58923e-16 3.10093e-15 1.68213e-15 6.54416e-16 2.20185e-17
2 8 2 1  0.220783 4.18268 34.3084 39.4464 3.72713
2 8 3 1  0.13482 4.57123 3.72608 0.633989 0.065284
2 8 4 1  4.60897e-15 2.31017e-14 1.02109e-14 3.46061e-15 7.48432e-16
2 9 1 1  4.56106e-16 2.8107e-15 1.30239e-15 4.51786e-16 9.99299e-18
2 9 2 1  0.220811 4.18593 32.6586 30.7557 1.754
2 9 3 1  0.133808 4.33212 3.20333 0.447102 0.0245257
2 9 4 1  4.66424e-15 2.3886e-14 1.03584e-14 3.18142e-15 5.96441e-16
2 10 1 1  4.55006e-16 2.66671e-15 1.09088e-15 3.24791e-16 4.53526e-18
2 10 2 1  0.220864 4.20032 32.249 26.2662 0.83247
2 10 3 1  0.133445 4.23646 2.95652 0.350874 0.00926252
2 10 4 1  4.70416e-15 2.45651e-14 1.05568e-14 2.96489e-15 4.75316e-16
2 11 1 1  4.54577e-16 2.59617e-15 9.76621e-16 2.47619e-16 2.05831e-18
2 11 2 1  0.220837 4.20712 32.2717 24.0917 0.39721
2 11 3 1  0.133288 4.19851 2.84992 0.302431 0.00351012
2 11 4 1  4.733e-15 2.51426e-14 1.07829e-14 2.80043e-15 3.78789e-16
2 12 1 1  4.5441e-16 2.56193e-15 9.16358e-16 2.02028e-16 9.34151e-19
2 12 2 1  0.220842 4.21008 32.346 23.088 0.189933
2 12 3 1  0.133213 4.1832 2.8031 0.278651 0.00133224
2 12 4 1  4.75383e-15 2.56271e-14 1.10194e-14 2.67863e-15 3.01865e-16
2 13 1 1  4.54344e-16 2.54543e-15 8.85171e-16 1.75755e-16 4.2396e-19
2 13 2 1  0.220784 4.20554 32.3747 22.6402 0.090911
2 13 3 1  0.133118 4.17147 2.78275 0.267349 0.000506108
2 13 4 1  4.76887e-15 2.60292e-14 1.12539e-14 2.59128e-15 2.40563e-16
2 14 1 1  4.54319e-16 2.53753e-15 8.69277e-16 1.60938e-16 1.92412e-19
2 14 2 1  0.220792 4.20285 32.3389 22.4208 0.043518
2 14 3 1  0.133054 4.16332 2.76902 0.261878 0.00019233
2 14 4 1  4.77973e-15 2.636e-14 1.14779e-14 2.53131e-15 1.91709e-16
2 15 1 1  4.54309e-16 2.53376e-15 8.61279e-16 1.52736e-16 8.73252e-20
2 15 2 1  0.220826 4.20757 32.3814 22.3553 0.0208778
2 15 3 1  0.133069 4.16623 2.76704 0.259542 7.31834e-05
2 15 4 1  4.78758e-15 2.66301e-14 1.16861e-14 2.49275e-15 1.52777e-16
2 16 1 1  4.54305e-16 2.53197e-15 8.57296e-16 1.4827e-16 3.96321e-20
2 16 2 1  0.220803 4.20866 32.4505 22.371 0.0100297
2 16 3 1  0.133068 4.16917 2.77173 0.25894 2.7871e-05
2 16 4 1  4.79325e-15 2.68494e-14 1.18756e-14 2.47061e-15 1.21751e-16
2 17 1 1  4.54304e-16 2.53112e-15 8.5533e-16 1.45872e-16 1.79868e-20
2 17 2 1  0.22072 4.1977 32.3797 22.3463 0.00480996
2 17 3 1  0.13296 4.15784 2.768 0.258642 1.06079e-05
2 17 4 1  4.79734e-15 2.70265e-14 1.20452e-14 2.46078e-15 9.70261e-17
2 18 1 1  4.54303e-16 2.53072e-15 8.54366e-16 1.446e-16 8.16322e-21
2 18 2 1  0.220693 4.18657 32.1859 22.2332 0.00230135
2 18 3 1  0.132834 4.14035 2.75229 0.257698 4.03358e-06
2 18 4 1  4.8003e-15 2.71689e-14 1.21949e-14 2.45995e-15 7.73221e-17
2 19 1 1  4.54303e-16 2.53053e-15 8.53897e-16 1.43932e-16 3.70483e-21
2 19 2 1  0.220795 4.19457 32.1395 22.1552 0.00110301
2 19 3 1  0.132881 4.14254 2.74409 0.256713 1.53503e-06
2 19 4 1  4.80244e-15 2.7283e-14 1.23255e-14 2.46547e-15 6.16196e-17
2 20 1 1  4.54303e-16 2.53044e-15 8.5367e-16 1.43585e-16 1.68142e-21
2 20 2 1  0.220747 4.19713 32.2233 22.1592 0.000529694
2 20 3 1  0.132902 4.14721 2.75013 0.256493 5.84775e-07
2 20 4 1  4.80398e-15 2.7374e-14 1.24384e-14 2.47528e-15 4.9106e-17
2 21 1 1  4.54603e-16 2.57522e-15 9.5203e-16 1.63594e-16 8.71311e-22
2 21 2 1  0.220729 4.19243 32.1963 22.1431 0.000253993
2 21 3 1  0.132863 4.14273 2.74829 0.256376 2.22633e-07
2 21 4 1  4.80596e-15 2.75926e-14 1.29266e-14 2.5783e-15 4.05646e-17
2 22 1 1  4.5485e-16 2.6227e-15 1.07829e-15 2.13309e-16 5.32038e-22
2 22 2 1  0.220638 4.17667 32.0191 22.0393 0.00012143
2 22 3 1  0.132725 4.12264 2.73577 0.255624 8.46506e-08
2 22 4 1  4.80805e-15 2.78852e-14 1.36958e-14 2.78539e-15 3.48159e-17
2 23 1 1  4.54946e-16 2.64647e-15 1.15396e-15 2.58731e-16 3.24872e-22
2 23 2 1  0.220685 4.17014 31.7758 21.8427 5.78861e-05
2 23 3 1  0.13266 4.10516 2.71214 0.253783 3.21403e-08
2 23 4 1  4.80956e-15 2.81169e-14 1.43596e-14 2.99721e-15 2.98819e-17
2 24 1 1  4.54984e-16 2.65829e-15 1.19823e-15 2.9551e-16 1.98372e-22
2 24 2 1  0.220666 4.16649 31.6346 21.6527 2.7579e-05
2 24 3 1  0.132627 4.0937 2.69607 0.251667 1.21994e-08
2 24 4 1  4.81064e-15 2.83001e-14 1.493e-14 3.20842e-15 2.56472e-17
2 25 1 1  4.54999e-16 2.66414e-15 1.22366e-15 3.23269e-16 1.21129e-22
2 25 2 1  0.220586 4.15174 31.4063 21.4104 1.30908e-05
2 25 3 1  0.132502 4.07065 2.67408 0.24915 4.62245e-09
2 25 4 1  4.81143e-15 2.84448e-14 1.54184e-14 3.41498e-15 2.20125e-17
2 26 1 1  4.55005e-16 2.66702e-15 1.23805e-15 3.4327e-16 7.39638e-23
2 26 2 1  0.220694 4.15497 31.2405 21.185 6.20725e-06
2 26 3 1  0.132524 4.06344 2.65247 0.24649 1.75039e-09
2 26 4 1  4.812e-15 2.85591e-14 1.58353e-14 3.61393e-15 1.8893e-17
2 27 1 1  4.55007e-16 2.66843e-15 1.2461e-15 3.57213e-16 4.51636e-23
2 27 2 1  0.220746 4.16793 31.346 21.1209 2.95345e-06
2 27 3 1  0.13265 4.07593 2.65508 0.245098 6.63846e-10
2 27 4 1  4.81241e-15 2.86492e-14 1.61901e-14 3.80316e-15 1.62155e-17
2 28 1 1  4.55008e-16 2.66912e-15 1.25055e-15 3.66696e-16 2.75777e-23
2 28 2 1  0.220703 4.16725 31.4302 21.1219 1.40475e-06
2 28 3 1  0.13268 4.07916 2.66142 0.244755 2.51724e-10
2 28 4 1  4.8127e-15 2.87203e-14 1.64912e-14 3.98132e-15 1.39175e-17
2 29 1 1  4.55008e-16 2.66946e-15 1.25299e-15 3.73025e-16 1.68394e-23
2 29 2 1  0.220608 4.14991 31.2652 21.0264 6.65058e-07
2 29 3 1  0.132552 4.05934 2.65006 0.244001 9.52469e-11
2 29 4 1  4.81292e-15 2.87763e-14 1.67461e-14 4.14758e-15 1.19452e-17
2 30 1 1  4.55008e-16 2.66963e-15 1.25433e-15 3.77186e-16 1.02824e-23
2 30 2 1  0.220691 4.14937 31.0796 20.8733 3.14303e-07
2 30 3 1  0.132538 4.0499 2.6308 0.242452 3.60054e-11
2 30 4 1  4.81307e-15 2.88203e-14 1.69615e-14 4.3016e-15 1.02523e-17
2 31 1 1  4.55008e-16 2.66971e-15 1.25505e-15 3.79889e-16 6.27863e-24
2 31 2 1  0.220637 4.14614 31.0193 20.757 1.48623e-07
2 31 3 1  0.132511 4.04333 2.62385 0.241065 1.36148e-11
2 31 4 1  4.81319e-15 2.8855e-14 1.71431e-14 4.44336e-15 8.79941e-18
2 32 1 1  4.55008e-16 2.66975e-15 1.25543e-15 3.81628e-16 3.83384e-24
2 32 2 1  0.220623 4.13877 30.8756 20.6045 7.00786e-08
2 32 3 1  0.132449 4.03048 2.60939 0.239466 5.14112e-12
2 32 4 1  4.81327e-15 2.88823e-14 1.7296e-14 4.57309e-15 7.55238e-18
2 33 1 1  4.55008e-16 2.66977e-15 1.25564e-15 3.82737e-16 2.34101e-24
2 33 2 1  0.220597 4.13142 30.7174 20.436 3.29839e-08
2 33 3 1  0.13238 4.01663 2.59367 0.23766 1.93968e-12
2 33 4 1  4.81332e-15 2.89037e-14 1.74244e-14 4.69122e-15 6.48208e-18
2 34 1 1  4.55008e-16 2.66978e-15 1.25575e-15 3.8344e-16 1.42946e-24
2 34 2 1  0.220536 4.11844 30.4963 20.2206 1.54758e-08
2 34 3 1  0.13226 3.9955 2.573 0.235447 7.30747e-13
2 34 4 1  4.81337e-15 2.89206e-14 1.75322e-14 4.79832e-15 5.56346e-18
2 35 1 1  4.55008e-16 2.66978e-15 1.25581e-15 3.83884e-16 8.72853e-25
2 35 2 1  0.220463 4.10016 30.1683 19.9223 7.22732e-09
2 35 3 1  0.132083 3.96514 2.54266 0.232453 2.74696e-13
2 35 4 1  4.8134e-15 2.89338e-14 1.76225e-14 4.89504e-15 4.77503e-18
2 36 1 1  4.55008e-16 2.66978e-15 1.25585e-15 3.84162e-16 5.32979e-25
2 36 2 1  0.220519 4.09791 29.9226 19.6292 3.36995e-09
2 36 3 1  0.132029 3.94972 2.51441 0.229144 1.03177e-13
2 36 4 1  4.81342e-15 2.89442e-14 1.7698e-14 4.98206e-15 4.09832e-18
2 37 1 1  4.55008e-16 2.66978e-15 1.25586e-15 3.84336e-16 3.25446e-25
2 37 2 1  0.220546 4.10425 29.9092 19.4675 1.57489e-09
2 37 3 1  0.132068 3.95128 2.50646 0.226839 3.87939e-14
2 37 4 1  4.81344e-15 2.89524e-14 1.77611e-14 5.06011e-15 3.51752e-18
2 38 1 1  4.55008e-16 2.66978e-15 1.25587e-15 3.84444e-16 1.98723e-25
2 38 2 1  0.220547 4.10727 29.9579 19.4043 7.36451e-10
2 38 3 1  0.132101 3.95458 2.50698 0.225698 1.45902e-14
2 38 4 1  4.81345e-15 2.89588e-14 1.78138e-14 5.12991e-15 3.01903e-18
2 39 1 1  4.55008e-16 2.66978e-15 1.25588e-15 3.84511e-16 1.21344e-25
2 39 2 1  0.220473 4.09706 29.8891 19.3334 3.43559e-10
2 39 3 1  0.132025 3.9436 2.50182 0.224896 5.48134e-15
2 39 4 1  4.81346e-15 2.89638e-14 1.78578e-14 5.19217e-15 2.59118e-18
2 40 1 1  4.55008e-16 2.66978e-15 1.25588e-15 3.84553e-16 7.40946e-26
2 40 2 1  0.220556 4.10101 29.8183 19.2583 1.60167e-10
2 40 3 1  0.13205 3.94296 2.49244 0.223981 2.05842e-15
2 40 4 1  4.81346e-15 2.89677e-14 1.78944e-14 5.24755e-15 2.22397e-18
2 41 1 1  4.55008e-16 2.66978e-15 1.25588e-15 3.84579e-16 4.52435e-26
2 41 2 1  0.220505 4.09981 29.8426 19.2346 7.47655e-11
2 41 3 1  0.132044 3.94247 2.49434 0.223544 7.73507e-16
2 41 4 1  4.81347e-15 2.89708e-14 1.79249e-14 5.29672e-15 1.9088e-18
2 42 1 1  4.55008e-16 2.66978e-15 1.25588e-15 3.84594e-16 2.76264e-26
2 42 2 1  0.220527 4.09891 29.8019 19.1937 3.48481e-11
2 42 3 1  0.132039 3.93991 2.48967 0.223088 2.90447e-16
2 42 4 1  4.81347e-15 2.89733e-14 1.79502e-14 5.34029e-15 1.63829e-18
full time series of predicted survey index
survey year spp area pred_survey
1 1 1 1 69454.4
1 1 2 1 1557.4
1 1 3 1 257.963
1 1 4 1 58073
1 2 1 1 79276
1 2 2 1 1220.06
1 2 3 1 203.179
1 2 4 1 56431.1
1 3 1 1 84372.6
1 3 2 1 2006.7
1 3 3 1 256.63
1 3 4 1 58373.2
1 4 1 1 77102.6
1 4 2 1 3840.13
1 4 3 1 327.691
1 4 4 1 62100.1
1 5 1 1 63268.6
1 5 2 1 5573.51
1 5 3 1 385.115
1 5 4 1 66445.1
1 6 1 1 48812.4
1 6 2 1 6773.81
1 6 3 1 421.447
1 6 4 1 70694.2
1 7 1 1 36798.6
1 7 2 1 7506.31
1 7 3 1 442.727
1 7 4 1 74448
1 8 1 1 28014.6
1 8 2 1 7893.05
1 8 3 1 453.03
1 8 4 1 77518.4
1 9 1 1 22106
1 9 2 1 8111.41
1 9 3 1 458.922
1 9 4 1 79853.8
1 10 1 1 18359.5
1 10 2 1 8264.88
1 10 3 1 463.847
1 10 4 1 81485.6
1 11 1 1 16086.7
1 11 2 1 8345.83
1 11 3 1 466.439
1 11 4 1 82490.9
1 12 1 1 14754.4
1 12 2 1 8399.31
1 12 3 1 468.357
1 12 4 1 82967.5
1 13 1 1 13994.6
1 13 2 1 8400.21
1 13 3 1 468.066
1 13 4 1 83018.3
1 14 1 1 13570.9
1 14 2 1 8403.96
1 14 3 1 468.084
1 14 4 1 82741.4
1 15 1 1 13339
1 15 2 1 8433.37
1 15 3 1 469.451
1 15 4 1 82224.7
1 16 1 1 13214.1
1 16 2 1 8452.46
1 16 3 1 470.366
1 16 4 1 81543.6
1 17 1 1 13147.6
1 17 2 1 8423.31
1 17 3 1 468.937
1 17 4 1 80760.3
1 18 1 1 13112.7
1 18 2 1 8386.69
1 18 3 1 467.133
1 18 4 1 79924.4
1 19 1 1 13094.6
1 19 2 1 8424.04
1 19 3 1 468.956
1 19 4 1 79074.2
1 20 1 1 13085.2
1 20 2 1 8440.61
1 20 3 1 469.778
1 20 4 1 78238.4
1 21 1 1 15515.1
1 21 2 1 8447.49
1 21 3 1 470.123
1 21 4 1 82041.5
1 22 1 1 17415.2
1 22 2 1 8390.08
1 22 3 1 467.275
1 22 4 1 85527.3
1 23 1 1 18817
1 23 2 1 8358.74
1 23 3 1 465.657
1 23 4 1 88701.8
1 24 1 1 19810.9
1 24 2 1 8321.01
1 24 3 1 463.708
1 24 4 1 91577.1
1 25 1 1 20495.5
1 25 2 1 8242.82
1 25 3 1 459.739
1 25 4 1 94169
1 26 1 1 20956.9
1 26 2 1 8240.28
1 26 3 1 459.516
1 26 4 1 96495.8
1 27 1 1 21262.6
1 27 2 1 8275.56
1 27 3 1 461.209
1 27 4 1 98577
1 28 1 1 21462.3
1 28 2 1 8279.4
1 28 3 1 461.367
1 28 4 1 100433
1 29 1 1 21591.5
1 29 2 1 8218.13
1 29 3 1 458.307
1 29 4 1 102082
1 30 1 1 21674.3
1 30 2 1 8211.87
1 30 3 1 457.982
1 30 4 1 103545
1 31 1 1 21726.9
1 31 2 1 8177.78
1 31 3 1 456.274
1 31 4 1 104839
1 32 1 1 21760.2
1 32 2 1 8141.06
1 32 3 1 454.409
1 32 4 1 105982
1 33 1 1 21781.1
1 33 2 1 8096.31
1 33 3 1 452.139
1 33 4 1 106988
1 34 1 1 21794.2
1 34 2 1 8024.87
1 34 3 1 448.524
1 34 4 1 107874
1 35 1 1 21802.4
1 35 2 1 7925.67
1 35 3 1 443.497
1 35 4 1 108652
1 36 1 1 21807.5
1 36 2 1 7884.37
1 36 3 1 441.351
1 36 4 1 109334
1 37 1 1 21810.6
1 37 2 1 7878.21
1 37 3 1 440.97
1 37 4 1 109931
1 38 1 1 21812.6
1 38 2 1 7880.77
1 38 3 1 441.036
1 38 4 1 110454
1 39 1 1 21813.8
1 39 2 1 7839.17
1 39 3 1 438.907
1 39 4 1 110910
1 40 1 1 21814.5
1 40 2 1 7853.74
1 40 3 1 439.612
1 40 4 1 111309
1 41 1 1 21815
1 41 2 1 7838.24
1 41 3 1 438.823
1 41 4 1 111656
1 42 1 1 21815.3
1 42 2 1 7837.94
1 42 3 1 438.792
1 42 4 1 111959
full time series of predicted catch
fleet year spp area pred_catch
1 1 1 1 36717
1 1 4 1 7702.67
1 2 1 1 25126.1
1 2 4 1 6741.48
1 3 1 1 30048.4
1 3 4 1 6563.65
1 4 1 1 32087.3
1 4 4 1 6825.78
1 5 1 1 29129.7
1 5 4 1 7300.33
1 6 1 1 23740.3
1 6 4 1 7842.69
1 7 1 1 18226.8
1 7 4 1 8366.22
1 8 1 1 13708.3
1 8 4 1 8823.8
1 9 1 1 10437.8
1 9 4 1 9194.37
1 10 1 1 8254.83
1 10 4 1 9473.29
1 11 1 1 6879.07
1 11 4 1 9665.7
1 12 1 1 6048.57
1 12 4 1 9781.91
1 13 1 1 5563.73
1 13 4 1 9834.47
1 14 1 1 5288.17
1 14 4 1 9836.24
1 15 1 1 5134.95
1 15 4 1 9799.29
1 16 1 1 5051.3
1 16 4 1 9734.33
1 17 1 1 5006.33
1 17 4 1 9650.42
1 18 1 1 4982.46
1 18 4 1 9555
1 19 1 1 4969.95
1 19 4 1 9453.95
1 20 1 1 4963.45
1 20 4 1 9351.75
1 21 1 1 2252.64
1 21 4 1 3881.67
1 22 1 1 2664.89
1 22 4 1 4069.65
1 23 1 1 2984.1
1 23 4 1 4241.36
1 24 1 1 3218.02
1 24 4 1 4397.27
1 25 1 1 3383.06
1 25 4 1 4538.12
1 26 1 1 3496.3
1 26 4 1 4664.8
1 27 1 1 3572.4
1 27 4 1 4778.28
1 28 1 1 3622.69
1 28 4 1 4879.61
1 29 1 1 3655.5
1 29 4 1 4969.79
1 30 1 1 3676.67
1 30 4 1 5049.85
1 31 1 1 3690.22
1 31 4 1 5120.74
1 32 1 1 3698.83
1 32 4 1 5183.37
1 33 1 1 3704.26
1 33 4 1 5238.61
1 34 1 1 3707.68
1 34 4 1 5287.23
1 35 1 1 3709.82
1 35 4 1 5329.96
1 36 1 1 3711.15
1 36 4 1 5367.45
1 37 1 1 3711.98
1 37 4 1 5400.3
1 38 1 1 3712.49
1 38 4 1 5429.05
1 39 1 1 3712.81
1 39 4 1 5454.18
1 40 1 1 3713.01
1 40 4 1 5476.13
1 41 1 1 3713.13
1 41 4 1 5495.27
1 42 1 1 3713.21
1 42 4 1 5511.95
2 1 2 1 1596.73
2 1 3 1 626.274
2 2 2 1 1144.5
2 2 3 1 363.407
2 3 2 1 761.288
2 3 3 1 539.948
2 4 2 1 1487.43
2 4 3 1 794.318
2 5 2 1 2918.68
2 5 3 1 1000.74
2 6 2 1 4207.87
2 6 3 1 1136.62
2 7 2 1 5089.29
2 7 3 1 1213.64
2 8 2 1 5613.31
2 8 3 1 1253.84
2 9 2 1 5897.89
2 9 3 1 1272.77
2 10 2 1 6067.27
2 10 3 1 1285.65
2 11 2 1 6174.77
2 11 3 1 1295.75
2 12 2 1 6236.1
2 12 3 1 1301.44
2 13 2 1 6264.44
2 13 3 1 1303.77
2 14 2 1 6267.78
2 14 3 1 1302.73
2 15 2 1 6279.37
2 15 3 1 1304.29
2 16 2 1 6299.4
2 16 3 1 1307.88
2 17 2 1 6299.23
2 17 3 1 1307.65
2 18 2 1 6273.83
2 18 3 1 1302.67
2 19 2 1 6268.36
2 19 3 1 1301.73
2 20 2 1 6290.1
2 20 3 1 1306.4
2 21 2 1 6301.06
2 21 3 1 1308.18
2 22 2 1 6285.2
2 22 3 1 1305.11
2 23 2 1 6247.34
2 23 3 1 1297.84
2 24 2 1 6217.48
2 24 3 1 1292.96
2 25 2 1 6171.25
2 25 3 1 1285.09
2 26 2 1 6131.95
2 26 3 1 1278.15
2 27 2 1 6139.75
2 27 3 1 1280.58
2 28 2 1 6156.57
2 28 3 1 1284.17
2 29 2 1 6138.08
2 29 3 1 1280.57
2 30 2 1 6107.38
2 30 3 1 1274.59
2 31 2 1 6090.78
2 31 3 1 1272.36
2 32 2 1 6061.45
2 32 3 1 1267.27
2 33 2 1 6027.74
2 33 3 1 1261.5
2 34 2 1 5980.94
2 34 3 1 1253.43
2 35 2 1 5911.97
2 35 3 1 1241.31
2 36 2 1 5849.18
2 36 3 1 1230.42
2 37 2 1 5824.42
2 37 3 1 1227.14
2 38 2 1 5820.5
2 38 3 1 1227.23
2 39 2 1 5806.96
2 39 3 1 1225.02
2 40 2 1 5792.51
2 40 3 1 1222.13
2 41 2 1 5792.78
2 41 3 1 1222.75
2 42 2 1 5785.53
2 42 3 1 1221.33
full time series of survey length comp
survey year spp area catch-at-size
1 1 1 2  0.115098 1.84482 0.918618 0.214676 0.355433
1 1 2 2  0 2.28236e-05 0.302589 0.780532 0.00182653
1 1 3 2  0.116922 0.30963 0.0142908 0.136669 0.0293296
1 1 4 2  2.23596 9.00755 16.7788 11.3348 0.0130143
1 2 1 2  0.0498328 1.54234 2.65855 0.213834 0.161312
1 2 2 2  0 1.54599 0.121266 0.511528 0.000867466
1 2 3 2  0.136849 0.494706 0.185827 0.0532689 0.0110336
1 2 4 2  1.83288 14.3529 17.927 9.9199 0.0103714
1 3 1 2  0.0243627 1.05331 2.98481 0.433261 0.0732104
1 3 2 2  0 1.93283 1.7912 0.302853 0.000415339
1 3 3 2  0.145408 0.596672 0.349564 0.0513392 0.0041825
1 3 4 2  1.54174 17.317 21.7834 8.85196 0.00826515
1 4 1 2  0.014423 0.689099 2.50977 0.574426 0.0332262
1 4 2 2  0 2.02672 2.88693 0.940284 0.000198959
1 4 3 2  0.148942 0.648751 0.460602 0.0782261 0.00158801
1 4 4 2  1.33146 18.7638 26.4007 8.20298 0.00658667
1 5 1 2  0.010544 0.465951 1.86651 0.578711 0.0150795
1 5 2 2  0 2.04924 3.42738 1.73495 9.5409e-05
1 5 3 2  0.150428 0.674631 0.526393 0.107141 0.000603694
1 5 4 2  1.17958 19.2717 30.7601 7.92805 0.00524905
1 6 1 2  0.00903022 0.34101 1.33041 0.499398 0.00684376
1 6 2 2  0 2.04997 3.64425 2.34566 4.5584e-05
1 6 3 2  0.150779 0.684492 0.558928 0.128586 0.000229217
1 6 4 2  1.06987 19.2229 34.3989 7.93785 0.00418308
1 7 1 2  0.00843946 0.27456 0.95931 0.395545 0.00310601
1 7 2 2  0 2.04991 3.72911 2.73623 2.17931e-05
1 7 3 2  0.150928 0.688888 0.574872 0.142172 8.71003e-05
1 7 4 2  0.990639 18.8661 37.1734 8.13684 0.00333358
1 8 1 2  0.00820892 0.240361 0.727286 0.301359 0.00140964
1 8 2 2  0 2.04746 3.74869 2.95213 1.03986e-05
1 8 3 2  0.150859 0.689366 0.580377 0.149625 3.30801e-05
1 8 4 2  0.933409 18.3594 39.1109 8.44126 0.0026566
1 9 1 2  0.00811895 0.223152 0.591329 0.229146 0.00063976
1 9 2 2  0 2.0489 3.76284 3.0726 4.97184e-06
1 9 3 2  0.150974 0.690622 0.583865 0.153665 1.25785e-05
1 9 4 2  0.892073 17.8008 40.321 8.78581 0.0021171
1 10 1 2  0.00808384 0.21463 0.515174 0.179078 0.000290352
1 10 2 2  0 2.05283 3.7875 3.15147 2.385e-06
1 10 3 2  0.151261 0.693366 0.588436 0.156306 4.79056e-06
1 10 4 2  0.862216 17.2482 40.9419 9.12411 0.00168716
1 11 1 2  0.00807014 0.210461 0.473904 0.146651 0.000131775
1 11 2 2  0 2.05297 3.7957 3.19506 1.14271e-06
1 11 3 2  0.151352 0.69423 0.590471 0.15787 1.82365e-06
1 11 4 2  0.840652 16.7338 41.1128 9.4265 0.00134453
1 12 1 2  0.00806479 0.20844 0.452095 0.126668 5.98052e-05
1 12 2 2  0 2.05403 3.80343 3.2229 5.47832e-07
1 12 3 2  0.151469 0.695243 0.592233 0.158905 6.94416e-07
1 12 4 2  0.825076 16.2729 40.9582 9.67661 0.00107149
1 13 1 2  0.0080627 0.207467 0.440796 0.11481 2.71423e-05
1 13 2 2  0 2.05197 3.79383 3.22721 2.61905e-07
1 13 3 2  0.151391 0.694261 0.591084 0.159124 2.64093e-07
1 13 4 2  0.813826 15.871 40.583 9.86792 0.000853891
1 14 1 2  0.00806189 0.207001 0.435034 0.107982 1.23184e-05
1 14 2 2  0 2.05267 3.79344 3.22945 1.25316e-07
1 14 3 2  0.151439 0.69444 0.590993 0.159157 1.00472e-07
1 14 4 2  0.8057 15.5272 40.0706 10.0008 0.000680483
1 15 1 2  0.00806157 0.206779 0.432133 0.104144 5.59064e-06
1 15 2 2  0 2.0553 3.80696 3.24109 6.00947e-08
1 15 3 2  0.151614 0.696063 0.59308 0.159531 3.826e-08
1 15 4 2  0.799831 15.2375 39.4849 10.0798 0.000542291
1 16 1 2  0.00806145 0.206674 0.430689 0.102029 2.53728e-06
1 16 2 2  0 2.05555 3.81259 3.24996 2.87988e-08
1 16 3 2  0.151671 0.696659 0.59421 0.159913 1.45648e-08
1 16 4 2  0.795592 14.9963 38.8729 10.112 0.000432163
1 17 1 2  0.0080614 0.206624 0.429975 0.100883 1.15153e-06
1 17 2 2  0 2.05221 3.79599 3.2397 1.37494e-08
1 17 3 2  0.151498 0.694807 0.591793 0.159618 5.53514e-09
1 17 4 2  0.792531 14.7972 38.2676 10.1055 0.0003444
1 18 1 2  0.00806138 0.2066 0.429626 0.100271 5.22617e-07
1 18 2 2  0 2.05074 3.78198 3.22398 6.559e-09
1 18 3 2  0.151385 0.693402 0.589323 0.158968 2.10273e-09
1 18 4 2  0.790319 14.6343 37.6908 10.0686 0.000274459
1 19 1 2  0.00806137 0.206589 0.429456 0.0999483 2.37187e-07
1 19 2 2  0 2.05582 3.80488 3.23644 3.14672e-09
1 19 3 2  0.151659 0.69611 0.592569 0.159259 8.00811e-10
1 19 4 2  0.788722 14.5018 37.1562 10.0088 0.000218722
1 20 1 2  0.00806137 0.206584 0.429373 0.0997798 1.07646e-07
1 20 2 2  0 2.05534 3.81007 3.24409 1.50684e-09
1 20 3 2  0.151676 0.696477 0.59362 0.159603 3.04726e-10
1 20 4 2  0.787568 14.3946 36.6709 9.9331 0.000174304
1 21 1 2  0.00807258 0.210392 0.486303 0.130072 6.57305e-08
1 21 2 2  0 2.05484 3.80957 3.24829 7.21278e-10
1 21 3 2  0.15166 0.696417 0.593841 0.159842 1.15933e-10
1 21 4 2  0.787025 14.4307 38.1716 10.5801 0.000149603
1 22 1 2  0.00807696 0.212298 0.520421 0.157751 4.01362e-08
1 22 2 2  0 2.05039 3.78262 3.22573 3.43329e-10
1 22 3 2  0.151417 0.693456 0.589466 0.159041 4.39914e-11
1 22 4 2  0.786632 14.4574 39.4228 11.2195 0.000128401
1 23 1 2  0.00807868 0.213246 0.540385 0.180165 2.45079e-08
1 23 2 2  0 2.05126 3.77619 3.20999 1.63634e-10
1 23 3 2  0.151443 0.693029 0.587709 0.15823 1.67005e-11
1 23 4 2  0.786349 14.4771 40.4642 11.8384 0.000110205
1 24 1 2  0.00807935 0.213715 0.551852 0.197082 1.49649e-08
1 24 2 2  0 2.05042 3.76701 3.19176 7.78355e-11
1 24 3 2  0.151408 0.692065 0.585526 0.157312 6.33373e-12
1 24 4 2  0.786144 14.4918 41.3295 12.4281 9.45868e-05
1 25 1 2  0.00807961 0.213946 0.55834 0.209271 9.13784e-09
1 25 2 2  0 2.0464 3.73934 3.15744 3.68357e-11
1 25 3 2  0.151187 0.689046 0.580371 0.155777 2.39632e-12
1 25 4 2  0.785996 14.5026 42.0475 12.9828 8.11823e-05
1 26 1 2  0.00807971 0.21406 0.561968 0.217769 5.57972e-09
1 26 2 2  0 2.05025 3.75028 3.15151 1.75197e-11
1 26 3 2  0.15138 0.690535 0.58121 0.155163 9.0863e-13
1 26 4 2  0.785889 14.5106 42.6425 13.4991 6.96774e-05
1 27 1 2  0.00807975 0.214115 0.563975 0.223548 3.40708e-09
1 27 2 2  0 2.05353 3.77116 3.1637 8.35113e-12
1 27 3 2  0.151608 0.692805 0.584269 0.155437 3.44863e-13
1 27 4 2  0.785811 14.5166 43.1351 13.9757 5.98029e-05
1 28 1 2  0.00807977 0.214142 0.565077 0.227405 2.08042e-09
1 28 2 2  0 2.05224 3.77005 3.16645 3.96907e-12
1 28 3 2  0.151597 0.692583 0.584329 0.155577 1.30707e-13
1 28 4 2  0.785755 14.5211 43.5426 14.4124 5.13278e-05
1 29 1 2  0.00807977 0.214156 0.565677 0.229941 1.27034e-09
1 29 2 2  0 2.04739 3.74116 3.14243 1.87537e-12
1 29 3 2  0.151343 0.689457 0.579686 0.154692 4.94035e-14
1 29 4 2  0.785715 14.5244 43.8793 14.8102 4.40538e-05
1 30 1 2  0.00807977 0.214162 0.566003 0.231589 7.75692e-10
1 30 2 2  0 2.04998 3.7456 3.1369 8.89839e-13
1 30 3 2  0.151453 0.690258 0.579861 0.154272 1.87087e-14
1 30 4 2  0.785686 14.5269 44.1573 15.1705 3.78107e-05
1 31 1 2  0.00807977 0.214165 0.566178 0.232648 4.73651e-10
1 31 2 2  0 2.04803 3.7345 3.1216 4.20739e-13
1 31 3 2  0.151361 0.68897 0.577718 0.153584 7.07308e-15
1 31 4 2  0.785665 14.5287 44.3868 15.4953 3.24523e-05
1 32 1 2  0.00807977 0.214167 0.566272 0.233325 2.89219e-10
1 32 2 2  0 2.04683 3.72321 3.10478 1.98699e-13
1 32 3 2  0.151285 0.687803 0.575462 0.152784 2.67252e-15
1 32 4 2  0.78565 14.5301 44.5761 15.7871 2.78532e-05
1 33 1 2  0.00807978 0.214167 0.566322 0.233753 1.76602e-10
1 33 2 2  0 2.04525 3.70945 3.0843 9.36619e-14
1 33 3 2  0.151184 0.68634 0.572709 0.151817 1.00888e-15
1 33 4 2  0.785639 14.5312 44.7321 16.0481 2.3906e-05
1 34 1 2  0.00807978 0.214168 0.566349 0.234023 1.07836e-10
1 34 2 2  0 2.04194 3.68489 3.05263 4.39776e-14
1 34 3 2  0.15098 0.683665 0.568078 0.15039 3.80156e-16
1 34 4 2  0.785631 14.532 44.8607 16.281 2.05181e-05
1 35 1 2  0.00807978 0.214168 0.566363 0.234193 6.58468e-11
1 35 2 2  0 2.03768 3.65124 3.00846 2.0554e-14
1 35 3 2  0.1507 0.680025 0.561679 0.148386 1.42935e-16
1 35 4 2  0.785625 14.5325 44.9666 16.4881 1.76103e-05
1 36 1 2  0.00807978 0.214168 0.566371 0.234299 4.02072e-11
1 36 2 2  0 2.03919 3.64791 2.98576 9.63537e-15
1 36 3 2  0.150724 0.679828 0.55997 0.147064 5.38165e-17
1 36 4 2  0.785621 14.533 45.0538 16.6718 1.51146e-05
1 37 1 2  0.00807978 0.214168 0.566374 0.234365 2.45512e-11
1 37 2 2  0 2.04079 3.65506 2.97937 4.52314e-15
1 37 3 2  0.150807 0.680549 0.560417 0.146506 2.0275e-17
1 37 4 2  0.785618 14.5333 45.1256 16.8344 1.29726e-05
1 38 1 2  0.00807978 0.214168 0.566377 0.234406 1.49914e-11
1 38 2 2  0 2.04121 3.65951 2.97914 2.12305e-15
1 38 3 2  0.150849 0.680942 0.560924 0.146356 7.63795e-18
1 38 4 2  0.785615 14.5336 45.1847 16.978 1.11342e-05
1 39 1 2  0.00807978 0.214168 0.566378 0.234431 9.15401e-12
1 39 2 2  0 2.0378 3.64103 2.96241 9.9189e-16
1 39 3 2  0.150672 0.678833 0.557859 0.145677 2.87107e-18
1 39 4 2  0.785614 14.5338 45.2333 17.1046 9.5563e-06
1 40 1 2  0.00807978 0.214168 0.566378 0.234447 5.5896e-12
1 40 2 2  0 2.04086 3.65247 2.96623 4.65667e-16
1 40 3 2  0.150815 0.680277 0.559386 0.145663 1.08166e-18
1 40 4 2  0.785613 14.5339 45.2732 17.216 8.20201e-06
1 41 1 2  0.00807978 0.214168 0.566379 0.234457 3.4131e-12
1 41 2 2  0 2.03915 3.64578 2.95996 2.17905e-16
1 41 3 2  0.150742 0.679415 0.558265 0.145412 4.0688e-19
1 41 4 2  0.785612 14.534 45.3061 17.3139 7.03965e-06
1 42 1 2  0.00807978 0.214168 0.566379 0.234463 2.0841e-12
1 42 2 2  0 2.03977 3.64717 2.95921 1.02093e-16
1 42 3 2  0.15077 0.679639 0.558383 0.145325 1.53141e-19
1 42 4 2  0.785611 14.5341 45.3331 17.3998 6.04201e-06
full time series of fishery length comp
fleet year spp area catch-at-size
1 1 1 1  0.256524 0.885289 0.76003 0.476558 1.08614
1 1 2 1  1.45503e-20 8.20463e-20 1.74982e-15 2.27944e-15 1.11077e-17
1 1 3 1  6.40148e-17 3.41271e-21 1.25899e-17 1.23682e-16 3.37894e-17
1 1 4 1  0.113269 0.0001557 1.63625 0.879287 0.0011133
1 2 1 1  0.111064 2.78923 1.46329 0.30181 0.49294
1 2 2 1  1.67625e-15 5.02194e-20 6.98312e-16 1.91351e-15 5.2255e-18
1 2 3 1  7.50488e-17 8.39114e-17 3.97982e-18 4.82317e-17 1.26001e-17
1 2 4 1  0.0928496 0.594725 1.25986 0.779918 0.000887214
1 3 1 1  0.054298 2.33192 4.23487 0.300626 0.223718
1 3 2 1  1.67556e-15 3.39815e-15 2.80198e-16 1.25757e-15 2.49058e-18
1 3 3 1  7.9818e-17 1.3413e-16 5.19032e-17 1.88658e-17 4.75525e-18
1 3 4 1  0.0781012 0.947654 1.34607 0.682561 0.000707039
1 4 1 1  0.032145 1.59253 4.75459 0.609114 0.101533
1 4 2 1  1.67492e-15 4.23993e-15 4.13337e-15 7.44265e-16 1.19273e-18
1 4 3 1  8.18287e-17 1.61515e-16 9.76178e-17 1.81914e-17 1.80379e-18
1 4 4 1  0.0674488 1.14335 1.63563 0.609078 0.000563454
1 5 1 1  0.0234998 1.04187 3.99788 0.807574 0.0460804
1 5 2 1  1.67481e-15 4.44283e-15 6.66024e-15 2.31127e-15 5.71621e-19
1 5 3 1  8.2666e-17 1.75539e-16 1.28663e-16 2.77332e-17 6.85223e-19
1 5 4 1  0.0597548 1.23888 1.98232 0.564424 0.000449028
1 6 1 1  0.0201259 0.704486 2.97321 0.813599 0.0209134
1 6 2 1  1.67401e-15 4.47803e-15 7.88168e-15 4.25455e-15 2.73672e-19
1 6 3 1  8.29455e-17 1.81931e-16 1.46739e-16 3.79439e-17 2.60358e-19
1 6 4 1  0.0541975 1.27242 2.30966 0.545507 0.00035784
1 7 1 1  0.0188093 0.515583 2.11924 0.702095 0.00949142
1 7 2 1  1.67407e-15 4.47809e-15 8.37895e-15 5.75282e-15 1.30791e-19
1 7 3 1  8.30292e-17 1.84541e-16 1.55833e-16 4.55537e-17 9.88883e-20
1 7 4 1  0.0501836 1.2692 2.58288 0.546181 0.00028517
1 8 1 1  0.0182955 0.415116 1.52811 0.556089 0.00430763
1 8 2 1  1.67375e-15 4.47028e-15 8.55844e-15 6.70188e-15 6.24756e-20
1 8 3 1  8.30296e-17 1.85376e-16 1.60096e-16 5.03399e-17 3.75684e-20
1 8 4 1  0.0472845 1.24563 2.7912 0.559873 0.000227258
1 9 1 1  0.018095 0.363409 1.15851 0.423675 0.001955
1 9 2 1  1.67421e-15 4.46986e-15 8.61363e-15 7.23831e-15 2.9837e-20
1 9 3 1  8.30513e-17 1.85724e-16 1.61787e-16 5.30169e-17 1.42753e-20
1 9 4 1  0.0451905 1.21218 2.93668 0.580819 0.000181107
1 10 1 1  0.0180167 0.33739 0.941944 0.322152 0.000887265
1 10 2 1  1.67491e-15 4.48245e-15 8.66563e-15 7.5476e-15 1.42865e-20
1 10 3 1  8.31418e-17 1.86488e-16 1.6303e-16 5.45073e-17 5.43176e-21
1 10 4 1  0.043678 1.1753 3.02754 0.604526 0.000144328
1 11 1 1  0.0179862 0.324506 0.820634 0.251762 0.000402681
1 11 2 1  1.67484e-15 4.48807e-15 8.71493e-15 7.73583e-15 6.84962e-21
1 11 3 1  8.3202e-17 1.87071e-16 1.64202e-16 5.54237e-17 2.0683e-21
1 11 4 1  0.0425856 1.13882 3.07417 0.627805 0.000115018
1 12 1 1  0.0179743 0.318203 0.754893 0.206175 0.000182754
1 12 2 1  1.67507e-15 4.49087e-15 8.73813e-15 7.84567e-15 3.28269e-21
1 12 3 1  8.32442e-17 1.87403e-16 1.64822e-16 5.59892e-17 7.87446e-22
1 12 4 1  0.0417966 1.10485 3.08699 0.648611 9.166e-05
1 13 1 1  0.0179696 0.315147 0.720154 0.17808 8.29422e-05
1 13 2 1  1.67473e-15 4.48611e-15 8.73926e-15 7.90143e-15 1.57184e-21
1 13 3 1  8.32385e-17 1.87323e-16 1.65077e-16 5.63057e-17 2.99689e-22
1 13 4 1  0.0412267 1.07442 3.07539 0.66582 7.30458e-05
1 14 1 1  0.0179678 0.313676 0.702155 0.16141 3.76429e-05
1 14 2 1  1.67497e-15 4.4848e-15 8.72327e-15 7.91609e-15 7.51737e-22
1 14 3 1  8.32415e-17 1.87195e-16 1.64832e-16 5.63979e-17 1.13991e-22
1 14 4 1  0.040815 1.04788 3.04721 0.678984 5.82117e-05
1 15 1 1  0.0179671 0.312972 0.692977 0.15181 1.7084e-05
1 15 2 1  1.67539e-15 4.49327e-15 8.73689e-15 7.93199e-15 3.60042e-22
1 15 3 1  8.32936e-17 1.87561e-16 1.64999e-16 5.64493e-17 4.33843e-23
1 15 4 1  0.0405177 1.02519 3.00874 0.688124 4.63901e-05
1 16 1 1  0.0179668 0.312636 0.688356 0.146414 7.75349e-06
1 16 2 1  1.67534e-15 4.49774e-15 8.76454e-15 7.95771e-15 1.72605e-22
1 16 3 1  8.33307e-17 1.87928e-16 1.65527e-16 5.65691e-17 1.65187e-23
1 16 4 1  0.040303 1.00606 2.96476 0.69356 3.69692e-05
1 17 1 1  0.0179667 0.312477 0.686055 0.143441 3.51888e-06
1 17 2 1  1.6748e-15 4.48835e-15 8.75495e-15 7.96246e-15 8.25804e-23
1 17 3 1  8.32921e-17 1.87607e-16 1.65524e-16 5.66364e-17 6.28383e-24
1 17 4 1  0.0401479 0.990131 2.91881 0.695778 2.94615e-05
1 18 1 1  0.0179667 0.312401 0.684919 0.14183 1.59703e-06
1 18 2 1  1.6747e-15 4.47918e-15 8.7123e-15 7.93374e-15 3.94122e-23
1 18 3 1  8.32405e-17 1.87013e-16 1.64784e-16 5.65168e-17 2.38769e-24
1 18 4 1  0.0400359 0.97699 2.87336 0.695334 2.34785e-05
1 19 1 1  0.0179666 0.312365 0.684362 0.140969 7.24802e-07
1 19 2 1  1.67558e-15 4.49179e-15 8.71503e-15 7.92114e-15 1.88481e-23
1 19 3 1  8.32988e-17 1.87388e-16 1.64578e-16 5.63883e-17 9.08012e-25
1 19 4 1  0.0399549 0.966232 2.83005 0.692792 1.87105e-05
1 20 1 1  0.0179666 0.312349 0.684091 0.140515 3.28948e-07
1 20 2 1  1.67529e-15 4.49789e-15 8.75651e-15 7.94329e-15 9.03508e-24
1 20 3 1  8.33376e-17 1.87878e-16 1.65326e-16 5.64578e-17 3.45687e-25
1 20 4 1  0.0398965 0.957483 2.78991 0.68868 1.49108e-05
1 21 1 1  0.00730952 0.129238 0.310157 0.0650618 6.93041e-08
1 21 2 1  6.81093e-16 1.82785e-15 3.56403e-15 3.23641e-15 1.75873e-24
1 21 3 1  3.38817e-17 7.64053e-17 6.73221e-17 2.30006e-17 5.34766e-26
1 21 4 1  0.0162065 0.388463 1.15443 0.28799 5.00783e-06
1 22 1 1  0.00731349 0.13162 0.35128 0.0848136 4.23183e-08
1 22 2 1  6.80844e-16 1.822e-15 3.55062e-15 3.23052e-15 8.39788e-25
1 22 3 1  3.38547e-17 7.61259e-17 6.71578e-17 2.29932e-17 2.03228e-26
1 22 4 1  0.0161984 0.389438 1.20167 0.306747 4.29813e-06
1 23 1 1  0.00731504 0.132812 0.375926 0.102862 2.58403e-08
1 23 2 1  6.81003e-16 1.82015e-15 3.52943e-15 3.21067e-15 3.99964e-25
1 23 3 1  3.38451e-17 7.58911e-17 6.671e-17 2.28866e-17 7.71308e-27
1 23 4 1  0.0161926 0.390159 1.24106 0.325286 3.68902e-06
1 24 1 1  0.00731564 0.133405 0.390347 0.117477 1.57785e-08
1 24 2 1  6.80961e-16 1.81945e-15 3.5194e-15 3.19165e-15 1.90461e-25
1 24 3 1  3.38427e-17 7.57619e-17 6.64471e-17 2.27547e-17 2.9269e-27
1 24 4 1  0.0161883 0.390691 1.27385 0.343231 3.16622e-06
1 25 1 1  0.00731588 0.133699 0.39863 0.128508 9.63464e-09
1 25 2 1  6.80743e-16 1.81393e-15 3.49938e-15 3.16458e-15 9.03942e-26
1 25 3 1  3.38171e-17 7.54147e-17 6.60314e-17 2.25852e-17 1.10892e-27
1 25 4 1  0.0161853 0.391085 1.30109 0.360327 2.71751e-06
1 26 1 1  0.00731597 0.133843 0.403316 0.136456 5.88308e-09
1 26 2 1  6.81069e-16 1.81604e-15 3.48596e-15 3.13956e-15 4.28728e-26
1 26 3 1  3.38266e-17 7.53526e-17 6.56187e-17 2.24003e-17 4.19939e-28
1 26 4 1  0.0161831 0.391378 1.32369 0.376409 2.3324e-06
1 27 1 1  0.00731601 0.133914 0.405937 0.141997 3.59231e-09
1 27 2 1  6.8123e-16 1.82214e-15 3.50181e-15 3.13773e-15 2.04108e-26
1 27 3 1  3.3861e-17 7.56394e-17 6.57894e-17 2.23275e-17 1.59296e-28
1 27 4 1  0.0161815 0.391595 1.34242 0.391379 2.00186e-06
1 28 1 1  0.00731602 0.133949 0.407387 0.145765 2.19353e-09
1 28 2 1  6.81114e-16 1.82239e-15 3.51479e-15 3.14478e-15 9.71673e-27
1 28 3 1  3.38714e-17 7.5751e-17 6.60387e-17 2.23454e-17 6.04238e-29
1 28 4 1  0.0161803 0.391756 1.35793 0.405197 1.71816e-06
1 29 1 1  0.00731603 0.133966 0.408183 0.148281 1.33941e-09
1 29 2 1  6.80848e-16 1.81564e-15 3.50044e-15 3.13728e-15 4.60626e-27
1 29 3 1  3.38436e-17 7.54449e-17 6.58513e-17 2.23228e-17 2.28749e-29
1 29 4 1  0.0161795 0.391877 1.37076 0.417859 1.47467e-06
1 30 1 1  0.00731603 0.133974 0.408616 0.149934 8.17864e-10
1 30 2 1  6.81092e-16 1.81586e-15 3.48365e-15 3.12092e-15 2.18045e-27
1 30 3 1  3.38424e-17 7.53209e-17 6.54684e-17 2.22258e-17 8.65298e-30
1 30 4 1  0.0161789 0.391966 1.38136 0.429391 1.26568e-06
1 31 1 1  0.00731603 0.133978 0.408851 0.151008 4.99402e-10
1 31 2 1  6.80943e-16 1.81491e-15 3.48e-15 3.10941e-15 1.03301e-27
1 31 3 1  3.38381e-17 7.52436e-17 6.53734e-17 2.21401e-17 3.27453e-30
1 31 4 1  0.0161785 0.392033 1.39011 0.439837 1.08631e-06
1 32 1 1  0.00731603 0.13398 0.408978 0.151699 3.04944e-10
1 32 2 1  6.80909e-16 1.81223e-15 3.46721e-15 3.09226e-15 4.88178e-28
1 32 3 1  3.38253e-17 7.5052e-17 6.50936e-17 2.20327e-17 1.23768e-30
1 32 4 1  0.0161782 0.392083 1.39733 0.449256 9.32365e-07
1 33 1 1  0.00731603 0.133981 0.409046 0.15214 1.86204e-10
1 33 2 1  6.80838e-16 1.80952e-15 3.4527e-15 3.07244e-15 2.30358e-28
1 33 3 1  3.38105e-17 7.48401e-17 6.47789e-17 2.19044e-17 4.67471e-31
1 33 4 1  0.0161779 0.392121 1.40329 0.457714 8.00233e-07
1 34 1 1  0.00731603 0.133982 0.409082 0.15242 1.13699e-10
1 34 2 1  6.80668e-16 1.80449e-15 3.43133e-15 3.04558e-15 1.08399e-28
1 34 3 1  3.37834e-17 7.44981e-17 6.4343e-17 2.1738e-17 1.76335e-31
1 34 4 1  0.0161778 0.392149 1.40821 0.465283 6.86827e-07
1 35 1 1  0.00731603 0.133982 0.409101 0.152596 6.94267e-11
1 35 2 1  6.80465e-16 1.79727e-15 3.39854e-15 3.00663e-15 5.07948e-29
1 35 3 1  3.37428e-17 7.39927e-17 6.36756e-17 2.15014e-17 6.63841e-32
1 35 4 1  0.0161777 0.39217 1.41225 0.472034 5.89492e-07
1 36 1 1  0.00731603 0.133982 0.409112 0.152706 4.23932e-11
1 36 2 1  6.80626e-16 1.7966e-15 3.37434e-15 2.96816e-15 2.37714e-29
1 36 3 1  3.37311e-17 7.37469e-17 6.30546e-17 2.12354e-17 2.49743e-32
1 36 4 1  0.0161776 0.392186 1.41559 0.478039 5.05951e-07
1 37 1 1  0.00731603 0.133982 0.409117 0.152775 2.5886e-11
1 37 2 1  6.80706e-16 1.7994e-15 3.37445e-15 2.94806e-15 1.11504e-29
1 37 3 1  3.37413e-17 7.37953e-17 6.29069e-17 2.10554e-17 9.40551e-33
1 37 4 1  0.0161775 0.392198 1.41833 0.483365 4.34249e-07
1 38 1 1  0.00731603 0.133982 0.40912 0.152818 1.58064e-11
1 38 2 1  6.80713e-16 1.80082e-15 3.38095e-15 2.94161e-15 5.23407e-30
1 38 3 1  3.375e-17 7.38718e-17 6.29539e-17 2.09747e-17 3.54336e-33
1 38 4 1  0.0161775 0.392207 1.42059 0.48808 3.72709e-07
1 39 1 1  0.00731603 0.133982 0.409121 0.152845 9.65169e-12
1 39 2 1  6.80504e-16 1.79684e-15 3.37496e-15 2.93383e-15 2.45176e-30
1 39 3 1  3.37331e-17 7.36979e-17 6.28645e-17 2.09216e-17 1.33362e-33
1 39 4 1  0.0161774 0.392214 1.42245 0.492243 3.1989e-07
1 40 1 1  0.00731603 0.133982 0.409122 0.152862 5.89349e-12
1 40 2 1  6.80742e-16 1.79859e-15 3.36866e-15 2.92527e-15 1.1479e-30
1 40 3 1  3.37395e-17 7.37017e-17 6.26742e-17 2.08572e-17 5.01777e-34
1 40 4 1  0.0161774 0.392219 1.42398 0.495914 2.74556e-07
1 41 1 1  0.00731603 0.133982 0.409123 0.152872 3.59867e-12
1 41 2 1  6.80597e-16 1.79824e-15 3.37216e-15 2.92376e-15 5.38138e-31
1 41 3 1  3.37389e-17 7.37067e-17 6.2743e-17 2.0833e-17 1.88919e-34
1 41 4 1  0.0161774 0.392223 1.42524 0.499144 2.35647e-07
1 42 1 1  0.00731603 0.133982 0.409123 0.152878 2.19741e-12
1 42 2 1  6.80662e-16 1.79799e-15 3.36877e-15 2.91961e-15 2.51954e-31
1 42 3 1  3.37382e-17 7.3674e-17 6.26565e-17 2.08055e-17 7.10815e-35
1 42 4 1  0.0161774 0.392226 1.42628 0.501981 2.02252e-07
2 1 1 1  6.38804e-15 7.06335e-15 9.34161e-16 4.80032e-16 1.08614e-15
2 1 2 1  1.65113e-06 6.58221e-05 5.5014 5.38123 0.0111077
2 1 3 1  0.105649 7.76035e-05 0.21442 0.571684 0.0506842
2 1 4 1  1.2497e-14 4.26593e-18 7.66242e-15 3.53419e-15 4.45321e-18
2 2 1 1  2.76575e-15 2.22541e-14 1.79855e-15 3.04009e-16 4.9294e-16
2 2 2 1  0.190217 4.02888e-05 2.19548 4.51736 0.0052255
2 2 3 1  0.123859 1.90811 0.0677809 0.222937 0.0189001
2 2 4 1  1.02441e-14 1.62945e-14 5.89981e-15 3.13479e-15 3.54886e-18
2 3 1 1  1.35215e-15 1.86054e-14 5.20513e-15 3.02817e-16 2.23718e-16
2 3 2 1  0.190138 2.72618 0.880939 2.96883 0.00249058
2 3 3 1  0.13173 3.05005 0.88397 0.0872018 0.00713287
2 3 4 1  8.61695e-15 2.59642e-14 6.30354e-15 2.74347e-15 2.82816e-18
2 4 1 1  8.00487e-16 1.27062e-14 5.84392e-15 6.13553e-16 1.01533e-16
2 4 2 1  0.190066 3.40151 12.9953 1.75704 0.00119273
2 4 3 1  0.135048 3.67279 1.66254 0.0840843 0.00270568
2 4 4 1  7.44167e-15 3.13261e-14 7.65953e-15 2.44812e-15 2.25382e-18
2 5 1 1  5.852e-16 8.31265e-15 4.91384e-15 8.1346e-16 4.60804e-17
2 5 2 1  0.190053 3.56429 20.9397 5.45636 0.000571621
2 5 3 1  0.13643 3.99167 2.19127 0.128189 0.00102783
2 5 4 1  6.59278e-15 3.39434e-14 9.28308e-15 2.26863e-15 1.79611e-18
2 6 1 1  5.01184e-16 5.6208e-15 3.65441e-15 8.19529e-16 2.09134e-17
2 6 2 1  0.189962 3.59252 24.7799 10.044 0.000273672
2 6 3 1  0.136892 4.13703 2.49912 0.175385 0.000390537
2 6 4 1  5.97964e-15 3.48622e-14 1.08159e-14 2.1926e-15 1.43136e-18
2 7 1 1  4.68396e-16 4.11362e-15 2.60478e-15 7.07212e-16 9.49142e-18
2 7 2 1  0.189969 3.59257 26.3433 13.5811 0.000130791
2 7 3 1  0.13703 4.19638 2.65401 0.210559 0.000148332
2 7 4 1  5.53679e-15 3.4774e-14 1.20954e-14 2.19531e-15 1.14068e-18
2 8 1 1  4.55601e-16 3.31204e-15 1.87822e-15 5.60142e-16 4.30763e-18
2 8 2 1  0.189933 3.58631 26.9076 15.8216 6.24756e-05
2 8 3 1  0.13703 4.21536 2.72663 0.232682 5.63527e-05
2 8 4 1  5.21692e-15 3.41284e-14 1.3071e-14 2.25034e-15 9.09032e-19
2 9 1 1  4.50607e-16 2.89949e-15 1.42394e-15 4.26763e-16 1.955e-18
2 9 2 1  0.189985 3.58597 27.0811 17.0879 2.9837e-05
2 9 3 1  0.137066 4.22329 2.75541 0.245055 2.1413e-05
2 9 4 1  4.98589e-15 3.32118e-14 1.37523e-14 2.33453e-15 7.24427e-19
2 10 1 1  4.48659e-16 2.69189e-15 1.15775e-15 3.245e-16 8.87265e-19
2 10 2 1  0.190064 3.59607 27.2446 17.8181 1.42865e-05
2 10 3 1  0.137215 4.24065 2.77658 0.251944 8.14764e-06
2 10 4 1  4.81902e-15 3.22013e-14 1.41777e-14 2.42982e-15 5.77311e-19
2 11 1 1  4.47898e-16 2.5891e-15 1.00865e-15 2.53597e-16 4.02681e-19
2 11 2 1  0.190056 3.60058 27.3996 18.2625 6.84962e-06
2 11 3 1  0.137315 4.25391 2.79654 0.25618 3.10245e-06
2 11 4 1  4.69849e-15 3.12018e-14 1.43961e-14 2.52339e-15 4.60071e-19
2 12 1 1  4.47601e-16 2.53881e-15 9.27848e-16 2.07677e-16 1.82754e-19
2 12 2 1  0.190082 3.60282 27.4725 18.5218 3.28269e-06
2 12 3 1  0.137385 4.26146 2.80711 0.258794 1.18117e-06
2 12 4 1  4.61144e-15 3.02712e-14 1.44562e-14 2.60702e-15 3.6664e-19
2 13 1 1  4.47486e-16 2.51443e-15 8.85149e-16 1.79378e-16 8.29422e-20
2 13 2 1  0.190044 3.599 27.4761 18.6534 1.57184e-06
2 13 3 1  0.137375 4.25965 2.81145 0.260257 4.49534e-07
2 13 4 1  4.54856e-15 2.94375e-14 1.44018e-14 2.67618e-15 2.92183e-19
2 14 1 1  4.4744e-16 2.50269e-15 8.63027e-16 1.62586e-16 3.76429e-20
2 14 2 1  0.19007 3.59796 27.4258 18.688 7.51737e-07
2 14 3 1  0.13738 4.25673 2.80728 0.260683 1.70987e-07
2 14 4 1  4.50315e-15 2.87104e-14 1.42699e-14 2.72909e-15 2.32847e-19
2 15 1 1  4.47423e-16 2.49707e-15 8.51746e-16 1.52916e-16 1.7084e-20
2 15 2 1  0.190119 3.60475 27.4686 18.7256 3.60042e-07
2 15 3 1  0.137466 4.26505 2.81012 0.260921 6.50765e-08
2 15 4 1  4.47035e-15 2.80885e-14 1.40897e-14 2.76583e-15 1.8556e-19
2 16 1 1  4.47416e-16 2.49439e-15 8.46067e-16 1.47481e-16 7.75349e-21
2 16 2 1  0.190113 3.60833 27.5556 18.7863 1.72605e-07
2 16 3 1  0.137527 4.2734 2.81912 0.261474 2.4778e-08
2 16 4 1  4.44665e-15 2.75644e-14 1.38838e-14 2.78768e-15 1.47877e-19
2 17 1 1  4.47413e-16 2.49312e-15 8.43238e-16 1.44486e-16 3.51888e-21
2 17 2 1  0.190051 3.6008 27.5254 18.7975 8.25804e-08
2 17 3 1  0.137464 4.2661 2.81907 0.261785 9.42575e-09
2 17 4 1  4.42954e-15 2.7128e-14 1.36686e-14 2.7966e-15 1.17846e-19
2 18 1 1  4.47412e-16 2.49252e-15 8.41842e-16 1.42864e-16 1.59703e-21
2 18 2 1  0.19004 3.59344 27.3913 18.7297 3.94122e-08
2 18 3 1  0.137378 4.25259 2.80645 0.261233 3.58153e-09
2 18 4 1  4.41718e-15 2.6768e-14 1.34557e-14 2.79481e-15 9.39141e-20
2 19 1 1  4.47412e-16 2.49223e-15 8.41158e-16 1.41997e-16 7.24802e-22
2 19 2 1  0.190139 3.60356 27.3999 18.6999 1.88481e-08
2 19 3 1  0.137475 4.26112 2.80295 0.260639 1.36202e-09
2 19 4 1  4.40825e-15 2.64733e-14 1.32529e-14 2.78459e-15 7.48421e-20
2 20 1 1  4.47412e-16 2.4921e-15 8.40825e-16 1.4154e-16 3.28948e-22
2 20 2 1  0.190107 3.60846 27.5303 18.7522 9.03508e-09
2 20 3 1  0.137539 4.27226 2.81569 0.26096 5.18531e-10
2 20 4 1  4.4018e-15 2.62335e-14 1.30649e-14 2.76807e-15 5.96432e-20
2 21 1 1  4.47707e-16 2.53618e-15 9.37645e-16 1.61192e-16 1.70461e-22
2 21 2 1  0.190099 3.60677 27.5605 18.7923 4.32578e-09
2 21 3 1  0.137535 4.27337 2.82011 0.261489 1.97297e-10
2 21 4 1  4.39794e-15 2.61783e-14 1.32969e-14 2.84709e-15 4.92691e-20
2 22 1 1  4.47951e-16 2.58292e-15 1.06196e-15 2.10128e-16 1.04086e-22
2 22 2 1  0.190029 3.59522 27.4568 18.7582 2.06554e-09
2 22 3 1  0.137426 4.25774 2.81323 0.261405 7.49789e-11
2 22 4 1  4.39575e-15 2.6244e-14 1.3841e-14 3.03253e-15 4.22868e-20
2 23 1 1  4.48045e-16 2.60633e-15 1.13647e-15 2.54844e-16 6.35569e-23
2 23 2 1  0.190074 3.59158 27.2929 18.6429 9.83752e-10
2 23 3 1  0.137387 4.24461 2.79447 0.260193 2.84567e-11
2 23 4 1  4.39416e-15 2.62925e-14 1.42948e-14 3.2158e-15 3.62941e-20
2 24 1 1  4.48083e-16 2.61797e-15 1.18007e-15 2.91053e-16 3.88089e-23
2 24 2 1  0.190062 3.59019 27.2154 18.5324 4.68459e-10
2 24 3 1  0.137377 4.23738 2.78346 0.258694 1.07985e-11
2 24 4 1  4.39302e-15 2.63284e-14 1.46724e-14 3.39321e-15 3.11506e-20
2 25 1 1  4.48097e-16 2.62373e-15 1.20511e-15 3.18382e-16 2.36974e-23
2 25 2 1  0.190001 3.5793 27.0605 18.3753 2.22334e-10
2 25 3 1  0.137273 4.21796 2.76605 0.256766 4.09124e-12
2 25 4 1  4.39219e-15 2.6355e-14 1.49861e-14 3.56223e-15 2.6736e-20
2 26 1 1  4.48103e-16 2.62656e-15 1.21928e-15 3.38074e-16 1.447e-23
2 26 2 1  0.190092 3.58347 26.9567 18.23 1.0545e-10
2 26 3 1  0.137312 4.21449 2.74876 0.254664 1.54933e-12
2 26 4 1  4.39159e-15 2.63747e-14 1.52465e-14 3.72121e-15 2.29471e-20
2 27 1 1  4.48105e-16 2.62796e-15 1.2272e-15 3.51801e-16 8.83566e-24
2 27 2 1  0.190137 3.59551 27.0794 18.2193 5.02025e-11
2 27 3 1  0.137451 4.23053 2.75591 0.253837 5.87707e-13
2 27 4 1  4.39116e-15 2.63893e-14 1.54622e-14 3.86921e-15 1.96951e-20
2 28 1 1  4.48106e-16 2.62864e-15 1.23158e-15 3.61138e-16 5.39521e-24
2 28 2 1  0.190105 3.596 27.1797 18.2603 2.38993e-11
2 28 3 1  0.137494 4.23677 2.76635 0.25404 2.22928e-13
2 28 4 1  4.39085e-15 2.64002e-14 1.56408e-14 4.00581e-15 1.6904e-20
2 29 1 1  4.48106e-16 2.62897e-15 1.23399e-15 3.6737e-16 3.29441e-24
2 29 2 1  0.190031 3.58267 27.0687 18.2167 1.13296e-11
2 29 3 1  0.13738 4.21965 2.7585 0.253784 8.43948e-14
2 29 4 1  4.39062e-15 2.64083e-14 1.57886e-14 4.13099e-15 1.45084e-20
2 30 1 1  4.48106e-16 2.62913e-15 1.2353e-15 3.71466e-16 2.01162e-24
2 30 2 1  0.190099 3.58311 26.9389 18.1218 5.36305e-12
2 30 3 1  0.137376 4.21272 2.74246 0.252681 3.19243e-14
2 30 4 1  4.39046e-15 2.64143e-14 1.59107e-14 4.24499e-15 1.24523e-20
2 31 1 1  4.48106e-16 2.62921e-15 1.23601e-15 3.74128e-16 1.22833e-24
2 31 2 1  0.190057 3.58124 26.9107 18.0549 2.54079e-12
2 31 3 1  0.137358 4.2084 2.73848 0.251707 1.20811e-14
2 31 4 1  4.39034e-15 2.64188e-14 1.60115e-14 4.34826e-15 1.06876e-20
2 32 1 1  4.48106e-16 2.62925e-15 1.23639e-15 3.75839e-16 7.5004e-25
2 32 2 1  0.190048 3.57594 26.8118 17.9553 1.20072e-12
2 32 3 1  0.137306 4.19768 2.72676 0.250485 4.56629e-15
2 32 4 1  4.39026e-15 2.64222e-14 1.60947e-14 4.44138e-15 9.17299e-21
2 33 1 1  4.48106e-16 2.62927e-15 1.2366e-15 3.76932e-16 4.57987e-25
2 33 2 1  0.190028 3.5706 26.6996 17.8402 5.6659e-13
2 33 3 1  0.137246 4.18582 2.71358 0.249027 1.72469e-15
2 33 4 1  4.3902e-15 2.64247e-14 1.61633e-14 4.525e-15 7.87302e-21
2 34 1 1  4.48106e-16 2.62928e-15 1.23671e-15 3.77624e-16 2.79655e-25
2 34 2 1  0.18998 3.56067 26.5343 17.6843 2.6662e-13
2 34 3 1  0.137136 4.1667 2.69532 0.247135 6.50573e-16
2 34 4 1  4.39015e-15 2.64266e-14 1.62199e-14 4.59983e-15 6.75728e-21
2 35 1 1  4.48106e-16 2.62928e-15 1.23677e-15 3.78061e-16 1.70762e-25
2 35 2 1  0.189924 3.54643 26.2808 17.4581 1.24935e-13
2 35 3 1  0.136971 4.13843 2.66736 0.244445 2.44918e-16
2 35 4 1  4.39012e-15 2.64281e-14 1.62665e-14 4.66657e-15 5.79966e-21
2 36 1 1  4.48106e-16 2.62929e-15 1.2368e-15 3.78335e-16 1.0427e-25
2 36 2 1  0.189969 3.5451 26.0936 17.2347 5.84683e-14
2 36 3 1  0.136924 4.12468 2.64135 0.241421 9.21402e-17
2 36 4 1  4.3901e-15 2.64291e-14 1.63049e-14 4.72593e-15 4.97775e-21
2 37 1 1  4.48106e-16 2.62929e-15 1.23681e-15 3.78506e-16 6.36693e-26
2 37 2 1  0.189991 3.55063 26.0945 17.1181 2.74255e-14
2 37 3 1  0.136966 4.12739 2.63516 0.239375 3.47007e-17
2 37 4 1  4.39008e-15 2.64299e-14 1.63366e-14 4.77859e-15 4.27232e-21
2 38 1 1  4.48106e-16 2.62929e-15 1.23682e-15 3.78612e-16 3.88776e-26
2 38 2 1  0.189993 3.55344 26.1447 17.0806 1.28737e-14
2 38 3 1  0.137001 4.13167 2.63713 0.238457 1.30729e-17
2 38 4 1  4.39007e-15 2.64306e-14 1.63626e-14 4.8252e-15 3.66686e-21
2 39 1 1  4.48106e-16 2.62929e-15 1.23683e-15 3.78679e-16 2.37393e-26
2 39 2 1  0.189935 3.54558 26.0984 17.0354 6.03035e-15
2 39 3 1  0.136932 4.12194 2.63338 0.237854 4.92027e-18
2 39 4 1  4.39006e-15 2.6431e-14 1.6384e-14 4.86636e-15 3.14721e-21
2 40 1 1  4.48106e-16 2.62929e-15 1.23683e-15 3.7872e-16 1.44956e-26
2 40 2 1  0.190001 3.54904 26.0497 16.9857 2.82337e-15
2 40 3 1  0.136958 4.12215 2.62541 0.237122 1.85126e-18
2 40 4 1  4.39005e-15 2.64314e-14 1.64016e-14 4.90264e-15 2.70119e-21
2 41 1 1  4.48106e-16 2.62929e-15 1.23683e-15 3.78745e-16 8.85129e-27
2 41 2 1  0.189961 3.54833 26.0767 16.9769 1.32361e-15
2 41 3 1  0.136956 4.12243 2.6283 0.236847 6.96999e-19
2 41 4 1  4.39005e-15 2.64316e-14 1.64161e-14 4.93458e-15 2.31839e-21
2 42 1 1  4.48106e-16 2.62929e-15 1.23683e-15 3.78761e-16 5.40475e-27
2 42 2 1  0.189979 3.54784 26.0506 16.9529 6.19706e-16
2 42 3 1  0.136953 4.1206 2.62467 0.236534 2.62248e-19
2 42 4 1  4.39005e-15 2.64318e-14 1.6428e-14 4.96263e-15 1.98983e-21
