full time series of predicted survey index
survey year spp area pred_survey
1 1 1 1 1.20104e+006
1 1 2 1 726253
1 1 3 1 225144
1 1 4 1 237968
1 2 1 1 1.15191e+006
1 2 2 1 326887
1 2 3 1 98751.5
1 2 4 1 214022
1 3 1 1 1.09513e+006
1 3 2 1 151938
1 3 3 1 43813.1
1 3 4 1 192395
1 4 1 1 1.02868e+006
1 4 2 1 76204.5
1 4 3 1 20025.7
1 4 4 1 172849
1 5 1 1 954398
1 5 2 1 43979.1
1 5 3 1 9781.61
1 5 4 1 155197
1 6 1 1 875630
1 6 2 1 30451.1
1 6 3 1 5395.95
1 6 4 1 139284
1 7 1 1 795886
1 7 2 1 24825.9
1 7 3 1 3529.43
1 7 4 1 124975
1 8 1 1 718094
1 8 2 1 22501.5
1 8 3 1 2739.4
1 8 4 1 112143
1 9 1 1 644394
1 9 2 1 21545.2
1 9 3 1 2406.7
1 9 4 1 100671
1 10 1 1 576147
1 10 2 1 21153.1
1 10 3 1 2267.23
1 10 4 1 90445.3
1 11 1 1 514073
1 11 2 1 20992.5
1 11 3 1 2208.98
1 11 4 1 81357
1 12 1 1 458405
1 12 2 1 20927
1 12 3 1 2184.75
1 12 4 1 73302.8
1 13 1 1 409035
1 13 2 1 20900.2
1 13 3 1 2174.7
1 13 4 1 66184.6
1 14 1 1 365638
1 14 2 1 20889.4
1 14 3 1 2170.55
1 14 4 1 59910
1 15 1 1 327760
1 15 2 1 20885
1 15 3 1 2168.85
1 15 4 1 54392.9
1 16 1 1 294885
1 16 2 1 20883.3
1 16 3 1 2168.15
1 16 4 1 49552.8
1 17 1 1 266481
1 17 2 1 20882.6
1 17 3 1 2167.87
1 17 4 1 45315.8
1 18 1 1 242029
1 18 2 1 20882.4
1 18 3 1 2167.76
1 18 4 1 41614.3
1 19 1 1 221041
1 19 2 1 20882.4
1 19 3 1 2167.72
1 19 4 1 38387
1 20 1 1 203068
1 20 2 1 20882.4
1 20 3 1 2167.71
1 20 4 1 35577.8
1 21 1 1 187707
1 21 2 1 20882.5
1 21 3 1 2167.71
1 21 4 1 33136.7
1 22 1 1 174597
1 22 2 1 20882.5
1 22 3 1 2167.71
1 22 4 1 31018.6
1 23 1 1 163423
1 23 2 1 20882.5
1 23 3 1 2167.72
1 23 4 1 29183.6
1 24 1 1 153909
1 24 2 1 20882.6
1 24 3 1 2167.72
1 24 4 1 27595.8
1 25 1 1 145814
1 25 2 1 20882.6
1 25 3 1 2167.72
1 25 4 1 26223.7
1 26 1 1 138931
1 26 2 1 20882.6
1 26 3 1 2167.73
1 26 4 1 25039.3
1 27 1 1 133082
1 27 2 1 20882.7
1 27 3 1 2167.74
1 27 4 1 24018.2
1 28 1 1 128114
1 28 2 1 20882.8
1 28 3 1 2167.74
1 28 4 1 23138.6
1 29 1 1 123895
1 29 2 1 20882.8
1 29 3 1 2167.74
1 29 4 1 22381.6
1 30 1 1 120313
1 30 2 1 20882.8
1 30 3 1 2167.74
1 30 4 1 21730.8
1 31 1 1 117274
1 31 2 1 20882.8
1 31 3 1 2167.75
1 31 4 1 21171.8
1 32 1 1 114694
1 32 2 1 20882.8
1 32 3 1 2167.75
1 32 4 1 20691.8
1 33 1 1 112506
1 33 2 1 20882.8
1 33 3 1 2167.75
1 33 4 1 20280.1
1 34 1 1 110649
1 34 2 1 20882.8
1 34 3 1 2167.75
1 34 4 1 19927.2
1 35 1 1 109074
1 35 2 1 20882.7
1 35 3 1 2167.75
1 35 4 1 19624.9
1 36 1 1 107739
1 36 2 1 20882.7
1 36 3 1 2167.75
1 36 4 1 19366
1 37 1 1 106606
1 37 2 1 20882.8
1 37 3 1 2167.75
1 37 4 1 19144.5
1 38 1 1 105645
1 38 2 1 20882.8
1 38 3 1 2167.75
1 38 4 1 18955.1
1 39 1 1 104830
1 39 2 1 20882.8
1 39 3 1 2167.75
1 39 4 1 18793.2
1 40 1 1 104139
1 40 2 1 20882.8
1 40 3 1 2167.75
1 40 4 1 18654.8
1 41 1 1 103553
1 41 2 1 20882.8
1 41 3 1 2167.75
1 41 4 1 18536.7
1 42 1 1 103056
1 42 2 1 20882.8
1 42 3 1 2167.75
1 42 4 1 18435.8
2 1 1 1 1.20104e+006
2 1 2 1 726253
2 1 3 1 225144
2 1 4 1 237968
2 2 1 1 1.15191e+006
2 2 2 1 326887
2 2 3 1 98751.5
2 2 4 1 214022
2 3 1 1 1.09513e+006
2 3 2 1 151938
2 3 3 1 43813.1
2 3 4 1 192395
2 4 1 1 1.02868e+006
2 4 2 1 76204.5
2 4 3 1 20025.7
2 4 4 1 172849
2 5 1 1 954398
2 5 2 1 43979.1
2 5 3 1 9781.61
2 5 4 1 155197
2 6 1 1 875630
2 6 2 1 30451.1
2 6 3 1 5395.95
2 6 4 1 139284
2 7 1 1 795886
2 7 2 1 24825.9
2 7 3 1 3529.43
2 7 4 1 124975
2 8 1 1 718094
2 8 2 1 22501.5
2 8 3 1 2739.4
2 8 4 1 112143
2 9 1 1 644394
2 9 2 1 21545.2
2 9 3 1 2406.7
2 9 4 1 100671
2 10 1 1 576147
2 10 2 1 21153.1
2 10 3 1 2267.23
2 10 4 1 90445.3
2 11 1 1 514073
2 11 2 1 20992.5
2 11 3 1 2208.98
2 11 4 1 81357
2 12 1 1 458405
2 12 2 1 20927
2 12 3 1 2184.75
2 12 4 1 73302.8
2 13 1 1 409035
2 13 2 1 20900.2
2 13 3 1 2174.7
2 13 4 1 66184.6
2 14 1 1 365638
2 14 2 1 20889.4
2 14 3 1 2170.55
2 14 4 1 59910
2 15 1 1 327760
2 15 2 1 20885
2 15 3 1 2168.85
2 15 4 1 54392.9
2 16 1 1 294885
2 16 2 1 20883.3
2 16 3 1 2168.15
2 16 4 1 49552.8
2 17 1 1 266481
2 17 2 1 20882.6
2 17 3 1 2167.87
2 17 4 1 45315.8
2 18 1 1 242029
2 18 2 1 20882.4
2 18 3 1 2167.76
2 18 4 1 41614.3
2 19 1 1 221041
2 19 2 1 20882.4
2 19 3 1 2167.72
2 19 4 1 38387
2 20 1 1 203068
2 20 2 1 20882.4
2 20 3 1 2167.71
2 20 4 1 35577.8
2 21 1 1 187707
2 21 2 1 20882.5
2 21 3 1 2167.71
2 21 4 1 33136.7
2 22 1 1 174597
2 22 2 1 20882.5
2 22 3 1 2167.71
2 22 4 1 31018.6
2 23 1 1 163423
2 23 2 1 20882.5
2 23 3 1 2167.72
2 23 4 1 29183.6
2 24 1 1 153909
2 24 2 1 20882.6
2 24 3 1 2167.72
2 24 4 1 27595.8
2 25 1 1 145814
2 25 2 1 20882.6
2 25 3 1 2167.72
2 25 4 1 26223.7
2 26 1 1 138931
2 26 2 1 20882.6
2 26 3 1 2167.73
2 26 4 1 25039.3
2 27 1 1 133082
2 27 2 1 20882.7
2 27 3 1 2167.74
2 27 4 1 24018.2
2 28 1 1 128114
2 28 2 1 20882.8
2 28 3 1 2167.74
2 28 4 1 23138.6
2 29 1 1 123895
2 29 2 1 20882.8
2 29 3 1 2167.74
2 29 4 1 22381.6
2 30 1 1 120313
2 30 2 1 20882.8
2 30 3 1 2167.74
2 30 4 1 21730.8
2 31 1 1 117274
2 31 2 1 20882.8
2 31 3 1 2167.75
2 31 4 1 21171.8
2 32 1 1 114694
2 32 2 1 20882.8
2 32 3 1 2167.75
2 32 4 1 20691.8
2 33 1 1 112506
2 33 2 1 20882.8
2 33 3 1 2167.75
2 33 4 1 20280.1
2 34 1 1 110649
2 34 2 1 20882.8
2 34 3 1 2167.75
2 34 4 1 19927.2
2 35 1 1 109074
2 35 2 1 20882.7
2 35 3 1 2167.75
2 35 4 1 19624.9
2 36 1 1 107739
2 36 2 1 20882.7
2 36 3 1 2167.75
2 36 4 1 19366
2 37 1 1 106606
2 37 2 1 20882.8
2 37 3 1 2167.75
2 37 4 1 19144.5
2 38 1 1 105645
2 38 2 1 20882.8
2 38 3 1 2167.75
2 38 4 1 18955.1
2 39 1 1 104830
2 39 2 1 20882.8
2 39 3 1 2167.75
2 39 4 1 18793.2
2 40 1 1 104139
2 40 2 1 20882.8
2 40 3 1 2167.75
2 40 4 1 18654.8
2 41 1 1 103553
2 41 2 1 20882.8
2 41 3 1 2167.75
2 41 4 1 18536.7
2 42 1 1 103056
2 42 2 1 20882.8
2 42 3 1 2167.75
2 42 4 1 18435.8
full time series of predicted catch
fleet year spp area pred_catch
1 1 1 1 74914.3
1 1 4 1 15852.3
1 2 1 1 71944.6
1 2 4 1 14260
1 3 1 1 69003.1
1 3 4 1 12826.2
1 4 1 1 65603
1 4 4 1 11531.2
1 5 1 1 61624.6
1 5 4 1 10360.8
1 6 1 1 57176.2
1 6 4 1 9303.82
1 7 1 1 52459.6
1 7 4 1 8350.98
1 8 1 1 47684.4
1 8 4 1 7494.14
1 9 1 1 43026.2
1 9 4 1 6725.78
1 10 1 1 38613
1 10 4 1 6038.85
1 11 1 1 34526.2
1 11 4 1 5426.52
1 12 1 1 30809.1
1 12 4 1 4882.31
1 13 1 1 27475.6
1 13 4 1 4400.01
1 14 1 1 24519.2
1 14 4 1 3973.76
1 15 1 1 21920.5
1 15 4 1 3598.04
1 16 1 1 19652.3
1 16 4 1 3267.66
1 17 1 1 17683.7
1 17 4 1 2977.83
1 18 1 1 15982.8
1 18 4 1 2724.11
1 19 1 1 14518.5
1 19 4 1 2502.46
1 20 1 1 13261.7
1 20 4 1 2309.2
1 21 1 1 12185.4
1 21 4 1 2140.98
1 22 1 1 11265.5
1 22 4 1 1994.8
1 23 1 1 10480.5
1 23 4 1 1867.96
1 24 1 1 9811.38
1 24 4 1 1758.08
1 25 1 1 9241.62
1 25 4 1 1663
1 26 1 1 8756.87
1 26 4 1 1580.83
1 27 1 1 8344.71
1 27 4 1 1509.91
1 28 1 1 7994.46
1 28 4 1 1448.76
1 29 1 1 7696.94
1 29 4 1 1396.09
1 30 1 1 7444.3
1 30 4 1 1350.76
1 31 1 1 7229.83
1 31 4 1 1311.79
1 32 1 1 7047.81
1 32 4 1 1278.31
1 33 1 1 6893.35
1 33 4 1 1249.57
1 34 1 1 6762.3
1 34 4 1 1224.92
1 35 1 1 6651.13
1 35 4 1 1203.78
1 36 1 1 6556.82
1 36 4 1 1185.68
1 37 1 1 6476.83
1 37 4 1 1170.18
1 38 1 1 6408.99
1 38 4 1 1156.92
1 39 1 1 6351.45
1 39 4 1 1145.57
1 40 1 1 6302.66
1 40 4 1 1135.88
1 41 1 1 6261.28
1 41 4 1 1127.59
1 42 1 1 6226.19
1 42 4 1 1120.52
2 1 2 1 863952
2 1 3 1 271170
2 2 2 1 382237
2 2 3 1 118480
2 3 2 1 172337
2 3 3 1 52045.1
2 4 2 1 80382.9
2 4 3 1 23167.9
2 5 2 1 40576.5
2 5 3 1 10664.6
2 6 2 1 23638
2 6 3 1 5279.94
2 7 2 1 16527.4
2 7 3 1 2974.7
2 8 2 1 13570.6
2 8 3 1 1993.6
2 9 2 1 12349
2 9 3 1 1578.34
2 10 2 1 11846.4
2 10 3 1 1403.46
2 11 2 1 11640.3
2 11 3 1 1330.15
2 12 2 1 11555.9
2 12 3 1 1299.54
2 13 2 1 11521.5
2 13 3 1 1286.81
2 14 2 1 11507.4
2 14 3 1 1281.53
2 15 2 1 11501.8
2 15 3 1 1279.35
2 16 2 1 11499.5
2 16 3 1 1278.45
2 17 2 1 11498.6
2 17 3 1 1278.09
2 18 2 1 11498.3
2 18 3 1 1277.94
2 19 2 1 11498.2
2 19 3 1 1277.89
2 20 2 1 11498.2
2 20 3 1 1277.87
2 21 2 1 11498.2
2 21 3 1 1277.86
2 22 2 1 11498.2
2 22 3 1 1277.86
2 23 2 1 11498.2
2 23 3 1 1277.87
2 24 2 1 11498.3
2 24 3 1 1277.87
2 25 2 1 11498.3
2 25 3 1 1277.87
2 26 2 1 11498.3
2 26 3 1 1277.88
2 27 2 1 11498.4
2 27 3 1 1277.88
2 28 2 1 11498.4
2 28 3 1 1277.88
2 29 2 1 11498.4
2 29 3 1 1277.88
2 30 2 1 11498.4
2 30 3 1 1277.89
2 31 2 1 11498.4
2 31 3 1 1277.89
2 32 2 1 11498.4
2 32 3 1 1277.89
2 33 2 1 11498.4
2 33 3 1 1277.89
2 34 2 1 11498.4
2 34 3 1 1277.89
2 35 2 1 11498.4
2 35 3 1 1277.89
2 36 2 1 11498.4
2 36 3 1 1277.89
2 37 2 1 11498.4
2 37 3 1 1277.89
2 38 2 1 11498.4
2 38 3 1 1277.89
2 39 2 1 11498.4
2 39 3 1 1277.89
2 40 2 1 11498.4
2 40 3 1 1277.89
2 41 2 1 11498.4
2 41 3 1 1277.89
2 42 2 1 11498.4
2 42 3 1 1277.89
full time series of survey length comp
survey year spp area catch-at-size
1 1 1 2  33.3488 66.9452 47.7378 49.733 13.6183
1 1 2 2  0 751.739 690.415 714.732 1111.88
1 1 3 2  38.5085 95.3583 96.2409 84.8036 65.7862
1 1 4 2  29.882 36.8754 27.9838 17.1018 6.94978
1 2 1 2  16.4161 52.7217 51.7711 49.8892 11.5471
1 2 2 2  0 362.115 392.885 387.327 453.837
1 2 3 2  18.8224 43.073 45.1695 40.5218 26.8552
1 2 4 2  22.7811 32.9666 26.4843 15.718 5.8926
1 3 1 2  8.9113 37.8538 50.4985 50.6744 9.79087
1 3 2 2  0 310.26 205.551 212.517 185.255
1 3 3 2  14.3149 24.377 20.9922 19.3129 10.9631
1 3 4 2  17.9627 28.8731 24.8571 14.4796 4.99627
1 4 1 2  5.585 26.4366 45.4018 51.1346 8.30179
1 4 2 2  0 303.365 140.778 115.221 75.6227
1 4 3 2  13.2829 18.1824 10.295 9.17185 4.47548
1 4 4 2  14.693 25.0289 23.107 13.3589 4.23631
1 5 1 2  4.11073 18.6552 38.6617 50.7006 7.0392
1 5 2 2  0 302.452 121.417 66.5349 30.8706
1 5 3 2  13.0466 16.2194 5.81887 4.37585 1.82706
1 5 4 2  12.4742 21.6313 21.2851 12.3327 3.59196
1 6 1 2  3.45728 13.6722 31.8264 49.2425 5.96864
1 6 2 2  0 302.332 115.945 43.9788 12.602
1 6 3 2  12.9925 15.6149 4.02356 2.14336 0.745878
1 6 4 2  10.9686 18.7418 19.4532 11.3832 3.04561
1 7 1 2  3.16767 10.599 25.7212 46.9008 5.06091
1 7 2 2  0 302.317 114.438 34.0136 5.14448
1 7 3 2  12.9801 15.4324 3.32614 1.12186 0.304499
1 7 4 2  9.94695 16.3492 17.6683 10.4985 2.58238
1 8 1 2  3.03932 8.74942 20.6593 43.9279 4.29123
1 8 2 2  0 302.316 114.028 29.737 2.10013
1 8 3 2  12.9773 15.3781 3.06168 0.662064 0.124311
1 8 4 2  9.25367 14.4059 15.9747 9.67071 2.18961
1 9 1 2  2.98246 7.65499 16.6608 40.5885 3.63861
1 9 2 2  0 302.316 113.918 27.9349 0.857353
1 9 3 2  12.9766 15.3622 2.96328 0.458142 0.0507499
1 9 4 2  8.78326 12.8508 14.403 8.89519 1.85659
1 10 1 2  2.95729 7.01512 13.6066 37.1105 3.08526
1 10 2 2  0 302.317 113.89 27.1845 0.350011
1 10 3 2  12.9765 15.3576 2.92723 0.368862 0.020719
1 10 4 2  8.46409 11.6207 12.9713 8.16928 1.57422
1 11 1 2  2.94614 6.64426 11.3292 33.6674 2.61606
1 11 2 2  0 302.317 113.883 26.8744 0.142892
1 11 3 2  12.9765 15.3563 2.91417 0.330204 0.00845873
1 11 4 2  8.24752 10.6565 11.6871 7.49148 1.3348
1 12 1 2  2.94122 6.43073 9.66127 30.3797 2.21821
1 12 2 2  0 302.318 113.882 26.7471 0.0583361
1 12 3 2  12.9765 15.3559 2.9095 0.313623 0.00345338
1 12 4 2  8.10058 9.9065 10.5502 6.8609 1.1318
1 13 1 2  2.93904 6.30838 8.45619 27.3222 1.88087
1 13 2 2  0 302.318 113.882 26.695 0.023816
1 13 3 2  12.9765 15.3559 2.90785 0.306569 0.00140989
1 13 4 2  8.00087 9.32662 9.55488 6.27673 0.959672
1 14 1 2  2.93809 6.23856 7.5946 24.5349 1.59484
1 14 2 2  0 302.318 113.882 26.6739 0.00972309
1 14 3 2  12.9765 15.3559 2.90728 0.30359 0.00057561
1 14 4 2  7.93322 8.88072 8.69177 5.7381 0.813723
1 15 1 2  2.93768 6.19886 6.98363 22.0321 1.3523
1 15 2 2  0 302.318 113.883 26.6656 0.00396957
1 15 3 2  12.9765 15.3559 2.90711 0.302342 0.000235004
1 15 4 2  7.88734 8.53937 7.94947 5.24383 0.689972
1 16 1 2  2.93751 6.17633 6.55314 19.8112 1.14665
1 16 2 2  0 302.318 113.883 26.6624 0.00162063
1 16 3 2  12.9765 15.3559 2.90707 0.301823 9.5945e-005
1 16 4 2  7.85622 8.27904 7.31559 4.79243 0.585042
1 17 1 2  2.93743 6.16356 6.25137 17.8583 0.972276
1 17 2 2  0 302.318 113.883 26.6612 0.000661647
1 17 3 2  12.9765 15.3559 2.90705 0.301609 3.91715e-005
1 17 4 2  7.83509 8.08112 6.77764 4.38208 0.496069
1 18 1 2  2.9374 6.15635 6.04069 16.1537 0.824418
1 18 2 2  0 302.318 113.883 26.6608 0.000270128
1 18 3 2  12.9765 15.3559 2.90706 0.301521 1.59926e-005
1 18 4 2  7.82077 7.93111 6.32359 4.01073 0.420628
1 19 1 2  2.93741 6.15231 5.89411 14.6742 0.699046
1 19 2 2  0 302.318 113.884 26.6609 0.000110285
1 19 3 2  12.9765 15.356 2.90708 0.301489 6.52936e-006
1 19 4 2  7.81107 7.81774 5.94222 3.6761 0.35666
1 20 1 2  2.93741 6.15005 5.79239 13.3961 0.59274
1 20 2 2  0 302.318 113.884 26.661 4.5026e-005
1 20 3 2  12.9765 15.356 2.9071 0.301477 2.66577e-006
1 20 4 2  7.80449 7.73221 5.62324 3.37575 0.302421
1 21 1 2  2.93741 6.14878 5.72196 12.2958 0.5026
1 21 2 2  0 302.318 113.885 26.6612 1.83828e-005
1 21 3 2  12.9765 15.356 2.90711 0.301474 1.08837e-006
1 21 4 2  7.80003 7.66782 5.35744 3.1072 0.25643
1 22 1 2  2.93742 6.14807 5.67328 11.3515 0.426168
1 22 2 2  0 302.318 113.885 26.6613 7.50518e-006
1 22 3 2  12.9765 15.356 2.90712 0.301474 4.44353e-007
1 22 4 2  7.797 7.61941 5.13669 2.86792 0.217433
1 23 1 2  2.93742 6.14769 5.63969 10.543 0.36136
1 23 2 2  0 302.318 113.885 26.6614 3.06416e-006
1 23 3 2  12.9765 15.356 2.90713 0.301475 1.81419e-007
1 23 4 2  7.79496 7.58311 4.95392 2.65542 0.184367
1 24 1 2  2.93743 6.14748 5.61653 9.85192 0.306407
1 24 2 2  0 302.318 113.885 26.6615 1.25102e-006
1 24 3 2  12.9765 15.356 2.90714 0.301477 7.40692e-008
1 24 4 2  7.79357 7.5559 4.80299 2.46728 0.15633
1 25 1 2  2.93743 6.14737 5.60059 9.26223 0.259811
1 25 2 2  0 302.318 113.885 26.6616 5.10756e-007
1 25 3 2  12.9765 15.356 2.90715 0.301479 3.02407e-008
1 25 4 2  7.79263 7.53554 4.67865 2.30118 0.132556
1 26 1 2  2.93744 6.14733 5.58963 8.75965 0.220301
1 26 2 2  0 302.319 113.885 26.6618 2.08529e-007
1 26 3 2  12.9765 15.3561 2.90716 0.301481 1.23466e-008
1 26 4 2  7.79201 7.52034 4.57646 2.15493 0.112398
1 27 1 2  2.93745 6.14732 5.58211 8.33173 0.186799
1 27 2 2  0 302.319 113.886 26.6619 8.51375e-008
1 27 3 2  12.9765 15.3561 2.90717 0.301483 5.04086e-009
1 27 4 2  7.79159 7.509 4.49262 2.02648 0.095305
1 28 1 2  2.93745 6.14732 5.57694 7.96767 0.158393
1 28 2 2  0 302.319 113.886 26.662 3.47596e-008
1 28 3 2  12.9765 15.3561 2.90718 0.301485 2.05808e-009
1 28 4 2  7.79131 7.50054 4.42396 1.91391 0.0808117
1 29 1 2  2.93745 6.14732 5.5734 7.65813 0.134306
1 29 2 2  0 302.319 113.886 26.6621 1.41915e-008
1 29 3 2  12.9765 15.3561 2.90718 0.301486 8.40269e-010
1 29 4 2  7.79111 7.49422 4.36782 1.81547 0.0685224
1 30 1 2  2.93746 6.14732 5.57097 7.3951 0.113881
1 30 2 2  0 302.319 113.886 26.6622 5.79407e-009
1 30 3 2  12.9765 15.3561 2.90718 0.301487 3.43064e-010
1 30 4 2  7.79099 7.48953 4.32198 1.72955 0.058102
1 31 1 2  2.93746 6.14733 5.56931 7.17167 0.0965633
1 31 2 2  0 302.319 113.886 26.6622 2.36559e-009
1 31 3 2  12.9765 15.3561 2.90719 0.301488 1.40066e-010
1 31 4 2  7.7909 7.48604 4.2846 1.65471 0.0492663
1 32 1 2  2.93746 6.14733 5.56817 6.98196 0.0818788
1 32 2 2  0 302.319 113.886 26.6622 9.65815e-010
1 32 3 2  12.9765 15.3561 2.90719 0.301488 5.71861e-011
1 32 4 2  7.79084 7.48344 4.25416 1.58962 0.0417742
1 33 1 2  2.93746 6.14734 5.56739 6.82091 0.0694274
1 33 2 2  0 302.319 113.886 26.6622 3.9432e-010
1 33 3 2  12.9765 15.3561 2.90719 0.301488 2.33479e-011
1 33 4 2  7.7908 7.48151 4.2294 1.53311 0.0354215
1 34 1 2  2.93746 6.14734 5.56686 6.68422 0.0588694
1 34 2 2  0 302.318 113.886 26.6622 1.60992e-010
1 34 3 2  12.9765 15.3561 2.90719 0.301488 9.53246e-012
1 34 4 2  7.79077 7.48006 4.20927 1.48411 0.0300348
1 35 1 2  2.93746 6.14733 5.56649 6.56823 0.0499171
1 35 2 2  0 302.318 113.886 26.6622 6.57291e-011
1 35 3 2  12.9765 15.3561 2.90718 0.301488 3.8919e-012
1 35 4 2  7.79075 7.47899 4.19292 1.44168 0.0254674
1 36 1 2  2.93746 6.14734 5.56624 6.46983 0.0423261
1 36 2 2  0 302.318 113.886 26.6622 2.68357e-011
1 36 3 2  12.9765 15.3561 2.90719 0.301488 1.58898e-012
1 36 4 2  7.79074 7.4782 4.17965 1.405 0.0215945
1 37 1 2  2.93746 6.14734 5.56607 6.38635 0.0358895
1 37 2 2  0 302.318 113.886 26.6622 1.09564e-011
1 37 3 2  12.9765 15.3561 2.90719 0.301489 6.48749e-013
1 37 4 2  7.79073 7.47761 4.1689 1.37331 0.0183105
1 38 1 2  2.93746 6.14735 5.56595 6.31554 0.0304317
1 38 2 2  0 302.319 113.886 26.6622 4.47325e-012
1 38 3 2  12.9765 15.3561 2.90719 0.301489 2.64871e-013
1 38 4 2  7.79073 7.47718 4.16019 1.34598 0.015526
1 39 1 2  2.93746 6.14735 5.56588 6.25547 0.0258039
1 39 2 2  0 302.318 113.886 26.6622 1.82633e-012
1 39 3 2  12.9765 15.3561 2.90719 0.301489 1.08141e-013
1 39 4 2  7.79072 7.47686 4.15313 1.32243 0.0131649
1 40 1 2  2.93746 6.14735 5.56582 6.20453 0.0218799
1 40 2 2  0 302.319 113.886 26.6622 7.45648e-013
1 40 3 2  12.9765 15.3561 2.90719 0.301489 4.4152e-014
1 40 4 2  7.79072 7.47662 4.14743 1.30215 0.0111629
1 41 1 2  2.93746 6.14735 5.56579 6.16133 0.0185526
1 41 2 2  0 302.318 113.886 26.6622 3.04431e-013
1 41 3 2  12.9765 15.3561 2.90719 0.301489 1.80263e-014
1 41 4 2  7.79072 7.47645 4.14281 1.2847 0.00946534
1 42 1 2  2.93746 6.14736 5.56577 6.12469 0.0157313
1 42 2 2  0 302.318 113.886 26.6622 1.24293e-013
1 42 3 2  12.9765 15.3561 2.90719 0.30149 7.35979e-015
1 42 4 2  7.79072 7.47632 4.13908 1.26971 0.00802592
2 1 1 2  33.3488 66.9452 47.7377 49.7329 13.6183
2 1 2 2  0 751.739 690.415 714.731 1111.88
2 1 3 2  38.5085 95.3583 96.241 84.8036 65.7862
2 1 4 2  29.882 36.8754 27.9838 17.1017 6.94977
2 2 1 2  16.4161 52.7216 51.7711 49.8891 11.547
2 2 2 2  0 362.115 392.885 387.326 453.836
2 2 3 2  18.8224 43.073 45.1695 40.5218 26.8553
2 2 4 2  22.7811 32.9666 26.4842 15.7179 5.89259
2 3 1 2  8.91129 37.8538 50.4984 50.6743 9.79086
2 3 2 2  0 310.26 205.551 212.517 185.255
2 3 3 2  14.3149 24.377 20.9922 19.3129 10.9631
2 3 4 2  17.9626 28.873 24.8571 14.4796 4.99627
2 4 1 2  5.58499 26.4366 45.4017 51.1345 8.30178
2 4 2 2  0 303.365 140.778 115.221 75.6226
2 4 3 2  13.2829 18.1824 10.295 9.17185 4.47548
2 4 4 2  14.693 25.0288 23.107 13.3589 4.2363
2 5 1 2  4.11072 18.6551 38.6616 50.7006 7.0392
2 5 2 2  0 302.452 121.417 66.5349 30.8706
2 5 3 2  13.0466 16.2194 5.81887 4.37585 1.82706
2 5 4 2  12.4742 21.6313 21.2851 12.3326 3.59195
2 6 1 2  3.45727 13.6722 31.8264 49.2425 5.96863
2 6 2 2  0 302.332 115.945 43.9788 12.602
2 6 3 2  12.9925 15.6149 4.02356 2.14336 0.745878
2 6 4 2  10.9686 18.7418 19.4532 11.3832 3.04561
2 7 1 2  3.16767 10.599 25.7212 46.9008 5.0609
2 7 2 2  0 302.317 114.438 34.0136 5.14448
2 7 3 2  12.9801 15.4324 3.32614 1.12186 0.3045
2 7 4 2  9.94694 16.3491 17.6683 10.4985 2.58238
2 8 1 2  3.03932 8.74941 20.6592 43.9278 4.29122
2 8 2 2  0 302.316 114.028 29.737 2.10013
2 8 3 2  12.9773 15.3781 3.06168 0.662064 0.124311
2 8 4 2  9.25366 14.4059 15.9746 9.6707 2.18961
2 9 1 2  2.98246 7.65498 16.6608 40.5885 3.63861
2 9 2 2  0 302.316 113.918 27.9348 0.857353
2 9 3 2  12.9766 15.3622 2.96328 0.458142 0.0507499
2 9 4 2  8.78325 12.8508 14.403 8.89518 1.85658
2 10 1 2  2.95729 7.01512 13.6066 37.1104 3.08525
2 10 2 2  0 302.317 113.89 27.1845 0.350011
2 10 3 2  12.9765 15.3576 2.92723 0.368862 0.020719
2 10 4 2  8.46408 11.6207 12.9713 8.16927 1.57422
2 11 1 2  2.94614 6.64425 11.3292 33.6674 2.61605
2 11 2 2  0 302.317 113.883 26.8744 0.142892
2 11 3 2  12.9765 15.3563 2.91417 0.330204 0.00845874
2 11 4 2  8.24751 10.6565 11.6871 7.49147 1.3348
2 12 1 2  2.94122 6.43072 9.66126 30.3797 2.21821
2 12 2 2  0 302.317 113.882 26.7471 0.0583361
2 12 3 2  12.9765 15.3559 2.9095 0.313623 0.00345339
2 12 4 2  8.10057 9.90649 10.5502 6.86089 1.1318
2 13 1 2  2.93904 6.30837 8.45618 27.3222 1.88087
2 13 2 2  0 302.317 113.881 26.695 0.023816
2 13 3 2  12.9765 15.3559 2.90785 0.306569 0.00140989
2 13 4 2  8.00086 9.32661 9.55487 6.27672 0.959671
2 14 1 2  2.93809 6.23855 7.59459 24.5349 1.59484
2 14 2 2  0 302.318 113.882 26.6739 0.00972309
2 14 3 2  12.9765 15.3559 2.90728 0.30359 0.000575611
2 14 4 2  7.93321 8.88071 8.69176 5.73809 0.813722
2 15 1 2  2.93768 6.19885 6.98362 22.0321 1.3523
2 15 2 2  0 302.318 113.883 26.6656 0.00396957
2 15 3 2  12.9765 15.3559 2.90711 0.302342 0.000235004
2 15 4 2  7.88733 8.53936 7.94946 5.24383 0.689971
2 16 1 2  2.93751 6.17633 6.55313 19.8111 1.14665
2 16 2 2  0 302.318 113.883 26.6624 0.00162063
2 16 3 2  12.9765 15.3559 2.90707 0.301823 9.59451e-005
2 16 4 2  7.85621 8.27903 7.31558 4.79243 0.585041
2 17 1 2  2.93743 6.16356 6.25136 17.8583 0.972275
2 17 2 2  0 302.318 113.883 26.6612 0.000661647
2 17 3 2  12.9765 15.3559 2.90705 0.301609 3.91715e-005
2 17 4 2  7.83508 8.08111 6.77763 4.38208 0.496069
2 18 1 2  2.9374 6.15634 6.04068 16.1537 0.824417
2 18 2 2  0 302.318 113.883 26.6608 0.000270128
2 18 3 2  12.9765 15.3559 2.90706 0.301521 1.59926e-005
2 18 4 2  7.82076 7.9311 6.32358 4.01072 0.420628
2 19 1 2  2.9374 6.15231 5.8941 14.6742 0.699045
2 19 2 2  0 302.318 113.884 26.6608 0.000110285
2 19 3 2  12.9765 15.356 2.90708 0.301489 6.52936e-006
2 19 4 2  7.81106 7.81773 5.94222 3.67609 0.35666
2 20 1 2  2.93741 6.15004 5.79239 13.3961 0.592739
2 20 2 2  0 302.318 113.884 26.661 4.5026e-005
2 20 3 2  12.9765 15.356 2.9071 0.301477 2.66577e-006
2 20 4 2  7.80448 7.7322 5.62323 3.37575 0.302421
2 21 1 2  2.93741 6.14877 5.72196 12.2958 0.5026
2 21 2 2  0 302.318 113.885 26.6612 1.83828e-005
2 21 3 2  12.9765 15.356 2.90711 0.301474 1.08837e-006
2 21 4 2  7.80002 7.66781 5.35743 3.1072 0.25643
2 22 1 2  2.93741 6.14806 5.67327 11.3515 0.426168
2 22 2 2  0 302.318 113.885 26.6612 7.50517e-006
2 22 3 2  12.9765 15.356 2.90712 0.301474 4.44354e-007
2 22 4 2  7.79699 7.6194 5.13668 2.86791 0.217433
2 23 1 2  2.93742 6.14768 5.63968 10.5429 0.361359
2 23 2 2  0 302.318 113.885 26.6614 3.06416e-006
2 23 3 2  12.9765 15.356 2.90713 0.301475 1.81419e-007
2 23 4 2  7.79495 7.5831 4.95391 2.65542 0.184367
2 24 1 2  2.93743 6.14748 5.61653 9.85191 0.306407
2 24 2 2  0 302.318 113.885 26.6615 1.25101e-006
2 24 3 2  12.9765 15.356 2.90714 0.301477 7.40692e-008
2 24 4 2  7.79357 7.5559 4.80298 2.46728 0.15633
2 25 1 2  2.93743 6.14736 5.60058 9.26222 0.259811
2 25 2 2  0 302.318 113.885 26.6616 5.10756e-007
2 25 3 2  12.9765 15.356 2.90715 0.301479 3.02407e-008
2 25 4 2  7.79263 7.53553 4.67865 2.30118 0.132556
2 26 1 2  2.93744 6.14732 5.58963 8.75964 0.220301
2 26 2 2  0 302.318 113.885 26.6617 2.08529e-007
2 26 3 2  12.9765 15.3561 2.90716 0.301481 1.23466e-008
2 26 4 2  7.792 7.52033 4.57645 2.15493 0.112398
2 27 1 2  2.93745 6.14731 5.5821 8.33172 0.186799
2 27 2 2  0 302.319 113.886 26.6619 8.51375e-008
2 27 3 2  12.9765 15.3561 2.90717 0.301483 5.04087e-009
2 27 4 2  7.79158 7.50899 4.49261 2.02648 0.0953049
2 28 1 2  2.93745 6.14731 5.57694 7.96766 0.158392
2 28 2 2  0 302.319 113.886 26.662 3.47596e-008
2 28 3 2  12.9765 15.3561 2.90718 0.301485 2.05808e-009
2 28 4 2  7.7913 7.50053 4.42395 1.91391 0.0808116
2 29 1 2  2.93745 6.14731 5.57339 7.65812 0.134305
2 29 2 2  0 302.318 113.886 26.6621 1.41915e-008
2 29 3 2  12.9765 15.3561 2.90718 0.301486 8.40269e-010
2 29 4 2  7.7911 7.49422 4.36781 1.81547 0.0685223
2 30 1 2  2.93745 6.14732 5.57097 7.39509 0.113881
2 30 2 2  0 302.319 113.886 26.6621 5.79407e-009
2 30 3 2  12.9765 15.3561 2.90718 0.301487 3.43065e-010
2 30 4 2  7.79098 7.48952 4.32198 1.72955 0.0581019
2 31 1 2  2.93745 6.14732 5.5693 7.17166 0.0965632
2 31 2 2  0 302.319 113.886 26.6622 2.36559e-009
2 31 3 2  12.9765 15.3561 2.90719 0.301488 1.40066e-010
2 31 4 2  7.79089 7.48603 4.2846 1.65471 0.0492662
2 32 1 2  2.93746 6.14733 5.56816 6.98195 0.0818787
2 32 2 2  0 302.319 113.886 26.6622 9.65814e-010
2 32 3 2  12.9765 15.3561 2.90719 0.301488 5.71861e-011
2 32 4 2  7.79083 7.48343 4.25416 1.58962 0.0417742
2 33 1 2  2.93746 6.14733 5.56739 6.8209 0.0694273
2 33 2 2  0 302.318 113.886 26.6622 3.9432e-010
2 33 3 2  12.9765 15.3561 2.90719 0.301488 2.33479e-011
2 33 4 2  7.79079 7.4815 4.22939 1.5331 0.0354215
2 34 1 2  2.93745 6.14733 5.56685 6.68421 0.0588694
2 34 2 2  0 302.318 113.886 26.6622 1.60992e-010
2 34 3 2  12.9765 15.3561 2.90719 0.301489 9.53246e-012
2 34 4 2  7.79076 7.48006 4.20926 1.48411 0.0300348
2 35 1 2  2.93745 6.14733 5.56648 6.56823 0.049917
2 35 2 2  0 302.318 113.886 26.6621 6.57291e-011
2 35 3 2  12.9765 15.3561 2.90718 0.301488 3.8919e-012
2 35 4 2  7.79074 7.47898 4.19291 1.44168 0.0254673
2 36 1 2  2.93745 6.14733 5.56623 6.46982 0.0423261
2 36 2 2  0 302.318 113.886 26.6621 2.68357e-011
2 36 3 2  12.9765 15.3561 2.90719 0.301488 1.58898e-012
2 36 4 2  7.79073 7.47819 4.17965 1.405 0.0215944
2 37 1 2  2.93746 6.14733 5.56606 6.38634 0.0358895
2 37 2 2  0 302.318 113.886 26.6622 1.09564e-011
2 37 3 2  12.9765 15.3561 2.90719 0.301489 6.4875e-013
2 37 4 2  7.79072 7.47761 4.1689 1.37331 0.0183105
2 38 1 2  2.93746 6.14734 5.56595 6.31553 0.0304317
2 38 2 2  0 302.318 113.886 26.6622 4.47325e-012
2 38 3 2  12.9765 15.3561 2.90719 0.301489 2.64871e-013
2 38 4 2  7.79072 7.47717 4.16019 1.34598 0.015526
2 39 1 2  2.93746 6.14734 5.56587 6.25546 0.0258039
2 39 2 2  0 302.318 113.886 26.6622 1.82633e-012
2 39 3 2  12.9765 15.3561 2.90719 0.301489 1.08141e-013
2 39 4 2  7.79071 7.47685 4.15313 1.32242 0.0131649
2 40 1 2  2.93746 6.14734 5.56582 6.20452 0.0218799
2 40 2 2  0 302.318 113.886 26.6622 7.45648e-013
2 40 3 2  12.9765 15.3561 2.90719 0.301489 4.4152e-014
2 40 4 2  7.79072 7.47662 4.14742 1.30214 0.0111629
2 41 1 2  2.93746 6.14735 5.56578 6.16132 0.0185526
2 41 2 2  0 302.318 113.886 26.6622 3.04431e-013
2 41 3 2  12.9765 15.3561 2.90719 0.30149 1.80263e-014
2 41 4 2  7.79071 7.47644 4.1428 1.2847 0.00946533
2 42 1 2  2.93746 6.14735 5.56576 6.12468 0.0157313
2 42 2 2  0 302.318 113.886 26.6622 1.24292e-013
2 42 3 2  12.9765 15.3561 2.90719 0.30149 7.35979e-015
2 42 4 2  7.79071 7.47631 4.13907 1.26971 0.00802591
full time series of fishery length comp
fleet year spp area catch-at-size
1 1 1 1  4.5055 3.87742 2.56083 3.02386 0.961778
1 1 2 1  4.52118e-014 5.27243e-014 5.60981e-014 5.61021e-014 1.16876e-013
1 1 3 1  7.2849e-015 9.46139e-015 8.53267e-015 7.63091e-015 6.91436e-015
1 1 4 1  2.63691 2.38097 1.76408 1.11725 0.490826
1 2 1 1  2.21785 4.00852 2.85854 2.97809 0.815497
1 2 2 1  2.01407e-014 3.22504e-014 2.96194e-014 3.06634e-014 4.77028e-014
1 2 3 1  3.56075e-015 4.09138e-015 4.12913e-015 3.63844e-015 2.82256e-015
1 2 4 1  2.01029 2.20799 1.67563 1.02406 0.416162
1 3 1 1  1.20393 3.15688 3.10008 2.98745 0.691467
1 3 2 1  2.01413e-014 1.55364e-014 1.68562e-014 1.66177e-014 1.94714e-014
1 3 3 1  2.70804e-015 1.84807e-015 1.93798e-015 1.73858e-015 1.15224e-015
1 3 4 1  1.58509 1.97396 1.58585 0.941201 0.352858
1 4 1 1  0.754537 2.26663 3.02388 3.03448 0.586302
1 4 2 1  2.01415e-014 1.33121e-014 8.81911e-015 9.11792e-015 7.94828e-015
1 4 3 1  2.5128e-015 1.04591e-015 9.00667e-016 8.2862e-016 4.70378e-016
1 4 4 1  1.29656 1.72886 1.48843 0.867051 0.299186
1 5 1 1  0.555359 1.583 2.7187 3.06204 0.497133
1 5 2 1  2.01417e-014 1.30165e-014 6.04014e-015 4.94356e-015 3.2446e-015
1 5 3 1  2.4681e-015 7.80133e-016 4.41709e-016 3.93522e-016 1.92025e-016
1 5 4 1  1.10077 1.49869 1.38364 0.799946 0.253678
1 6 1 1  0.467078 1.11705 2.3151 3.03606 0.421526
1 6 2 1  2.01417e-014 1.29774e-014 5.20945e-015 2.85468e-015 1.32451e-015
1 6 3 1  2.45786e-015 6.95909e-016 2.49659e-016 1.87747e-016 7.83918e-017
1 6 4 1  0.967906 1.29525 1.27455 0.738493 0.215093
1 7 1 1  0.427951 0.818683 1.90581 2.94875 0.357418
1 7 2 1  2.01417e-014 1.29723e-014 4.97471e-015 1.88693e-015 5.40694e-016
1 7 3 1  2.45552e-015 6.69975e-016 1.72632e-016 9.1962e-017 3.20027e-017
1 7 4 1  0.877749 1.12224 1.16486 0.68164 0.182377
1 8 1 1  0.41061 0.634663 1.54022 2.80853 0.303061
1 8 2 1  2.01417e-014 1.29717e-014 4.91006e-015 1.45937e-015 2.20727e-016
1 8 3 1  2.45499e-015 6.62147e-016 1.4271e-016 4.81342e-017 1.30649e-017
1 8 4 1  0.816571 0.978974 1.05798 0.628665 0.154638
1 9 1 1  0.402926 0.523918 1.23711 2.63051 0.256971
1 9 2 1  2.01417e-014 1.29717e-014 4.8925e-015 1.27589e-015 9.0108e-017
1 9 3 1  2.45486e-015 6.59821e-016 1.31364e-016 2.84066e-017 5.33373e-018
1 9 4 1  0.775058 0.86262 0.956574 0.579098 0.131119
1 10 1 1  0.399523 0.458387 0.997681 2.43054 0.21789
1 10 2 1  2.01418e-014 1.29717e-014 4.88783e-015 1.19858e-015 3.67858e-017
1 10 3 1  2.45484e-015 6.59141e-016 1.27143e-016 1.96572e-017 2.17751e-018
1 10 4 1  0.746891 0.769512 0.862468 0.532661 0.111177
1 11 1 1  0.398017 0.420073 0.814789 2.22227 0.184754
1 11 2 1  2.01418e-014 1.29718e-014 4.88663e-015 1.16639e-015 1.50177e-017
1 11 3 1  2.45483e-015 6.58946e-016 1.25597e-016 1.58266e-017 8.88988e-019
1 11 4 1  0.72778 0.695856 0.776739 0.489193 0.0942682
1 12 1 1  0.39735 0.397867 0.678416 2.01609 0.156657
1 12 2 1  2.01418e-014 1.29718e-014 4.88635e-015 1.15309e-015 6.131e-018
1 12 3 1  2.45483e-015 6.58891e-016 1.25037e-016 1.4168e-017 3.62939e-019
1 12 4 1  0.714812 0.638123 0.699842 0.448606 0.0799314
1 13 1 1  0.397056 0.385081 0.578538 1.81922 0.132833
1 13 2 1  2.01418e-014 1.29718e-014 4.8863e-015 1.14763e-015 2.50301e-018
1 13 3 1  2.45483e-015 6.58877e-016 1.24837e-016 1.34566e-017 1.48174e-019
1 13 4 1  0.706013 0.593211 0.631764 0.410845 0.0677751
1 14 1 1  0.396926 0.377756 0.506376 1.63613 0.112632
1 14 2 1  2.01418e-014 1.29718e-014 4.88631e-015 1.1454e-015 1.02187e-018
1 14 3 1  2.45483e-015 6.58875e-016 1.24766e-016 1.31539e-017 6.04944e-020
1 14 4 1  0.700043 0.55849 0.572163 0.375865 0.0574677
1 15 1 1  0.39687 0.373576 0.454783 1.46922 0.0955037
1 15 2 1  2.01418e-014 1.29719e-014 4.88634e-015 1.1445e-015 4.17189e-019
1 15 3 1  2.45483e-015 6.58877e-016 1.24743e-016 1.30262e-017 2.46979e-020
1 15 4 1  0.695993 0.531791 0.52048 0.343611 0.0487279
1 16 1 1  0.396846 0.3712 0.418197 1.31935 0.08098
1 16 2 1  2.01418e-014 1.29719e-014 4.88638e-015 1.14414e-015 1.70323e-019
1 16 3 1  2.45483e-015 6.5888e-016 1.24736e-016 1.29726e-017 1.00834e-020
1 16 4 1  0.693246 0.511351 0.476031 0.314014 0.0413174
1 17 1 1  0.396836 0.369851 0.392419 1.18635 0.068665
1 17 2 1  2.01418e-014 1.29719e-014 4.88641e-015 1.14401e-015 6.95367e-020
1 17 3 1  2.45483e-015 6.58881e-016 1.24734e-016 1.29504e-017 4.11675e-021
1 17 4 1  0.691382 0.495762 0.438073 0.286983 0.0350339
1 18 1 1  0.396832 0.369087 0.374348 1.06941 0.0582228
1 18 2 1  2.01418e-014 1.29719e-014 4.88641e-015 1.14395e-015 2.83894e-020
1 18 3 1  2.45483e-015 6.58882e-016 1.24733e-016 1.29412e-017 1.68075e-021
1 18 4 1  0.690118 0.483912 0.405859 0.26241 0.029706
1 19 1 1  0.396831 0.368656 0.361733 0.96733 0.0493687
1 19 2 1  2.01418e-014 1.29719e-014 4.88644e-015 1.14394e-015 1.15905e-020
1 19 3 1  2.45483e-015 6.58884e-016 1.24734e-016 1.29375e-017 6.86203e-022
1 19 4 1  0.689261 0.474931 0.378671 0.240173 0.0251884
1 20 1 1  0.396831 0.368415 0.352955 0.878737 0.041861
1 20 2 1  2.01418e-014 1.29719e-014 4.88647e-015 1.14395e-015 4.73203e-021
1 20 3 1  2.45483e-015 6.58886e-016 1.24735e-016 1.29361e-017 2.80159e-022
1 20 4 1  0.68868 0.468142 0.355834 0.220134 0.0213578
1 21 1 1  0.396831 0.368279 0.346865 0.802196 0.0354951
1 21 2 1  2.01418e-014 1.29719e-014 4.88648e-015 1.14395e-015 1.93195e-021
1 21 3 1  2.45483e-015 6.58887e-016 1.24736e-016 1.29356e-017 1.14382e-022
1 21 4 1  0.688286 0.463021 0.336733 0.202149 0.0181098
1 22 1 1  0.396832 0.368204 0.342647 0.736311 0.0300972
1 22 2 1  2.01418e-014 1.29719e-014 4.88649e-015 1.14396e-015 7.88759e-022
1 22 3 1  2.45483e-015 6.58888e-016 1.24736e-016 1.29355e-017 4.66992e-023
1 22 4 1  0.688019 0.459165 0.320816 0.186068 0.0153558
1 23 1 1  0.396832 0.368162 0.339732 0.679763 0.0255203
1 23 2 1  2.01418e-014 1.29719e-014 4.8865e-015 1.14397e-015 3.22028e-022
1 23 3 1  2.45483e-015 6.58889e-016 1.24737e-016 1.29355e-017 1.90661e-023
1 23 4 1  0.687838 0.456268 0.307598 0.171739 0.0130205
1 24 1 1  0.396833 0.368139 0.33772 0.631344 0.0216393
1 24 2 1  2.01418e-014 1.29719e-014 4.88651e-015 1.14397e-015 1.31475e-022
1 24 3 1  2.45484e-015 6.5889e-016 1.24738e-016 1.29356e-017 7.78426e-024
1 24 4 1  0.687716 0.454094 0.296653 0.159014 0.0110404
1 25 1 1  0.396833 0.368127 0.336334 0.589963 0.0183486
1 25 2 1  2.01418e-014 1.29719e-014 4.88652e-015 1.14398e-015 5.36779e-023
1 25 3 1  2.45484e-015 6.5889e-016 1.24738e-016 1.29356e-017 3.17813e-024
1 25 4 1  0.687633 0.452465 0.287615 0.147748 0.00936147
1 26 1 1  0.396834 0.368121 0.33538 0.554651 0.0155583
1 26 2 1  2.01418e-014 1.29719e-014 4.88653e-015 1.14398e-015 2.19153e-023
1 26 3 1  2.45484e-015 6.58891e-016 1.24739e-016 1.29357e-017 1.29756e-024
1 26 4 1  0.687578 0.451247 0.28017 0.137801 0.00793783
1 27 1 1  0.396835 0.368119 0.334724 0.524555 0.0131923
1 27 2 1  2.01418e-014 1.2972e-014 4.88655e-015 1.14399e-015 8.94749e-024
1 27 3 1  2.45484e-015 6.58893e-016 1.24739e-016 1.29358e-017 5.29766e-025
1 27 4 1  0.68754 0.450337 0.27405 0.129044 0.0067307
1 28 1 1  0.396835 0.368118 0.334273 0.498929 0.0111861
1 28 2 1  2.01418e-014 1.2972e-014 4.88657e-015 1.144e-015 3.65305e-024
1 28 3 1  2.45484e-015 6.58893e-016 1.2474e-016 1.29359e-017 2.16292e-025
1 28 4 1  0.687515 0.449658 0.26903 0.121351 0.00570714
1 29 1 1  0.396835 0.368118 0.333964 0.477128 0.00948504
1 29 2 1  2.01418e-014 1.2972e-014 4.88657e-015 1.144e-015 1.49145e-024
1 29 3 1  2.45484e-015 6.58893e-016 1.2474e-016 1.2936e-017 8.83074e-026
1 29 4 1  0.687498 0.449151 0.264919 0.11461 0.00483924
1 30 1 1  0.396836 0.368118 0.333752 0.458592 0.00804263
1 30 2 1  2.01418e-014 1.2972e-014 4.88657e-015 1.14401e-015 6.08925e-025
1 30 3 1  2.45484e-015 6.58894e-016 1.2474e-016 1.29361e-017 3.60541e-026
1 30 4 1  0.687487 0.448773 0.261557 0.108715 0.00410332
1 31 1 1  0.396836 0.368119 0.333606 0.442841 0.00681958
1 31 2 1  2.01418e-014 1.2972e-014 4.88657e-015 1.14401e-015 2.4861e-025
1 31 3 1  2.45484e-015 6.58894e-016 1.2474e-016 1.29361e-017 1.47201e-026
1 31 4 1  0.687479 0.448492 0.258812 0.103571 0.00347932
1 32 1 1  0.396836 0.368119 0.333507 0.429462 0.00578251
1 32 2 1  2.01418e-014 1.2972e-014 4.88658e-015 1.14401e-015 1.01502e-025
1 32 3 1  2.45484e-015 6.58894e-016 1.2474e-016 1.29361e-017 6.00992e-027
1 32 4 1  0.687474 0.448283 0.256574 0.0990888 0.00295021
1 33 1 1  0.396836 0.36812 0.333439 0.418101 0.00490316
1 33 2 1  2.01418e-014 1.2972e-014 4.88658e-015 1.14401e-015 4.14408e-026
1 33 3 1  2.45484e-015 6.58894e-016 1.24741e-016 1.29362e-017 2.45373e-027
1 33 4 1  0.687471 0.448128 0.254751 0.0951911 0.00250156
1 34 1 1  0.396836 0.36812 0.333392 0.408457 0.00415753
1 34 2 1  2.01418e-014 1.2972e-014 4.88657e-015 1.14401e-015 1.69193e-026
1 34 3 1  2.45484e-015 6.58894e-016 1.24741e-016 1.29362e-017 1.00181e-027
1 34 4 1  0.687468 0.448012 0.253268 0.0918068 0.00212114
1 35 1 1  0.396836 0.36812 0.33336 0.400272 0.00352528
1 35 2 1  2.01418e-014 1.2972e-014 4.88657e-015 1.14401e-015 6.90777e-027
1 35 3 1  2.45484e-015 6.58894e-016 1.2474e-016 1.29362e-017 4.09016e-028
1 35 4 1  0.687466 0.447925 0.252062 0.0888725 0.00179857
1 36 1 1  0.396836 0.368119 0.333338 0.393326 0.00298919
1 36 2 1  2.01418e-014 1.29719e-014 4.88656e-015 1.14401e-015 2.82028e-027
1 36 3 1  2.45484e-015 6.58894e-016 1.2474e-016 1.29362e-017 1.66993e-028
1 36 4 1  0.687465 0.447861 0.251083 0.086332 0.00152506
1 37 1 1  0.396836 0.36812 0.333323 0.387433 0.00253462
1 37 2 1  2.01418e-014 1.2972e-014 4.88656e-015 1.14401e-015 1.15146e-027
1 37 3 1  2.45484e-015 6.58894e-016 1.2474e-016 1.29362e-017 6.81797e-029
1 37 4 1  0.687464 0.447814 0.250289 0.0841353 0.00129314
1 38 1 1  0.396836 0.36812 0.333313 0.382434 0.00214918
1 38 2 1  2.01418e-014 1.2972e-014 4.88657e-015 1.14401e-015 4.70114e-028
1 38 3 1  2.45484e-015 6.58894e-016 1.24741e-016 1.29362e-017 2.78364e-029
1 38 4 1  0.687464 0.447779 0.249645 0.082238 0.00109649
1 39 1 1  0.396836 0.36812 0.333306 0.378194 0.00182235
1 39 2 1  2.01418e-014 1.2972e-014 4.88657e-015 1.14401e-015 1.91937e-028
1 39 3 1  2.45484e-015 6.58894e-016 1.24741e-016 1.29362e-017 1.1365e-029
1 39 4 1  0.687464 0.447753 0.249124 0.0806013 0.000929743
1 40 1 1  0.396836 0.36812 0.333301 0.374597 0.00154522
1 40 2 1  2.01418e-014 1.2972e-014 4.88657e-015 1.14401e-015 7.83634e-029
1 40 3 1  2.45484e-015 6.58894e-016 1.24741e-016 1.29362e-017 4.64011e-030
1 40 4 1  0.687464 0.447734 0.248701 0.0791907 0.000788355
1 41 1 1  0.396836 0.368121 0.333298 0.371546 0.00131024
1 41 2 1  2.01418e-014 1.2972e-014 4.88657e-015 1.14401e-015 3.1994e-029
1 41 3 1  2.45484e-015 6.58894e-016 1.24741e-016 1.29362e-017 1.89446e-030
1 41 4 1  0.687464 0.44772 0.248359 0.0779763 0.000668468
1 42 1 1  0.396836 0.368121 0.333296 0.368959 0.00111099
1 42 2 1  2.01418e-014 1.2972e-014 4.88657e-015 1.14401e-015 1.30624e-029
1 42 3 1  2.45484e-015 6.58894e-016 1.24741e-016 1.29362e-017 7.7347e-031
1 42 4 1  0.687464 0.447709 0.248083 0.0769316 0.000566812
2 1 1 1  5.51966e-014 4.7502e-014 3.13726e-014 3.70452e-014 1.17827e-014
2 1 2 1  553.888 645.923 687.255 687.304 1431.84
2 1 3 1  89.2469 115.911 104.533 93.4859 84.7074
2 1 4 1  3.23046e-014 2.91692e-014 2.16117e-014 1.36874e-014 6.01309e-015
2 2 1 1  2.71707e-014 4.91081e-014 3.50198e-014 3.64844e-014 9.99061e-015
2 2 2 1  246.743 395.098 362.866 375.656 584.404
2 2 3 1  43.6225 50.1233 50.5858 44.5744 34.5791
2 2 4 1  2.4628e-014 2.70499e-014 2.0528e-014 1.25457e-014 5.09838e-015
2 3 1 1  1.47492e-014 3.86748e-014 3.79789e-014 3.65991e-014 8.47112e-015
2 3 2 1  246.75 190.336 206.504 203.583 238.543
2 3 3 1  33.1761 22.6406 23.742 21.2992 14.116
2 3 4 1  1.94189e-014 2.41829e-014 1.94282e-014 1.15306e-014 4.32285e-015
2 4 1 1  9.24379e-015 2.77684e-014 3.70454e-014 3.71752e-014 7.18275e-015
2 4 2 1  246.753 163.085 108.042 111.703 97.374
2 4 3 1  30.7842 12.8134 11.034 10.1514 5.76257
2 4 4 1  1.58841e-014 2.11802e-014 1.82346e-014 1.06222e-014 3.66531e-015
2 5 1 1  6.80367e-015 1.93932e-014 3.33067e-014 3.75129e-014 6.09035e-015
2 5 2 1  246.754 159.464 73.9974 60.5632 39.7494
2 5 3 1  30.2365 9.55737 5.41136 4.82101 2.35248
2 5 4 1  1.34854e-014 1.83604e-014 1.6951e-014 9.8001e-015 3.1078e-015
2 6 1 1  5.72215e-015 1.3685e-014 2.83621e-014 3.71946e-014 5.16409e-015
2 6 2 1  246.755 158.985 63.8207 34.9726 16.2265
2 6 3 1  30.1112 8.52554 3.05856 2.30008 0.960374
2 6 4 1  1.18578e-014 1.58681e-014 1.56144e-014 9.04723e-015 2.63509e-015
2 7 1 1  5.2428e-015 1.00296e-014 2.33479e-014 3.6125e-014 4.37871e-015
2 7 2 1  246.755 158.923 60.9449 23.1166 6.62401
2 7 3 1  30.0825 8.20783 2.11491 1.12662 0.392064
2 7 4 1  1.07532e-014 1.37485e-014 1.42706e-014 8.35074e-015 2.2343e-015
2 8 1 1  5.03035e-015 7.77522e-015 1.88692e-014 3.44071e-014 3.71278e-015
2 8 2 1  246.755 158.915 60.1528 17.8787 2.70411
2 8 3 1  30.0759 8.11193 1.74833 0.589689 0.160058
2 8 4 1  1.00038e-014 1.19934e-014 1.29613e-014 7.70174e-015 1.89447e-015
2 9 1 1  4.93622e-015 6.41848e-015 1.51558e-014 3.22262e-014 3.14813e-015
2 9 2 1  246.755 158.915 59.9378 15.6309 1.10391
2 9 3 1  30.0744 8.08343 1.60934 0.348007 0.0653432
2 9 4 1  9.49519e-015 1.05679e-014 1.17189e-014 7.0945e-015 1.60633e-015
2 10 1 1  4.89453e-015 5.61567e-015 1.22225e-014 2.97764e-014 2.66936e-015
2 10 2 1  246.756 158.916 59.8805 14.6837 0.450661
2 10 3 1  30.0741 8.0751 1.55763 0.24082 0.0266766
2 10 4 1  9.15012e-015 9.42724e-015 1.0566e-014 6.5256e-015 1.36202e-015
2 11 1 1  4.87608e-015 5.14628e-015 9.98193e-015 2.72249e-014 2.26341e-015
2 11 2 1  246.756 158.916 59.8658 14.2893 0.183981
2 11 3 1  30.074 8.0727 1.53868 0.193891 0.0108909
2 11 4 1  8.91599e-015 8.52489e-015 9.51578e-015 5.99308e-015 1.15487e-015
2 12 1 1  4.86792e-015 4.87424e-015 8.31124e-015 2.46991e-014 1.9192e-015
2 12 2 1  246.756 158.917 59.8624 14.1264 0.0751106
2 12 3 1  30.074 8.07204 1.53182 0.173571 0.00444634
2 12 4 1  8.75712e-015 7.81761e-015 8.57372e-015 5.49585e-015 9.79235e-016
2 13 1 1  4.86431e-015 4.7176e-015 7.08764e-015 2.22871e-014 1.62733e-015
2 13 2 1  246.756 158.917 59.8618 14.0595 0.0306642
2 13 3 1  30.074 8.07187 1.52937 0.164856 0.00181528
2 13 4 1  8.64932e-015 7.26739e-015 7.73971e-015 5.03324e-015 8.30309e-016
2 14 1 1  4.86272e-015 4.62786e-015 6.20359e-015 2.00441e-014 1.37985e-015
2 14 2 1  246.756 158.917 59.8619 14.0322 0.0125189
2 14 3 1  30.074 8.07184 1.52851 0.161148 0.000741113
2 14 4 1  8.57619e-015 6.84203e-015 7.00954e-015 4.6047e-015 7.04033e-016
2 15 1 1  4.86203e-015 4.57666e-015 5.57153e-015 1.79993e-014 1.17001e-015
2 15 2 1  246.756 158.918 59.8623 14.0212 0.00511095
2 15 3 1  30.074 8.07187 1.52822 0.159583 0.000302572
2 15 4 1  8.52657e-015 6.51494e-015 6.37637e-015 4.20956e-015 5.96963e-016
2 16 1 1  4.86174e-015 4.54755e-015 5.12331e-015 1.61632e-014 9.92081e-016
2 16 2 1  246.756 158.918 59.8628 14.0168 0.00208661
2 16 3 1  30.074 8.0719 1.52813 0.158927 0.000123531
2 16 4 1  8.49292e-015 6.26454e-015 5.83183e-015 3.84697e-015 5.06177e-016
2 17 1 1  4.86161e-015 4.53102e-015 4.8075e-015 1.45339e-014 8.41211e-016
2 17 2 1  246.756 158.918 59.8631 14.0152 0.00085189
2 17 3 1  30.074 8.07191 1.5281 0.158654 5.0434e-005
2 17 4 1  8.47009e-015 6.07356e-015 5.36681e-015 3.51581e-015 4.29198e-016
2 18 1 1  4.86156e-015 4.52166e-015 4.58612e-015 1.31013e-014 7.13284e-016
2 18 2 1  246.756 158.918 59.8632 14.0145 0.000347797
2 18 3 1  30.074 8.07192 1.5281 0.158542 2.05907e-005
2 18 4 1  8.45459e-015 5.92838e-015 4.97216e-015 3.21477e-015 3.63926e-016
2 19 1 1  4.86155e-015 4.51639e-015 4.43157e-015 1.18507e-014 6.04813e-016
2 19 2 1  246.756 158.918 59.8635 14.0144 0.000141994
2 19 3 1  30.074 8.07195 1.52811 0.158496 8.40663e-006
2 19 4 1  8.4441e-015 5.81835e-015 4.63908e-015 2.94235e-015 3.08581e-016
2 20 1 1  4.86155e-015 4.51343e-015 4.32404e-015 1.07654e-014 5.12837e-016
2 20 2 1  246.756 158.918 59.8638 14.0144 5.79719e-005
2 20 3 1  30.074 8.07198 1.52812 0.158479 3.43221e-006
2 20 4 1  8.43698e-015 5.73519e-015 4.35931e-015 2.69685e-015 2.61654e-016
2 21 1 1  4.86156e-015 4.51177e-015 4.24942e-015 9.82766e-015 4.34848e-016
2 21 2 1  246.756 158.918 59.864 14.0145 2.36682e-005
2 21 3 1  30.074 8.07199 1.52813 0.158473 1.40128e-006
2 21 4 1  8.43216e-015 5.67245e-015 4.1253e-015 2.47652e-015 2.21862e-016
2 22 1 1  4.86156e-015 4.51084e-015 4.19775e-015 9.0205e-015 3.6872e-016
2 22 2 1  246.756 158.918 59.8641 14.0146 9.66304e-006
2 22 3 1  30.074 8.072 1.52814 0.158472 5.72109e-007
2 22 4 1  8.42888e-015 5.62521e-015 3.9303e-015 2.2795e-015 1.88122e-016
2 23 1 1  4.86157e-015 4.51033e-015 4.16204e-015 8.32774e-015 3.12647e-016
2 23 2 1  246.756 158.918 59.8642 14.0147 3.94515e-006
2 23 3 1  30.074 8.07201 1.52815 0.158472 2.33578e-007
2 23 4 1  8.42667e-015 5.58971e-015 3.76836e-015 2.10396e-015 1.59514e-016
2 24 1 1  4.86158e-015 4.51005e-015 4.13739e-015 7.73456e-015 2.65102e-016
2 24 2 1  246.756 158.918 59.8644 14.0147 1.6107e-006
2 24 3 1  30.074 8.07202 1.52815 0.158473 9.53645e-008
2 24 4 1  8.42517e-015 5.56308e-015 3.63428e-015 1.94807e-015 1.35256e-016
2 25 1 1  4.86158e-015 4.5099e-015 4.12041e-015 7.2276e-015 2.24788e-016
2 25 2 1  246.756 158.918 59.8645 14.0148 6.57605e-007
2 25 3 1  30.074 8.07203 1.52816 0.158474 3.89351e-008
2 25 4 1  8.42416e-015 5.54312e-015 3.52356e-015 1.81005e-015 1.14687e-016
2 26 1 1  4.86159e-015 4.50983e-015 4.10872e-015 6.79499e-015 1.90604e-016
2 26 2 1  246.756 158.919 59.8646 14.0149 2.68483e-007
2 26 3 1  30.074 8.07204 1.52816 0.158475 1.58963e-008
2 26 4 1  8.42347e-015 5.5282e-015 3.43235e-015 1.68819e-015 9.72459e-017
2 27 1 1  4.8616e-015 4.5098e-015 4.10068e-015 6.42629e-015 1.61618e-016
2 27 2 1  246.756 158.919 59.8648 14.015 1.09615e-007
2 27 3 1  30.0741 8.07206 1.52817 0.158476 6.49013e-009
2 27 4 1  8.42302e-015 5.51705e-015 3.35738e-015 1.5809e-015 8.24574e-017
2 28 1 1  4.86161e-015 4.5098e-015 4.09516e-015 6.11236e-015 1.37041e-016
2 28 2 1  246.756 158.919 59.865 14.0151 4.47533e-008
2 28 3 1  30.0741 8.07206 1.52818 0.158477 2.64978e-009
2 28 4 1  8.42271e-015 5.50873e-015 3.29587e-015 1.48667e-015 6.99179e-017
2 29 1 1  4.86161e-015 4.50979e-015 4.09137e-015 5.84527e-015 1.16201e-016
2 29 2 1  246.756 158.919 59.8651 14.0151 1.82717e-008
2 29 3 1  30.0741 8.07206 1.52818 0.158478 1.08185e-009
2 29 4 1  8.4225e-015 5.50252e-015 3.2455e-015 1.40408e-015 5.92852e-017
2 30 1 1  4.86161e-015 4.5098e-015 4.08877e-015 5.61819e-015 9.85298e-017
2 30 2 1  246.756 158.919 59.8651 14.0152 7.45991e-009
2 30 3 1  30.0741 8.07207 1.52818 0.158479 4.41696e-010
2 30 4 1  8.42236e-015 5.4979e-015 3.20432e-015 1.33187e-015 5.02695e-017
2 31 1 1  4.86161e-015 4.5098e-015 4.08699e-015 5.42522e-015 8.35462e-017
2 31 2 1  246.756 158.919 59.8651 14.0152 3.04571e-009
2 31 3 1  30.0741 8.07207 1.52819 0.158479 1.80335e-010
2 31 4 1  8.42227e-015 5.49445e-015 3.17069e-015 1.26884e-015 4.26249e-017
2 32 1 1  4.86161e-015 4.50981e-015 4.08577e-015 5.26131e-015 7.08412e-017
2 32 2 1  246.756 158.919 59.8652 14.0152 1.24349e-009
2 32 3 1  30.0741 8.07207 1.52819 0.15848 7.36272e-011
2 32 4 1  8.42221e-015 5.49189e-015 3.14327e-015 1.21393e-015 3.61428e-017
2 33 1 1  4.86161e-015 4.50981e-015 4.08494e-015 5.12213e-015 6.00683e-017
2 33 2 1  246.756 158.919 59.8652 14.0152 5.07689e-010
2 33 3 1  30.0741 8.07207 1.52819 0.15848 3.00604e-011
2 33 4 1  8.42216e-015 5.48999e-015 3.12094e-015 1.16618e-015 3.06465e-017
2 34 1 1  4.86161e-015 4.50981e-015 4.08437e-015 5.00398e-015 5.09336e-017
2 34 2 1  246.756 158.919 59.8651 14.0152 2.07278e-010
2 34 3 1  30.0741 8.07207 1.52819 0.15848 1.22731e-011
2 34 4 1  8.42213e-015 5.48857e-015 3.10277e-015 1.12472e-015 2.5986e-017
2 35 1 1  4.86161e-015 4.50981e-015 4.08397e-015 4.9037e-015 4.31881e-017
2 35 2 1  246.755 158.919 59.8651 14.0152 8.46267e-011
2 35 3 1  30.0741 8.07207 1.52819 0.15848 5.01083e-012
2 35 4 1  8.42211e-015 5.48751e-015 3.088e-015 1.08877e-015 2.20342e-017
2 36 1 1  4.86161e-015 4.50981e-015 4.0837e-015 4.81862e-015 3.66204e-017
2 36 2 1  246.756 158.919 59.865 14.0152 3.45511e-011
2 36 3 1  30.0741 8.07207 1.52819 0.15848 2.04582e-012
2 36 4 1  8.42209e-015 5.48672e-015 3.07601e-015 1.05765e-015 1.86834e-017
2 37 1 1  4.86161e-015 4.50981e-015 4.08352e-015 4.74642e-015 3.10515e-017
2 37 2 1  246.756 158.919 59.865 14.0152 1.41064e-011
2 37 3 1  30.0741 8.07207 1.52819 0.15848 8.35266e-013
2 37 4 1  8.42209e-015 5.48614e-015 3.06628e-015 1.03074e-015 1.58422e-017
2 38 1 1  4.86162e-015 4.50982e-015 4.0834e-015 4.68518e-015 2.63294e-017
2 38 2 1  246.756 158.919 59.8651 14.0152 5.75934e-012
2 38 3 1  30.0741 8.07207 1.52819 0.15848 3.41022e-013
2 38 4 1  8.42208e-015 5.48572e-015 3.05839e-015 1.00749e-015 1.3433e-017
2 39 1 1  4.86162e-015 4.50982e-015 4.08331e-015 4.63323e-015 2.23255e-017
2 39 2 1  246.755 158.919 59.8651 14.0152 2.35141e-012
2 39 3 1  30.0741 8.07207 1.52819 0.158481 1.39232e-013
2 39 4 1  8.42208e-015 5.4854e-015 3.052e-015 9.87441e-016 1.13902e-017
2 40 1 1  4.86162e-015 4.50982e-015 4.08326e-015 4.58917e-015 1.89304e-017
2 40 2 1  246.756 158.919 59.8651 14.0152 9.60026e-013
2 40 3 1  30.0741 8.07208 1.52819 0.158481 5.68457e-014
2 40 4 1  8.42208e-015 5.48516e-015 3.04682e-015 9.70161e-016 9.65809e-018
2 41 1 1  4.86162e-015 4.50983e-015 4.08322e-015 4.55179e-015 1.60516e-017
2 41 2 1  246.756 158.919 59.8651 14.0152 3.91957e-013
2 41 3 1  30.0741 8.07208 1.52819 0.158481 2.32089e-014
2 41 4 1  8.42208e-015 5.48499e-015 3.04264e-015 9.55283e-016 8.18936e-018
2 42 1 1  4.86162e-015 4.50983e-015 4.08319e-015 4.5201e-015 1.36106e-017
2 42 2 1  246.756 158.919 59.8651 14.0152 1.60027e-013
2 42 3 1  30.0741 8.07208 1.52819 0.158481 9.47574e-015
2 42 4 1  8.42208e-015 5.48486e-015 3.03925e-015 9.42485e-016 6.94398e-018
full time series of predicted survey index
survey year spp area pred_survey
1 1 1 1 1.20104e+006
1 1 2 1 726253
1 1 3 1 225144
1 1 4 1 237968
1 2 1 1 1.15191e+006
1 2 2 1 326887
1 2 3 1 98751.4
1 2 4 1 214022
1 3 1 1 1.09513e+006
1 3 2 1 151938
1 3 3 1 43813
1 3 4 1 192395
1 4 1 1 1.02868e+006
1 4 2 1 76204.4
1 4 3 1 20025.7
1 4 4 1 172849
1 5 1 1 954398
1 5 2 1 43979
1 5 3 1 9781.6
1 5 4 1 155197
1 6 1 1 875630
1 6 2 1 30451.1
1 6 3 1 5395.94
1 6 4 1 139284
1 7 1 1 795886
1 7 2 1 24825.8
1 7 3 1 3529.43
1 7 4 1 124975
1 8 1 1 718094
1 8 2 1 22501.5
1 8 3 1 2739.4
1 8 4 1 112143
1 9 1 1 644394
1 9 2 1 21545.2
1 9 3 1 2406.7
1 9 4 1 100671
1 10 1 1 576147
1 10 2 1 21153
1 10 3 1 2267.22
1 10 4 1 90445.3
1 11 1 1 514073
1 11 2 1 20992.5
1 11 3 1 2208.98
1 11 4 1 81357
1 12 1 1 458405
1 12 2 1 20926.9
1 12 3 1 2184.75
1 12 4 1 73302.8
1 13 1 1 409035
1 13 2 1 20900.2
1 13 3 1 2174.7
1 13 4 1 66184.6
1 14 1 1 365638
1 14 2 1 20889.3
1 14 3 1 2170.55
1 14 4 1 59910
1 15 1 1 327760
1 15 2 1 20885
1 15 3 1 2168.85
1 15 4 1 54392.9
1 16 1 1 294885
1 16 2 1 20883.3
1 16 3 1 2168.15
1 16 4 1 49552.8
1 17 1 1 266481
1 17 2 1 20882.6
1 17 3 1 2167.87
1 17 4 1 45315.8
1 18 1 1 242029
1 18 2 1 20882.4
1 18 3 1 2167.76
1 18 4 1 41614.3
1 19 1 1 221041
1 19 2 1 20882.4
1 19 3 1 2167.72
1 19 4 1 38387
1 20 1 1 203068
1 20 2 1 20882.4
1 20 3 1 2167.71
1 20 4 1 35577.8
1 21 1 1 187707
1 21 2 1 20882.4
1 21 3 1 2167.71
1 21 4 1 33136.7
1 22 1 1 174597
1 22 2 1 20882.5
1 22 3 1 2167.71
1 22 4 1 31018.6
1 23 1 1 163423
1 23 2 1 20882.5
1 23 3 1 2167.71
1 23 4 1 29183.6
1 24 1 1 153909
1 24 2 1 20882.6
1 24 3 1 2167.72
1 24 4 1 27595.8
1 25 1 1 145814
1 25 2 1 20882.6
1 25 3 1 2167.72
1 25 4 1 26223.7
1 26 1 1 138931
1 26 2 1 20882.6
1 26 3 1 2167.73
1 26 4 1 25039.3
1 27 1 1 133082
1 27 2 1 20882.7
1 27 3 1 2167.74
1 27 4 1 24018.2
1 28 1 1 128114
1 28 2 1 20882.7
1 28 3 1 2167.74
1 28 4 1 23138.6
1 29 1 1 123895
1 29 2 1 20882.7
1 29 3 1 2167.74
1 29 4 1 22381.6
1 30 1 1 120313
1 30 2 1 20882.8
1 30 3 1 2167.74
1 30 4 1 21730.8
1 31 1 1 117274
1 31 2 1 20882.8
1 31 3 1 2167.74
1 31 4 1 21171.8
1 32 1 1 114694
1 32 2 1 20882.8
1 32 3 1 2167.75
1 32 4 1 20691.8
1 33 1 1 112506
1 33 2 1 20882.8
1 33 3 1 2167.75
1 33 4 1 20280.1
1 34 1 1 110649
1 34 2 1 20882.8
1 34 3 1 2167.75
1 34 4 1 19927.2
1 35 1 1 109074
1 35 2 1 20882.7
1 35 3 1 2167.74
1 35 4 1 19624.9
1 36 1 1 107739
1 36 2 1 20882.7
1 36 3 1 2167.74
1 36 4 1 19366
1 37 1 1 106606
1 37 2 1 20882.8
1 37 3 1 2167.75
1 37 4 1 19144.5
1 38 1 1 105645
1 38 2 1 20882.8
1 38 3 1 2167.75
1 38 4 1 18955.1
1 39 1 1 104830
1 39 2 1 20882.8
1 39 3 1 2167.75
1 39 4 1 18793.2
1 40 1 1 104139
1 40 2 1 20882.8
1 40 3 1 2167.75
1 40 4 1 18654.8
1 41 1 1 103553
1 41 2 1 20882.8
1 41 3 1 2167.75
1 41 4 1 18536.7
1 42 1 1 103056
1 42 2 1 20882.8
1 42 3 1 2167.75
1 42 4 1 18435.8
2 1 1 1 1.20104e+006
2 1 2 1 726253
2 1 3 1 225144
2 1 4 1 237968
2 2 1 1 1.15191e+006
2 2 2 1 326887
2 2 3 1 98751.4
2 2 4 1 214022
2 3 1 1 1.09513e+006
2 3 2 1 151938
2 3 3 1 43813
2 3 4 1 192395
2 4 1 1 1.02868e+006
2 4 2 1 76204.4
2 4 3 1 20025.7
2 4 4 1 172849
2 5 1 1 954398
2 5 2 1 43979
2 5 3 1 9781.6
2 5 4 1 155197
2 6 1 1 875630
2 6 2 1 30451.1
2 6 3 1 5395.94
2 6 4 1 139284
2 7 1 1 795886
2 7 2 1 24825.8
2 7 3 1 3529.43
2 7 4 1 124975
2 8 1 1 718094
2 8 2 1 22501.5
2 8 3 1 2739.4
2 8 4 1 112143
2 9 1 1 644394
2 9 2 1 21545.2
2 9 3 1 2406.7
2 9 4 1 100671
2 10 1 1 576147
2 10 2 1 21153
2 10 3 1 2267.22
2 10 4 1 90445.3
2 11 1 1 514073
2 11 2 1 20992.5
2 11 3 1 2208.98
2 11 4 1 81357
2 12 1 1 458405
2 12 2 1 20926.9
2 12 3 1 2184.75
2 12 4 1 73302.8
2 13 1 1 409035
2 13 2 1 20900.2
2 13 3 1 2174.7
2 13 4 1 66184.6
2 14 1 1 365638
2 14 2 1 20889.3
2 14 3 1 2170.55
2 14 4 1 59910
2 15 1 1 327760
2 15 2 1 20885
2 15 3 1 2168.85
2 15 4 1 54392.9
2 16 1 1 294885
2 16 2 1 20883.3
2 16 3 1 2168.15
2 16 4 1 49552.8
2 17 1 1 266481
2 17 2 1 20882.6
2 17 3 1 2167.87
2 17 4 1 45315.8
2 18 1 1 242029
2 18 2 1 20882.4
2 18 3 1 2167.76
2 18 4 1 41614.3
2 19 1 1 221041
2 19 2 1 20882.4
2 19 3 1 2167.72
2 19 4 1 38387
2 20 1 1 203068
2 20 2 1 20882.4
2 20 3 1 2167.71
2 20 4 1 35577.8
2 21 1 1 187707
2 21 2 1 20882.4
2 21 3 1 2167.71
2 21 4 1 33136.7
2 22 1 1 174597
2 22 2 1 20882.5
2 22 3 1 2167.71
2 22 4 1 31018.6
2 23 1 1 163423
2 23 2 1 20882.5
2 23 3 1 2167.71
2 23 4 1 29183.6
2 24 1 1 153909
2 24 2 1 20882.6
2 24 3 1 2167.72
2 24 4 1 27595.8
2 25 1 1 145814
2 25 2 1 20882.6
2 25 3 1 2167.72
2 25 4 1 26223.7
2 26 1 1 138931
2 26 2 1 20882.6
2 26 3 1 2167.73
2 26 4 1 25039.3
2 27 1 1 133082
2 27 2 1 20882.7
2 27 3 1 2167.74
2 27 4 1 24018.2
2 28 1 1 128114
2 28 2 1 20882.7
2 28 3 1 2167.74
2 28 4 1 23138.6
2 29 1 1 123895
2 29 2 1 20882.7
2 29 3 1 2167.74
2 29 4 1 22381.6
2 30 1 1 120313
2 30 2 1 20882.8
2 30 3 1 2167.74
2 30 4 1 21730.8
2 31 1 1 117274
2 31 2 1 20882.8
2 31 3 1 2167.74
2 31 4 1 21171.8
2 32 1 1 114694
2 32 2 1 20882.8
2 32 3 1 2167.75
2 32 4 1 20691.8
2 33 1 1 112506
2 33 2 1 20882.8
2 33 3 1 2167.75
2 33 4 1 20280.1
2 34 1 1 110649
2 34 2 1 20882.8
2 34 3 1 2167.75
2 34 4 1 19927.2
2 35 1 1 109074
2 35 2 1 20882.7
2 35 3 1 2167.74
2 35 4 1 19624.9
2 36 1 1 107739
2 36 2 1 20882.7
2 36 3 1 2167.74
2 36 4 1 19366
2 37 1 1 106606
2 37 2 1 20882.8
2 37 3 1 2167.75
2 37 4 1 19144.5
2 38 1 1 105645
2 38 2 1 20882.8
2 38 3 1 2167.75
2 38 4 1 18955.1
2 39 1 1 104830
2 39 2 1 20882.8
2 39 3 1 2167.75
2 39 4 1 18793.2
2 40 1 1 104139
2 40 2 1 20882.8
2 40 3 1 2167.75
2 40 4 1 18654.8
2 41 1 1 103553
2 41 2 1 20882.8
2 41 3 1 2167.75
2 41 4 1 18536.7
2 42 1 1 103056
2 42 2 1 20882.8
2 42 3 1 2167.75
2 42 4 1 18435.8
full time series of predicted catch
fleet year spp area pred_catch
1 1 1 1 74914.3
1 1 4 1 15852.3
1 2 1 1 71944.5
1 2 4 1 14260
1 3 1 1 69003.1
1 3 4 1 12826.2
1 4 1 1 65603
1 4 4 1 11531.2
1 5 1 1 61624.5
1 5 4 1 10360.8
1 6 1 1 57176.2
1 6 4 1 9303.82
1 7 1 1 52459.6
1 7 4 1 8350.98
1 8 1 1 47684.4
1 8 4 1 7494.14
1 9 1 1 43026.2
1 9 4 1 6725.78
1 10 1 1 38613
1 10 4 1 6038.85
1 11 1 1 34526.2
1 11 4 1 5426.52
1 12 1 1 30809.1
1 12 4 1 4882.31
1 13 1 1 27475.6
1 13 4 1 4400.01
1 14 1 1 24519.2
1 14 4 1 3973.76
1 15 1 1 21920.5
1 15 4 1 3598.04
1 16 1 1 19652.3
1 16 4 1 3267.66
1 17 1 1 17683.7
1 17 4 1 2977.83
1 18 1 1 15982.8
1 18 4 1 2724.11
1 19 1 1 14518.5
1 19 4 1 2502.46
1 20 1 1 13261.7
1 20 4 1 2309.2
1 21 1 1 12185.4
1 21 4 1 2140.98
1 22 1 1 11265.5
1 22 4 1 1994.8
1 23 1 1 10480.5
1 23 4 1 1867.96
1 24 1 1 9811.37
1 24 4 1 1758.08
1 25 1 1 9241.62
1 25 4 1 1663
1 26 1 1 8756.87
1 26 4 1 1580.83
1 27 1 1 8344.71
1 27 4 1 1509.91
1 28 1 1 7994.46
1 28 4 1 1448.76
1 29 1 1 7696.94
1 29 4 1 1396.09
1 30 1 1 7444.3
1 30 4 1 1350.76
1 31 1 1 7229.83
1 31 4 1 1311.79
1 32 1 1 7047.81
1 32 4 1 1278.31
1 33 1 1 6893.35
1 33 4 1 1249.57
1 34 1 1 6762.3
1 34 4 1 1224.92
1 35 1 1 6651.13
1 35 4 1 1203.78
1 36 1 1 6556.82
1 36 4 1 1185.68
1 37 1 1 6476.83
1 37 4 1 1170.18
1 38 1 1 6408.99
1 38 4 1 1156.92
1 39 1 1 6351.45
1 39 4 1 1145.57
1 40 1 1 6302.66
1 40 4 1 1135.88
1 41 1 1 6261.28
1 41 4 1 1127.59
1 42 1 1 6226.19
1 42 4 1 1120.52
2 1 2 1 863952
2 1 3 1 271171
2 2 2 1 382237
2 2 3 1 118480
2 3 2 1 172337
2 3 3 1 52045.1
2 4 2 1 80382.9
2 4 3 1 23167.9
2 5 2 1 40576.5
2 5 3 1 10664.6
2 6 2 1 23638
2 6 3 1 5279.93
2 7 2 1 16527.4
2 7 3 1 2974.7
2 8 2 1 13570.6
2 8 3 1 1993.59
2 9 2 1 12349
2 9 3 1 1578.34
2 10 2 1 11846.4
2 10 3 1 1403.46
2 11 2 1 11640.3
2 11 3 1 1330.15
2 12 2 1 11555.9
2 12 3 1 1299.54
2 13 2 1 11521.5
2 13 3 1 1286.81
2 14 2 1 11507.4
2 14 3 1 1281.53
2 15 2 1 11501.8
2 15 3 1 1279.35
2 16 2 1 11499.5
2 16 3 1 1278.45
2 17 2 1 11498.6
2 17 3 1 1278.09
2 18 2 1 11498.3
2 18 3 1 1277.94
2 19 2 1 11498.2
2 19 3 1 1277.89
2 20 2 1 11498.2
2 20 3 1 1277.87
2 21 2 1 11498.2
2 21 3 1 1277.86
2 22 2 1 11498.2
2 22 3 1 1277.86
2 23 2 1 11498.2
2 23 3 1 1277.87
2 24 2 1 11498.3
2 24 3 1 1277.87
2 25 2 1 11498.3
2 25 3 1 1277.87
2 26 2 1 11498.3
2 26 3 1 1277.87
2 27 2 1 11498.4
2 27 3 1 1277.88
2 28 2 1 11498.4
2 28 3 1 1277.88
2 29 2 1 11498.4
2 29 3 1 1277.88
2 30 2 1 11498.4
2 30 3 1 1277.89
2 31 2 1 11498.4
2 31 3 1 1277.89
2 32 2 1 11498.4
2 32 3 1 1277.89
2 33 2 1 11498.4
2 33 3 1 1277.89
2 34 2 1 11498.4
2 34 3 1 1277.89
2 35 2 1 11498.4
2 35 3 1 1277.89
2 36 2 1 11498.4
2 36 3 1 1277.89
2 37 2 1 11498.4
2 37 3 1 1277.89
2 38 2 1 11498.4
2 38 3 1 1277.89
2 39 2 1 11498.4
2 39 3 1 1277.89
2 40 2 1 11498.4
2 40 3 1 1277.89
2 41 2 1 11498.4
2 41 3 1 1277.89
2 42 2 1 11498.4
2 42 3 1 1277.89
full time series of survey length comp
survey year spp area catch-at-size
1 1 1 2  33.3488 66.9451 47.7377 49.7329 13.6183
1 1 2 2  0 751.739 690.414 714.731 1111.88
1 1 3 2  38.5085 95.3582 96.2409 84.8036 65.7861
1 1 4 2  29.882 36.8754 27.9838 17.1018 6.94978
1 2 1 2  16.4161 52.7216 51.771 49.8891 11.547
1 2 2 2  0 362.115 392.885 387.326 453.836
1 2 3 2  18.8224 43.0729 45.1694 40.5217 26.8552
1 2 4 2  22.7811 32.9666 26.4843 15.718 5.8926
1 3 1 2  8.91129 37.8537 50.4984 50.6743 9.79085
1 3 2 2  0 310.26 205.551 212.517 185.255
1 3 3 2  14.3149 24.3769 20.9922 19.3129 10.9631
1 3 4 2  17.9627 28.8731 24.8571 14.4796 4.99628
1 4 1 2  5.58499 26.4365 45.4017 51.1345 8.30178
1 4 2 2  0 303.365 140.778 115.221 75.6226
1 4 3 2  13.2829 18.1824 10.295 9.17184 4.47548
1 4 4 2  14.693 25.0289 23.1071 13.3589 4.23631
1 5 1 2  4.11072 18.6551 38.6616 50.7006 7.03919
1 5 2 2  0 302.452 121.417 66.5348 30.8706
1 5 3 2  13.0466 16.2194 5.81886 4.37584 1.82706
1 5 4 2  12.4742 21.6314 21.2851 12.3327 3.59196
1 6 1 2  3.45727 13.6721 31.8264 49.2425 5.96863
1 6 2 2  0 302.332 115.945 43.9787 12.602
1 6 3 2  12.9925 15.6149 4.02356 2.14335 0.745876
1 6 4 2  10.9686 18.7418 19.4532 11.3832 3.04561
1 7 1 2  3.16767 10.5989 25.7212 46.9008 5.0609
1 7 2 2  0 302.317 114.438 34.0136 5.14447
1 7 3 2  12.9801 15.4324 3.32614 1.12186 0.304499
1 7 4 2  9.94695 16.3492 17.6683 10.4985 2.58238
1 8 1 2  3.03931 8.74941 20.6592 43.9278 4.29122
1 8 2 2  0 302.316 114.028 29.737 2.10013
1 8 3 2  12.9773 15.3781 3.06168 0.662063 0.12431
1 8 4 2  9.25367 14.4059 15.9747 9.67072 2.18961
1 9 1 2  2.98245 7.65497 16.6608 40.5884 3.63861
1 9 2 2  0 302.316 113.918 27.9348 0.857351
1 9 3 2  12.9766 15.3622 2.96328 0.458141 0.0507498
1 9 4 2  8.78326 12.8508 14.403 8.89519 1.85659
1 10 1 2  2.95728 7.01511 13.6065 37.1104 3.08525
1 10 2 2  0 302.317 113.89 27.1844 0.35001
1 10 3 2  12.9765 15.3576 2.92722 0.368862 0.020719
1 10 4 2  8.4641 11.6207 12.9713 8.16929 1.57422
1 11 1 2  2.94614 6.64425 11.3292 33.6674 2.61605
1 11 2 2  0 302.317 113.883 26.8744 0.142892
1 11 3 2  12.9765 15.3563 2.91417 0.330203 0.00845871
1 11 4 2  8.24752 10.6565 11.6871 7.49149 1.3348
1 12 1 2  2.94122 6.43072 9.66126 30.3797 2.21821
1 12 2 2  0 302.317 113.882 26.747 0.058336
1 12 3 2  12.9765 15.3559 2.9095 0.313623 0.00345337
1 12 4 2  8.10058 9.9065 10.5502 6.8609 1.1318
1 13 1 2  2.93904 6.30837 8.45617 27.3222 1.88087
1 13 2 2  0 302.317 113.881 26.695 0.0238159
1 13 3 2  12.9765 15.3558 2.90784 0.306568 0.00140989
1 13 4 2  8.00087 9.32663 9.55488 6.27673 0.959672
1 14 1 2  2.93809 6.23855 7.59459 24.5348 1.59484
1 14 2 2  0 302.318 113.882 26.6739 0.00972306
1 14 3 2  12.9765 15.3558 2.90728 0.303589 0.000575608
1 14 4 2  7.93323 8.88072 8.69177 5.7381 0.813724
1 15 1 2  2.93768 6.19885 6.98361 22.0321 1.3523
1 15 2 2  0 302.318 113.883 26.6656 0.00396956
1 15 3 2  12.9765 15.3559 2.90711 0.302341 0.000235003
1 15 4 2  7.88735 8.53937 7.94948 5.24384 0.689973
1 16 1 2  2.93751 6.17632 6.55313 19.8111 1.14665
1 16 2 2  0 302.318 113.883 26.6624 0.00162063
1 16 3 2  12.9765 15.3559 2.90706 0.301823 9.59447e-005
1 16 4 2  7.85622 8.27904 7.3156 4.79243 0.585042
1 17 1 2  2.93743 6.16355 6.25135 17.8583 0.972274
1 17 2 2  0 302.318 113.883 26.6612 0.000661645
1 17 3 2  12.9765 15.3559 2.90705 0.301608 3.91713e-005
1 17 4 2  7.8351 8.08113 6.77764 4.38209 0.49607
1 18 1 2  2.9374 6.15634 6.04067 16.1537 0.824417
1 18 2 2  0 302.318 113.883 26.6607 0.000270127
1 18 3 2  12.9765 15.3559 2.90705 0.301521 1.59925e-005
1 18 4 2  7.82077 7.93112 6.32359 4.01073 0.420628
1 19 1 2  2.9374 6.1523 5.8941 14.6742 0.699045
1 19 2 2  0 302.318 113.884 26.6608 0.000110285
1 19 3 2  12.9765 15.356 2.90708 0.301488 6.52933e-006
1 19 4 2  7.81107 7.81774 5.94223 3.6761 0.356661
1 20 1 2  2.9374 6.15004 5.79238 13.396 0.592739
1 20 2 2  0 302.318 113.884 26.661 4.50259e-005
1 20 3 2  12.9765 15.356 2.9071 0.301477 2.66576e-006
1 20 4 2  7.80449 7.73221 5.62324 3.37575 0.302421
1 21 1 2  2.93741 6.14877 5.72195 12.2958 0.502599
1 21 2 2  0 302.318 113.885 26.6611 1.83827e-005
1 21 3 2  12.9765 15.356 2.90711 0.301474 1.08836e-006
1 21 4 2  7.80003 7.66782 5.35744 3.1072 0.25643
1 22 1 2  2.93741 6.14806 5.67327 11.3515 0.426168
1 22 2 2  0 302.318 113.884 26.6612 7.50514e-006
1 22 3 2  12.9765 15.356 2.90711 0.301473 4.44351e-007
1 22 4 2  7.797 7.61942 5.13669 2.86792 0.217433
1 23 1 2  2.93742 6.14767 5.63967 10.5429 0.361359
1 23 2 2  0 302.318 113.885 26.6614 3.06415e-006
1 23 3 2  12.9765 15.356 2.90713 0.301475 1.81418e-007
1 23 4 2  7.79496 7.58311 4.95392 2.65542 0.184367
1 24 1 2  2.93743 6.14747 5.61652 9.85191 0.306407
1 24 2 2  0 302.318 113.885 26.6615 1.25101e-006
1 24 3 2  12.9765 15.356 2.90714 0.301477 7.40687e-008
1 24 4 2  7.79358 7.55591 4.80299 2.46728 0.15633
1 25 1 2  2.93743 6.14736 5.60058 9.26222 0.259811
1 25 2 2  0 302.318 113.885 26.6616 5.10754e-007
1 25 3 2  12.9765 15.356 2.90714 0.301478 3.02405e-008
1 25 4 2  7.79264 7.53555 4.67866 2.30118 0.132556
1 26 1 2  2.93744 6.14732 5.58962 8.75964 0.220301
1 26 2 2  0 302.318 113.885 26.6617 2.08528e-007
1 26 3 2  12.9765 15.356 2.90715 0.30148 1.23465e-008
1 26 4 2  7.79201 7.52034 4.57646 2.15494 0.112398
1 27 1 2  2.93744 6.14731 5.5821 8.33171 0.186799
1 27 2 2  0 302.319 113.886 26.6619 8.51371e-008
1 27 3 2  12.9765 15.3561 2.90717 0.301483 5.04083e-009
1 27 4 2  7.7916 7.50901 4.49262 2.02648 0.0953051
1 28 1 2  2.93745 6.14731 5.57693 7.96765 0.158392
1 28 2 2  0 302.319 113.886 26.662 3.47595e-008
1 28 3 2  12.9765 15.3561 2.90717 0.301484 2.05806e-009
1 28 4 2  7.79131 7.50054 4.42396 1.91391 0.0808117
1 29 1 2  2.93745 6.1473 5.57339 7.65812 0.134305
1 29 2 2  0 302.318 113.886 26.6621 1.41914e-008
1 29 3 2  12.9765 15.3561 2.90717 0.301485 8.40263e-010
1 29 4 2  7.79112 7.49423 4.36782 1.81547 0.0685224
1 30 1 2  2.93745 6.14731 5.57096 7.39509 0.113881
1 30 2 2  0 302.319 113.886 26.6621 5.79404e-009
1 30 3 2  12.9765 15.3561 2.90718 0.301486 3.43062e-010
1 30 4 2  7.79099 7.48954 4.32198 1.72956 0.058102
1 31 1 2  2.93745 6.14732 5.5693 7.17166 0.0965632
1 31 2 2  0 302.318 113.886 26.6622 2.36557e-009
1 31 3 2  12.9765 15.3561 2.90718 0.301487 1.40065e-010
1 31 4 2  7.7909 7.48604 4.28461 1.65471 0.0492663
1 32 1 2  2.93745 6.14732 5.56816 6.98194 0.0818787
1 32 2 2  0 302.318 113.886 26.6622 9.65809e-010
1 32 3 2  12.9765 15.3561 2.90718 0.301488 5.71856e-011
1 32 4 2  7.79085 7.48344 4.25417 1.58962 0.0417742
1 33 1 2  2.93745 6.14733 5.56738 6.82089 0.0694272
1 33 2 2  0 302.318 113.886 26.6622 3.94317e-010
1 33 3 2  12.9765 15.3561 2.90718 0.301488 2.33477e-011
1 33 4 2  7.79081 7.48151 4.2294 1.53311 0.0354215
1 34 1 2  2.93745 6.14733 5.56685 6.68421 0.0588693
1 34 2 2  0 302.318 113.886 26.6622 1.60991e-010
1 34 3 2  12.9765 15.3561 2.90718 0.301488 9.53238e-012
1 34 4 2  7.79078 7.48007 4.20927 1.48411 0.0300349
1 35 1 2  2.93745 6.14732 5.56648 6.56822 0.049917
1 35 2 2  0 302.318 113.886 26.6621 6.57287e-011
1 35 3 2  12.9765 15.3561 2.90718 0.301488 3.89187e-012
1 35 4 2  7.79075 7.47899 4.19292 1.44168 0.0254674
1 36 1 2  2.93745 6.14732 5.56623 6.46982 0.042326
1 36 2 2  0 302.318 113.886 26.6621 2.68355e-011
1 36 3 2  12.9765 15.3561 2.90718 0.301488 1.58897e-012
1 36 4 2  7.79074 7.4782 4.17966 1.405 0.0215945
1 37 1 2  2.93745 6.14733 5.56606 6.38634 0.0358894
1 37 2 2  0 302.318 113.886 26.6621 1.09563e-011
1 37 3 2  12.9765 15.3561 2.90718 0.301488 6.48744e-013
1 37 4 2  7.79074 7.47762 4.1689 1.37332 0.0183106
1 38 1 2  2.93746 6.14734 5.56594 6.31552 0.0304317
1 38 2 2  0 302.318 113.886 26.6622 4.47322e-012
1 38 3 2  12.9765 15.3561 2.90719 0.301489 2.64869e-013
1 38 4 2  7.79073 7.47719 4.16019 1.34598 0.015526
1 39 1 2  2.93745 6.14733 5.56587 6.25546 0.0258039
1 39 2 2  0 302.318 113.886 26.6622 1.82631e-012
1 39 3 2  12.9765 15.3561 2.90719 0.301489 1.0814e-013
1 39 4 2  7.79073 7.47686 4.15314 1.32243 0.0131649
1 40 1 2  2.93746 6.14734 5.56581 6.20452 0.0218799
1 40 2 2  0 302.318 113.886 26.6622 7.45643e-013
1 40 3 2  12.9765 15.3561 2.90719 0.301489 4.41515e-014
1 40 4 2  7.79073 7.47663 4.14743 1.30215 0.0111629
1 41 1 2  2.93746 6.14734 5.56578 6.16132 0.0185526
1 41 2 2  0 302.318 113.886 26.6622 3.04429e-013
1 41 3 2  12.9765 15.3561 2.90719 0.301489 1.80262e-014
1 41 4 2  7.79073 7.47645 4.14281 1.2847 0.00946534
1 42 1 2  2.93746 6.14734 5.56576 6.12468 0.0157312
1 42 2 2  0 302.318 113.886 26.6622 1.24292e-013
1 42 3 2  12.9765 15.3561 2.90719 0.301489 7.35972e-015
1 42 4 2  7.79073 7.47633 4.13908 1.26971 0.00802593
2 1 1 2  33.3487 66.945 47.7376 49.7328 13.6183
2 1 2 2  0 751.738 690.414 714.731 1111.88
2 1 3 2  38.5085 95.3583 96.2409 84.8036 65.7862
2 1 4 2  29.882 36.8754 27.9838 17.1017 6.94977
2 2 1 2  16.4161 52.7215 51.7709 49.889 11.547
2 2 2 2  0 362.114 392.885 387.326 453.836
2 2 3 2  18.8224 43.0729 45.1695 40.5218 26.8552
2 2 4 2  22.7811 32.9665 26.4842 15.7179 5.89259
2 3 1 2  8.91127 37.8536 50.4983 50.6742 9.79083
2 3 2 2  0 310.26 205.551 212.517 185.254
2 3 3 2  14.3149 24.377 20.9922 19.3129 10.9631
2 3 4 2  17.9626 28.873 24.8571 14.4796 4.99627
2 4 1 2  5.58498 26.4365 45.4016 51.1343 8.30176
2 4 2 2  0 303.365 140.778 115.221 75.6225
2 4 3 2  13.2829 18.1824 10.295 9.17184 4.47548
2 4 4 2  14.6929 25.0288 23.107 13.3589 4.2363
2 5 1 2  4.11071 18.6551 38.6615 50.7004 7.03918
2 5 2 2  0 302.452 121.417 66.5348 30.8706
2 5 3 2  13.0466 16.2194 5.81887 4.37585 1.82706
2 5 4 2  12.4742 21.6313 21.2851 12.3326 3.59195
2 6 1 2  3.45726 13.6721 31.8263 49.2423 5.96862
2 6 2 2  0 302.332 115.945 43.9787 12.602
2 6 3 2  12.9925 15.6149 4.02356 2.14335 0.745877
2 6 4 2  10.9686 18.7418 19.4532 11.3832 3.04561
2 7 1 2  3.16766 10.5989 25.7211 46.9006 5.06089
2 7 2 2  0 302.317 114.438 34.0135 5.14447
2 7 3 2  12.9801 15.4324 3.32614 1.12186 0.304499
2 7 4 2  9.94693 16.3491 17.6683 10.4985 2.58238
2 8 1 2  3.03931 8.74939 20.6592 43.9277 4.29121
2 8 2 2  0 302.315 114.028 29.7369 2.10012
2 8 3 2  12.9773 15.3781 3.06168 0.662063 0.12431
2 8 4 2  9.25365 14.4058 15.9746 9.6707 2.18961
2 9 1 2  2.98245 7.65495 16.6607 40.5883 3.6386
2 9 2 2  0 302.316 113.918 27.9348 0.85735
2 9 3 2  12.9766 15.3622 2.96328 0.458142 0.0507498
2 9 4 2  8.78325 12.8508 14.403 8.89518 1.85658
2 10 1 2  2.95728 7.0151 13.6065 37.1103 3.08524
2 10 2 2  0 302.317 113.89 27.1844 0.35001
2 10 3 2  12.9765 15.3576 2.92722 0.368862 0.020719
2 10 4 2  8.46408 11.6207 12.9713 8.16927 1.57422
2 11 1 2  2.94613 6.64423 11.3291 33.6673 2.61605
2 11 2 2  0 302.317 113.883 26.8743 0.142891
2 11 3 2  12.9765 15.3563 2.91417 0.330203 0.00845872
2 11 4 2  8.24751 10.6565 11.6871 7.49147 1.3348
2 12 1 2  2.94121 6.43071 9.66123 30.3796 2.2182
2 12 2 2  0 302.317 113.881 26.747 0.0583359
2 12 3 2  12.9765 15.3559 2.9095 0.313623 0.00345338
2 12 4 2  8.10057 9.90648 10.5502 6.86089 1.1318
2 13 1 2  2.93903 6.30835 8.45615 27.3221 1.88087
2 13 2 2  0 302.317 113.881 26.6949 0.0238159
2 13 3 2  12.9765 15.3558 2.90785 0.306569 0.00140989
2 13 4 2  8.00086 9.32661 9.55487 6.27672 0.95967
2 14 1 2  2.93808 6.23853 7.59457 24.5348 1.59483
2 14 2 2  0 302.317 113.882 26.6739 0.00972305
2 14 3 2  12.9765 15.3559 2.90728 0.30359 0.000575609
2 14 4 2  7.93321 8.8807 8.69176 5.73809 0.813722
2 15 1 2  2.93767 6.19883 6.9836 22.032 1.3523
2 15 2 2  0 302.318 113.883 26.6656 0.00396956
2 15 3 2  12.9765 15.3559 2.90711 0.302342 0.000235003
2 15 4 2  7.88733 8.53936 7.94946 5.24383 0.689971
2 16 1 2  2.9375 6.17631 6.55311 19.8111 1.14665
2 16 2 2  0 302.318 113.883 26.6624 0.00162063
2 16 3 2  12.9765 15.3559 2.90706 0.301823 9.59447e-005
2 16 4 2  7.85621 8.27902 7.31558 4.79243 0.585041
2 17 1 2  2.93742 6.16354 6.25134 17.8583 0.972272
2 17 2 2  0 302.317 113.883 26.6611 0.000661644
2 17 3 2  12.9765 15.3559 2.90705 0.301608 3.91714e-005
2 17 4 2  7.83508 8.08111 6.77763 4.38208 0.496069
2 18 1 2  2.93739 6.15633 6.04066 16.1536 0.824415
2 18 2 2  0 302.317 113.883 26.6607 0.000270127
2 18 3 2  12.9765 15.3559 2.90706 0.301521 1.59925e-005
2 18 4 2  7.82075 7.9311 6.32358 4.01072 0.420627
2 19 1 2  2.93739 6.15229 5.89408 14.6742 0.699043
2 19 2 2  0 302.318 113.884 26.6608 0.000110284
2 19 3 2  12.9765 15.356 2.90708 0.301488 6.52934e-006
2 19 4 2  7.81106 7.81773 5.94222 3.67609 0.35666
2 20 1 2  2.9374 6.15002 5.79237 13.396 0.592738
2 20 2 2  0 302.318 113.884 26.6609 4.50258e-005
2 20 3 2  12.9765 15.356 2.9071 0.301477 2.66576e-006
2 20 4 2  7.80448 7.7322 5.62323 3.37575 0.30242
2 21 1 2  2.9374 6.14875 5.72194 12.2958 0.502598
2 21 2 2  0 302.318 113.884 26.6611 1.83827e-005
2 21 3 2  12.9765 15.356 2.90711 0.301474 1.08836e-006
2 21 4 2  7.80002 7.66781 5.35743 3.1072 0.25643
2 22 1 2  2.9374 6.14804 5.67326 11.3515 0.426167
2 22 2 2  0 302.318 113.884 26.6612 7.50513e-006
2 22 3 2  12.9765 15.356 2.90712 0.301473 4.44351e-007
2 22 4 2  7.79699 7.6194 5.13668 2.86791 0.217433
2 23 1 2  2.93741 6.14766 5.63966 10.5429 0.361358
2 23 2 2  0 302.318 113.885 26.6613 3.06414e-006
2 23 3 2  12.9765 15.356 2.90713 0.301475 1.81418e-007
2 23 4 2  7.79494 7.5831 4.95391 2.65541 0.184367
2 24 1 2  2.93742 6.14746 5.61651 9.85188 0.306406
2 24 2 2  0 302.318 113.885 26.6615 1.25101e-006
2 24 3 2  12.9765 15.356 2.90714 0.301477 7.40688e-008
2 24 4 2  7.79356 7.55589 4.80298 2.46728 0.156329
2 25 1 2  2.93742 6.14735 5.60057 9.2622 0.25981
2 25 2 2  0 302.318 113.885 26.6615 5.10753e-007
2 25 3 2  12.9765 15.356 2.90714 0.301478 3.02406e-008
2 25 4 2  7.79262 7.53553 4.67865 2.30118 0.132556
2 26 1 2  2.93743 6.1473 5.58961 8.75962 0.2203
2 26 2 2  0 302.318 113.885 26.6617 2.08528e-007
2 26 3 2  12.9765 15.3561 2.90716 0.30148 1.23466e-008
2 26 4 2  7.792 7.52033 4.57645 2.15493 0.112398
2 27 1 2  2.93744 6.14729 5.58209 8.3317 0.186799
2 27 2 2  0 302.318 113.886 26.6619 8.5137e-008
2 27 3 2  12.9765 15.3561 2.90717 0.301483 5.04084e-009
2 27 4 2  7.79158 7.50899 4.49261 2.02648 0.0953049
2 28 1 2  2.93744 6.14729 5.57692 7.96763 0.158392
2 28 2 2  0 302.318 113.886 26.662 3.47594e-008
2 28 3 2  12.9765 15.3561 2.90718 0.301485 2.05807e-009
2 28 4 2  7.7913 7.50053 4.42395 1.91391 0.0808116
2 29 1 2  2.93744 6.14729 5.57338 7.6581 0.134305
2 29 2 2  0 302.318 113.886 26.662 1.41914e-008
2 29 3 2  12.9765 15.3561 2.90718 0.301485 8.40264e-010
2 29 4 2  7.7911 7.49421 4.36781 1.81547 0.0685223
2 30 1 2  2.93744 6.1473 5.57095 7.39507 0.113881
2 30 2 2  0 302.318 113.886 26.6621 5.79403e-009
2 30 3 2  12.9765 15.3561 2.90718 0.301487 3.43062e-010
2 30 4 2  7.79097 7.48952 4.32197 1.72955 0.0581019
2 31 1 2  2.93745 6.1473 5.56929 7.17164 0.0965629
2 31 2 2  0 302.318 113.886 26.6621 2.36557e-009
2 31 3 2  12.9765 15.3561 2.90718 0.301487 1.40065e-010
2 31 4 2  7.79089 7.48603 4.2846 1.65471 0.0492662
2 32 1 2  2.93745 6.14731 5.56815 6.98193 0.0818785
2 32 2 2  0 302.318 113.886 26.6622 9.65808e-010
2 32 3 2  12.9765 15.3561 2.90719 0.301488 5.71857e-011
2 32 4 2  7.79083 7.48343 4.25416 1.58962 0.0417741
2 33 1 2  2.93745 6.14731 5.56737 6.82088 0.0694271
2 33 2 2  0 302.318 113.886 26.6622 3.94317e-010
2 33 3 2  12.9765 15.3561 2.90719 0.301488 2.33477e-011
2 33 4 2  7.79079 7.48149 4.22939 1.5331 0.0354214
2 34 1 2  2.93745 6.14731 5.56683 6.68419 0.0588692
2 34 2 2  0 302.318 113.886 26.6621 1.6099e-010
2 34 3 2  12.9765 15.3561 2.90718 0.301488 9.53239e-012
2 34 4 2  7.79076 7.48005 4.20926 1.4841 0.0300348
2 35 1 2  2.93744 6.14731 5.56646 6.56821 0.0499169
2 35 2 2  0 302.318 113.885 26.6621 6.57286e-011
2 35 3 2  12.9765 15.3561 2.90718 0.301488 3.89187e-012
2 35 4 2  7.79074 7.47898 4.19291 1.44168 0.0254673
2 36 1 2  2.93745 6.14731 5.56621 6.4698 0.0423259
2 36 2 2  0 302.318 113.885 26.6621 2.68355e-011
2 36 3 2  12.9765 15.3561 2.90718 0.301488 1.58897e-012
2 36 4 2  7.79073 7.47819 4.17965 1.405 0.0215944
2 37 1 2  2.93745 6.14732 5.56604 6.38632 0.0358894
2 37 2 2  0 302.318 113.886 26.6621 1.09563e-011
2 37 3 2  12.9765 15.3561 2.90719 0.301488 6.48744e-013
2 37 4 2  7.79072 7.4776 4.1689 1.37331 0.0183105
2 38 1 2  2.93745 6.14732 5.56593 6.31551 0.0304316
2 38 2 2  0 302.318 113.886 26.6621 4.47322e-012
2 38 3 2  12.9765 15.3561 2.90719 0.301489 2.64869e-013
2 38 4 2  7.79072 7.47717 4.16018 1.34598 0.015526
2 39 1 2  2.93745 6.14732 5.56585 6.25545 0.0258038
2 39 2 2  0 302.318 113.886 26.6621 1.82631e-012
2 39 3 2  12.9765 15.3561 2.90719 0.301489 1.08141e-013
2 39 4 2  7.79071 7.47685 4.15313 1.32242 0.0131649
2 40 1 2  2.93745 6.14733 5.5658 6.20451 0.0218798
2 40 2 2  0 302.318 113.886 26.6622 7.45642e-013
2 40 3 2  12.9765 15.3561 2.90719 0.301489 4.41516e-014
2 40 4 2  7.79071 7.47661 4.14742 1.30214 0.0111629
2 41 1 2  2.93745 6.14733 5.56577 6.1613 0.0185525
2 41 2 2  0 302.318 113.886 26.6622 3.04429e-013
2 41 3 2  12.9765 15.3561 2.90719 0.301489 1.80262e-014
2 41 4 2  7.79071 7.47644 4.1428 1.2847 0.00946532
2 42 1 2  2.93745 6.14733 5.56575 6.12467 0.0157312
2 42 2 2  0 302.318 113.886 26.6622 1.24291e-013
2 42 3 2  12.9765 15.3561 2.90719 0.301489 7.35972e-015
2 42 4 2  7.79071 7.47631 4.13907 1.26971 0.00802591
full time series of fishery length comp
fleet year spp area catch-at-size
1 1 1 1  4.5055 3.87742 2.56083 3.02386 0.961778
1 1 2 1  4.52118e-014 5.27243e-014 5.60981e-014 5.61021e-014 1.16876e-013
1 1 3 1  7.2849e-015 9.46139e-015 8.53267e-015 7.63091e-015 6.91436e-015
1 1 4 1  2.63691 2.38097 1.76408 1.11725 0.490826
1 2 1 1  2.21785 4.00852 2.85854 2.97809 0.815497
1 2 2 1  2.01407e-014 3.22504e-014 2.96194e-014 3.06634e-014 4.77028e-014
1 2 3 1  3.56075e-015 4.09138e-015 4.12913e-015 3.63844e-015 2.82256e-015
1 2 4 1  2.01029 2.20799 1.67563 1.02406 0.416162
1 3 1 1  1.20393 3.15688 3.10008 2.98745 0.691466
1 3 2 1  2.01413e-014 1.55364e-014 1.68562e-014 1.66177e-014 1.94714e-014
1 3 3 1  2.70804e-015 1.84807e-015 1.93798e-015 1.73858e-015 1.15224e-015
1 3 4 1  1.58509 1.97396 1.58585 0.941201 0.352858
1 4 1 1  0.754537 2.26663 3.02388 3.03448 0.586302
1 4 2 1  2.01415e-014 1.33121e-014 8.81911e-015 9.11791e-015 7.94828e-015
1 4 3 1  2.5128e-015 1.04591e-015 9.00667e-016 8.28619e-016 4.70377e-016
1 4 4 1  1.29656 1.72886 1.48843 0.867051 0.299186
1 5 1 1  0.555359 1.583 2.7187 3.06204 0.497133
1 5 2 1  2.01417e-014 1.30165e-014 6.04013e-015 4.94355e-015 3.24459e-015
1 5 3 1  2.4681e-015 7.80133e-016 4.41709e-016 3.93521e-016 1.92024e-016
1 5 4 1  1.10077 1.49869 1.38364 0.799946 0.253678
1 6 1 1  0.467078 1.11705 2.3151 3.03606 0.421526
1 6 2 1  2.01417e-014 1.29773e-014 5.20945e-015 2.85468e-015 1.32451e-015
1 6 3 1  2.45786e-015 6.95908e-016 2.49659e-016 1.87747e-016 7.83917e-017
1 6 4 1  0.967906 1.29525 1.27455 0.738493 0.215093
1 7 1 1  0.427951 0.818683 1.90581 2.94875 0.357418
1 7 2 1  2.01417e-014 1.29723e-014 4.97471e-015 1.88692e-015 5.40694e-016
1 7 3 1  2.45552e-015 6.69975e-016 1.72632e-016 9.19619e-017 3.20027e-017
1 7 4 1  0.877749 1.12224 1.16486 0.68164 0.182377
1 8 1 1  0.41061 0.634663 1.54022 2.80853 0.303061
1 8 2 1  2.01417e-014 1.29717e-014 4.91005e-015 1.45937e-015 2.20726e-016
1 8 3 1  2.45499e-015 6.62147e-016 1.4271e-016 4.81341e-017 1.30649e-017
1 8 4 1  0.816571 0.978974 1.05798 0.628665 0.154638
1 9 1 1  0.402926 0.523918 1.23711 2.63051 0.256971
1 9 2 1  2.01417e-014 1.29716e-014 4.8925e-015 1.27589e-015 9.01078e-017
1 9 3 1  2.45486e-015 6.5982e-016 1.31364e-016 2.84065e-017 5.33372e-018
1 9 4 1  0.775058 0.86262 0.956574 0.579098 0.131119
1 10 1 1  0.399523 0.458387 0.997681 2.43054 0.21789
1 10 2 1  2.01418e-014 1.29717e-014 4.88782e-015 1.19858e-015 3.67858e-017
1 10 3 1  2.45484e-015 6.59141e-016 1.27143e-016 1.96572e-017 2.17751e-018
1 10 4 1  0.746891 0.769512 0.862468 0.532661 0.111177
1 11 1 1  0.398017 0.420072 0.814789 2.22227 0.184754
1 11 2 1  2.01418e-014 1.29718e-014 4.88663e-015 1.16639e-015 1.50177e-017
1 11 3 1  2.45483e-015 6.58945e-016 1.25597e-016 1.58266e-017 8.88986e-019
1 11 4 1  0.72778 0.695856 0.776739 0.489193 0.0942682
1 12 1 1  0.39735 0.397867 0.678416 2.01609 0.156657
1 12 2 1  2.01418e-014 1.29718e-014 4.88634e-015 1.15309e-015 6.13099e-018
1 12 3 1  2.45483e-015 6.58891e-016 1.25037e-016 1.41679e-017 3.62938e-019
1 12 4 1  0.714812 0.638123 0.699842 0.448606 0.0799314
1 13 1 1  0.397056 0.385081 0.578538 1.81922 0.132833
1 13 2 1  2.01418e-014 1.29718e-014 4.8863e-015 1.14763e-015 2.503e-018
1 13 3 1  2.45483e-015 6.58877e-016 1.24837e-016 1.34565e-017 1.48174e-019
1 13 4 1  0.706013 0.593211 0.631764 0.410845 0.0677751
1 14 1 1  0.396926 0.377756 0.506376 1.63613 0.112632
1 14 2 1  2.01418e-014 1.29718e-014 4.88631e-015 1.1454e-015 1.02187e-018
1 14 3 1  2.45483e-015 6.58875e-016 1.24766e-016 1.31539e-017 6.04942e-020
1 14 4 1  0.700043 0.55849 0.572163 0.375865 0.0574677
1 15 1 1  0.39687 0.373576 0.454783 1.46922 0.0955037
1 15 2 1  2.01418e-014 1.29719e-014 4.88634e-015 1.1445e-015 4.17187e-019
1 15 3 1  2.45483e-015 6.58877e-016 1.24743e-016 1.30261e-017 2.46978e-020
1 15 4 1  0.695993 0.531791 0.52048 0.343611 0.0487279
1 16 1 1  0.396846 0.3712 0.418197 1.31935 0.08098
1 16 2 1  2.01418e-014 1.29719e-014 4.88638e-015 1.14414e-015 1.70322e-019
1 16 3 1  2.45483e-015 6.5888e-016 1.24735e-016 1.29726e-017 1.00834e-020
1 16 4 1  0.693246 0.511352 0.476031 0.314014 0.0413174
1 17 1 1  0.396836 0.369851 0.392419 1.18635 0.068665
1 17 2 1  2.01418e-014 1.29719e-014 4.8864e-015 1.144e-015 6.95365e-020
1 17 3 1  2.45483e-015 6.58881e-016 1.24733e-016 1.29504e-017 4.11673e-021
1 17 4 1  0.691382 0.495762 0.438073 0.286983 0.0350339
1 18 1 1  0.396832 0.369087 0.374348 1.06941 0.0582228
1 18 2 1  2.01418e-014 1.29719e-014 4.88641e-015 1.14395e-015 2.83893e-020
1 18 3 1  2.45483e-015 6.58882e-016 1.24733e-016 1.29412e-017 1.68074e-021
1 18 4 1  0.690118 0.483912 0.405859 0.26241 0.029706
1 19 1 1  0.396831 0.368656 0.361733 0.96733 0.0493687
1 19 2 1  2.01418e-014 1.29719e-014 4.88643e-015 1.14394e-015 1.15904e-020
1 19 3 1  2.45483e-015 6.58884e-016 1.24734e-016 1.29375e-017 6.862e-022
1 19 4 1  0.689261 0.474931 0.378671 0.240173 0.0251884
1 20 1 1  0.396831 0.368415 0.352955 0.878737 0.041861
1 20 2 1  2.01418e-014 1.29719e-014 4.88646e-015 1.14394e-015 4.73202e-021
1 20 3 1  2.45483e-015 6.58886e-016 1.24735e-016 1.29361e-017 2.80158e-022
1 20 4 1  0.68868 0.468142 0.355834 0.220134 0.0213578
1 21 1 1  0.396831 0.368279 0.346864 0.802196 0.0354951
1 21 2 1  2.01418e-014 1.29719e-014 4.88648e-015 1.14395e-015 1.93194e-021
1 21 3 1  2.45483e-015 6.58887e-016 1.24736e-016 1.29356e-017 1.14381e-022
1 21 4 1  0.688286 0.463021 0.336733 0.202149 0.0181098
1 22 1 1  0.396832 0.368204 0.342647 0.736311 0.0300972
1 22 2 1  2.01418e-014 1.29719e-014 4.88649e-015 1.14396e-015 7.88756e-022
1 22 3 1  2.45483e-015 6.58887e-016 1.24736e-016 1.29355e-017 4.6699e-023
1 22 4 1  0.688019 0.459165 0.320816 0.186068 0.0153558
1 23 1 1  0.396832 0.368162 0.339732 0.679763 0.0255203
1 23 2 1  2.01418e-014 1.29719e-014 4.8865e-015 1.14396e-015 3.22027e-022
1 23 3 1  2.45483e-015 6.58888e-016 1.24737e-016 1.29355e-017 1.9066e-023
1 23 4 1  0.687838 0.456268 0.307598 0.171739 0.0130205
1 24 1 1  0.396833 0.368139 0.33772 0.631344 0.0216393
1 24 2 1  2.01418e-014 1.29719e-014 4.88651e-015 1.14397e-015 1.31475e-022
1 24 3 1  2.45483e-015 6.58889e-016 1.24738e-016 1.29355e-017 7.78422e-024
1 24 4 1  0.687716 0.454094 0.296653 0.159014 0.0110404
1 25 1 1  0.396833 0.368127 0.336334 0.589963 0.0183486
1 25 2 1  2.01418e-014 1.29719e-014 4.88652e-015 1.14398e-015 5.36777e-023
1 25 3 1  2.45483e-015 6.5889e-016 1.24738e-016 1.29356e-017 3.17812e-024
1 25 4 1  0.687633 0.452465 0.287615 0.147748 0.00936147
1 26 1 1  0.396834 0.368121 0.33538 0.554651 0.0155583
1 26 2 1  2.01418e-014 1.29719e-014 4.88653e-015 1.14398e-015 2.19152e-023
1 26 3 1  2.45483e-015 6.58891e-016 1.24738e-016 1.29357e-017 1.29755e-024
1 26 4 1  0.687578 0.451247 0.28017 0.137801 0.00793783
1 27 1 1  0.396835 0.368119 0.334724 0.524555 0.0131923
1 27 2 1  2.01418e-014 1.2972e-014 4.88655e-015 1.14399e-015 8.94745e-024
1 27 3 1  2.45484e-015 6.58892e-016 1.24739e-016 1.29358e-017 5.29762e-025
1 27 4 1  0.68754 0.450337 0.274051 0.129044 0.0067307
1 28 1 1  0.396835 0.368118 0.334273 0.498929 0.0111861
1 28 2 1  2.01418e-014 1.2972e-014 4.88656e-015 1.144e-015 3.65303e-024
1 28 3 1  2.45484e-015 6.58893e-016 1.2474e-016 1.29359e-017 2.16291e-025
1 28 4 1  0.687515 0.449658 0.26903 0.121351 0.00570714
1 29 1 1  0.396835 0.368118 0.333964 0.477128 0.00948504
1 29 2 1  2.01418e-014 1.2972e-014 4.88657e-015 1.144e-015 1.49145e-024
1 29 3 1  2.45484e-015 6.58893e-016 1.2474e-016 1.2936e-017 8.83069e-026
1 29 4 1  0.687498 0.449151 0.264919 0.11461 0.00483924
1 30 1 1  0.396836 0.368118 0.333752 0.458592 0.00804263
1 30 2 1  2.01418e-014 1.2972e-014 4.88657e-015 1.14401e-015 6.08922e-025
1 30 3 1  2.45484e-015 6.58893e-016 1.2474e-016 1.2936e-017 3.60538e-026
1 30 4 1  0.687487 0.448773 0.261557 0.108715 0.00410332
1 31 1 1  0.396836 0.368119 0.333606 0.442841 0.00681958
1 31 2 1  2.01418e-014 1.2972e-014 4.88657e-015 1.14401e-015 2.48609e-025
1 31 3 1  2.45484e-015 6.58893e-016 1.2474e-016 1.29361e-017 1.472e-026
1 31 4 1  0.687479 0.448492 0.258812 0.103571 0.00347932
1 32 1 1  0.396836 0.368119 0.333507 0.429462 0.00578251
1 32 2 1  2.01418e-014 1.2972e-014 4.88657e-015 1.14401e-015 1.01501e-025
1 32 3 1  2.45484e-015 6.58894e-016 1.2474e-016 1.29361e-017 6.00988e-027
1 32 4 1  0.687474 0.448283 0.256574 0.0990888 0.00295021
1 33 1 1  0.396836 0.368119 0.333439 0.418101 0.00490316
1 33 2 1  2.01418e-014 1.2972e-014 4.88657e-015 1.14401e-015 4.14406e-026
1 33 3 1  2.45484e-015 6.58894e-016 1.2474e-016 1.29361e-017 2.45371e-027
1 33 4 1  0.687471 0.448128 0.254751 0.0951911 0.00250156
1 34 1 1  0.396836 0.36812 0.333392 0.408457 0.00415753
1 34 2 1  2.01418e-014 1.2972e-014 4.88657e-015 1.14401e-015 1.69192e-026
1 34 3 1  2.45484e-015 6.58894e-016 1.2474e-016 1.29362e-017 1.0018e-027
1 34 4 1  0.687468 0.448012 0.253268 0.0918068 0.00212114
1 35 1 1  0.396836 0.36812 0.33336 0.400272 0.00352528
1 35 2 1  2.01417e-014 1.29719e-014 4.88656e-015 1.14401e-015 6.90773e-027
1 35 3 1  2.45483e-015 6.58893e-016 1.2474e-016 1.29361e-017 4.09013e-028
1 35 4 1  0.687466 0.447925 0.252062 0.0888725 0.00179857
1 36 1 1  0.396836 0.368119 0.333338 0.393326 0.00298919
1 36 2 1  2.01418e-014 1.29719e-014 4.88656e-015 1.14401e-015 2.82026e-027
1 36 3 1  2.45484e-015 6.58893e-016 1.2474e-016 1.29361e-017 1.66991e-028
1 36 4 1  0.687465 0.447861 0.251083 0.086332 0.00152506
1 37 1 1  0.396836 0.36812 0.333323 0.387433 0.00253462
1 37 2 1  2.01418e-014 1.2972e-014 4.88656e-015 1.14401e-015 1.15145e-027
1 37 3 1  2.45484e-015 6.58894e-016 1.2474e-016 1.29362e-017 6.81792e-029
1 37 4 1  0.687464 0.447814 0.250289 0.0841353 0.00129314
1 38 1 1  0.396836 0.36812 0.333313 0.382434 0.00214918
1 38 2 1  2.01418e-014 1.2972e-014 4.88657e-015 1.14401e-015 4.70111e-028
1 38 3 1  2.45484e-015 6.58894e-016 1.24741e-016 1.29362e-017 2.78361e-029
1 38 4 1  0.687464 0.447779 0.249645 0.082238 0.00109649
1 39 1 1  0.396836 0.36812 0.333306 0.378194 0.00182235
1 39 2 1  2.01418e-014 1.2972e-014 4.88657e-015 1.14401e-015 1.91935e-028
1 39 3 1  2.45484e-015 6.58894e-016 1.24741e-016 1.29362e-017 1.13649e-029
1 39 4 1  0.687464 0.447753 0.249124 0.0806013 0.000929743
1 40 1 1  0.396836 0.36812 0.333301 0.374597 0.00154522
1 40 2 1  2.01418e-014 1.2972e-014 4.88657e-015 1.14401e-015 7.83629e-029
1 40 3 1  2.45484e-015 6.58894e-016 1.24741e-016 1.29362e-017 4.64007e-030
1 40 4 1  0.687464 0.447734 0.248701 0.0791907 0.000788355
1 41 1 1  0.396836 0.368121 0.333298 0.371546 0.00131024
1 41 2 1  2.01418e-014 1.2972e-014 4.88657e-015 1.14401e-015 3.19938e-029
1 41 3 1  2.45484e-015 6.58894e-016 1.24741e-016 1.29362e-017 1.89444e-030
1 41 4 1  0.687464 0.44772 0.248359 0.0779763 0.000668468
1 42 1 1  0.396836 0.368121 0.333296 0.368959 0.00111099
1 42 2 1  2.01418e-014 1.2972e-014 4.88657e-015 1.14401e-015 1.30623e-029
1 42 3 1  2.45484e-015 6.58894e-016 1.24741e-016 1.29362e-017 7.73463e-031
1 42 4 1  0.687464 0.447709 0.248083 0.0769316 0.000566812
2 1 1 1  5.51966e-014 4.7502e-014 3.13726e-014 3.70452e-014 1.17827e-014
2 1 2 1  553.888 645.923 687.255 687.304 1431.84
2 1 3 1  89.2469 115.911 104.533 93.4859 84.7074
2 1 4 1  3.23046e-014 2.91692e-014 2.16117e-014 1.36874e-014 6.01309e-015
2 2 1 1  2.71708e-014 4.91081e-014 3.50198e-014 3.64844e-014 9.99061e-015
2 2 2 1  246.743 395.098 362.866 375.656 584.404
2 2 3 1  43.6225 50.1233 50.5858 44.5744 34.579
2 2 4 1  2.4628e-014 2.70499e-014 2.0528e-014 1.25457e-014 5.09838e-015
2 3 1 1  1.47492e-014 3.86748e-014 3.79789e-014 3.65991e-014 8.47112e-015
2 3 2 1  246.75 190.336 206.504 203.583 238.543
2 3 3 1  33.1761 22.6406 23.742 21.2992 14.116
2 3 4 1  1.94189e-014 2.41829e-014 1.94282e-014 1.15306e-014 4.32285e-015
2 4 1 1  9.24379e-015 2.77684e-014 3.70454e-014 3.71752e-014 7.18275e-015
2 4 2 1  246.753 163.085 108.042 111.703 97.3739
2 4 3 1  30.7842 12.8134 11.034 10.1514 5.76257
2 4 4 1  1.58841e-014 2.11802e-014 1.82346e-014 1.06222e-014 3.66531e-015
2 5 1 1  6.80367e-015 1.93932e-014 3.33067e-014 3.75129e-014 6.09035e-015
2 5 2 1  246.754 159.464 73.9973 60.5632 39.7493
2 5 3 1  30.2365 9.55736 5.41135 4.82101 2.35248
2 5 4 1  1.34854e-014 1.83604e-014 1.6951e-014 9.8001e-015 3.1078e-015
2 6 1 1  5.72215e-015 1.3685e-014 2.83621e-014 3.71946e-014 5.16409e-015
2 6 2 1  246.755 158.985 63.8207 34.9725 16.2265
2 6 3 1  30.1112 8.52554 3.05856 2.30008 0.960373
2 6 4 1  1.18578e-014 1.58681e-014 1.56144e-014 9.04723e-015 2.63509e-015
2 7 1 1  5.2428e-015 1.00296e-014 2.33479e-014 3.6125e-014 4.37871e-015
2 7 2 1  246.755 158.923 60.9449 23.1166 6.62401
2 7 3 1  30.0825 8.20783 2.11491 1.12662 0.392063
2 7 4 1  1.07533e-014 1.37485e-014 1.42706e-014 8.35074e-015 2.2343e-015
2 8 1 1  5.03036e-015 7.77522e-015 1.88692e-014 3.44071e-014 3.71278e-015
2 8 2 1  246.755 158.915 60.1528 17.8787 2.70411
2 8 3 1  30.0759 8.11193 1.74833 0.589688 0.160057
2 8 4 1  1.00038e-014 1.19934e-014 1.29613e-014 7.70174e-015 1.89447e-015
2 9 1 1  4.93622e-015 6.41849e-015 1.51558e-014 3.22262e-014 3.14813e-015
2 9 2 1  246.755 158.915 59.9377 15.6309 1.10391
2 9 3 1  30.0744 8.08343 1.60933 0.348007 0.0653431
2 9 4 1  9.49519e-015 1.05679e-014 1.17189e-014 7.0945e-015 1.60633e-015
2 10 1 1  4.89454e-015 5.61567e-015 1.22225e-014 2.97764e-014 2.66936e-015
2 10 2 1  246.756 158.916 59.8805 14.6837 0.45066
2 10 3 1  30.0741 8.0751 1.55762 0.240819 0.0266766
2 10 4 1  9.15012e-015 9.42725e-015 1.0566e-014 6.5256e-015 1.36202e-015
2 11 1 1  4.87608e-015 5.14629e-015 9.98194e-015 2.72249e-014 2.26341e-015
2 11 2 1  246.756 158.916 59.8658 14.2893 0.183981
2 11 3 1  30.074 8.0727 1.53868 0.193891 0.0108909
2 11 4 1  8.91599e-015 8.5249e-015 9.51579e-015 5.99308e-015 1.15487e-015
2 12 1 1  4.86792e-015 4.87424e-015 8.31124e-015 2.46991e-014 1.9192e-015
2 12 2 1  246.756 158.917 59.8623 14.1264 0.0751104
2 12 3 1  30.074 8.07204 1.53182 0.173571 0.00444633
2 12 4 1  8.75712e-015 7.81761e-015 8.57372e-015 5.49585e-015 9.79235e-016
2 13 1 1  4.86431e-015 4.7176e-015 7.08764e-015 2.22872e-014 1.62733e-015
2 13 2 1  246.756 158.917 59.8618 14.0595 0.0306641
2 13 3 1  30.074 8.07187 1.52937 0.164855 0.00181527
2 13 4 1  8.64933e-015 7.26739e-015 7.73971e-015 5.03325e-015 8.30309e-016
2 14 1 1  4.86272e-015 4.62786e-015 6.20359e-015 2.00442e-014 1.37985e-015
2 14 2 1  246.756 158.917 59.8619 14.0322 0.0125188
2 14 3 1  30.074 8.07184 1.52851 0.161148 0.000741111
2 14 4 1  8.57619e-015 6.84203e-015 7.00954e-015 4.6047e-015 7.04033e-016
2 15 1 1  4.86203e-015 4.57666e-015 5.57153e-015 1.79993e-014 1.17001e-015
2 15 2 1  246.756 158.918 59.8623 14.0212 0.00511094
2 15 3 1  30.074 8.07187 1.52822 0.159583 0.000302571
2 15 4 1  8.52658e-015 6.51494e-015 6.37638e-015 4.20956e-015 5.96963e-016
2 16 1 1  4.86174e-015 4.54755e-015 5.12331e-015 1.61632e-014 9.92082e-016
2 16 2 1  246.756 158.918 59.8628 14.0168 0.00208661
2 16 3 1  30.074 8.0719 1.52813 0.158927 0.000123531
2 16 4 1  8.49292e-015 6.26454e-015 5.83183e-015 3.84697e-015 5.06177e-016
2 17 1 1  4.86161e-015 4.53102e-015 4.8075e-015 1.45339e-014 8.41211e-016
2 17 2 1  246.756 158.918 59.8631 14.0151 0.000851887
2 17 3 1  30.074 8.07191 1.5281 0.158654 5.04339e-005
2 17 4 1  8.47009e-015 6.07356e-015 5.36681e-015 3.51581e-015 4.29198e-016
2 18 1 1  4.86156e-015 4.52166e-015 4.58612e-015 1.31013e-014 7.13285e-016
2 18 2 1  246.756 158.918 59.8632 14.0145 0.000347796
2 18 3 1  30.074 8.07192 1.5281 0.158542 2.05907e-005
2 18 4 1  8.4546e-015 5.92838e-015 4.97216e-015 3.21477e-015 3.63926e-016
2 19 1 1  4.86155e-015 4.51639e-015 4.43157e-015 1.18507e-014 6.04813e-016
2 19 2 1  246.756 158.918 59.8634 14.0144 0.000141994
2 19 3 1  30.074 8.07195 1.52811 0.158496 8.4066e-006
2 19 4 1  8.4441e-015 5.81836e-015 4.63908e-015 2.94235e-015 3.08582e-016
2 20 1 1  4.86156e-015 4.51343e-015 4.32404e-015 1.07654e-014 5.12837e-016
2 20 2 1  246.756 158.918 59.8638 14.0144 5.79717e-005
2 20 3 1  30.074 8.07198 1.52812 0.158479 3.4322e-006
2 20 4 1  8.43698e-015 5.73519e-015 4.35931e-015 2.69685e-015 2.61654e-016
2 21 1 1  4.86156e-015 4.51177e-015 4.24942e-015 9.82766e-015 4.34848e-016
2 21 2 1  246.756 158.918 59.864 14.0145 2.36681e-005
2 21 3 1  30.074 8.07199 1.52813 0.158473 1.40128e-006
2 21 4 1  8.43216e-015 5.67245e-015 4.1253e-015 2.47652e-015 2.21862e-016
2 22 1 1  4.86156e-015 4.51084e-015 4.19775e-015 9.02051e-015 3.6872e-016
2 22 2 1  246.756 158.918 59.8641 14.0146 9.663e-006
2 22 3 1  30.074 8.07199 1.52814 0.158472 5.72107e-007
2 22 4 1  8.42889e-015 5.62521e-015 3.9303e-015 2.2795e-015 1.88123e-016
2 23 1 1  4.86157e-015 4.51033e-015 4.16204e-015 8.32774e-015 3.12647e-016
2 23 2 1  246.756 158.918 59.8642 14.0146 3.94513e-006
2 23 3 1  30.074 8.07201 1.52814 0.158472 2.33577e-007
2 23 4 1  8.42667e-015 5.58971e-015 3.76836e-015 2.10396e-015 1.59514e-016
2 24 1 1  4.86158e-015 4.51005e-015 4.13739e-015 7.73456e-015 2.65102e-016
2 24 2 1  246.756 158.918 59.8644 14.0147 1.61069e-006
2 24 3 1  30.074 8.07202 1.52815 0.158473 9.53641e-008
2 24 4 1  8.42517e-015 5.56308e-015 3.63428e-015 1.94807e-015 1.35256e-016
2 25 1 1  4.86158e-015 4.5099e-015 4.12041e-015 7.2276e-015 2.24788e-016
2 25 2 1  246.756 158.918 59.8645 14.0148 6.57602e-007
2 25 3 1  30.074 8.07203 1.52816 0.158474 3.89349e-008
2 25 4 1  8.42416e-015 5.54313e-015 3.52356e-015 1.81005e-015 1.14687e-016
2 26 1 1  4.86159e-015 4.50983e-015 4.10872e-015 6.795e-015 1.90604e-016
2 26 2 1  246.756 158.919 59.8646 14.0149 2.68482e-007
2 26 3 1  30.0741 8.07204 1.52816 0.158475 1.58962e-008
2 26 4 1  8.42348e-015 5.5282e-015 3.43235e-015 1.6882e-015 9.7246e-017
2 27 1 1  4.8616e-015 4.5098e-015 4.10068e-015 6.42629e-015 1.61618e-016
2 27 2 1  246.756 158.919 59.8648 14.015 1.09615e-007
2 27 3 1  30.0741 8.07205 1.52817 0.158476 6.49009e-009
2 27 4 1  8.42302e-015 5.51705e-015 3.35738e-015 1.58091e-015 8.24574e-017
2 28 1 1  4.86161e-015 4.5098e-015 4.09516e-015 6.11236e-015 1.37041e-016
2 28 2 1  246.756 158.919 59.865 14.0151 4.47531e-008
2 28 3 1  30.0741 8.07206 1.52818 0.158477 2.64977e-009
2 28 4 1  8.42272e-015 5.50874e-015 3.29587e-015 1.48667e-015 6.99179e-017
2 29 1 1  4.86161e-015 4.5098e-015 4.09137e-015 5.84527e-015 1.16201e-016
2 29 2 1  246.756 158.919 59.8651 14.0151 1.82716e-008
2 29 3 1  30.0741 8.07206 1.52818 0.158478 1.08184e-009
2 29 4 1  8.42251e-015 5.50253e-015 3.2455e-015 1.40408e-015 5.92853e-017
2 30 1 1  4.86161e-015 4.5098e-015 4.08877e-015 5.61819e-015 9.85298e-017
2 30 2 1  246.756 158.919 59.8651 14.0152 7.45987e-009
2 30 3 1  30.0741 8.07207 1.52818 0.158479 4.41693e-010
2 30 4 1  8.42237e-015 5.4979e-015 3.20432e-015 1.33187e-015 5.02696e-017
2 31 1 1  4.86161e-015 4.5098e-015 4.08699e-015 5.42522e-015 8.35463e-017
2 31 2 1  246.756 158.919 59.8651 14.0152 3.04569e-009
2 31 3 1  30.0741 8.07207 1.52819 0.158479 1.80334e-010
2 31 4 1  8.42227e-015 5.49446e-015 3.17069e-015 1.26884e-015 4.26249e-017
2 32 1 1  4.86161e-015 4.50981e-015 4.08577e-015 5.26131e-015 7.08412e-017
2 32 2 1  246.756 158.919 59.8651 14.0152 1.24349e-009
2 32 3 1  30.0741 8.07207 1.52819 0.15848 7.36267e-011
2 32 4 1  8.42221e-015 5.49189e-015 3.14327e-015 1.21393e-015 3.61428e-017
2 33 1 1  4.86162e-015 4.50981e-015 4.08494e-015 5.12213e-015 6.00683e-017
2 33 2 1  246.756 158.919 59.8651 14.0152 5.07686e-010
2 33 3 1  30.0741 8.07207 1.52819 0.15848 3.00602e-011
2 33 4 1  8.42217e-015 5.48999e-015 3.12094e-015 1.16618e-015 3.06465e-017
2 34 1 1  4.86161e-015 4.50981e-015 4.08437e-015 5.00398e-015 5.09336e-017
2 34 2 1  246.756 158.919 59.8651 14.0152 2.07277e-010
2 34 3 1  30.0741 8.07207 1.52819 0.15848 1.2273e-011
2 34 4 1  8.42214e-015 5.48857e-015 3.10277e-015 1.12472e-015 2.5986e-017
2 35 1 1  4.86161e-015 4.50981e-015 4.08397e-015 4.90371e-015 4.31881e-017
2 35 2 1  246.755 158.919 59.865 14.0152 8.46262e-011
2 35 3 1  30.0741 8.07207 1.52819 0.15848 5.0108e-012
2 35 4 1  8.42211e-015 5.48751e-015 3.088e-015 1.08877e-015 2.20342e-017
2 36 1 1  4.86161e-015 4.50981e-015 4.0837e-015 4.81862e-015 3.66204e-017
2 36 2 1  246.756 158.919 59.865 14.0152 3.45509e-011
2 36 3 1  30.0741 8.07207 1.52819 0.15848 2.0458e-012
2 36 4 1  8.4221e-015 5.48672e-015 3.07601e-015 1.05765e-015 1.86834e-017
2 37 1 1  4.86161e-015 4.50981e-015 4.08352e-015 4.74642e-015 3.10515e-017
2 37 2 1  246.756 158.919 59.865 14.0152 1.41063e-011
2 37 3 1  30.0741 8.07207 1.52819 0.15848 8.35259e-013
2 37 4 1  8.42209e-015 5.48614e-015 3.06628e-015 1.03074e-015 1.58422e-017
2 38 1 1  4.86162e-015 4.50982e-015 4.0834e-015 4.68518e-015 2.63294e-017
2 38 2 1  246.756 158.919 59.8651 14.0152 5.7593e-012
2 38 3 1  30.0741 8.07207 1.52819 0.15848 3.41019e-013
2 38 4 1  8.42209e-015 5.48572e-015 3.05839e-015 1.00749e-015 1.3433e-017
2 39 1 1  4.86162e-015 4.50982e-015 4.08331e-015 4.63323e-015 2.23255e-017
2 39 2 1  246.756 158.919 59.8651 14.0152 2.35139e-012
2 39 3 1  30.0741 8.07207 1.52819 0.15848 1.39231e-013
2 39 4 1  8.42208e-015 5.4854e-015 3.052e-015 9.87442e-016 1.13902e-017
2 40 1 1  4.86162e-015 4.50982e-015 4.08326e-015 4.58917e-015 1.89304e-017
2 40 2 1  246.756 158.919 59.8651 14.0152 9.60019e-013
2 40 3 1  30.0741 8.07207 1.52819 0.158481 5.68452e-014
2 40 4 1  8.42208e-015 5.48516e-015 3.04682e-015 9.70161e-016 9.65809e-018
2 41 1 1  4.86162e-015 4.50983e-015 4.08322e-015 4.55179e-015 1.60516e-017
2 41 2 1  246.756 158.919 59.8651 14.0152 3.91954e-013
2 41 3 1  30.0741 8.07207 1.52819 0.158481 2.32087e-014
2 41 4 1  8.42208e-015 5.48499e-015 3.04264e-015 9.55283e-016 8.18936e-018
2 42 1 1  4.86162e-015 4.50983e-015 4.08319e-015 4.5201e-015 1.36106e-017
2 42 2 1  246.756 158.919 59.8651 14.0152 1.60026e-013
2 42 3 1  30.0741 8.07208 1.52819 0.158481 9.47565e-015
2 42 4 1  8.42208e-015 5.48486e-015 3.03925e-015 9.42485e-016 6.94399e-018
