full time series of predicted survey index
survey year spp area pred_survey
1 1 1 1 603002
1 1 2 1 651786
1 1 3 1 132576
1 1 4 1 198435
1 2 1 1 349520
1 2 2 1 320363
1 2 3 1 49508.9
1 2 4 1 170028
1 3 1 1 214569
1 3 2 1 169137
1 3 3 1 19372.8
1 3 4 1 147227
1 4 1 1 136454
1 4 2 1 92892.4
1 4 3 1 8047.69
1 4 4 1 129107
1 5 1 1 88928.1
1 5 2 1 53730
1 5 3 1 3643.18
1 5 4 1 114851
1 6 1 1 59579.4
1 6 2 1 33301.9
1 6 3 1 1843.43
1 6 4 1 103756
1 7 1 1 41586.4
1 7 2 1 22987.2
1 7 3 1 1087.19
1 7 4 1 95218
1 8 1 1 30748.9
1 8 2 1 17787.4
1 8 3 1 755.946
1 8 4 1 88730.6
1 9 1 1 24358
1 9 2 1 15289.2
1 9 3 1 609.865
1 9 4 1 83871.2
1 10 1 1 20668.4
1 10 2 1 14171.6
1 10 3 1 546.592
1 10 4 1 80291.9
1 11 1 1 18580.2
1 11 2 1 13661.3
1 11 3 1 518.344
1 11 4 1 77708.7
1 12 1 1 17419.3
1 12 2 1 13458.2
1 12 3 1 506.607
1 12 4 1 75892.3
1 13 1 1 16784.2
1 13 2 1 13339.9
1 13 3 1 500.446
1 13 4 1 74659.1
1 14 1 1 16441.6
1 14 2 1 13296.3
1 14 3 1 498.007
1 14 4 1 73863.6
1 15 1 1 16259.1
1 15 2 1 13315
1 15 3 1 498.207
1 15 4 1 73391.4
1 16 1 1 16162.9
1 16 2 1 13326.2
1 16 3 1 498.409
1 16 4 1 73153.6
1 17 1 1 16112.8
1 17 2 1 13268.8
1 17 3 1 496.446
1 17 4 1 73081.9
1 18 1 1 16086.8
1 18 2 1 13197.3
1 18 3 1 494.044
1 18 4 1 73124.1
1 19 1 1 16073.5
1 19 2 1 13228.1
1 19 3 1 495.034
1 19 4 1 73241.2
1 20 1 1 16066.7
1 20 2 1 13226.6
1 20 3 1 494.971
1 20 4 1 73404.2
1 21 1 1 19052.8
1 21 2 1 13209.6
1 21 3 1 494.398
1 21 4 1 77901.6
1 22 1 1 21387.6
1 22 2 1 13096.9
1 22 3 1 490.62
1 22 4 1 82132.3
1 23 1 1 23110.2
1 23 2 1 13023.2
1 23 3 1 488.071
1 23 4 1 86076.2
1 24 1 1 24331.5
1 24 2 1 12940.7
1 24 3 1 485.216
1 24 4 1 89724.6
1 25 1 1 25172.7
1 25 2 1 12797.8
1 25 3 1 480.335
1 25 4 1 93077.5
1 26 1 1 25739.6
1 26 2 1 12771.7
1 26 3 1 479.341
1 26 4 1 96141.2
1 27 1 1 26115.1
1 27 2 1 12805.6
1 27 3 1 480.395
1 27 4 1 98926.5
1 28 1 1 26360.6
1 28 2 1 12793.2
1 28 3 1 479.93
1 28 4 1 101448
1 29 1 1 26519.3
1 29 2 1 12681.3
1 29 3 1 476.161
1 29 4 1 103721
1 30 1 1 26621
1 30 2 1 12656.5
1 30 3 1 475.304
1 30 4 1 105762
1 31 1 1 26685.7
1 31 2 1 12589.6
1 31 3 1 473.037
1 31 4 1 107591
1 32 1 1 26726.6
1 32 2 1 12519.6
1 32 3 1 470.642
1 32 4 1 109224
1 33 1 1 26752.3
1 33 2 1 12438
1 33 3 1 467.852
1 33 4 1 110678
1 34 1 1 26768.4
1 34 2 1 12315.1
1 34 3 1 463.659
1 34 4 1 111970
1 35 1 1 26778.4
1 35 2 1 12149
1 35 3 1 457.984
1 35 4 1 113115
1 36 1 1 26784.7
1 36 2 1 12075.2
1 36 3 1 455.403
1 36 4 1 114128
1 37 1 1 26788.6
1 37 2 1 12057.9
1 37 3 1 454.732
1 37 4 1 115023
1 38 1 1 26791
1 38 2 1 12055.1
1 38 3 1 454.564
1 38 4 1 115812
1 39 1 1 26792.4
1 39 2 1 11982.8
1 39 3 1 452.065
1 39 4 1 116506
1 40 1 1 26793.3
1 40 2 1 12000.5
1 40 3 1 452.633
1 40 4 1 117117
1 41 1 1 26793.9
1 41 2 1 11971
1 41 3 1 451.615
1 41 4 1 117653
1 42 1 1 26794.3
1 42 2 1 11966.2
1 42 3 1 451.43
1 42 4 1 118122
full time series of predicted catch
fleet year spp area pred_catch
1 1 1 1 397979
1 1 4 1 26698.9
1 2 1 1 215546
1 2 4 1 22727
1 3 1 1 126229
1 3 4 1 19506.7
1 4 1 1 78116.6
1 4 4 1 16923.5
1 5 1 1 49927.6
1 5 4 1 14873.3
1 6 1 1 32643.1
1 6 4 1 13263.9
1 7 1 1 21934.2
1 7 4 1 12014.6
1 8 1 1 15366.9
1 8 4 1 11056.7
1 9 1 1 11416.5
1 9 4 1 10331.9
1 10 1 1 9091.74
1 10 4 1 9791.91
1 11 1 1 7752.7
1 11 4 1 9396.8
1 12 1 1 6996.58
1 12 4 1 9114.08
1 13 1 1 6577.16
1 13 4 1 8917.56
1 14 1 1 6348.16
1 14 4 1 8786.3
1 15 1 1 6224.86
1 15 4 1 8703.77
1 16 1 1 6159.29
1 16 4 1 8657.01
1 17 1 1 6124.8
1 17 4 1 8635.97
1 18 1 1 6106.83
1 18 4 1 8632.95
1 19 1 1 6097.55
1 19 4 1 8642.12
1 20 1 1 6092.79
1 20 4 1 8659.13
1 21 1 1 2765.94
1 21 4 1 3641.56
1 22 1 1 3272.56
1 22 4 1 3865.12
1 23 1 1 3664.81
1 23 4 1 4074.68
1 24 1 1 3952.24
1 24 4 1 4269.44
1 25 1 1 4155.03
1 25 4 1 4449.11
1 26 1 1 4294.18
1 26 4 1 4613.83
1 27 1 1 4387.68
1 27 4 1 4764.01
1 28 1 1 4449.47
1 28 4 1 4900.29
1 29 1 1 4489.78
1 29 4 1 5023.41
1 30 1 1 4515.8
1 30 4 1 5134.23
1 31 1 1 4532.45
1 31 4 1 5233.64
1 32 1 1 4543.02
1 32 4 1 5322.54
1 33 1 1 4549.7
1 33 4 1 5401.82
1 34 1 1 4553.9
1 34 4 1 5472.34
1 35 1 1 4556.53
1 35 4 1 5534.93
1 36 1 1 4558.16
1 36 4 1 5590.36
1 37 1 1 4559.18
1 37 4 1 5639.35
1 38 1 1 4559.81
1 38 4 1 5682.58
1 39 1 1 4560.2
1 39 4 1 5720.66
1 40 1 1 4560.45
1 40 4 1 5754.15
1 41 1 1 4560.6
1 41 4 1 5783.56
1 42 1 1 4560.69
1 42 4 1 5809.36
2 1 2 1 533316
2 1 3 1 234788
2 2 2 1 262666
2 2 3 1 91223.3
2 3 2 1 141625
2 3 3 1 37704
2 4 2 1 82195.1
2 4 3 1 16934.6
2 5 2 1 49133.8
2 5 3 1 8376.83
2 6 2 1 30565.6
2 6 3 1 4634.4
2 7 2 1 20386.1
2 7 3 1 2912.81
2 8 2 1 15017.2
2 8 3 1 2100.19
2 9 2 1 12271.7
2 9 3 1 1710.26
2 10 2 1 10959.1
2 10 3 1 1529.29
2 11 2 1 10369.8
2 11 3 1 1448.33
2 12 2 1 10115.6
2 12 3 1 1412.08
2 13 2 1 10007.8
2 13 3 1 1395.85
2 14 2 1 9953.04
2 14 3 1 1387.02
2 15 2 1 9946.49
2 15 3 1 1385.16
2 16 2 1 9963.25
2 16 3 1 1386.73
2 17 2 1 9952.61
2 17 3 1 1384.93
2 18 2 1 9903.79
2 18 3 1 1378.46
2 19 2 1 9880.04
2 19 3 1 1375.54
2 20 2 1 9892
2 20 3 1 1377.71
2 21 2 1 9886.34
2 21 3 1 1376.93
2 22 2 1 9839.96
2 22 3 1 1371.24
2 23 2 1 9760.71
2 23 3 1 1361.38
2 24 2 1 9693.57
2 24 3 1 1353.93
2 25 2 1 9602.37
2 25 3 1 1343.53
2 26 2 1 9522.85
2 26 3 1 1334.22
2 27 2 1 9516.63
2 27 3 1 1334.69
2 28 2 1 9525.87
2 28 3 1 1336.56
2 29 2 1 9482.07
2 29 3 1 1331.15
2 30 2 1 9420.72
2 30 3 1 1323.4
2 31 2 1 9382.46
2 31 3 1 1319.69
2 32 2 1 9325.35
2 32 3 1 1313.09
2 33 2 1 9262.26
2 33 3 1 1305.86
2 34 2 1 9179.36
2 34 3 1 1296.28
2 35 2 1 9062.13
2 35 3 1 1282.46
2 36 2 1 8955.25
2 36 3 1 1270.01
2 37 2 1 8909.18
2 37 3 1 1265.73
2 38 2 1 8896.77
2 38 3 1 1265.13
2 39 2 1 8869.67
2 39 3 1 1262.13
2 40 2 1 8841.65
2 40 3 1 1258.47
2 41 2 1 8837.63
2 41 3 1 1258.64
2 42 2 1 8822.1
2 42 3 1 1256.67
full time series of survey length comp
survey year spp area catch-at-size
1 1 1 2  0.0435928 1.26685 3.79874 4.20625 1.1549
1 1 2 2  0 9.69651 18.2278 29.4379 87.8489
1 1 3 2  0.322114 2.0799 4.19663 9.11397 18.3713
1 1 4 2  0.446646 8.77566 30.3575 22.6866 9.32904
1 2 1 2  0.0208499 0.876619 3.10276 2.39581 0.524146
1 2 2 2  0 3.80377 17.6184 20.8664 38.6634
1 2 3 2  0.180903 1.32795 2.40386 3.81015 6.52811
1 2 4 2  0.524561 8.904 28.2523 19.6852 7.4345
1 3 1 2  0.0119745 0.573107 2.33816 1.48325 0.237881
1 3 2 2  0 2.35449 10.9365 16.9483 17.305
1 3 3 2  0.118343 0.858397 1.46813 1.72252 2.35621
1 3 4 2  0.580838 9.22998 26.703 17.1812 5.92471
1 4 1 2  0.00851082 0.383993 1.65346 0.970989 0.107961
1 4 2 2  0 1.99731 6.80916 12.4535 7.84468
1 4 3 2  0.0906044 0.59374 0.930417 0.849479 0.860234
1 4 4 2  0.621485 9.64596 25.6914 15.1032 4.72152
1 5 1 2  0.00715912 0.277168 1.14286 0.651161 0.0489975
1 5 2 2  0 1.91129 4.86542 8.74552 3.61101
1 5 3 2  0.0783467 0.45438 0.624989 0.458532 0.317767
1 5 4 2  0.650844 10.0861 25.1438 13.393 3.76268
1 6 1 2  0.00663162 0.220048 0.804517 0.440978 0.0222373
1 6 2 2  0 1.88787 4.00951 6.18738 1.66842
1 6 3 2  0.0728331 0.381647 0.451778 0.268366 0.117838
1 6 4 2  0.67205 10.5122 24.967 12.0006 2.99856
1 7 1 2  0.00642576 0.190546 0.597269 0.302498 0.0100923
1 7 2 2  0 1.8837 3.67139 4.66611 0.778997
1 7 3 2  0.0704064 0.346117 0.359867 0.172755 0.0440183
1 7 4 2  0.687366 10.9036 25.0678 10.8809 2.38961
1 8 1 2  0.00634542 0.175663 0.477126 0.213239 0.00458032
1 8 2 2  0 1.88197 3.53709 3.81201 0.365384
1 8 3 2  0.0692875 0.328504 0.311571 0.123074 0.0165019
1 8 4 2  0.698428 11.251 25.3631 9.99344 1.90433
1 9 1 2  0.00631407 0.16828 0.410231 0.157405 0.00207876
1 9 2 2  0 1.88395 3.50286 3.37692 0.172872
1 9 3 2  0.0688366 0.320922 0.28857 0.0975975 0.00622047
1 9 4 2  0.706419 11.552 25.7836 9.30126 1.5176
1 10 1 2  0.00630183 0.164663 0.374106 0.123522 0.000943432
1 10 2 2  0 1.8876 3.51438 3.18101 0.0824626
1 10 3 2  0.0687085 0.31844 0.279171 0.0849829 0.00235638
1 10 4 2  0.71219 11.8083 26.2748 8.7714 1.20941
1 11 1 2  0.00629706 0.162907 0.355056 0.103525 0.000428172
1 11 2 2  0 1.88794 3.52283 3.09427 0.0394016
1 11 3 2  0.0686233 0.317187 0.274895 0.0788037 0.000893823
1 11 4 2  0.716358 12.0233 26.7954 8.3747 0.963803
1 12 1 2  0.0062952 0.162062 0.345199 0.0920098 0.000194324
1 12 2 2  0 1.8887 3.53279 3.06433 0.0188798
1 12 3 2  0.0685955 0.316877 0.273465 0.0759782 0.000339659
1 12 4 2  0.719369 12.2019 27.3158 8.08572 0.768075
1 13 1 2  0.00629447 0.161656 0.340177 0.0855195 8.81927e-05
1 13 2 2  0 1.88678 3.52753 3.04686 0.00903558
1 13 3 2  0.0685155 0.316126 0.272114 0.0745728 0.000129041
1 13 4 2  0.721544 12.3489 27.8158 7.88263 0.612095
1 14 1 2  0.00629419 0.161463 0.337649 0.0819287 4.00258e-05
1 14 2 2  0 1.88687 3.52779 3.04176 0.0043324
1 14 3 2  0.0684911 0.315953 0.271706 0.0739546 4.90816e-05
1 14 4 2  0.723114 12.4689 28.2825 7.74695 0.487791
1 15 1 2  0.00629407 0.161371 0.336391 0.0799738 1.81655e-05
1 15 2 2  0 1.88842 3.53748 3.04914 0.00208293
1 15 3 2  0.0685213 0.316374 0.272309 0.0738557 1.86963e-05
1 15 4 2  0.724249 12.5664 28.7085 7.66327 0.388731
1 16 1 2  0.00629403 0.161328 0.335769 0.0789244 8.24432e-06
1 16 2 2  0 1.88801 3.53939 3.05458 0.00100112
1 16 3 2  0.068509 0.316374 0.272503 0.0738931 7.12207e-06
1 16 4 2  0.725068 12.6451 29.0907 7.61893 0.309788
1 17 1 2  0.00629401 0.161307 0.335465 0.0783679 3.74164e-06
1 17 2 2  0 1.8846 3.52194 3.04292 0.000479571
1 17 3 2  0.0684044 0.315356 0.271183 0.0736786 2.70924e-06
1 17 4 2  0.72566 12.7084 29.4287 7.60366 0.246876
1 18 1 2  0.00629401 0.161298 0.335317 0.078076 1.69813e-06
1 18 2 2  0 1.88269 3.50567 3.02524 0.00022954
1 18 3 2  0.0683256 0.31449 0.269763 0.0733094 1.03033e-06
1 18 4 2  0.726088 12.7591 29.7242 7.60923 0.196741
1 19 1 2  0.00629401 0.161293 0.335245 0.0779243 7.70685e-07
1 19 2 2  0 1.88638 3.52012 3.03029 0.000110419
1 19 3 2  0.0684131 0.315329 0.270665 0.073315 3.92768e-07
1 19 4 2  0.726396 12.7996 29.9799 7.6292 0.156787
1 20 1 2  0.006294 0.161291 0.33521 0.0778461 3.49771e-07
1 20 2 2  0 1.88537 3.51957 3.03018 5.30109e-05
1 20 3 2  0.0683943 0.315198 0.270628 0.0733146 1.496e-07
1 20 4 2  0.726619 12.8318 30.1993 7.65856 0.124947
1 21 1 2  0.00630276 0.164265 0.37967 0.101515 2.13577e-07
1 21 2 2  0 1.88437 3.5142 3.02654 2.54321e-05
1 21 3 2  0.0683638 0.314895 0.270233 0.0732532 5.69658e-08
1 21 4 2  0.727048 12.9666 31.9846 8.26515 0.10724
1 22 1 2  0.00630618 0.165754 0.406315 0.123139 1.30414e-07
1 22 2 2  0 1.87991 3.48578 2.99908 1.21319e-05
1 22 3 2  0.0682361 0.313349 0.267859 0.0727306 2.16345e-08
1 22 4 2  0.727358 13.0733 33.5249 8.88583 0.0920419
1 23 1 2  0.00630752 0.166494 0.421907 0.140648 7.96328e-08
1 23 2 2  0 1.88025 3.47561 2.97763 5.79187e-06
1 23 3 2  0.0682307 0.312919 0.266624 0.0722001 8.21865e-09
1 23 4 2  0.727582 13.1577 34.8482 9.5049 0.0789981
1 24 1 2  0.00630804 0.16686 0.430862 0.153862 4.86251e-08
1 24 2 2  0 1.87909 3.46329 2.95412 2.75875e-06
1 24 3 2  0.0681999 0.312273 0.265226 0.0716242 3.11865e-09
1 24 4 2  0.727744 13.2243 35.9812 10.1104 0.0678027
1 25 1 2  0.00630825 0.167041 0.435929 0.163383 2.96914e-08
1 25 2 2  0 1.87505 3.43453 2.91638 1.30702e-06
1 25 3 2  0.0680858 0.310726 0.262538 0.0707799 1.18043e-09
1 25 4 2  0.727861 13.2769 36.948 10.6937 0.0581939
1 26 1 2  0.00630833 0.167129 0.438762 0.17002 1.81301e-08
1 26 2 2  0 1.87826 3.44098 2.90472 6.22042e-07
1 26 3 2  0.0681624 0.311209 0.262536 0.070353 4.47704e-10
1 26 4 2  0.727945 13.3184 37.7706 11.2485 0.0499469
1 27 1 2  0.00630836 0.167173 0.44033 0.174535 1.10705e-08
1 27 2 2  0 1.881 3.45703 2.91007 2.96604e-07
1 27 3 2  0.0682568 0.312072 0.263571 0.0703336 1.69941e-10
1 27 4 2  0.728006 13.3511 38.4687 11.7709 0.0428685
1 28 1 2  0.00630837 0.167194 0.44119 0.177547 6.75985e-09
1 28 2 2  0 1.87956 3.45331 2.90734 1.40976e-07
1 28 3 2  0.0682432 0.311831 0.2633 0.0702657 6.44088e-11
1 28 4 2  0.72805 13.3769 39.0597 12.2584 0.0367934
1 29 1 2  0.00630837 0.167204 0.441659 0.179528 4.12768e-09
1 29 2 2  0 1.87482 3.42417 2.88044 6.6595e-08
1 29 3 2  0.0681183 0.31028 0.260927 0.0697468 2.43412e-11
1 29 4 2  0.728082 13.3972 39.5589 12.7101 0.0315791
1 30 1 2  0.00630838 0.167209 0.441913 0.180815 2.52044e-09
1 30 2 2  0 1.87705 3.42607 2.87103 3.15836e-08
1 30 3 2  0.0681626 0.31053 0.26076 0.0694495 9.21554e-12
1 30 4 2  0.728105 13.4132 39.9799 13.1257 0.0271038
1 31 1 2  0.00630838 0.167212 0.44205 0.181642 1.53902e-09
1 31 2 2  0 1.87503 3.41373 2.85293 1.49224e-08
1 31 3 2  0.068114 0.309835 0.25956 0.0690388 3.48276e-12
1 31 4 2  0.728122 13.4257 40.3341 13.5061 0.0232628
1 32 1 2  0.00630838 0.167213 0.442123 0.182171 9.39753e-10
1 32 2 2  0 1.87374 3.40136 2.83374 7.04027e-09
1 32 3 2  0.0680736 0.309204 0.258324 0.0685848 1.31529e-12
1 32 4 2  0.728134 13.4356 40.6317 13.8525 0.019966
1 33 1 2  0.00630838 0.167214 0.442162 0.182505 5.7383e-10
1 33 2 2  0 1.8721 3.38681 2.81142 3.31447e-09
1 33 3 2  0.068022 0.308444 0.256876 0.0680613 4.96223e-13
1 33 4 2  0.728143 13.4433 40.8814 14.1665 0.0171365
1 34 1 2  0.00630838 0.167214 0.442183 0.182716 3.5039e-10
1 34 2 2  0 1.86883 3.36223 2.77888 1.55384e-09
1 34 3 2  0.0679223 0.307128 0.254574 0.0673323 1.86839e-13
1 34 4 2  0.728149 13.4494 41.0906 14.4501 0.014708
1 35 1 2  0.00630838 0.167214 0.442194 0.182849 2.13954e-10
1 35 2 2  0 1.86466 3.32913 2.73482 7.24853e-10
1 35 3 2  0.0677871 0.305367 0.251464 0.0663422 7.01854e-14
1 35 4 2  0.728154 13.4542 41.2656 14.7053 0.0126236
1 36 1 2  0.00630838 0.167214 0.4422 0.182931 1.30644e-10
1 36 2 2  0 1.86598 3.32472 2.71109 3.39128e-10
1 36 3 2  0.0677952 0.30521 0.250532 0.0656711 2.64001e-14
1 36 4 2  0.728157 13.458 41.4118 14.9341 0.0108346
1 37 1 2  0.00630838 0.167214 0.442203 0.182983 7.97736e-11
1 37 2 2  0 1.8674 3.33034 2.70292 1.58866e-10
1 37 3 2  0.0678314 0.305488 0.250613 0.0653582 9.93603e-15
1 37 4 2  0.728159 13.4609 41.5339 15.1388 0.00929918
1 38 1 2  0.00630838 0.167214 0.442205 0.183015 4.87112e-11
1 38 2 2  0 1.86772 3.33354 2.70074 7.4402e-11
1 38 3 2  0.0678483 0.30562 0.250735 0.065239 3.73903e-15
1 38 4 2  0.728161 13.4632 41.6357 15.3213 0.00798133
1 39 1 2  0.00630838 0.167214 0.442206 0.183035 2.97439e-11
1 39 2 2  0 1.86439 3.31512 2.6832 3.46725e-11
1 39 3 2  0.067763 0.304589 0.249209 0.0648787 1.40375e-15
1 39 4 2  0.728162 13.465 41.7205 15.4837 0.00685024
1 40 1 2  0.00630838 0.167214 0.442206 0.183047 1.81621e-11
1 40 2 2  0 1.86724 3.32519 2.68523 1.62381e-11
1 40 3 2  0.0678283 0.305225 0.249831 0.0648319 5.28225e-16
1 40 4 2  0.728163 13.4665 41.7911 15.6278 0.00587945
1 41 1 2  0.00630838 0.167214 0.442206 0.183055 1.10901e-11
1 41 2 2  0 1.86555 3.31813 2.67792 7.57806e-12
1 41 3 2  0.0677922 0.304786 0.249229 0.0646795 1.98439e-16
1 41 4 2  0.728164 13.4676 41.8497 15.7555 0.00504623
1 42 1 2  0.00630838 0.167214 0.442207 0.183059 6.77181e-12
1 42 2 2  0 1.86609 3.31884 2.67596 3.54083e-12
1 42 3 2  0.0678038 0.30486 0.249214 0.0646067 7.45891e-17
1 42 4 2  0.728164 13.4685 41.8985 15.8685 0.00433109
full time series of fishery length comp
fleet year spp area catch-at-size
1 1 1 1  0.152839 3.41916 12.5292 17.3564 5.55183
1 1 2 1  1.35626e-14 3.35917e-14 8.03007e-14 1.82052e-13 9.29758e-13
1 1 3 1  4.07204e-16 1.83128e-15 5.28521e-15 1.77808e-14 5.01317e-14
1 1 4 1  0.0259876 0.683673 2.83895 2.07704 0.916613
1 2 1 1  0.0731013 3.01315 9.51915 9.30264 2.51967
1 2 2 1  2.58766e-15 3.55536e-14 6.90704e-14 1.17719e-13 4.09495e-13
1 2 3 1  2.28889e-16 1.27322e-15 2.61289e-15 7.20165e-15 1.77777e-14
1 2 4 1  0.0305211 0.665497 2.61807 1.79291 0.730468
1 3 1 1  0.0419834 2.085 7.77511 5.29863 1.14354
1 3 2 1  2.5874e-15 1.39549e-14 6.70031e-14 8.39475e-14 1.81542e-13
1 3 3 1  1.49765e-16 8.14973e-16 1.50597e-15 3.03244e-15 6.35831e-15
1 3 4 1  0.0337955 0.675229 2.43652 1.55571 0.582125
1 4 1 1  0.0298396 1.36311 5.85912 3.28038 0.518989
1 4 2 1  2.58695e-15 8.64071e-15 4.17093e-14 6.85028e-14 8.17052e-14
1 4 3 1  1.14697e-16 5.27833e-16 9.24132e-16 1.37835e-15 2.30591e-15
1 4 4 1  0.0361605 0.699949 2.3029 1.35783 0.463908
1 5 1 1  0.0251004 0.91331 4.14335 2.14746 0.235541
1 5 2 1  2.58692e-15 7.34452e-15 2.60977e-14 5.06569e-14 3.72863e-14
1 5 3 1  9.91735e-17 3.66578e-16 5.89326e-16 6.83869e-16 8.46003e-16
1 5 4 1  0.0378687 0.731495 2.21566 1.1936 0.369698
1 6 1 1  0.0232509 0.659232 2.86386 1.44012 0.106899
1 6 2 1  2.58604e-15 7.02025e-15 1.86478e-14 3.56116e-14 1.71914e-14
1 6 3 1  9.22544e-17 2.80415e-16 3.96341e-16 3.69778e-16 3.13017e-16
1 6 4 1  0.0391025 0.764875 2.16844 1.05845 0.29462
1 7 1 1  0.0225292 0.523375 2.01601 0.975278 0.0485155
1 7 2 1  2.58602e-15 6.94582e-15 1.5426e-14 2.53108e-14 7.97951e-15
1 7 3 1  8.91748e-17 2.36284e-16 2.87774e-16 2.17289e-16 1.16432e-16
1 7 4 1  0.0399937 0.797183 2.15319 0.948402 0.234789
1 8 1 1  0.0222475 0.453205 1.49668 0.669011 0.0220185
1 8 2 1  2.58551e-15 6.92961e-15 1.41403e-14 1.91217e-14 3.73313e-15
1 8 3 1  8.77883e-17 2.14433e-16 2.29639e-16 1.40134e-16 4.35586e-17
1 8 4 1  0.0406374 0.826864 2.16188 0.859918 0.187108
1 9 1 1  0.0221376 0.417806 1.19562 0.471605 0.00999299
1 9 2 1  2.58585e-15 6.93761e-15 1.36737e-14 1.56849e-14 1.75766e-15
1 9 3 1  8.71887e-17 2.04191e-16 1.99585e-16 1.00152e-16 1.63673e-17
1 9 4 1  0.0411023 0.853212 2.18735 0.789779 0.14911
1 10 1 1  0.0220947 0.400246 1.02799 0.348121 0.00453526
1 10 2 1  2.58648e-15 6.96223e-15 1.35943e-14 1.39501e-14 8.34583e-16
1 10 3 1  8.69798e-17 2.00191e-16 1.85544e-16 7.96551e-17 6.18247e-18
1 10 4 1  0.0414381 0.876042 2.22361 0.735076 0.118829
1 11 1 1  0.0220779 0.391643 0.937462 0.273184 0.00205831
1 11 2 1  2.58618e-15 6.97404e-15 1.36426e-14 1.31488e-14 3.984e-16
1 11 3 1  8.68906e-17 1.98661e-16 1.79614e-16 6.94075e-17 2.34331e-18
1 11 4 1  0.0416806 0.895473 2.26597 0.693202 0.0946973
1 12 1 1  0.0220714 0.387468 0.889725 0.228958 0.000934151
1 12 2 1  2.58625e-15 6.97944e-15 1.36913e-14 1.28069e-14 1.90597e-16
1 12 3 1  8.6849e-17 1.98079e-16 1.77083e-16 6.44284e-17 8.89542e-19
1 12 4 1  0.0418558 0.911783 2.31087 0.66185 0.0754663
1 13 1 1  0.0220689 0.385456 0.865025 0.203491 0.00042396
1 13 2 1  2.5856e-15 6.97261e-15 1.37123e-14 1.26721e-14 9.12785e-17
1 13 3 1  8.67921e-17 1.97612e-16 1.76032e-16 6.20991e-17 3.37997e-19
1 13 4 1  0.0419823 0.925324 2.35576 0.639012 0.0601406
1 14 1 1  0.0220679 0.384493 0.852438 0.189137 0.000192412
1 14 2 1  2.5857e-15 6.96872e-15 1.37029e-14 1.26109e-14 4.37204e-17
1 14 3 1  8.6754e-17 1.97285e-16 1.75309e-16 6.09924e-17 1.28472e-19
1 14 4 1  0.0420737 0.936468 2.39887 0.622962 0.0479273
1 15 1 1  0.0220675 0.384033 0.846105 0.181196 8.73252e-05
1 15 2 1  2.58609e-15 6.97674e-15 1.37243e-14 1.26073e-14 2.0988e-17
1 15 3 1  8.67654e-17 1.97456e-16 1.75272e-16 6.05435e-17 4.8896e-20
1 15 4 1  0.0421397 0.945571 2.43912 0.612239 0.0381943
1 16 1 1  0.0220673 0.383815 0.842951 0.176872 3.96321e-05
1 16 2 1  2.58584e-15 6.97884e-15 1.37558e-14 1.26345e-14 1.00893e-17
1 16 3 1  8.67666e-17 1.9762e-16 1.75623e-16 6.04593e-17 1.86259e-20
1 16 4 1  0.0421874 0.952962 2.47586 0.605626 0.0304378
1 17 1 1  0.0220673 0.383711 0.841395 0.174551 1.79868e-05
1 17 2 1  2.5849e-15 6.9615e-15 1.3729e-14 1.26321e-14 4.84214e-18
1 17 3 1  8.66992e-17 1.97121e-16 1.75439e-16 6.0427e-17 7.09105e-21
1 17 4 1  0.0422218 0.958932 2.50882 0.602122 0.0242565
1 18 1 1  0.0220672 0.383662 0.840632 0.17332 8.16322e-06
1 18 2 1  2.58459e-15 6.94385e-15 1.36511e-14 1.25771e-14 2.3187e-18
1 18 3 1  8.66208e-17 1.96335e-16 1.74508e-16 6.02374e-17 2.69715e-21
1 18 4 1  0.0422467 0.963733 2.53798 0.600915 0.0193305
1 19 1 1  0.0220672 0.383639 0.840261 0.172675 3.70483e-06
1 19 2 1  2.58576e-15 6.95692e-15 1.36338e-14 1.25393e-14 1.11226e-18
1 19 3 1  8.66514e-17 1.96452e-16 1.74036e-16 6.00339e-17 1.02676e-21
1 19 4 1  0.0422646 0.967579 2.56346 0.601356 0.0154049
1 20 1 1  0.0220672 0.383629 0.840081 0.172339 1.68142e-06
1 20 2 1  2.58522e-15 6.96123e-15 1.36698e-14 1.25455e-14 5.34581e-19
1 20 3 1  8.66652e-17 1.96681e-16 1.74435e-16 6.0001e-17 3.91267e-22
1 20 4 1  0.0422776 0.97065 2.58551 0.602934 0.0122765
1 21 1 1  0.0089778 0.158732 0.380914 0.0798516 3.54249e-07
1 21 2 1  1.05099e-15 2.82723e-15 5.55374e-15 5.09823e-15 1.04312e-19
1 21 3 1  3.52257e-17 7.98856e-17 7.08834e-17 2.43893e-17 6.05838e-23
1 21 4 1  0.0171957 0.397737 1.09194 0.255033 0.00412309
1 22 1 1  0.00898268 0.161659 0.431436 0.10413 2.1631e-07
1 22 2 1  1.05057e-15 2.81697e-15 5.52443e-15 5.07589e-15 4.99192e-20
1 22 3 1  3.51903e-17 7.95129e-17 7.05762e-17 2.43239e-17 2.30439e-23
1 22 4 1  0.0172031 0.401915 1.1565 0.275233 0.00353878
1 23 1 1  0.00898458 0.163124 0.461714 0.126311 1.32083e-07
1 23 2 1  1.05079e-15 2.81272e-15 5.48391e-15 5.03245e-15 2.38213e-20
1 23 3 1  3.5174e-17 7.91871e-17 6.99878e-17 2.41559e-17 8.75263e-24
1 23 4 1  0.0172083 0.405222 1.21219 0.295902 0.00303727
1 24 1 1  0.00898532 0.163853 0.479431 0.144271 8.06521e-08
1 24 2 1  1.0507e-15 2.81034e-15 5.46032e-15 4.99024e-15 1.1361e-20
1 24 3 1  3.51657e-17 7.89731e-17 6.95861e-17 2.39615e-17 3.32343e-24
1 24 4 1  0.0172122 0.407837 1.26004 0.316517 0.00260684
1 25 1 1  0.00898562 0.164213 0.489607 0.157826 4.92476e-08
1 25 2 1  1.05033e-15 2.80073e-15 5.42215e-15 4.93615e-15 5.39875e-21
1 25 3 1  3.51337e-17 7.85425e-17 6.90355e-17 2.3729e-17 1.25978e-24
1 25 4 1  0.0172149 0.409903 1.301 0.336682 0.00223741
1 26 1 1  0.00898573 0.164391 0.495365 0.167592 3.00714e-08
1 26 2 1  1.05083e-15 2.80285e-15 5.3945e-15 4.88584e-15 2.56287e-21
1 26 3 1  3.51393e-17 7.84084e-17 6.84955e-17 2.34831e-17 4.7724e-25
1 26 4 1  0.0172169 0.411534 1.33596 0.356105 0.00192033
1 27 1 1  0.00898577 0.164478 0.498584 0.1744 1.83621e-08
1 27 2 1  1.05107e-15 2.81133e-15 5.41222e-15 4.8717e-15 1.22074e-21
1 27 3 1  3.51718e-17 7.86428e-17 6.85626e-17 2.33553e-17 1.81066e-25
1 27 4 1  0.0172184 0.41282 1.36571 0.374581 0.00164819
1 28 1 1  0.00898579 0.164521 0.500366 0.179031 1.12122e-08
1 28 2 1  1.05087e-15 2.81091e-15 5.42642e-15 4.87206e-15 5.81261e-22
1 28 3 1  3.51795e-17 7.87045e-17 6.87228e-17 2.33244e-17 6.86856e-26
1 28 4 1  0.0172194 0.413834 1.39095 0.391976 0.00141461
1 29 1 1  0.0089858 0.164542 0.501344 0.182121 6.84639e-09
1 29 2 1  1.05043e-15 2.79963e-15 5.39897e-15 4.85086e-15 2.75529e-22
1 29 3 1  3.51469e-17 7.83355e-17 6.84401e-17 2.32553e-17 2.60009e-26
1 29 4 1  0.0172202 0.414632 1.41232 0.408211 0.00121414
1 30 1 1  0.0089858 0.164552 0.501877 0.184153 4.18052e-09
1 30 2 1  1.05081e-15 2.79929e-15 5.36813e-15 4.81685e-15 1.30383e-22
1 30 3 1  3.51432e-17 7.81604e-17 6.7961e-17 2.3113e-17 9.83363e-27
1 30 4 1  0.0172207 0.415261 1.43037 0.42325 0.00104207
1 31 1 1  0.0089858 0.164557 0.502165 0.185473 2.5527e-09
1 31 2 1  1.05057e-15 2.79719e-15 5.35813e-15 4.79109e-15 6.17333e-23
1 31 3 1  3.51363e-17 7.80386e-17 6.77892e-17 2.2986e-17 3.7202e-27
1 31 4 1  0.0172211 0.415756 1.44559 0.437091 0.000894393
1 32 1 1  0.0089858 0.164559 0.502321 0.186322 1.55872e-09
1 32 2 1  1.0505e-15 2.7924e-15 5.33422e-15 4.75718e-15 2.91489e-23
1 32 3 1  3.51206e-17 7.77994e-17 6.74291e-17 2.28392e-17 1.40553e-27
1 32 4 1  0.0172214 0.416145 1.4584 0.449759 0.000767642
1 33 1 1  0.0089858 0.16456 0.502404 0.186863 9.51783e-10
1 33 2 1  1.05038e-15 2.78761e-15 5.30786e-15 4.71968e-15 1.37394e-23
1 33 3 1  3.5103e-17 7.75413e-17 6.70372e-17 2.26731e-17 5.30582e-28
1 33 4 1  0.0172216 0.416451 1.46916 0.461294 0.000658855
1 34 1 1  0.0089858 0.164561 0.502449 0.187207 5.81175e-10
1 34 2 1  1.0501e-15 2.77916e-15 5.27094e-15 4.67162e-15 6.45639e-24
1 34 3 1  3.50721e-17 7.7147e-17 6.6521e-17 2.24692e-17 2.00007e-28
1 34 4 1  0.0172218 0.416691 1.47819 0.471752 0.000565484
1 35 1 1  0.0089858 0.164561 0.502472 0.187423 3.54876e-10
1 35 2 1  1.04977e-15 2.76723e-15 5.21612e-15 4.60495e-15 3.02025e-24
1 35 3 1  3.50268e-17 7.65797e-17 6.57619e-17 2.21927e-17 7.52336e-29
1 35 4 1  0.0172219 0.41688 1.48575 0.481195 0.000485345
1 36 1 1  0.0089858 0.164561 0.502485 0.187559 2.16693e-10
1 36 2 1  1.05002e-15 2.76575e-15 5.17502e-15 4.53943e-15 1.41072e-24
1 36 3 1  3.50129e-17 7.62912e-17 6.50551e-17 2.18869e-17 2.8277e-29
1 36 4 1  0.0172219 0.417028 1.49208 0.489692 0.000416564
1 37 1 1  0.0089858 0.164562 0.502492 0.187644 1.32317e-10
1 37 2 1  1.05015e-15 2.76989e-15 5.17276e-15 4.50331e-15 6.60385e-25
1 37 3 1  3.50228e-17 7.63202e-17 6.48563e-17 2.16743e-17 1.06389e-29
1 37 4 1  0.017222 0.417145 1.49737 0.497312 0.00035753
1 38 1 1  0.0089858 0.164562 0.502495 0.187697 8.07948e-11
1 38 2 1  1.05016e-15 2.77187e-15 5.18092e-15 4.48917e-15 3.09325e-25
1 38 3 1  3.50313e-17 7.6382e-17 6.48695e-17 2.15691e-17 4.00386e-30
1 38 4 1  0.017222 0.417236 1.50178 0.504127 0.000306862
1 39 1 1  0.0089858 0.164562 0.502497 0.18773 4.93347e-11
1 39 2 1  1.04981e-15 2.76522e-15 5.16943e-15 4.47329e-15 1.44553e-25
1 39 3 1  3.50121e-17 7.61771e-17 6.47404e-17 2.1495e-17 1.50522e-30
1 39 4 1  0.0172221 0.417308 1.50546 0.510205 0.000263374
1 40 1 1  0.0089858 0.164562 0.502498 0.18775 3.01246e-11
1 40 2 1  1.0502e-15 2.76779e-15 5.15765e-15 4.45653e-15 6.75099e-26
1 40 3 1  3.50183e-17 7.61653e-17 6.45068e-17 2.14105e-17 5.65651e-31
1 40 4 1  0.0172221 0.417364 1.50853 0.515613 0.00022605
1 41 1 1  0.0089858 0.164562 0.502499 0.187763 1.83946e-11
1 41 2 1  1.04996e-15 2.76702e-15 5.16172e-15 4.45127e-15 3.15682e-26
1 41 3 1  3.5017e-17 7.61566e-17 6.45546e-17 2.13706e-17 2.12704e-31
1 41 4 1  0.0172221 0.417408 1.51108 0.520413 0.000194015
1 42 1 1  0.0089858 0.164562 0.502499 0.18777 1.12321e-11
1 42 2 1  1.05006e-15 2.76644e-15 5.15497e-15 4.44216e-15 1.47401e-26
1 42 3 1  3.50156e-17 7.6109e-17 6.44383e-17 2.13286e-17 7.99253e-32
1 42 4 1  0.0172221 0.417443 1.5132 0.524666 0.000166519
2 1 1 1  3.80606e-15 2.72801e-14 1.53998e-14 1.74829e-14 5.55183e-15
2 1 2 1  1.53904 26.9492 252.464 429.782 929.758
2 1 3 1  0.672041 41.6424 90.0132 82.1865 75.1976
2 1 4 1  2.86723e-15 1.87316e-14 1.32946e-14 8.34843e-15 3.66645e-15
2 2 1 1  1.8204e-15 2.40406e-14 1.17001e-14 9.37045e-15 2.51967e-15
2 2 2 1  0.29364 28.5231 217.156 277.906 409.495
2 2 3 1  0.377754 28.9526 44.5005 33.2875 26.6665
2 2 4 1  3.36741e-15 1.82336e-14 1.22602e-14 7.2064e-15 2.92187e-15
2 3 1 1  1.04549e-15 1.66353e-14 9.55648e-15 5.33725e-15 1.14354e-15
2 3 2 1  0.29361 11.1954 210.657 198.18 181.542
2 3 3 1  0.247169 18.5321 25.6483 14.0166 9.53746
2 3 4 1  3.72867e-15 1.85002e-14 1.141e-14 6.253e-15 2.3285e-15
2 4 1 1  7.43075e-16 1.08757e-14 7.20151e-15 3.30429e-15 5.18989e-16
2 4 2 1  0.29356 6.93205 131.134 161.719 81.7052
2 4 3 1  0.189294 12.0027 15.739 6.371 3.45887
2 4 4 1  3.98961e-15 1.91775e-14 1.07843e-14 5.45763e-15 1.85563e-15
2 5 1 1  6.25059e-16 7.28692e-15 5.09263e-15 2.16312e-15 2.35541e-16
2 5 2 1  0.293557 5.89218 82.0507 119.589 37.2863
2 5 3 1  0.163674 8.33583 10.0369 3.16099 1.269
2 5 4 1  4.17808e-15 2.00418e-14 1.03758e-14 4.79754e-15 1.47879e-15
2 6 1 1  5.79003e-16 5.25974e-15 3.52e-15 1.45062e-15 1.06899e-16
2 6 2 1  0.293456 5.63203 58.6283 84.0706 17.1914
2 6 3 1  0.152255 6.37652 6.75014 1.70919 0.469526
2 6 4 1  4.31421e-15 2.09564e-14 1.01546e-14 4.2543e-15 1.17848e-15
2 7 1 1  5.6103e-16 4.17579e-15 2.47791e-15 9.82386e-16 4.85155e-17
2 7 2 1  0.293454 5.57232 48.4992 59.7529 7.97951
2 7 3 1  0.147172 5.37299 4.90112 1.00435 0.174649
2 7 4 1  4.41253e-15 2.18416e-14 1.00832e-14 3.81199e-15 9.39155e-16
2 8 1 1  5.54015e-16 3.61593e-15 1.83958e-15 6.73888e-16 2.20185e-17
2 8 2 1  0.293397 5.55932 44.4568 45.1418 3.73313
2 8 3 1  0.144884 4.8761 3.91102 0.64773 0.0653379
2 8 4 1  4.48354e-15 2.26548e-14 1.01239e-14 3.45634e-15 7.48432e-16
2 9 1 1  5.51278e-16 3.3335e-15 1.46955e-15 4.75043e-16 9.99299e-18
2 9 2 1  0.293435 5.56573 42.9899 37.0283 1.75766
2 9 3 1  0.143894 4.64321 3.39917 0.462926 0.024551
2 9 4 1  4.53484e-15 2.33767e-14 1.02432e-14 3.17442e-15 5.96441e-16
2 10 1 1  5.5021e-16 3.1934e-15 1.26351e-15 3.50658e-16 4.53526e-18
2 10 2 1  0.293506 5.58549 42.7401 32.9329 0.834583
2 10 3 1  0.14355 4.55225 3.16003 0.368183 0.00927371
2 10 4 1  4.57188e-15 2.40022e-14 1.0413e-14 2.95455e-15 4.75316e-16
2 11 1 1  5.49793e-16 3.12476e-15 1.15225e-15 2.75176e-16 2.05831e-18
2 11 2 1  0.293472 5.59496 42.8922 31.0412 0.3984
2 11 3 1  0.143402 4.51747 3.05903 0.320816 0.00351497
2 11 4 1  4.59864e-15 2.45345e-14 1.06114e-14 2.78624e-15 3.78789e-16
2 12 1 1  5.4963e-16 3.09144e-15 1.09357e-15 2.30627e-16 9.34151e-19
2 12 2 1  0.293481 5.59929 43.0452 30.2341 0.190597
2 12 3 1  0.143334 4.50424 3.01593 0.297802 0.00133431
2 12 4 1  4.61797e-15 2.49814e-14 1.08216e-14 2.66023e-15 3.01865e-16
2 13 1 1  5.49567e-16 3.0754e-15 1.06321e-15 2.04974e-16 4.2396e-19
2 13 2 1  0.293407 5.59381 43.1112 29.9158 0.0912785
2 13 3 1  0.14324 4.49361 2.99803 0.287035 0.000506995
2 13 4 1  4.63193e-15 2.53524e-14 1.10318e-14 2.56843e-15 2.40563e-16
2 14 1 1  5.49542e-16 3.06771e-15 1.04774e-15 1.90516e-16 1.92412e-19
2 14 2 1  0.293418 5.59069 43.0818 29.7713 0.0437204
2 14 3 1  0.143177 4.48618 2.98572 0.28192 0.000192708
2 14 4 1  4.64201e-15 2.56577e-14 1.12338e-14 2.50392e-15 1.91709e-16
2 15 1 1  5.49532e-16 3.06404e-15 1.03996e-15 1.82516e-16 8.73252e-20
2 15 2 1  0.293461 5.59713 43.1491 29.7629 0.020988
2 15 3 1  0.143196 4.49006 2.98507 0.279845 7.3344e-05
2 15 4 1  4.6493e-15 2.59072e-14 1.14222e-14 2.46082e-15 1.52777e-16
2 16 1 1  5.49529e-16 3.0623e-15 1.03608e-15 1.78161e-16 3.96321e-20
2 16 2 1  0.293434 5.59881 43.2479 29.8272 0.0100893
2 16 3 1  0.143198 4.4938 2.99105 0.279456 2.79388e-05
2 16 4 1  4.65456e-15 2.61097e-14 1.15943e-14 2.43424e-15 1.21751e-16
2 17 1 1  5.49527e-16 3.06147e-15 1.03417e-15 1.75823e-16 1.79868e-20
2 17 2 1  0.293327 5.5849 43.1637 29.8215 0.00484214
2 17 3 1  0.143087 4.48245 2.98793 0.279306 1.06366e-05
2 17 4 1  4.65836e-15 2.62732e-14 1.17486e-14 2.42016e-15 9.70261e-17
2 18 1 1  5.49526e-16 3.06108e-15 1.03323e-15 1.74584e-16 8.16322e-21
2 18 2 1  0.293292 5.57074 42.919 29.6916 0.0023187
2 18 3 1  0.142957 4.46456 2.97207 0.27843 4.04572e-06
2 18 4 1  4.6611e-15 2.64048e-14 1.18852e-14 2.41531e-15 7.73221e-17
2 19 1 1  5.49526e-16 3.0609e-15 1.03277e-15 1.73933e-16 3.70483e-21
2 19 2 1  0.293424 5.58123 42.8646 29.6024 0.00111226
2 19 3 1  0.143008 4.46722 2.96403 0.277489 1.54013e-06
2 19 4 1  4.66308e-15 2.65102e-14 1.20045e-14 2.41708e-15 6.16196e-17
2 20 1 1  5.49526e-16 3.06081e-15 1.03255e-15 1.73596e-16 1.68142e-21
2 20 2 1  0.293363 5.58469 42.9775 29.6169 0.000534581
2 20 3 1  0.143031 4.47243 2.97083 0.277337 5.86901e-07
2 20 4 1  4.66451e-15 2.65943e-14 1.21077e-14 2.42342e-15 4.9106e-17
2 21 1 1  5.4989e-16 3.11499e-15 1.15155e-15 1.97835e-16 8.71311e-22
2 21 2 1  0.293339 5.57878 42.9468 29.6031 0.000256567
2 21 3 1  0.142991 4.46802 2.96929 0.277277 2.23518e-07
2 21 4 1  4.66639e-15 2.68032e-14 1.25771e-14 2.52128e-15 4.05646e-17
2 22 1 1  5.50188e-16 3.17242e-15 1.30428e-15 2.57985e-16 5.32038e-22
2 22 2 1  0.293223 5.55853 42.7202 29.4734 0.000122781
2 22 3 1  0.142847 4.44718 2.95643 0.276534 8.50181e-08
2 22 4 1  4.66838e-15 2.70848e-14 1.33207e-14 2.72097e-15 3.48159e-17
2 23 1 1  5.50305e-16 3.20118e-15 1.39582e-15 3.1294e-16 3.24872e-22
2 23 2 1  0.293284 5.55014 42.4068 29.2212 5.85909e-05
2 23 3 1  0.142781 4.42896 2.93178 0.274624 3.2292e-08
2 23 4 1  4.66982e-15 2.73076e-14 1.39622e-14 2.92531e-15 2.98819e-17
2 24 1 1  5.5035e-16 3.21548e-15 1.44938e-15 3.57436e-16 1.98372e-22
2 24 2 1  0.293259 5.54545 42.2244 28.976 2.79437e-05
2 24 3 1  0.142747 4.41699 2.91495 0.272414 1.22615e-08
2 24 4 1  4.67086e-15 2.74838e-14 1.45133e-14 3.12911e-15 2.56472e-17
2 25 1 1  5.50368e-16 3.22255e-15 1.48014e-15 3.91018e-16 1.21129e-22
2 25 2 1  0.293157 5.52648 41.9292 28.662 1.32788e-05
2 25 3 1  0.142618 4.3929 2.89189 0.26977 4.64783e-09
2 25 4 1  4.67161e-15 2.76231e-14 1.49852e-14 3.32846e-15 2.20125e-17
2 26 1 1  5.50375e-16 3.22603e-15 1.49755e-15 4.15214e-16 7.39638e-23
2 26 2 1  0.293295 5.53066 41.7154 28.3698 6.30363e-06
2 26 3 1  0.14264 4.3854 2.86927 0.266975 1.76073e-09
2 26 4 1  4.67215e-15 2.77329e-14 1.53878e-14 3.52048e-15 1.8893e-17
2 27 1 1  5.50378e-16 3.22774e-15 1.50728e-15 4.32082e-16 4.51636e-23
2 27 2 1  0.293362 5.54739 41.8525 28.2877 3.00253e-06
2 27 3 1  0.142772 4.39851 2.87208 0.265522 6.68025e-10
2 27 4 1  4.67254e-15 2.78196e-14 1.57304e-14 3.70314e-15 1.62155e-17
2 28 1 1  5.50379e-16 3.22858e-15 1.51267e-15 4.43554e-16 2.75777e-23
2 28 2 1  0.293307 5.54657 41.9622 28.2898 1.42967e-06
2 28 3 1  0.142803 4.40196 2.87879 0.265171 2.53409e-10
2 28 4 1  4.67283e-15 2.7888e-14 1.60211e-14 3.87511e-15 1.39175e-17
2 29 1 1  5.50379e-16 3.22899e-15 1.51563e-15 4.51211e-16 1.68394e-23
2 29 2 1  0.293185 5.52431 41.75 28.1667 6.77693e-07
2 29 3 1  0.142671 4.38132 2.86695 0.264385 9.59278e-11
2 29 4 1  4.67303e-15 2.79418e-14 1.62673e-14 4.03561e-15 1.19452e-17
2 30 1 1  5.5038e-16 3.22919e-15 1.51724e-15 4.56244e-16 1.02824e-23
2 30 2 1  0.293291 5.52363 41.5115 27.9693 3.20689e-07
2 30 3 1  0.142656 4.37153 2.84688 0.262767 3.62802e-11
2 30 4 1  4.67318e-15 2.79841e-14 1.64752e-14 4.18428e-15 1.02523e-17
2 31 1 1  5.5038e-16 3.22929e-15 1.51811e-15 4.59514e-16 6.27863e-24
2 31 2 1  0.293222 5.5195 41.4342 27.8197 1.51839e-07
2 31 3 1  0.142628 4.36472 2.83968 0.261324 1.37253e-11
2 31 4 1  4.67328e-15 2.80175e-14 1.66505e-14 4.32112e-15 8.79941e-18
2 32 1 1  5.5038e-16 3.22934e-15 1.51858e-15 4.61618e-16 3.83384e-24
2 32 2 1  0.293205 5.51004 41.2493 27.6228 7.16947e-08
2 32 3 1  0.142564 4.35134 2.82459 0.259654 5.18558e-12
2 32 4 1  4.67336e-15 2.80437e-14 1.6798e-14 4.44635e-15 7.55238e-18
2 33 1 1  5.5038e-16 3.22936e-15 1.51883e-15 4.6296e-16 2.34101e-24
2 33 2 1  0.293171 5.5006 41.0455 27.4051 3.37934e-08
2 33 3 1  0.142493 4.33691 2.80818 0.257767 1.95753e-12
2 33 4 1  4.67342e-15 2.80643e-14 1.6922e-14 4.56039e-15 6.48208e-18
2 34 1 1  5.5038e-16 3.22937e-15 1.51897e-15 4.63811e-16 1.42946e-24
2 34 2 1  0.293093 5.48391 40.7599 27.126 1.58802e-08
2 34 3 1  0.142368 4.31485 2.78655 0.255448 7.37907e-13
2 34 4 1  4.67346e-15 2.80805e-14 1.7026e-14 4.66377e-15 5.56346e-18
2 35 1 1  5.5038e-16 3.22938e-15 1.51904e-15 4.64347e-16 8.72853e-25
2 35 2 1  0.292999 5.46039 40.336 26.7389 7.42862e-09
2 35 3 1  0.142183 4.28312 2.75476 0.252304 2.77567e-13
2 35 4 1  4.67349e-15 2.80932e-14 1.71131e-14 4.75713e-15 4.77503e-18
2 36 1 1  5.5038e-16 3.22938e-15 1.51908e-15 4.64683e-16 5.32979e-25
2 36 2 1  0.293071 5.45747 40.0182 26.3584 3.46982e-09
2 36 3 1  0.142127 4.26699 2.72515 0.248828 1.04325e-13
2 36 4 1  4.67351e-15 2.81032e-14 1.7186e-14 4.84113e-15 4.09832e-18
2 37 1 1  5.5038e-16 3.22938e-15 1.5191e-15 4.64894e-16 3.25446e-25
2 37 2 1  0.293105 5.46563 40.0008 26.1487 1.62429e-09
2 37 3 1  0.142167 4.26861 2.71682 0.246411 3.92512e-14
2 37 4 1  4.67352e-15 2.81111e-14 1.72469e-14 4.91647e-15 3.51752e-18
2 38 1 1  5.5038e-16 3.22938e-15 1.51911e-15 4.65025e-16 1.98723e-25
2 38 2 1  0.293107 5.46953 40.0638 26.0666 7.60816e-10
2 38 3 1  0.142202 4.27207 2.71737 0.245215 1.47718e-14
2 38 4 1  4.67353e-15 2.81172e-14 1.72977e-14 4.98384e-15 3.01903e-18
2 39 1 1  5.5038e-16 3.22938e-15 1.51911e-15 4.65106e-16 1.21344e-25
2 39 2 1  0.293012 5.45642 39.975 25.9743 3.55543e-10
2 39 3 1  0.142124 4.2606 2.71197 0.244372 5.55335e-15
2 39 4 1  4.67354e-15 2.81221e-14 1.73401e-14 5.04393e-15 2.59118e-18
2 40 1 1  5.5038e-16 3.22938e-15 1.51911e-15 4.65156e-16 7.40946e-26
2 40 2 1  0.293119 5.46149 39.8839 25.877 1.66047e-10
2 40 3 1  0.142149 4.25995 2.70218 0.243412 2.08692e-15
2 40 4 1  4.67355e-15 2.81259e-14 1.73754e-14 5.09739e-15 2.22397e-18
2 41 1 1  5.5038e-16 3.22938e-15 1.51912e-15 4.65188e-16 4.52435e-26
2 41 2 1  0.293053 5.45997 39.9154 25.8465 7.76451e-11
2 41 3 1  0.142144 4.25946 2.70418 0.242958 7.8475e-16
2 41 4 1  4.67355e-15 2.81288e-14 1.74048e-14 5.14485e-15 1.9088e-18
2 42 1 1  5.5038e-16 3.22938e-15 1.51912e-15 4.65207e-16 2.76264e-26
2 42 2 1  0.293082 5.45882 39.8632 25.7936 3.62549e-11
2 42 3 1  0.142138 4.2568 2.69931 0.242481 2.94877e-16
2 42 4 1  4.67355e-15 2.81312e-14 1.74292e-14 5.18689e-15 1.63829e-18
